2025-10-20 00:58:21 - auth_service - INFO - Intentando autenticar al miembro con correo: darwin@example.com
2025-10-20 00:58:22 - auth_service - INFO - Autenticación exitosa para el miembro: darwin ejemplo 1
2025-10-20 00:58:22 - auth_service - INFO - Generando token de acceso para miembro: darwin ejemplo 1
2025-10-20 00:58:22 - auth_service - INFO - Token de acceso generado exitosamente
2025-10-20 01:05:05 - auth_service - INFO - Intentando autenticar al miembro con correo: darwin@example.com
2025-10-20 01:05:05 - auth_service - INFO - Autenticación exitosa para el miembro: darwin ejemplo 1
2025-10-20 01:05:05 - auth_service - INFO - Generando token de acceso para miembro: darwin ejemplo 1
2025-10-20 01:05:05 - auth_service - INFO - Token de acceso generado exitosamente
2025-10-25 15:06:16 - auth_service - INFO - Intentando crear nuevo miembro con correo: darwin@example.com
2025-10-25 15:06:17 - auth_service - INFO - Miembro creado exitosamente: darwin ejemplo 1
2025-10-25 15:06:17 - auth_service - INFO - Generando token de acceso para miembro: darwin ejemplo 1
2025-10-25 15:06:17 - auth_service - ERROR - Error al crear token para miembro darwin ejemplo 1: (sqlalchemy.exc.MissingGreenlet) greenlet_spawn has not been called; can't call await_only() here. Was IO attempted in an unexpected place?
[SQL: SELECT roles.id AS roles_id, roles.nombre AS roles_nombre, roles.descripcion AS roles_descripcion, roles.estado AS roles_estado, roles.fecha_creacion AS roles_fecha_creacion, roles.fecha_actualizacion AS roles_fecha_actualizacion 
FROM roles 
WHERE roles.id = %s]
[parameters: [{'pk_1': 2}]]
(Background on this error at: https://sqlalche.me/e/20/xd2s)
2025-10-25 15:11:06 - auth_service - INFO - Intentando crear nuevo miembro con correo: darwin@example.com
2025-10-25 15:11:06 - auth_service - WARNING - Intento de registro con correo ya existente: darwin@example.com
2025-10-25 15:11:06 - auth_service - WARNING - Error de validación al crear miembro: El correo electrónico ya se encuentra registrado en el sistema
2025-10-25 15:12:40 - auth_service - INFO - Intentando crear nuevo miembro con correo: darwinandres@example2.com
2025-10-25 15:12:41 - auth_service - INFO - Miembro creado exitosamente: darwin ejemplo 2
2025-10-25 15:12:41 - auth_service - INFO - Generando token de acceso para miembro: darwin ejemplo 2
2025-10-25 15:12:41 - auth_service - ERROR - Error al crear token para miembro darwin ejemplo 2: (sqlalchemy.exc.MissingGreenlet) greenlet_spawn has not been called; can't call await_only() here. Was IO attempted in an unexpected place?
[SQL: SELECT roles.id AS roles_id, roles.nombre AS roles_nombre, roles.descripcion AS roles_descripcion, roles.estado AS roles_estado, roles.fecha_creacion AS roles_fecha_creacion, roles.fecha_actualizacion AS roles_fecha_actualizacion 
FROM roles 
WHERE roles.id = %s]
[parameters: [{'pk_1': 1}]]
(Background on this error at: https://sqlalche.me/e/20/xd2s)
2025-10-25 15:50:42 - auth_service - INFO - Intentando autenticar al miembro con correo: darwin@example.com
2025-10-25 15:50:43 - auth_service - INFO - Autenticación exitosa para el miembro: darwin ejemplo 1
2025-10-25 15:50:43 - auth_service - INFO - Generando token de acceso para miembro: darwin ejemplo 1
2025-10-25 15:50:43 - auth_service - INFO - Token de acceso generado exitosamente
2025-10-25 23:26:09 - auth_service - DEBUG - [auth_service.py:49] - Datos de registro recibidos: {'nombre_completo': 'ejemplo 3', 'correo_electronico': 'ejemplo3@example.com', 'id_rol': 2, 'id_hogar': 1}
2025-10-25 23:26:09 - auth_service - INFO - [auth_service.py:53] - Intentando crear nuevo miembro con correo: ejemplo3@example.com
2025-10-25 23:26:09 - auth_service - DEBUG - [auth_service.py:78] - Validando datos para nuevo miembro: nombre=ejemplo 3, rol=2, hogar=1
2025-10-25 23:26:10 - auth_service - INFO - [auth_service.py:95] - Miembro creado exitosamente: ejemplo 3 (ID: 3)
2025-10-25 23:26:10 - auth_service - DEBUG - [auth_service.py:98] - Detalles del miembro creado: {'_sa_instance_state': <sqlalchemy.orm.state.InstanceState object at 0x000002692F677EF0>, 'nombre_completo': 'ejemplo 3', 'contrasena_hash': '$2b$12$g8RF9iGa.wyc.EInVrsQIe5eAKIs6dsTUwN6MIHJBqP2ZccqV23H2', 'id_hogar': 1, 'estado': True, 'fecha_actualizacion': datetime.datetime(2025, 10, 25, 23, 26, 10), 'correo_electronico': 'ejemplo3@example.com', 'id': 3, 'id_rol': 2, 'fecha_creacion': datetime.datetime(2025, 10, 25, 23, 26, 10)}
2025-10-25 23:26:10 - auth_service - INFO - [auth_service.py:126] - Generando token de acceso para miembro: ejemplo 3
2025-10-25 23:26:10 - auth_service - ERROR - [auth_service.py:139] - Error al crear token para miembro ejemplo 3: (sqlalchemy.exc.MissingGreenlet) greenlet_spawn has not been called; can't call await_only() here. Was IO attempted in an unexpected place?
[SQL: SELECT roles.id AS roles_id, roles.nombre AS roles_nombre, roles.descripcion AS roles_descripcion, roles.estado AS roles_estado, roles.fecha_creacion AS roles_fecha_creacion, roles.fecha_actualizacion AS roles_fecha_actualizacion 
FROM roles 
WHERE roles.id = %s]
[parameters: [{'pk_1': 2}]]
(Background on this error at: https://sqlalche.me/e/20/xd2s)
2025-10-25 23:42:49 - auth_service - DEBUG - [auth_service.py:49] - Datos de registro recibidos: {'nombre_completo': 'ejemplo 4', 'correo_electronico': 'ejemplo4@example.com', 'id_rol': 2, 'id_hogar': 1}
2025-10-25 23:42:49 - auth_service - INFO - [auth_service.py:53] - Intentando crear nuevo miembro con correo: ejemplo4@example.com
2025-10-25 23:42:49 - auth_service - DEBUG - [auth_service.py:78] - Validando datos para nuevo miembro: nombre=ejemplo 4, rol=2, hogar=1
2025-10-25 23:42:49 - auth_service - INFO - [auth_service.py:95] - Miembro creado exitosamente: ejemplo 4 (ID: 4)
2025-10-25 23:42:49 - auth_service - DEBUG - [auth_service.py:98] - Detalles del miembro creado: {'_sa_instance_state': <sqlalchemy.orm.state.InstanceState object at 0x000001D982B0DD90>, 'nombre_completo': 'ejemplo 4', 'contrasena_hash': '$2b$12$CEPCf34IYfcew7AHL7SDq.HMWWXd.CUM8t7z5V0MZcQeBRV5yOMnW', 'id_hogar': 1, 'estado': True, 'fecha_actualizacion': datetime.datetime(2025, 10, 25, 23, 42, 49), 'correo_electronico': 'ejemplo4@example.com', 'id': 4, 'id_rol': 2, 'fecha_creacion': datetime.datetime(2025, 10, 25, 23, 42, 49)}
2025-10-25 23:42:49 - auth_service - INFO - [auth_service.py:126] - Generando token de acceso para miembro: ejemplo 4
2025-10-25 23:42:50 - auth_service - INFO - [auth_service.py:142] - Token de acceso generado exitosamente
2025-10-25 23:45:19 - auth_service - INFO - [auth_service.py:20] - Intentando autenticar al miembro con correo: ejemplo4@example.com
2025-10-25 23:45:19 - auth_service - WARNING - [auth_service.py:33] - Contraseña incorrecta para el correo: ejemplo4@example.com
2025-10-25 23:45:39 - auth_service - INFO - [auth_service.py:20] - Intentando autenticar al miembro con correo: ejemplo4@example.com
2025-10-25 23:45:39 - auth_service - INFO - [auth_service.py:36] - Autenticación exitosa para el miembro: ejemplo 4
2025-10-25 23:45:39 - auth_service - INFO - [auth_service.py:126] - Generando token de acceso para miembro: ejemplo 4
2025-10-25 23:45:39 - auth_service - INFO - [auth_service.py:142] - Token de acceso generado exitosamente
2025-10-25 23:55:35 - auth_service - INFO - [auth_service.py:20] - Intentando autenticar al miembro con correo: darwinandres@example2.com
2025-10-25 23:55:36 - auth_service - INFO - [auth_service.py:36] - Autenticación exitosa para el miembro: darwin ejemplo 2
2025-10-25 23:55:36 - auth_service - INFO - [auth_service.py:126] - Generando token de acceso para miembro: darwin ejemplo 2
2025-10-25 23:55:36 - auth_service - INFO - [auth_service.py:142] - Token de acceso generado exitosamente
2025-10-26 21:11:16 - auth_service - DEBUG - [auth_service.py:49] - Datos de registro recibidos: {'nombre_completo': 'admin', 'correo_electronico': 'admin@gmail.com', 'id_rol': 1, 'id_hogar': 1}
2025-10-26 21:11:16 - auth_service - INFO - [auth_service.py:53] - Intentando crear nuevo miembro con correo: admin@gmail.com
2025-10-26 21:11:16 - auth_service - DEBUG - [auth_service.py:78] - Validando datos para nuevo miembro: nombre=admin, rol=1, hogar=1
2025-10-26 21:11:17 - auth_service - INFO - [auth_service.py:95] - Miembro creado exitosamente: admin (ID: 5)
2025-10-26 21:11:17 - auth_service - DEBUG - [auth_service.py:98] - Detalles del miembro creado: {'_sa_instance_state': <sqlalchemy.orm.state.InstanceState object at 0x000001F6E394DE50>, 'nombre_completo': 'admin', 'contrasena_hash': '$2b$12$tDKfvP7fPx5Xmx/zaWZYVePb0eBZ1R8ybQwtNXfCucB7nEeZoLHWO', 'id_hogar': 1, 'estado': True, 'fecha_actualizacion': datetime.datetime(2025, 10, 26, 21, 11, 17), 'correo_electronico': 'admin@gmail.com', 'id': 5, 'id_rol': 1, 'fecha_creacion': datetime.datetime(2025, 10, 26, 21, 11, 17)}
2025-10-26 21:11:17 - auth_service - INFO - [auth_service.py:126] - Generando token de acceso para miembro: admin
2025-10-26 21:11:17 - auth_service - INFO - [auth_service.py:142] - Token de acceso generado exitosamente
2025-10-26 21:13:10 - auth_service - INFO - [auth_service.py:20] - Intentando autenticar al miembro con correo: admin@gmail.com
2025-10-26 21:13:10 - auth_service - INFO - [auth_service.py:36] - Autenticación exitosa para el miembro: admin
2025-10-26 21:13:10 - auth_service - INFO - [auth_service.py:126] - Generando token de acceso para miembro: admin
2025-10-26 21:13:10 - auth_service - INFO - [auth_service.py:142] - Token de acceso generado exitosamente
2025-10-26 21:16:02 - auth_service - INFO - [auth_service.py:20] - Intentando autenticar al miembro con correo: admin@gmail.com
2025-10-26 21:16:02 - auth_service - INFO - [auth_service.py:36] - Autenticación exitosa para el miembro: admin
2025-10-26 21:16:02 - auth_service - INFO - [auth_service.py:126] - Generando token de acceso para miembro: admin
2025-10-26 21:16:02 - auth_service - INFO - [auth_service.py:142] - Token de acceso generado exitosamente
2025-10-26 22:00:45 - auth_service - INFO - [auth_service.py:20] - Intentando autenticar al miembro con correo: admin@gmail.com
2025-10-26 22:00:46 - auth_service - INFO - [auth_service.py:36] - Autenticación exitosa para el miembro: admin
2025-10-26 22:00:46 - auth_service - INFO - [auth_service.py:126] - Generando token de acceso para miembro: admin
2025-10-26 22:00:46 - auth_service - INFO - [auth_service.py:142] - Token de acceso generado exitosamente
2025-10-26 22:50:51 - auth_service - INFO - [auth_service.py:20] - Intentando autenticar al miembro con correo: admin@gmail.com
2025-10-26 22:50:51 - auth_service - INFO - [auth_service.py:36] - Autenticación exitosa para el miembro: admin
2025-10-26 22:50:51 - auth_service - INFO - [auth_service.py:126] - Generando token de acceso para miembro: admin
2025-10-26 22:50:51 - auth_service - INFO - [auth_service.py:142] - Token de acceso generado exitosamente
2025-10-26 23:40:16 - auth_service - INFO - [auth_service.py:20] - Intentando autenticar al miembro con correo: admin@gmail.com
2025-10-26 23:40:18 - auth_service - INFO - [auth_service.py:36] - Autenticación exitosa para el miembro: admin
2025-10-26 23:40:18 - auth_service - INFO - [auth_service.py:126] - Generando token de acceso para miembro: admin
2025-10-26 23:40:18 - auth_service - INFO - [auth_service.py:142] - Token de acceso generado exitosamente
2025-10-27 00:29:45 - auth_service - INFO - [auth_service.py:20] - Intentando autenticar al miembro con correo: admin@gmail.com
2025-10-27 00:29:45 - auth_service - INFO - [auth_service.py:36] - Autenticación exitosa para el miembro: admin
2025-10-27 00:29:45 - auth_service - INFO - [auth_service.py:126] - Generando token de acceso para miembro: admin
2025-10-27 00:29:45 - auth_service - INFO - [auth_service.py:142] - Token de acceso generado exitosamente
2025-10-27 00:32:04 - auth_service - INFO - [auth_service.py:20] - Intentando autenticar al miembro con correo: admin@gmail.com
2025-10-27 00:32:04 - auth_service - INFO - [auth_service.py:36] - Autenticación exitosa para el miembro: admin
2025-10-27 00:32:04 - auth_service - INFO - [auth_service.py:126] - Generando token de acceso para miembro: admin
2025-10-27 00:32:04 - auth_service - INFO - [auth_service.py:142] - Token de acceso generado exitosamente
2025-10-27 14:00:28 - auth_service - INFO - [auth_service.py:20] - Intentando autenticar al miembro con correo: admin@gmail.com
2025-10-27 14:00:28 - auth_service - INFO - [auth_service.py:36] - Autenticación exitosa para el miembro: admin
2025-10-27 14:00:28 - auth_service - INFO - [auth_service.py:126] - Generando token de acceso para miembro: admin
2025-10-27 14:00:28 - auth_service - INFO - [auth_service.py:142] - Token de acceso generado exitosamente
2025-10-27 20:05:39 - auth_service - INFO - [auth_service.py:20] - Intentando autenticar al miembro con correo: admin@gmail.com
2025-10-27 20:05:40 - auth_service - INFO - [auth_service.py:36] - Autenticación exitosa para el miembro: admin
2025-10-27 20:05:40 - auth_service - INFO - [auth_service.py:126] - Generando token de acceso para miembro: admin
2025-10-27 20:05:40 - auth_service - INFO - [auth_service.py:142] - Token de acceso generado exitosamente
2025-11-03 18:43:57 - auth_service - INFO - [auth_service.py:20] - Intentando autenticar al miembro con correo: admin@gmail.com
2025-11-03 18:43:58 - auth_service - INFO - [auth_service.py:36] - Autenticación exitosa para el miembro: admin
2025-11-03 18:43:58 - auth_service - INFO - [auth_service.py:126] - Generando token de acceso para miembro: admin
2025-11-03 18:43:58 - auth_service - INFO - [auth_service.py:142] - Token de acceso generado exitosamente
2025-11-05 22:55:49 - auth_service - DEBUG - [auth_service.py:49] - Datos de registro recibidos: {'nombre_completo': 'Nuevo Usuario', 'correo_electronico': 'nuevo@example.com', 'id_rol': 1, 'id_hogar': 1}
2025-11-05 22:55:49 - auth_service - INFO - [auth_service.py:53] - Intentando crear nuevo miembro con correo: nuevo@example.com
2025-11-05 22:55:49 - auth_service - DEBUG - [auth_service.py:78] - Validando datos para nuevo miembro: nombre=Nuevo Usuario, rol=1, hogar=1
2025-11-05 22:55:50 - auth_service - INFO - [auth_service.py:95] - Miembro creado exitosamente: Nuevo Usuario (ID: 2)
2025-11-05 22:55:50 - auth_service - DEBUG - [auth_service.py:98] - Detalles del miembro creado: {'_sa_instance_state': <sqlalchemy.orm.state.InstanceState object at 0x000001C06FE4C230>, 'correo_electronico': 'nuevo@example.com', 'id': 2, 'id_rol': 1, 'fecha_creacion': datetime.datetime(2025, 11, 6, 3, 55, 50), 'contrasena_hash': '$2b$12$HIwZdygySxq2VfShzMbK3uIO1FP89k.k2NDHJ8BB3JQidZ..7L8t.', 'nombre_completo': 'Nuevo Usuario', 'id_hogar': 1, 'estado': True, 'fecha_actualizacion': datetime.datetime(2025, 11, 6, 3, 55, 50)}
2025-11-05 22:55:50 - auth_service - INFO - [auth_service.py:126] - Generando token de acceso para miembro: Nuevo Usuario
2025-11-05 22:55:50 - auth_service - INFO - [auth_service.py:142] - Token de acceso generado exitosamente
2025-11-05 22:55:58 - auth_service - INFO - [auth_service.py:20] - Intentando autenticar al miembro con correo: noexiste@example.com
2025-11-05 22:55:58 - auth_service - WARNING - [auth_service.py:29] - No se encontró ningún miembro con el correo: noexiste@example.com
2025-11-05 22:57:21 - auth_service - DEBUG - [auth_service.py:49] - Datos de registro recibidos: {'nombre_completo': 'Nuevo Usuario', 'correo_electronico': 'nuevo@example.com', 'id_rol': 1, 'id_hogar': 1}
2025-11-05 22:57:21 - auth_service - INFO - [auth_service.py:53] - Intentando crear nuevo miembro con correo: nuevo@example.com
2025-11-05 22:57:21 - auth_service - DEBUG - [auth_service.py:78] - Validando datos para nuevo miembro: nombre=Nuevo Usuario, rol=1, hogar=1
2025-11-05 22:57:21 - auth_service - INFO - [auth_service.py:95] - Miembro creado exitosamente: Nuevo Usuario (ID: 2)
2025-11-05 22:57:21 - auth_service - DEBUG - [auth_service.py:98] - Detalles del miembro creado: {'_sa_instance_state': <sqlalchemy.orm.state.InstanceState object at 0x000002F068DC80B0>, 'contrasena_hash': '$2b$12$dkUkIP/tGWercpPE8M305uKHm8l/ASpLQ3aJobdyYzGBqQ2zUH37e', 'id_hogar': 1, 'estado': True, 'fecha_actualizacion': datetime.datetime(2025, 11, 6, 3, 57, 21), 'nombre_completo': 'Nuevo Usuario', 'id': 2, 'correo_electronico': 'nuevo@example.com', 'id_rol': 1, 'fecha_creacion': datetime.datetime(2025, 11, 6, 3, 57, 21)}
2025-11-05 22:57:21 - auth_service - INFO - [auth_service.py:126] - Generando token de acceso para miembro: Nuevo Usuario
2025-11-05 22:57:21 - auth_service - INFO - [auth_service.py:142] - Token de acceso generado exitosamente
2025-11-05 22:57:28 - auth_service - INFO - [auth_service.py:20] - Intentando autenticar al miembro con correo: noexiste@example.com
2025-11-05 22:57:28 - auth_service - WARNING - [auth_service.py:29] - No se encontró ningún miembro con el correo: noexiste@example.com
2025-11-05 22:58:39 - auth_service - DEBUG - [auth_service.py:49] - Datos de registro recibidos: {'nombre_completo': 'Nuevo Usuario', 'correo_electronico': 'nuevo@example.com', 'id_rol': 1, 'id_hogar': 1}
2025-11-05 22:58:39 - auth_service - INFO - [auth_service.py:53] - Intentando crear nuevo miembro con correo: nuevo@example.com
2025-11-05 22:58:39 - auth_service - DEBUG - [auth_service.py:78] - Validando datos para nuevo miembro: nombre=Nuevo Usuario, rol=1, hogar=1
2025-11-05 22:58:39 - auth_service - INFO - [auth_service.py:95] - Miembro creado exitosamente: Nuevo Usuario (ID: 2)
2025-11-05 22:58:39 - auth_service - DEBUG - [auth_service.py:98] - Detalles del miembro creado: {'_sa_instance_state': <sqlalchemy.orm.state.InstanceState object at 0x0000028B823D8230>, 'contrasena_hash': '$2b$12$lNauG2I7GKZpezwE1FpXquu/dcrwpuJF5FU2DWVTeDtbWmSMC0zXW', 'id_hogar': 1, 'estado': True, 'fecha_actualizacion': datetime.datetime(2025, 11, 6, 3, 58, 39), 'nombre_completo': 'Nuevo Usuario', 'id': 2, 'correo_electronico': 'nuevo@example.com', 'id_rol': 1, 'fecha_creacion': datetime.datetime(2025, 11, 6, 3, 58, 39)}
2025-11-05 22:58:39 - auth_service - INFO - [auth_service.py:126] - Generando token de acceso para miembro: Nuevo Usuario
2025-11-05 22:58:39 - auth_service - INFO - [auth_service.py:142] - Token de acceso generado exitosamente
2025-11-05 22:58:46 - auth_service - INFO - [auth_service.py:20] - Intentando autenticar al miembro con correo: noexiste@example.com
2025-11-05 22:58:46 - auth_service - WARNING - [auth_service.py:29] - No se encontró ningún miembro con el correo: noexiste@example.com
2025-11-05 23:06:09 - auth_service - DEBUG - [auth_service.py:49] - Datos de registro recibidos: {'nombre_completo': 'Nuevo Usuario', 'correo_electronico': 'nuevo@example.com', 'id_rol': 1, 'id_hogar': 1}
2025-11-05 23:06:09 - auth_service - INFO - [auth_service.py:53] - Intentando crear nuevo miembro con correo: nuevo@example.com
2025-11-05 23:06:09 - auth_service - DEBUG - [auth_service.py:78] - Validando datos para nuevo miembro: nombre=Nuevo Usuario, rol=1, hogar=1
2025-11-05 23:06:10 - auth_service - INFO - [auth_service.py:95] - Miembro creado exitosamente: Nuevo Usuario (ID: 2)
2025-11-05 23:06:10 - auth_service - DEBUG - [auth_service.py:98] - Detalles del miembro creado: {'_sa_instance_state': <sqlalchemy.orm.state.InstanceState object at 0x000001FB5E810F50>, 'id': 2, 'correo_electronico': 'nuevo@example.com', 'id_rol': 1, 'fecha_creacion': datetime.datetime(2025, 11, 6, 4, 6, 9), 'contrasena_hash': '$2b$12$O.HgZEGD6oqqlph3ao0pXu6Wfz1rXzvRXC2pxzRIYq62Eu54OCdXe', 'nombre_completo': 'Nuevo Usuario', 'id_hogar': 1, 'estado': True, 'fecha_actualizacion': datetime.datetime(2025, 11, 6, 4, 6, 9)}
2025-11-05 23:06:10 - auth_service - INFO - [auth_service.py:126] - Generando token de acceso para miembro: Nuevo Usuario
2025-11-05 23:06:10 - auth_service - INFO - [auth_service.py:142] - Token de acceso generado exitosamente
2025-11-05 23:06:18 - auth_service - INFO - [auth_service.py:20] - Intentando autenticar al miembro con correo: noexiste@example.com
2025-11-05 23:06:18 - auth_service - WARNING - [auth_service.py:29] - No se encontró ningún miembro con el correo: noexiste@example.com
2025-11-05 23:06:18 - auth_service - DEBUG - [auth_service.py:49] - Datos de registro recibidos: {'nombre_completo': 'Nuevo Usuario', 'correo_electronico': 'nuevo@example.com', 'id_rol': 1, 'id_hogar': 1}
2025-11-05 23:06:18 - auth_service - INFO - [auth_service.py:53] - Intentando crear nuevo miembro con correo: nuevo@example.com
2025-11-05 23:06:18 - auth_service - WARNING - [auth_service.py:67] - Intento de registro con correo ya existente: nuevo@example.com
2025-11-05 23:06:18 - auth_service - ERROR - [auth_service.py:74] - Error al verificar existencia de correo: El correo electrónico ya se encuentra registrado en el sistema
2025-11-05 23:06:18 - auth_service - WARNING - [auth_service.py:115] - Error de validación al crear miembro: El correo electrónico ya se encuentra registrado en el sistema
2025-11-05 23:06:18 - auth_service - DEBUG - [auth_service.py:49] - Datos de registro recibidos: {'nombre_completo': 'Usuario 1', 'correo_electronico': 'duplicado@example.com', 'id_rol': 1, 'id_hogar': 1}
2025-11-05 23:06:18 - auth_service - INFO - [auth_service.py:53] - Intentando crear nuevo miembro con correo: duplicado@example.com
2025-11-05 23:06:18 - auth_service - DEBUG - [auth_service.py:78] - Validando datos para nuevo miembro: nombre=Usuario 1, rol=1, hogar=1
2025-11-05 23:06:19 - auth_service - INFO - [auth_service.py:95] - Miembro creado exitosamente: Usuario 1 (ID: 3)
2025-11-05 23:06:19 - auth_service - DEBUG - [auth_service.py:98] - Detalles del miembro creado: {'_sa_instance_state': <sqlalchemy.orm.state.InstanceState object at 0x000001FB5EBF1FD0>, 'id': 3, 'correo_electronico': 'duplicado@example.com', 'id_rol': 1, 'fecha_creacion': datetime.datetime(2025, 11, 6, 4, 6, 19), 'contrasena_hash': '$2b$12$AhZqMh6UV0YKet3XAIXfDuvpp2TJDr3lgbZTYPcxS22F3a3Mwrev.', 'nombre_completo': 'Usuario 1', 'id_hogar': 1, 'estado': True, 'fecha_actualizacion': datetime.datetime(2025, 11, 6, 4, 6, 19)}
2025-11-05 23:06:19 - auth_service - DEBUG - [auth_service.py:49] - Datos de registro recibidos: {'nombre_completo': 'Usuario 2', 'correo_electronico': 'duplicado@example.com', 'id_rol': 1, 'id_hogar': 1}
2025-11-05 23:06:19 - auth_service - INFO - [auth_service.py:53] - Intentando crear nuevo miembro con correo: duplicado@example.com
2025-11-05 23:06:19 - auth_service - WARNING - [auth_service.py:67] - Intento de registro con correo ya existente: duplicado@example.com
2025-11-05 23:06:19 - auth_service - ERROR - [auth_service.py:74] - Error al verificar existencia de correo: El correo electrónico ya se encuentra registrado en el sistema
2025-11-05 23:06:19 - auth_service - WARNING - [auth_service.py:115] - Error de validación al crear miembro: El correo electrónico ya se encuentra registrado en el sistema
2025-11-05 23:11:19 - auth_service - DEBUG - [auth_service.py:49] - Datos de registro recibidos: {'nombre_completo': 'Nuevo Usuario', 'correo_electronico': 'nuevo@example.com', 'id_rol': 1, 'id_hogar': 1}
2025-11-05 23:11:19 - auth_service - INFO - [auth_service.py:53] - Intentando crear nuevo miembro con correo: nuevo@example.com
2025-11-05 23:11:19 - auth_service - DEBUG - [auth_service.py:78] - Validando datos para nuevo miembro: nombre=Nuevo Usuario, rol=1, hogar=1
2025-11-05 23:11:19 - auth_service - INFO - [auth_service.py:95] - Miembro creado exitosamente: Nuevo Usuario (ID: 2)
2025-11-05 23:11:19 - auth_service - DEBUG - [auth_service.py:98] - Detalles del miembro creado: {'_sa_instance_state': <sqlalchemy.orm.state.InstanceState object at 0x0000019AC0A8AC90>, 'id': 2, 'correo_electronico': 'nuevo@example.com', 'id_rol': 1, 'fecha_creacion': datetime.datetime(2025, 11, 6, 4, 11, 19), 'nombre_completo': 'Nuevo Usuario', 'contrasena_hash': '$2b$12$ZKTCdQk3kJQS13DwUXPm9u20Y6EKFxhBw00X1fp76eZcQUIpwoQFG', 'id_hogar': 1, 'estado': True, 'fecha_actualizacion': datetime.datetime(2025, 11, 6, 4, 11, 19)}
2025-11-05 23:11:19 - auth_service - INFO - [auth_service.py:126] - Generando token de acceso para miembro: Nuevo Usuario
2025-11-05 23:11:19 - auth_service - INFO - [auth_service.py:142] - Token de acceso generado exitosamente
2025-11-05 23:11:20 - auth_service - DEBUG - [auth_service.py:49] - Datos de registro recibidos: {'nombre_completo': 'Otro Usuario', 'correo_electronico': 'test_auth@example.com', 'id_rol': 1, 'id_hogar': 1}
2025-11-05 23:11:20 - auth_service - INFO - [auth_service.py:53] - Intentando crear nuevo miembro con correo: test_auth@example.com
2025-11-05 23:11:20 - auth_service - WARNING - [auth_service.py:67] - Intento de registro con correo ya existente: test_auth@example.com
2025-11-05 23:11:20 - auth_service - ERROR - [auth_service.py:74] - Error al verificar existencia de correo: El correo electrónico ya se encuentra registrado en el sistema
2025-11-05 23:11:20 - auth_service - WARNING - [auth_service.py:115] - Error de validación al crear miembro: El correo electrónico ya se encuentra registrado en el sistema
2025-11-05 23:11:20 - auth_service - INFO - [auth_service.py:20] - Intentando autenticar al miembro con correo: test_auth@example.com
2025-11-05 23:11:20 - auth_service - INFO - [auth_service.py:36] - Autenticación exitosa para el miembro: Test User
2025-11-05 23:11:20 - auth_service - INFO - [auth_service.py:126] - Generando token de acceso para miembro: Test User
2025-11-05 23:11:20 - auth_service - INFO - [auth_service.py:142] - Token de acceso generado exitosamente
2025-11-05 23:11:20 - auth_service - INFO - [auth_service.py:20] - Intentando autenticar al miembro con correo: test_auth@example.com
2025-11-05 23:11:20 - auth_service - WARNING - [auth_service.py:33] - Contraseña incorrecta para el correo: test_auth@example.com
2025-11-05 23:11:21 - auth_service - INFO - [auth_service.py:20] - Intentando autenticar al miembro con correo: noexiste@example.com
2025-11-05 23:11:21 - auth_service - WARNING - [auth_service.py:29] - No se encontró ningún miembro con el correo: noexiste@example.com
2025-11-05 23:11:21 - auth_service - INFO - [auth_service.py:20] - Intentando autenticar al miembro con correo: test_250fe68e@example.com
2025-11-05 23:11:21 - auth_service - INFO - [auth_service.py:36] - Autenticación exitosa para el miembro: Test User
2025-11-05 23:11:22 - auth_service - INFO - [auth_service.py:20] - Intentando autenticar al miembro con correo: test_30b731e0@example.com
2025-11-05 23:11:22 - auth_service - WARNING - [auth_service.py:33] - Contraseña incorrecta para el correo: test_30b731e0@example.com
2025-11-05 23:11:22 - auth_service - INFO - [auth_service.py:20] - Intentando autenticar al miembro con correo: noexiste@example.com
2025-11-05 23:11:22 - auth_service - WARNING - [auth_service.py:29] - No se encontró ningún miembro con el correo: noexiste@example.com
2025-11-05 23:11:22 - auth_service - DEBUG - [auth_service.py:49] - Datos de registro recibidos: {'nombre_completo': 'Nuevo Usuario', 'correo_electronico': 'nuevo_7242802a@example.com', 'id_rol': 1, 'id_hogar': 1}
2025-11-05 23:11:22 - auth_service - INFO - [auth_service.py:53] - Intentando crear nuevo miembro con correo: nuevo_7242802a@example.com
2025-11-05 23:11:22 - auth_service - DEBUG - [auth_service.py:78] - Validando datos para nuevo miembro: nombre=Nuevo Usuario, rol=1, hogar=1
2025-11-05 23:11:23 - auth_service - INFO - [auth_service.py:95] - Miembro creado exitosamente: Nuevo Usuario (ID: 5)
2025-11-05 23:11:23 - auth_service - DEBUG - [auth_service.py:98] - Detalles del miembro creado: {'_sa_instance_state': <sqlalchemy.orm.state.InstanceState object at 0x0000019AC0B11FD0>, 'id': 5, 'correo_electronico': 'nuevo_7242802a@example.com', 'id_rol': 1, 'fecha_creacion': datetime.datetime(2025, 11, 6, 4, 11, 23), 'nombre_completo': 'Nuevo Usuario', 'contrasena_hash': '$2b$12$lt5G96/aw6UKKUu26axv1ub.KbUSqLk3LqTRM4K9TgOwsU/85xKUq', 'id_hogar': 1, 'estado': True, 'fecha_actualizacion': datetime.datetime(2025, 11, 6, 4, 11, 23)}
2025-11-05 23:11:23 - auth_service - DEBUG - [auth_service.py:49] - Datos de registro recibidos: {'nombre_completo': 'Usuario 1', 'correo_electronico': 'duplicado@example.com', 'id_rol': 1, 'id_hogar': 1}
2025-11-05 23:11:23 - auth_service - INFO - [auth_service.py:53] - Intentando crear nuevo miembro con correo: duplicado@example.com
2025-11-05 23:11:23 - auth_service - DEBUG - [auth_service.py:78] - Validando datos para nuevo miembro: nombre=Usuario 1, rol=1, hogar=1
2025-11-05 23:11:23 - auth_service - INFO - [auth_service.py:95] - Miembro creado exitosamente: Usuario 1 (ID: 6)
2025-11-05 23:11:23 - auth_service - DEBUG - [auth_service.py:98] - Detalles del miembro creado: {'_sa_instance_state': <sqlalchemy.orm.state.InstanceState object at 0x0000019AC0B121B0>, 'id': 6, 'correo_electronico': 'duplicado@example.com', 'id_rol': 1, 'fecha_creacion': datetime.datetime(2025, 11, 6, 4, 11, 23), 'nombre_completo': 'Usuario 1', 'contrasena_hash': '$2b$12$BRbDpnOV.e3VPXnj20asPOBfmUWzsDaWFkBphI0fllZIF20rKg5a6', 'id_hogar': 1, 'estado': True, 'fecha_actualizacion': datetime.datetime(2025, 11, 6, 4, 11, 23)}
2025-11-05 23:11:23 - auth_service - DEBUG - [auth_service.py:49] - Datos de registro recibidos: {'nombre_completo': 'Usuario 2', 'correo_electronico': 'duplicado@example.com', 'id_rol': 1, 'id_hogar': 1}
2025-11-05 23:11:23 - auth_service - INFO - [auth_service.py:53] - Intentando crear nuevo miembro con correo: duplicado@example.com
2025-11-05 23:11:23 - auth_service - WARNING - [auth_service.py:67] - Intento de registro con correo ya existente: duplicado@example.com
2025-11-05 23:11:23 - auth_service - ERROR - [auth_service.py:74] - Error al verificar existencia de correo: El correo electrónico ya se encuentra registrado en el sistema
2025-11-05 23:11:23 - auth_service - WARNING - [auth_service.py:115] - Error de validación al crear miembro: El correo electrónico ya se encuentra registrado en el sistema
2025-11-05 23:11:24 - auth_service - INFO - [auth_service.py:126] - Generando token de acceso para miembro: Test User
2025-11-05 23:11:24 - auth_service - INFO - [auth_service.py:142] - Token de acceso generado exitosamente
2025-11-05 23:18:46 - auth_service - DEBUG - [auth_service.py:49] - Datos de registro recibidos: {'nombre_completo': 'Nuevo Usuario', 'correo_electronico': 'nuevo@example.com', 'id_rol': 1, 'id_hogar': 1}
2025-11-05 23:18:46 - auth_service - INFO - [auth_service.py:53] - Intentando crear nuevo miembro con correo: nuevo@example.com
2025-11-05 23:18:46 - auth_service - DEBUG - [auth_service.py:78] - Validando datos para nuevo miembro: nombre=Nuevo Usuario, rol=1, hogar=1
2025-11-05 23:18:47 - auth_service - INFO - [auth_service.py:95] - Miembro creado exitosamente: Nuevo Usuario (ID: 2)
2025-11-05 23:18:47 - auth_service - DEBUG - [auth_service.py:98] - Detalles del miembro creado: {'_sa_instance_state': <sqlalchemy.orm.state.InstanceState object at 0x000001C77B8AA990>, 'id': 2, 'correo_electronico': 'nuevo@example.com', 'id_rol': 1, 'fecha_creacion': datetime.datetime(2025, 11, 6, 4, 18, 47), 'nombre_completo': 'Nuevo Usuario', 'contrasena_hash': '$2b$12$tmsIPCMsuA..bKOr23c6TO1M0inS.Z1yDgFLh2VpMiBQLiykHuWOW', 'id_hogar': 1, 'estado': True, 'fecha_actualizacion': datetime.datetime(2025, 11, 6, 4, 18, 47)}
2025-11-05 23:18:47 - auth_service - INFO - [auth_service.py:126] - Generando token de acceso para miembro: Nuevo Usuario
2025-11-05 23:18:47 - auth_service - INFO - [auth_service.py:142] - Token de acceso generado exitosamente
2025-11-05 23:18:47 - auth_service - DEBUG - [auth_service.py:49] - Datos de registro recibidos: {'nombre_completo': 'Otro Usuario', 'correo_electronico': 'test_auth@example.com', 'id_rol': 1, 'id_hogar': 1}
2025-11-05 23:18:47 - auth_service - INFO - [auth_service.py:53] - Intentando crear nuevo miembro con correo: test_auth@example.com
2025-11-05 23:18:47 - auth_service - WARNING - [auth_service.py:67] - Intento de registro con correo ya existente: test_auth@example.com
2025-11-05 23:18:47 - auth_service - ERROR - [auth_service.py:74] - Error al verificar existencia de correo: El correo electrónico ya se encuentra registrado en el sistema
2025-11-05 23:18:47 - auth_service - WARNING - [auth_service.py:115] - Error de validación al crear miembro: El correo electrónico ya se encuentra registrado en el sistema
2025-11-05 23:18:47 - auth_service - INFO - [auth_service.py:20] - Intentando autenticar al miembro con correo: test_auth@example.com
2025-11-05 23:18:47 - auth_service - INFO - [auth_service.py:36] - Autenticación exitosa para el miembro: Test User
2025-11-05 23:18:47 - auth_service - INFO - [auth_service.py:126] - Generando token de acceso para miembro: Test User
2025-11-05 23:18:47 - auth_service - INFO - [auth_service.py:142] - Token de acceso generado exitosamente
2025-11-05 23:18:47 - auth_service - INFO - [auth_service.py:20] - Intentando autenticar al miembro con correo: test_auth@example.com
2025-11-05 23:18:48 - auth_service - WARNING - [auth_service.py:33] - Contraseña incorrecta para el correo: test_auth@example.com
2025-11-05 23:18:48 - auth_service - INFO - [auth_service.py:20] - Intentando autenticar al miembro con correo: noexiste@example.com
2025-11-05 23:18:48 - auth_service - WARNING - [auth_service.py:29] - No se encontró ningún miembro con el correo: noexiste@example.com
2025-11-05 23:18:48 - auth_service - INFO - [auth_service.py:20] - Intentando autenticar al miembro con correo: test_778a1a00@example.com
2025-11-05 23:18:49 - auth_service - INFO - [auth_service.py:36] - Autenticación exitosa para el miembro: Test User
2025-11-05 23:18:49 - auth_service - INFO - [auth_service.py:20] - Intentando autenticar al miembro con correo: test_ebabc576@example.com
2025-11-05 23:18:49 - auth_service - WARNING - [auth_service.py:33] - Contraseña incorrecta para el correo: test_ebabc576@example.com
2025-11-05 23:18:49 - auth_service - INFO - [auth_service.py:20] - Intentando autenticar al miembro con correo: noexiste@example.com
2025-11-05 23:18:49 - auth_service - WARNING - [auth_service.py:29] - No se encontró ningún miembro con el correo: noexiste@example.com
2025-11-05 23:18:50 - auth_service - DEBUG - [auth_service.py:49] - Datos de registro recibidos: {'nombre_completo': 'Nuevo Usuario', 'correo_electronico': 'nuevo_67ef56ba@example.com', 'id_rol': 1, 'id_hogar': 1}
2025-11-05 23:18:50 - auth_service - INFO - [auth_service.py:53] - Intentando crear nuevo miembro con correo: nuevo_67ef56ba@example.com
2025-11-05 23:18:50 - auth_service - DEBUG - [auth_service.py:78] - Validando datos para nuevo miembro: nombre=Nuevo Usuario, rol=1, hogar=1
2025-11-05 23:18:50 - auth_service - INFO - [auth_service.py:95] - Miembro creado exitosamente: Nuevo Usuario (ID: 5)
2025-11-05 23:18:50 - auth_service - DEBUG - [auth_service.py:98] - Detalles del miembro creado: {'_sa_instance_state': <sqlalchemy.orm.state.InstanceState object at 0x000001C77B909DF0>, 'id': 5, 'correo_electronico': 'nuevo_67ef56ba@example.com', 'id_rol': 1, 'fecha_creacion': datetime.datetime(2025, 11, 6, 4, 18, 50), 'nombre_completo': 'Nuevo Usuario', 'contrasena_hash': '$2b$12$UnbGcU/VNPmgu.yfwzMQl.9dXv42Fg1gIILWSTgvL7oIDq7mTZ2AW', 'id_hogar': 1, 'estado': True, 'fecha_actualizacion': datetime.datetime(2025, 11, 6, 4, 18, 50)}
2025-11-05 23:18:50 - auth_service - DEBUG - [auth_service.py:49] - Datos de registro recibidos: {'nombre_completo': 'Usuario 1', 'correo_electronico': 'duplicado@example.com', 'id_rol': 1, 'id_hogar': 1}
2025-11-05 23:18:50 - auth_service - INFO - [auth_service.py:53] - Intentando crear nuevo miembro con correo: duplicado@example.com
2025-11-05 23:18:50 - auth_service - DEBUG - [auth_service.py:78] - Validando datos para nuevo miembro: nombre=Usuario 1, rol=1, hogar=1
2025-11-05 23:18:50 - auth_service - INFO - [auth_service.py:95] - Miembro creado exitosamente: Usuario 1 (ID: 6)
2025-11-05 23:18:50 - auth_service - DEBUG - [auth_service.py:98] - Detalles del miembro creado: {'_sa_instance_state': <sqlalchemy.orm.state.InstanceState object at 0x000001C77B909DF0>, 'id': 6, 'correo_electronico': 'duplicado@example.com', 'id_rol': 1, 'fecha_creacion': datetime.datetime(2025, 11, 6, 4, 18, 50), 'nombre_completo': 'Usuario 1', 'contrasena_hash': '$2b$12$T/KRG31QRmNW1Y4lXkw1.e6P8SEryjUXatEI7Ogha21XBbf8C1V2a', 'id_hogar': 1, 'estado': True, 'fecha_actualizacion': datetime.datetime(2025, 11, 6, 4, 18, 50)}
2025-11-05 23:18:50 - auth_service - DEBUG - [auth_service.py:49] - Datos de registro recibidos: {'nombre_completo': 'Usuario 2', 'correo_electronico': 'duplicado@example.com', 'id_rol': 1, 'id_hogar': 1}
2025-11-05 23:18:50 - auth_service - INFO - [auth_service.py:53] - Intentando crear nuevo miembro con correo: duplicado@example.com
2025-11-05 23:18:50 - auth_service - WARNING - [auth_service.py:67] - Intento de registro con correo ya existente: duplicado@example.com
2025-11-05 23:18:50 - auth_service - ERROR - [auth_service.py:74] - Error al verificar existencia de correo: El correo electrónico ya se encuentra registrado en el sistema
2025-11-05 23:18:50 - auth_service - WARNING - [auth_service.py:115] - Error de validación al crear miembro: El correo electrónico ya se encuentra registrado en el sistema
2025-11-05 23:18:51 - auth_service - INFO - [auth_service.py:126] - Generando token de acceso para miembro: Test User
2025-11-05 23:18:51 - auth_service - INFO - [auth_service.py:142] - Token de acceso generado exitosamente
2025-11-06 00:43:48 - auth_service - DEBUG - [auth_service.py:49] - Datos de registro recibidos: {'nombre_completo': 'Nuevo Usuario', 'correo_electronico': 'nuevo@example.com', 'id_rol': 1, 'id_hogar': 1}
2025-11-06 00:43:48 - auth_service - INFO - [auth_service.py:53] - Intentando crear nuevo miembro con correo: nuevo@example.com
2025-11-06 00:43:48 - auth_service - DEBUG - [auth_service.py:78] - Validando datos para nuevo miembro: nombre=Nuevo Usuario, rol=1, hogar=1
2025-11-06 00:43:49 - auth_service - INFO - [auth_service.py:95] - Miembro creado exitosamente: Nuevo Usuario (ID: 2)
2025-11-06 00:43:49 - auth_service - DEBUG - [auth_service.py:98] - Detalles del miembro creado: {'_sa_instance_state': <sqlalchemy.orm.state.InstanceState object at 0x00000170F9E7F170>, 'id': 2, 'correo_electronico': 'nuevo@example.com', 'id_rol': 1, 'fecha_creacion': datetime.datetime(2025, 11, 6, 5, 43, 49), 'contrasena_hash': '$2b$12$e56.CZOoTBFACkjdwWzbSOJdiTbn9qa/q59vZuuUrrjRVaE2o2uwK', 'nombre_completo': 'Nuevo Usuario', 'id_hogar': 1, 'estado': True, 'fecha_actualizacion': datetime.datetime(2025, 11, 6, 5, 43, 49)}
2025-11-06 00:43:49 - auth_service - INFO - [auth_service.py:126] - Generando token de acceso para miembro: Nuevo Usuario
2025-11-06 00:43:49 - auth_service - INFO - [auth_service.py:142] - Token de acceso generado exitosamente
2025-11-06 00:43:49 - auth_service - DEBUG - [auth_service.py:49] - Datos de registro recibidos: {'nombre_completo': 'Otro Usuario', 'correo_electronico': 'test_auth@example.com', 'id_rol': 1, 'id_hogar': 1}
2025-11-06 00:43:49 - auth_service - INFO - [auth_service.py:53] - Intentando crear nuevo miembro con correo: test_auth@example.com
2025-11-06 00:43:49 - auth_service - WARNING - [auth_service.py:67] - Intento de registro con correo ya existente: test_auth@example.com
2025-11-06 00:43:49 - auth_service - ERROR - [auth_service.py:74] - Error al verificar existencia de correo: El correo electrónico ya se encuentra registrado en el sistema
2025-11-06 00:43:49 - auth_service - WARNING - [auth_service.py:115] - Error de validación al crear miembro: El correo electrónico ya se encuentra registrado en el sistema
2025-11-06 00:43:50 - auth_service - INFO - [auth_service.py:20] - Intentando autenticar al miembro con correo: test_auth@example.com
2025-11-06 00:43:50 - auth_service - INFO - [auth_service.py:36] - Autenticación exitosa para el miembro: Test User
2025-11-06 00:43:50 - auth_service - INFO - [auth_service.py:126] - Generando token de acceso para miembro: Test User
2025-11-06 00:43:50 - auth_service - INFO - [auth_service.py:142] - Token de acceso generado exitosamente
2025-11-06 00:43:51 - auth_service - INFO - [auth_service.py:20] - Intentando autenticar al miembro con correo: test_auth@example.com
2025-11-06 00:43:51 - auth_service - WARNING - [auth_service.py:33] - Contraseña incorrecta para el correo: test_auth@example.com
2025-11-06 00:43:52 - auth_service - INFO - [auth_service.py:20] - Intentando autenticar al miembro con correo: noexiste@example.com
2025-11-06 00:43:52 - auth_service - WARNING - [auth_service.py:29] - No se encontró ningún miembro con el correo: noexiste@example.com
2025-11-06 00:43:53 - auth_service - INFO - [auth_service.py:20] - Intentando autenticar al miembro con correo: test_ed93c2d5@example.com
2025-11-06 00:43:53 - auth_service - INFO - [auth_service.py:36] - Autenticación exitosa para el miembro: Test User
2025-11-06 00:43:53 - auth_service - INFO - [auth_service.py:20] - Intentando autenticar al miembro con correo: test_e917d234@example.com
2025-11-06 00:43:54 - auth_service - WARNING - [auth_service.py:33] - Contraseña incorrecta para el correo: test_e917d234@example.com
2025-11-06 00:43:54 - auth_service - INFO - [auth_service.py:20] - Intentando autenticar al miembro con correo: noexiste@example.com
2025-11-06 00:43:54 - auth_service - WARNING - [auth_service.py:29] - No se encontró ningún miembro con el correo: noexiste@example.com
2025-11-06 00:43:54 - auth_service - DEBUG - [auth_service.py:49] - Datos de registro recibidos: {'nombre_completo': 'Nuevo Usuario', 'correo_electronico': 'nuevo_df3fbc8a@example.com', 'id_rol': 1, 'id_hogar': 1}
2025-11-06 00:43:54 - auth_service - INFO - [auth_service.py:53] - Intentando crear nuevo miembro con correo: nuevo_df3fbc8a@example.com
2025-11-06 00:43:54 - auth_service - DEBUG - [auth_service.py:78] - Validando datos para nuevo miembro: nombre=Nuevo Usuario, rol=1, hogar=1
2025-11-06 00:43:54 - auth_service - INFO - [auth_service.py:95] - Miembro creado exitosamente: Nuevo Usuario (ID: 1)
2025-11-06 00:43:54 - auth_service - DEBUG - [auth_service.py:98] - Detalles del miembro creado: {'_sa_instance_state': <sqlalchemy.orm.state.InstanceState object at 0x00000170F9DD51F0>, 'id': 1, 'correo_electronico': 'nuevo_df3fbc8a@example.com', 'id_rol': 1, 'fecha_creacion': datetime.datetime(2025, 11, 6, 5, 43, 54), 'contrasena_hash': '$2b$12$99eRgxauWJfaBPa1WxF4KeKdwAChRi4XVgUEPjoxJaNFOtBj9byHS', 'nombre_completo': 'Nuevo Usuario', 'id_hogar': 1, 'estado': True, 'fecha_actualizacion': datetime.datetime(2025, 11, 6, 5, 43, 54)}
2025-11-06 00:43:55 - auth_service - DEBUG - [auth_service.py:49] - Datos de registro recibidos: {'nombre_completo': 'Usuario 1', 'correo_electronico': 'duplicado@example.com', 'id_rol': 1, 'id_hogar': 1}
2025-11-06 00:43:55 - auth_service - INFO - [auth_service.py:53] - Intentando crear nuevo miembro con correo: duplicado@example.com
2025-11-06 00:43:55 - auth_service - DEBUG - [auth_service.py:78] - Validando datos para nuevo miembro: nombre=Usuario 1, rol=1, hogar=1
2025-11-06 00:43:55 - auth_service - INFO - [auth_service.py:95] - Miembro creado exitosamente: Usuario 1 (ID: 1)
2025-11-06 00:43:55 - auth_service - DEBUG - [auth_service.py:98] - Detalles del miembro creado: {'_sa_instance_state': <sqlalchemy.orm.state.InstanceState object at 0x00000170F9F12450>, 'id': 1, 'correo_electronico': 'duplicado@example.com', 'id_rol': 1, 'fecha_creacion': datetime.datetime(2025, 11, 6, 5, 43, 55), 'contrasena_hash': '$2b$12$eovP68BWAPUxDwNh9fega.yVGKHLMHQdWE/w..tHOu/wru6Cu6PJ6', 'nombre_completo': 'Usuario 1', 'id_hogar': 1, 'estado': True, 'fecha_actualizacion': datetime.datetime(2025, 11, 6, 5, 43, 55)}
2025-11-06 00:43:55 - auth_service - DEBUG - [auth_service.py:49] - Datos de registro recibidos: {'nombre_completo': 'Usuario 2', 'correo_electronico': 'duplicado@example.com', 'id_rol': 1, 'id_hogar': 1}
2025-11-06 00:43:55 - auth_service - INFO - [auth_service.py:53] - Intentando crear nuevo miembro con correo: duplicado@example.com
2025-11-06 00:43:55 - auth_service - WARNING - [auth_service.py:67] - Intento de registro con correo ya existente: duplicado@example.com
2025-11-06 00:43:55 - auth_service - ERROR - [auth_service.py:74] - Error al verificar existencia de correo: El correo electrónico ya se encuentra registrado en el sistema
2025-11-06 00:43:55 - auth_service - WARNING - [auth_service.py:115] - Error de validación al crear miembro: El correo electrónico ya se encuentra registrado en el sistema
2025-11-06 00:43:55 - auth_service - INFO - [auth_service.py:126] - Generando token de acceso para miembro: Test User
2025-11-06 00:43:55 - auth_service - INFO - [auth_service.py:142] - Token de acceso generado exitosamente
2025-11-06 05:53:15 - auth_service - DEBUG - [auth_service.py:49] - Datos de registro recibidos: {'nombre_completo': 'Nuevo Usuario', 'correo_electronico': 'nuevo@example.com', 'id_rol': 1, 'id_hogar': 1}
2025-11-06 05:53:15 - auth_service - INFO - [auth_service.py:53] - Intentando crear nuevo miembro con correo: nuevo@example.com
2025-11-06 05:53:15 - auth_service - DEBUG - [auth_service.py:78] - Validando datos para nuevo miembro: nombre=Nuevo Usuario, rol=1, hogar=1
2025-11-06 05:53:15 - auth_service - INFO - [auth_service.py:95] - Miembro creado exitosamente: Nuevo Usuario (ID: 2)
2025-11-06 05:53:15 - auth_service - DEBUG - [auth_service.py:98] - Detalles del miembro creado: {'_sa_instance_state': <sqlalchemy.orm.state.InstanceState object at 0x000001EB80202B70>, 'id': 2, 'correo_electronico': 'nuevo@example.com', 'id_rol': 1, 'fecha_creacion': datetime.datetime(2025, 11, 6, 10, 53, 15), 'contrasena_hash': '$2b$12$gm8NekLoGMB6ty2YboI0b.shaB8GF8z17Xwlox9V8Hx7ScgVq5tmy', 'nombre_completo': 'Nuevo Usuario', 'id_hogar': 1, 'estado': True, 'fecha_actualizacion': datetime.datetime(2025, 11, 6, 10, 53, 15)}
2025-11-06 05:53:15 - auth_service - INFO - [auth_service.py:126] - Generando token de acceso para miembro: Nuevo Usuario
2025-11-06 05:53:15 - auth_service - INFO - [auth_service.py:142] - Token de acceso generado exitosamente
2025-11-06 05:53:16 - auth_service - DEBUG - [auth_service.py:49] - Datos de registro recibidos: {'nombre_completo': 'Otro Usuario', 'correo_electronico': 'test_auth@example.com', 'id_rol': 1, 'id_hogar': 1}
2025-11-06 05:53:16 - auth_service - INFO - [auth_service.py:53] - Intentando crear nuevo miembro con correo: test_auth@example.com
2025-11-06 05:53:16 - auth_service - WARNING - [auth_service.py:67] - Intento de registro con correo ya existente: test_auth@example.com
2025-11-06 05:53:16 - auth_service - ERROR - [auth_service.py:74] - Error al verificar existencia de correo: El correo electrónico ya se encuentra registrado en el sistema
2025-11-06 05:53:16 - auth_service - WARNING - [auth_service.py:115] - Error de validación al crear miembro: El correo electrónico ya se encuentra registrado en el sistema
2025-11-06 05:53:16 - auth_service - INFO - [auth_service.py:20] - Intentando autenticar al miembro con correo: test_auth@example.com
2025-11-06 05:53:17 - auth_service - INFO - [auth_service.py:36] - Autenticación exitosa para el miembro: Test User
2025-11-06 05:53:17 - auth_service - INFO - [auth_service.py:126] - Generando token de acceso para miembro: Test User
2025-11-06 05:53:17 - auth_service - INFO - [auth_service.py:142] - Token de acceso generado exitosamente
2025-11-06 05:53:17 - auth_service - INFO - [auth_service.py:20] - Intentando autenticar al miembro con correo: test_auth@example.com
2025-11-06 05:53:18 - auth_service - WARNING - [auth_service.py:33] - Contraseña incorrecta para el correo: test_auth@example.com
2025-11-06 05:53:18 - auth_service - INFO - [auth_service.py:20] - Intentando autenticar al miembro con correo: noexiste@example.com
2025-11-06 05:53:18 - auth_service - WARNING - [auth_service.py:29] - No se encontró ningún miembro con el correo: noexiste@example.com
2025-11-06 05:53:19 - auth_service - INFO - [auth_service.py:20] - Intentando autenticar al miembro con correo: test_eb24fdbf@example.com
2025-11-06 05:53:20 - auth_service - INFO - [auth_service.py:36] - Autenticación exitosa para el miembro: Test User
2025-11-06 05:53:20 - auth_service - INFO - [auth_service.py:20] - Intentando autenticar al miembro con correo: test_f3b204b4@example.com
2025-11-06 05:53:21 - auth_service - WARNING - [auth_service.py:33] - Contraseña incorrecta para el correo: test_f3b204b4@example.com
2025-11-06 05:53:21 - auth_service - INFO - [auth_service.py:20] - Intentando autenticar al miembro con correo: noexiste@example.com
2025-11-06 05:53:21 - auth_service - WARNING - [auth_service.py:29] - No se encontró ningún miembro con el correo: noexiste@example.com
2025-11-06 05:53:21 - auth_service - DEBUG - [auth_service.py:49] - Datos de registro recibidos: {'nombre_completo': 'Nuevo Usuario', 'correo_electronico': 'nuevo_09a3f511@example.com', 'id_rol': 1, 'id_hogar': 1}
2025-11-06 05:53:21 - auth_service - INFO - [auth_service.py:53] - Intentando crear nuevo miembro con correo: nuevo_09a3f511@example.com
2025-11-06 05:53:21 - auth_service - DEBUG - [auth_service.py:78] - Validando datos para nuevo miembro: nombre=Nuevo Usuario, rol=1, hogar=1
2025-11-06 05:53:21 - auth_service - INFO - [auth_service.py:95] - Miembro creado exitosamente: Nuevo Usuario (ID: 1)
2025-11-06 05:53:21 - auth_service - DEBUG - [auth_service.py:98] - Detalles del miembro creado: {'_sa_instance_state': <sqlalchemy.orm.state.InstanceState object at 0x000001EB8024A510>, 'id': 1, 'correo_electronico': 'nuevo_09a3f511@example.com', 'id_rol': 1, 'fecha_creacion': datetime.datetime(2025, 11, 6, 10, 53, 21), 'contrasena_hash': '$2b$12$A4siV0PIQaY8HFfoGQqRj.b5MhvR7j7v56Wxwk1dezznfUI7NKkR6', 'nombre_completo': 'Nuevo Usuario', 'id_hogar': 1, 'estado': True, 'fecha_actualizacion': datetime.datetime(2025, 11, 6, 10, 53, 21)}
2025-11-06 05:53:22 - auth_service - DEBUG - [auth_service.py:49] - Datos de registro recibidos: {'nombre_completo': 'Usuario 1', 'correo_electronico': 'duplicado@example.com', 'id_rol': 1, 'id_hogar': 1}
2025-11-06 05:53:22 - auth_service - INFO - [auth_service.py:53] - Intentando crear nuevo miembro con correo: duplicado@example.com
2025-11-06 05:53:22 - auth_service - DEBUG - [auth_service.py:78] - Validando datos para nuevo miembro: nombre=Usuario 1, rol=1, hogar=1
2025-11-06 05:53:22 - auth_service - INFO - [auth_service.py:95] - Miembro creado exitosamente: Usuario 1 (ID: 1)
2025-11-06 05:53:22 - auth_service - DEBUG - [auth_service.py:98] - Detalles del miembro creado: {'_sa_instance_state': <sqlalchemy.orm.state.InstanceState object at 0x000001EB8024A570>, 'id': 1, 'correo_electronico': 'duplicado@example.com', 'id_rol': 1, 'fecha_creacion': datetime.datetime(2025, 11, 6, 10, 53, 22), 'contrasena_hash': '$2b$12$V89N5fRTXQtnoE5PBD.D/ekR6ZCQvhAeYZTXYJpwtQhYDSU04pATK', 'nombre_completo': 'Usuario 1', 'id_hogar': 1, 'estado': True, 'fecha_actualizacion': datetime.datetime(2025, 11, 6, 10, 53, 22)}
2025-11-06 05:53:22 - auth_service - DEBUG - [auth_service.py:49] - Datos de registro recibidos: {'nombre_completo': 'Usuario 2', 'correo_electronico': 'duplicado@example.com', 'id_rol': 1, 'id_hogar': 1}
2025-11-06 05:53:22 - auth_service - INFO - [auth_service.py:53] - Intentando crear nuevo miembro con correo: duplicado@example.com
2025-11-06 05:53:22 - auth_service - WARNING - [auth_service.py:67] - Intento de registro con correo ya existente: duplicado@example.com
2025-11-06 05:53:22 - auth_service - ERROR - [auth_service.py:74] - Error al verificar existencia de correo: El correo electrónico ya se encuentra registrado en el sistema
2025-11-06 05:53:22 - auth_service - WARNING - [auth_service.py:115] - Error de validación al crear miembro: El correo electrónico ya se encuentra registrado en el sistema
2025-11-06 05:53:23 - auth_service - INFO - [auth_service.py:126] - Generando token de acceso para miembro: Test User
2025-11-06 05:53:23 - auth_service - INFO - [auth_service.py:142] - Token de acceso generado exitosamente
2025-11-06 06:36:25 - auth_service - DEBUG - [auth_service.py:49] - Datos de registro recibidos: {'nombre_completo': 'Nuevo Usuario', 'correo_electronico': 'nuevo@example.com', 'id_rol': 1, 'id_hogar': 1}
2025-11-06 06:36:25 - auth_service - INFO - [auth_service.py:53] - Intentando crear nuevo miembro con correo: nuevo@example.com
2025-11-06 06:36:25 - auth_service - DEBUG - [auth_service.py:78] - Validando datos para nuevo miembro: nombre=Nuevo Usuario, rol=1, hogar=1
2025-11-06 06:36:25 - auth_service - INFO - [auth_service.py:95] - Miembro creado exitosamente: Nuevo Usuario (ID: 2)
2025-11-06 06:36:25 - auth_service - DEBUG - [auth_service.py:98] - Detalles del miembro creado: {'_sa_instance_state': <sqlalchemy.orm.state.InstanceState object at 0x000002282696F950>, 'correo_electronico': 'nuevo@example.com', 'id': 2, 'id_rol': 1, 'estado': True, 'fecha_creacion': datetime.datetime(2025, 11, 6, 11, 36, 25), 'fecha_actualizacion': datetime.datetime(2025, 11, 6, 11, 36, 25), 'contrasena_hash': '$2b$12$SKXnwKCKUi6YSiwpj5sWCOeLZ09uQ1ntp8GsJgUWcpSx4luJhVZ5m', 'nombre_completo': 'Nuevo Usuario', 'id_hogar': 1}
2025-11-06 06:36:25 - auth_service - INFO - [auth_service.py:126] - Generando token de acceso para miembro: Nuevo Usuario
2025-11-06 06:36:25 - auth_service - INFO - [auth_service.py:142] - Token de acceso generado exitosamente
2025-11-06 06:36:26 - auth_service - DEBUG - [auth_service.py:49] - Datos de registro recibidos: {'nombre_completo': 'Otro Usuario', 'correo_electronico': 'test_auth@example.com', 'id_rol': 1, 'id_hogar': 1}
2025-11-06 06:36:26 - auth_service - INFO - [auth_service.py:53] - Intentando crear nuevo miembro con correo: test_auth@example.com
2025-11-06 06:36:26 - auth_service - WARNING - [auth_service.py:67] - Intento de registro con correo ya existente: test_auth@example.com
2025-11-06 06:36:26 - auth_service - ERROR - [auth_service.py:74] - Error al verificar existencia de correo: El correo electrónico ya se encuentra registrado en el sistema
2025-11-06 06:36:26 - auth_service - WARNING - [auth_service.py:115] - Error de validación al crear miembro: El correo electrónico ya se encuentra registrado en el sistema
2025-11-06 06:36:26 - auth_service - INFO - [auth_service.py:20] - Intentando autenticar al miembro con correo: test_auth@example.com
2025-11-06 06:36:26 - auth_service - INFO - [auth_service.py:36] - Autenticación exitosa para el miembro: Test User
2025-11-06 06:36:26 - auth_service - INFO - [auth_service.py:126] - Generando token de acceso para miembro: Test User
2025-11-06 06:36:26 - auth_service - INFO - [auth_service.py:142] - Token de acceso generado exitosamente
2025-11-06 06:36:27 - auth_service - INFO - [auth_service.py:20] - Intentando autenticar al miembro con correo: test_auth@example.com
2025-11-06 06:36:27 - auth_service - WARNING - [auth_service.py:33] - Contraseña incorrecta para el correo: test_auth@example.com
2025-11-06 06:36:28 - auth_service - INFO - [auth_service.py:20] - Intentando autenticar al miembro con correo: noexiste@example.com
2025-11-06 06:36:28 - auth_service - WARNING - [auth_service.py:29] - No se encontró ningún miembro con el correo: noexiste@example.com
2025-11-06 06:36:29 - auth_service - INFO - [auth_service.py:20] - Intentando autenticar al miembro con correo: test_bff3fc2a@example.com
2025-11-06 06:36:29 - auth_service - INFO - [auth_service.py:36] - Autenticación exitosa para el miembro: Test User
2025-11-06 06:36:29 - auth_service - INFO - [auth_service.py:20] - Intentando autenticar al miembro con correo: test_548bef27@example.com
2025-11-06 06:36:30 - auth_service - WARNING - [auth_service.py:33] - Contraseña incorrecta para el correo: test_548bef27@example.com
2025-11-06 06:36:30 - auth_service - INFO - [auth_service.py:20] - Intentando autenticar al miembro con correo: noexiste@example.com
2025-11-06 06:36:30 - auth_service - WARNING - [auth_service.py:29] - No se encontró ningún miembro con el correo: noexiste@example.com
2025-11-06 06:36:30 - auth_service - DEBUG - [auth_service.py:49] - Datos de registro recibidos: {'nombre_completo': 'Nuevo Usuario', 'correo_electronico': 'nuevo_38722e44@example.com', 'id_rol': 1, 'id_hogar': 1}
2025-11-06 06:36:30 - auth_service - INFO - [auth_service.py:53] - Intentando crear nuevo miembro con correo: nuevo_38722e44@example.com
2025-11-06 06:36:30 - auth_service - DEBUG - [auth_service.py:78] - Validando datos para nuevo miembro: nombre=Nuevo Usuario, rol=1, hogar=1
2025-11-06 06:36:30 - auth_service - INFO - [auth_service.py:95] - Miembro creado exitosamente: Nuevo Usuario (ID: 1)
2025-11-06 06:36:30 - auth_service - DEBUG - [auth_service.py:98] - Detalles del miembro creado: {'_sa_instance_state': <sqlalchemy.orm.state.InstanceState object at 0x0000022826A29E50>, 'correo_electronico': 'nuevo_38722e44@example.com', 'id': 1, 'id_rol': 1, 'estado': True, 'fecha_creacion': datetime.datetime(2025, 11, 6, 11, 36, 30), 'fecha_actualizacion': datetime.datetime(2025, 11, 6, 11, 36, 30), 'contrasena_hash': '$2b$12$oKlh2WeQdCcOHPmq6EKso.JZD9xp7VakIzhzLR0FELAXZZrIbIMx6', 'nombre_completo': 'Nuevo Usuario', 'id_hogar': 1}
2025-11-06 06:36:30 - auth_service - DEBUG - [auth_service.py:49] - Datos de registro recibidos: {'nombre_completo': 'Usuario 1', 'correo_electronico': 'duplicado@example.com', 'id_rol': 1, 'id_hogar': 1}
2025-11-06 06:36:30 - auth_service - INFO - [auth_service.py:53] - Intentando crear nuevo miembro con correo: duplicado@example.com
2025-11-06 06:36:30 - auth_service - DEBUG - [auth_service.py:78] - Validando datos para nuevo miembro: nombre=Usuario 1, rol=1, hogar=1
2025-11-06 06:36:31 - auth_service - INFO - [auth_service.py:95] - Miembro creado exitosamente: Usuario 1 (ID: 1)
2025-11-06 06:36:31 - auth_service - DEBUG - [auth_service.py:98] - Detalles del miembro creado: {'_sa_instance_state': <sqlalchemy.orm.state.InstanceState object at 0x0000022826A2A450>, 'correo_electronico': 'duplicado@example.com', 'id': 1, 'id_rol': 1, 'estado': True, 'fecha_creacion': datetime.datetime(2025, 11, 6, 11, 36, 31), 'fecha_actualizacion': datetime.datetime(2025, 11, 6, 11, 36, 31), 'contrasena_hash': '$2b$12$omXKf9sHo/NV7x8SAdli1OeXY0W45i2W.dBvfvSFXaMhwiWNIlrgS', 'nombre_completo': 'Usuario 1', 'id_hogar': 1}
2025-11-06 06:36:31 - auth_service - DEBUG - [auth_service.py:49] - Datos de registro recibidos: {'nombre_completo': 'Usuario 2', 'correo_electronico': 'duplicado@example.com', 'id_rol': 1, 'id_hogar': 1}
2025-11-06 06:36:31 - auth_service - INFO - [auth_service.py:53] - Intentando crear nuevo miembro con correo: duplicado@example.com
2025-11-06 06:36:31 - auth_service - WARNING - [auth_service.py:67] - Intento de registro con correo ya existente: duplicado@example.com
2025-11-06 06:36:31 - auth_service - ERROR - [auth_service.py:74] - Error al verificar existencia de correo: El correo electrónico ya se encuentra registrado en el sistema
2025-11-06 06:36:31 - auth_service - WARNING - [auth_service.py:115] - Error de validación al crear miembro: El correo electrónico ya se encuentra registrado en el sistema
2025-11-06 06:36:31 - auth_service - INFO - [auth_service.py:126] - Generando token de acceso para miembro: Test User
2025-11-06 06:36:31 - auth_service - INFO - [auth_service.py:142] - Token de acceso generado exitosamente
2025-11-06 06:41:13 - auth_service - DEBUG - [auth_service.py:49] - Datos de registro recibidos: {'nombre_completo': 'Nuevo Usuario', 'correo_electronico': 'nuevo@example.com', 'id_rol': 1, 'id_hogar': 1}
2025-11-06 06:41:13 - auth_service - INFO - [auth_service.py:53] - Intentando crear nuevo miembro con correo: nuevo@example.com
2025-11-06 06:41:13 - auth_service - DEBUG - [auth_service.py:78] - Validando datos para nuevo miembro: nombre=Nuevo Usuario, rol=1, hogar=1
2025-11-06 06:41:13 - auth_service - INFO - [auth_service.py:95] - Miembro creado exitosamente: Nuevo Usuario (ID: 2)
2025-11-06 06:41:13 - auth_service - DEBUG - [auth_service.py:98] - Detalles del miembro creado: {'_sa_instance_state': <sqlalchemy.orm.state.InstanceState object at 0x00000255613006B0>, 'correo_electronico': 'nuevo@example.com', 'id': 2, 'id_rol': 1, 'estado': True, 'fecha_creacion': datetime.datetime(2025, 11, 6, 11, 41, 13), 'fecha_actualizacion': datetime.datetime(2025, 11, 6, 11, 41, 13), 'contrasena_hash': '$2b$12$DrxuUN3HUkNVtWxCPOtI3.3caYn.U0.Fq5A2O/z7BM661U46xthra', 'nombre_completo': 'Nuevo Usuario', 'id_hogar': 1}
2025-11-06 06:41:13 - auth_service - INFO - [auth_service.py:126] - Generando token de acceso para miembro: Nuevo Usuario
2025-11-06 06:41:13 - auth_service - INFO - [auth_service.py:142] - Token de acceso generado exitosamente
2025-11-06 06:41:14 - auth_service - DEBUG - [auth_service.py:49] - Datos de registro recibidos: {'nombre_completo': 'Otro Usuario', 'correo_electronico': 'test_auth@example.com', 'id_rol': 1, 'id_hogar': 1}
2025-11-06 06:41:14 - auth_service - INFO - [auth_service.py:53] - Intentando crear nuevo miembro con correo: test_auth@example.com
2025-11-06 06:41:14 - auth_service - WARNING - [auth_service.py:67] - Intento de registro con correo ya existente: test_auth@example.com
2025-11-06 06:41:14 - auth_service - ERROR - [auth_service.py:74] - Error al verificar existencia de correo: El correo electrónico ya se encuentra registrado en el sistema
2025-11-06 06:41:14 - auth_service - WARNING - [auth_service.py:115] - Error de validación al crear miembro: El correo electrónico ya se encuentra registrado en el sistema
2025-11-06 06:41:14 - auth_service - INFO - [auth_service.py:20] - Intentando autenticar al miembro con correo: test_auth@example.com
2025-11-06 06:41:14 - auth_service - INFO - [auth_service.py:36] - Autenticación exitosa para el miembro: Test User
2025-11-06 06:41:14 - auth_service - INFO - [auth_service.py:126] - Generando token de acceso para miembro: Test User
2025-11-06 06:41:14 - auth_service - INFO - [auth_service.py:142] - Token de acceso generado exitosamente
2025-11-06 06:41:15 - auth_service - INFO - [auth_service.py:20] - Intentando autenticar al miembro con correo: test_auth@example.com
2025-11-06 06:41:15 - auth_service - WARNING - [auth_service.py:33] - Contraseña incorrecta para el correo: test_auth@example.com
2025-11-06 06:41:16 - auth_service - INFO - [auth_service.py:20] - Intentando autenticar al miembro con correo: noexiste@example.com
2025-11-06 06:41:16 - auth_service - WARNING - [auth_service.py:29] - No se encontró ningún miembro con el correo: noexiste@example.com
2025-11-06 06:41:17 - auth_service - INFO - [auth_service.py:20] - Intentando autenticar al miembro con correo: test_ccf6009f@example.com
2025-11-06 06:41:17 - auth_service - INFO - [auth_service.py:36] - Autenticación exitosa para el miembro: Test User
2025-11-06 06:41:17 - auth_service - INFO - [auth_service.py:20] - Intentando autenticar al miembro con correo: test_fdb0ba71@example.com
2025-11-06 06:41:18 - auth_service - WARNING - [auth_service.py:33] - Contraseña incorrecta para el correo: test_fdb0ba71@example.com
2025-11-06 06:41:18 - auth_service - INFO - [auth_service.py:20] - Intentando autenticar al miembro con correo: noexiste@example.com
2025-11-06 06:41:18 - auth_service - WARNING - [auth_service.py:29] - No se encontró ningún miembro con el correo: noexiste@example.com
2025-11-06 06:41:18 - auth_service - DEBUG - [auth_service.py:49] - Datos de registro recibidos: {'nombre_completo': 'Nuevo Usuario', 'correo_electronico': 'nuevo_37b17b15@example.com', 'id_rol': 1, 'id_hogar': 1}
2025-11-06 06:41:18 - auth_service - INFO - [auth_service.py:53] - Intentando crear nuevo miembro con correo: nuevo_37b17b15@example.com
2025-11-06 06:41:18 - auth_service - DEBUG - [auth_service.py:78] - Validando datos para nuevo miembro: nombre=Nuevo Usuario, rol=1, hogar=1
2025-11-06 06:41:18 - auth_service - INFO - [auth_service.py:95] - Miembro creado exitosamente: Nuevo Usuario (ID: 1)
2025-11-06 06:41:18 - auth_service - DEBUG - [auth_service.py:98] - Detalles del miembro creado: {'_sa_instance_state': <sqlalchemy.orm.state.InstanceState object at 0x00000255613A0DD0>, 'correo_electronico': 'nuevo_37b17b15@example.com', 'id': 1, 'id_rol': 1, 'estado': True, 'fecha_creacion': datetime.datetime(2025, 11, 6, 11, 41, 18), 'fecha_actualizacion': datetime.datetime(2025, 11, 6, 11, 41, 18), 'contrasena_hash': '$2b$12$hm5Ik.h1E/s87k1rXvGRM.aYHxsnQ0Kbhj7zuD91T.Uaz/lgy.QFy', 'nombre_completo': 'Nuevo Usuario', 'id_hogar': 1}
2025-11-06 06:41:18 - auth_service - DEBUG - [auth_service.py:49] - Datos de registro recibidos: {'nombre_completo': 'Usuario 1', 'correo_electronico': 'duplicado@example.com', 'id_rol': 1, 'id_hogar': 1}
2025-11-06 06:41:18 - auth_service - INFO - [auth_service.py:53] - Intentando crear nuevo miembro con correo: duplicado@example.com
2025-11-06 06:41:18 - auth_service - DEBUG - [auth_service.py:78] - Validando datos para nuevo miembro: nombre=Usuario 1, rol=1, hogar=1
2025-11-06 06:41:19 - auth_service - INFO - [auth_service.py:95] - Miembro creado exitosamente: Usuario 1 (ID: 1)
2025-11-06 06:41:19 - auth_service - DEBUG - [auth_service.py:98] - Detalles del miembro creado: {'_sa_instance_state': <sqlalchemy.orm.state.InstanceState object at 0x00000255613A0110>, 'correo_electronico': 'duplicado@example.com', 'id': 1, 'id_rol': 1, 'estado': True, 'fecha_creacion': datetime.datetime(2025, 11, 6, 11, 41, 19), 'fecha_actualizacion': datetime.datetime(2025, 11, 6, 11, 41, 19), 'contrasena_hash': '$2b$12$a0FPaAOyvJDLntPX3v/yDe3/GdWmHw5yL/z7PAuZHMqqu7zsIjuvS', 'nombre_completo': 'Usuario 1', 'id_hogar': 1}
2025-11-06 06:41:19 - auth_service - DEBUG - [auth_service.py:49] - Datos de registro recibidos: {'nombre_completo': 'Usuario 2', 'correo_electronico': 'duplicado@example.com', 'id_rol': 1, 'id_hogar': 1}
2025-11-06 06:41:19 - auth_service - INFO - [auth_service.py:53] - Intentando crear nuevo miembro con correo: duplicado@example.com
2025-11-06 06:41:19 - auth_service - WARNING - [auth_service.py:67] - Intento de registro con correo ya existente: duplicado@example.com
2025-11-06 06:41:19 - auth_service - ERROR - [auth_service.py:74] - Error al verificar existencia de correo: El correo electrónico ya se encuentra registrado en el sistema
2025-11-06 06:41:19 - auth_service - WARNING - [auth_service.py:115] - Error de validación al crear miembro: El correo electrónico ya se encuentra registrado en el sistema
2025-11-06 06:41:19 - auth_service - INFO - [auth_service.py:126] - Generando token de acceso para miembro: Test User
2025-11-06 06:41:19 - auth_service - INFO - [auth_service.py:142] - Token de acceso generado exitosamente
