2025-10-20 00:57:35 - main - INFO - Iniciando la aplicación...
2025-10-20 00:57:35 - main - INFO - Creando tablas en la base de datos...
2025-10-20 00:57:35 - main - INFO - Tablas creadas exitosamente
2025-10-20 01:29:39 - main - INFO - Iniciando la aplicación...
2025-10-20 01:29:39 - main - INFO - Creando tablas en la base de datos...
2025-10-20 01:29:39 - main - INFO - Tablas creadas exitosamente
2025-10-25 15:05:45 - main - INFO - Iniciando la aplicación...
2025-10-25 15:05:45 - main - INFO - Creando tablas en la base de datos...
2025-10-25 15:05:45 - main - INFO - Tablas creadas exitosamente
2025-10-25 15:10:40 - main - INFO - Iniciando la aplicación...
2025-10-25 15:10:40 - main - INFO - Creando tablas en la base de datos...
2025-10-25 15:10:41 - main - INFO - Tablas creadas exitosamente
2025-10-25 15:11:06 - main - INFO - Iniciando la aplicación...
2025-10-25 15:11:06 - main - INFO - Creando tablas en la base de datos...
2025-10-25 15:11:06 - main - INFO - Tablas creadas exitosamente
2025-10-25 15:50:30 - main - INFO - Iniciando la aplicación...
2025-10-25 15:50:30 - main - INFO - Creando tablas en la base de datos...
2025-10-25 15:50:30 - main - INFO - Tablas creadas exitosamente
2025-10-25 23:24:55 - main - INFO - [main.py:42] - Iniciando la aplicación...
2025-10-25 23:24:55 - main - INFO - [main.py:45] - Creando tablas en la base de datos...
2025-10-25 23:24:55 - main - INFO - [main.py:47] - Tablas creadas exitosamente
2025-10-25 23:25:41 - main - INFO - [main.py:42] - Iniciando la aplicación...
2025-10-25 23:25:41 - main - INFO - [main.py:45] - Creando tablas en la base de datos...
2025-10-25 23:25:42 - main - INFO - [main.py:47] - Tablas creadas exitosamente
2025-10-25 23:32:37 - main - INFO - [main.py:42] - Iniciando la aplicación...
2025-10-25 23:32:37 - main - INFO - [main.py:45] - Creando tablas en la base de datos...
2025-10-25 23:32:37 - main - INFO - [main.py:47] - Tablas creadas exitosamente
2025-10-25 23:42:27 - main - INFO - [main.py:42] - Iniciando la aplicación...
2025-10-25 23:42:27 - main - INFO - [main.py:45] - Creando tablas en la base de datos...
2025-10-25 23:42:27 - main - INFO - [main.py:47] - Tablas creadas exitosamente
2025-10-26 20:57:57 - main - INFO - [main.py:42] - Iniciando la aplicación...
2025-10-26 20:57:57 - main - INFO - [main.py:45] - Creando tablas en la base de datos...
2025-10-26 20:57:57 - main - INFO - [main.py:47] - Tablas creadas exitosamente
2025-10-26 20:58:16 - main - INFO - [main.py:42] - Iniciando la aplicación...
2025-10-26 20:58:16 - main - INFO - [main.py:45] - Creando tablas en la base de datos...
2025-10-26 20:58:16 - main - INFO - [main.py:47] - Tablas creadas exitosamente
2025-10-26 20:58:46 - main - INFO - [main.py:55] - Acceso a la ruta raíz de la API
2025-10-26 21:06:19 - main - INFO - [main.py:52] - Iniciando la aplicación...
2025-10-26 21:06:19 - main - INFO - [main.py:55] - Creando tablas en la base de datos...
2025-10-26 21:06:19 - main - INFO - [main.py:57] - Tablas creadas exitosamente
2025-10-26 21:06:26 - main - INFO - [main.py:52] - Iniciando la aplicación...
2025-10-26 21:06:26 - main - INFO - [main.py:55] - Creando tablas en la base de datos...
2025-10-26 21:06:26 - main - INFO - [main.py:57] - Tablas creadas exitosamente
2025-10-26 21:21:58 - main - INFO - [main.py:52] - Iniciando la aplicación...
2025-10-26 21:21:58 - main - INFO - [main.py:55] - Creando tablas en la base de datos...
2025-10-26 21:21:58 - main - INFO - [main.py:57] - Tablas creadas exitosamente
2025-10-26 21:24:08 - main - INFO - [main.py:52] - Iniciando la aplicación...
2025-10-26 21:24:08 - main - INFO - [main.py:55] - Creando tablas en la base de datos...
2025-10-26 21:24:08 - main - INFO - [main.py:57] - Tablas creadas exitosamente
2025-10-26 22:00:14 - main - INFO - [main.py:52] - Iniciando la aplicación...
2025-10-26 22:00:14 - main - INFO - [main.py:55] - Creando tablas en la base de datos...
2025-10-26 22:00:14 - main - INFO - [main.py:57] - Tablas creadas exitosamente
2025-10-26 22:09:07 - main - INFO - [main.py:52] - Iniciando la aplicación...
2025-10-26 22:09:07 - main - INFO - [main.py:55] - Creando tablas en la base de datos...
2025-10-26 22:09:08 - main - INFO - [main.py:57] - Tablas creadas exitosamente
2025-10-26 22:12:04 - main - INFO - [main.py:52] - Iniciando la aplicación...
2025-10-26 22:12:04 - main - INFO - [main.py:55] - Creando tablas en la base de datos...
2025-10-26 22:12:04 - main - INFO - [main.py:57] - Tablas creadas exitosamente
2025-10-26 22:12:32 - main - INFO - [main.py:52] - Iniciando la aplicación...
2025-10-26 22:12:32 - main - INFO - [main.py:55] - Creando tablas en la base de datos...
2025-10-26 22:12:32 - main - INFO - [main.py:57] - Tablas creadas exitosamente
2025-10-26 22:12:38 - main - INFO - [main.py:52] - Iniciando la aplicación...
2025-10-26 22:12:38 - main - INFO - [main.py:55] - Creando tablas en la base de datos...
2025-10-26 22:12:38 - main - INFO - [main.py:57] - Tablas creadas exitosamente
2025-10-26 22:12:50 - main - INFO - [main.py:52] - Iniciando la aplicación...
2025-10-26 22:12:50 - main - INFO - [main.py:55] - Creando tablas en la base de datos...
2025-10-26 22:12:50 - main - INFO - [main.py:57] - Tablas creadas exitosamente
2025-10-26 22:34:12 - main - INFO - [main.py:52] - Iniciando la aplicación...
2025-10-26 22:34:12 - main - INFO - [main.py:55] - Creando tablas en la base de datos...
2025-10-26 22:34:12 - main - INFO - [main.py:57] - Tablas creadas exitosamente
2025-10-26 22:34:19 - main - INFO - [main.py:52] - Iniciando la aplicación...
2025-10-26 22:34:19 - main - INFO - [main.py:55] - Creando tablas en la base de datos...
2025-10-26 22:34:19 - main - INFO - [main.py:57] - Tablas creadas exitosamente
2025-10-26 22:50:42 - main - INFO - [main.py:52] - Iniciando la aplicación...
2025-10-26 22:50:42 - main - INFO - [main.py:55] - Creando tablas en la base de datos...
2025-10-26 22:50:42 - main - INFO - [main.py:57] - Tablas creadas exitosamente
2025-10-26 23:14:21 - main - INFO - [main.py:52] - Iniciando la aplicación...
2025-10-26 23:14:21 - main - INFO - [main.py:55] - Creando tablas en la base de datos...
2025-10-26 23:14:21 - main - INFO - [main.py:57] - Tablas creadas exitosamente
2025-10-26 23:14:32 - main - INFO - [main.py:52] - Iniciando la aplicación...
2025-10-26 23:14:32 - main - INFO - [main.py:55] - Creando tablas en la base de datos...
2025-10-26 23:14:32 - main - INFO - [main.py:57] - Tablas creadas exitosamente
2025-10-26 23:14:45 - main - INFO - [main.py:52] - Iniciando la aplicación...
2025-10-26 23:14:45 - main - INFO - [main.py:55] - Creando tablas en la base de datos...
2025-10-26 23:14:45 - main - INFO - [main.py:57] - Tablas creadas exitosamente
2025-10-26 23:19:43 - main - INFO - [main.py:52] - Iniciando la aplicación...
2025-10-26 23:19:43 - main - INFO - [main.py:55] - Creando tablas en la base de datos...
2025-10-26 23:19:44 - main - INFO - [main.py:57] - Tablas creadas exitosamente
2025-10-26 23:19:56 - main - INFO - [main.py:52] - Iniciando la aplicación...
2025-10-26 23:19:56 - main - INFO - [main.py:55] - Creando tablas en la base de datos...
2025-10-26 23:19:56 - main - INFO - [main.py:57] - Tablas creadas exitosamente
2025-10-26 23:20:44 - main - INFO - [main.py:52] - Iniciando la aplicación...
2025-10-26 23:20:44 - main - INFO - [main.py:55] - Creando tablas en la base de datos...
2025-10-26 23:20:44 - main - INFO - [main.py:57] - Tablas creadas exitosamente
2025-10-26 23:34:50 - main - INFO - [main.py:52] - Iniciando la aplicación...
2025-10-26 23:34:50 - main - INFO - [main.py:55] - Creando tablas en la base de datos...
2025-10-26 23:34:51 - main - INFO - [main.py:57] - Tablas creadas exitosamente
2025-10-26 23:35:04 - main - INFO - [main.py:52] - Iniciando la aplicación...
2025-10-26 23:35:04 - main - INFO - [main.py:55] - Creando tablas en la base de datos...
2025-10-26 23:35:04 - main - INFO - [main.py:57] - Tablas creadas exitosamente
2025-10-26 23:35:17 - main - INFO - [main.py:52] - Iniciando la aplicación...
2025-10-26 23:35:17 - main - INFO - [main.py:55] - Creando tablas en la base de datos...
2025-10-26 23:35:17 - main - INFO - [main.py:57] - Tablas creadas exitosamente
2025-10-26 23:35:20 - main - INFO - [main.py:52] - Iniciando la aplicación...
2025-10-26 23:35:20 - main - INFO - [main.py:55] - Creando tablas en la base de datos...
2025-10-26 23:35:21 - main - INFO - [main.py:57] - Tablas creadas exitosamente
2025-10-26 23:36:36 - main - INFO - [main.py:52] - Iniciando la aplicación...
2025-10-26 23:36:36 - main - INFO - [main.py:55] - Creando tablas en la base de datos...
2025-10-26 23:36:37 - main - INFO - [main.py:57] - Tablas creadas exitosamente
2025-10-26 23:51:16 - main - INFO - [main.py:52] - Iniciando la aplicación...
2025-10-26 23:51:17 - main - INFO - [main.py:55] - Creando tablas en la base de datos...
2025-10-26 23:51:17 - main - INFO - [main.py:57] - Tablas creadas exitosamente
2025-10-26 23:51:24 - main - INFO - [main.py:52] - Iniciando la aplicación...
2025-10-26 23:51:24 - main - INFO - [main.py:55] - Creando tablas en la base de datos...
2025-10-26 23:51:24 - main - INFO - [main.py:57] - Tablas creadas exitosamente
2025-10-26 23:53:33 - main - INFO - [main.py:52] - Iniciando la aplicación...
2025-10-26 23:53:33 - main - INFO - [main.py:55] - Creando tablas en la base de datos...
2025-10-26 23:53:33 - main - INFO - [main.py:57] - Tablas creadas exitosamente
2025-10-26 23:59:24 - main - INFO - [main.py:52] - Iniciando la aplicación...
2025-10-26 23:59:24 - main - INFO - [main.py:55] - Creando tablas en la base de datos...
2025-10-26 23:59:24 - main - INFO - [main.py:57] - Tablas creadas exitosamente
2025-10-27 00:02:04 - main - INFO - [main.py:52] - Iniciando la aplicación...
2025-10-27 00:02:04 - main - INFO - [main.py:55] - Creando tablas en la base de datos...
2025-10-27 00:02:04 - main - INFO - [main.py:57] - Tablas creadas exitosamente
2025-10-27 00:05:33 - main - INFO - [main.py:60] - Iniciando la aplicación...
2025-10-27 00:05:33 - main - INFO - [main.py:63] - Creando tablas en la base de datos...
2025-10-27 00:05:33 - main - INFO - [main.py:65] - Tablas creadas exitosamente
2025-10-27 00:06:33 - main - INFO - [main.py:62] - Iniciando la aplicación...
2025-10-27 00:06:33 - main - INFO - [main.py:65] - Creando tablas en la base de datos...
2025-10-27 00:06:33 - main - INFO - [main.py:67] - Tablas creadas exitosamente
2025-10-27 00:14:23 - main - INFO - [main.py:62] - Iniciando la aplicación...
2025-10-27 00:14:23 - main - INFO - [main.py:65] - Creando tablas en la base de datos...
2025-10-27 00:14:23 - main - INFO - [main.py:67] - Tablas creadas exitosamente
2025-10-27 00:14:27 - main - INFO - [main.py:76] - Acceso a la ruta raíz de la API
2025-10-27 00:19:32 - main - INFO - [main.py:73] - Iniciando la aplicación...
2025-10-27 00:19:32 - main - INFO - [main.py:76] - Creando tablas en la base de datos...
2025-10-27 00:19:33 - main - INFO - [main.py:78] - Tablas creadas exitosamente
2025-10-27 00:19:42 - main - INFO - [main.py:73] - Iniciando la aplicación...
2025-10-27 00:19:42 - main - INFO - [main.py:76] - Creando tablas en la base de datos...
2025-10-27 00:19:42 - main - INFO - [main.py:78] - Tablas creadas exitosamente
2025-10-27 00:19:54 - main - INFO - [main.py:87] - Acceso a la ruta raíz de la API
2025-10-27 00:29:14 - main - INFO - [main.py:73] - Iniciando la aplicación...
2025-10-27 00:29:14 - main - INFO - [main.py:76] - Creando tablas en la base de datos...
2025-10-27 00:29:15 - main - INFO - [main.py:78] - Tablas creadas exitosamente
2025-10-27 00:29:27 - main - INFO - [main.py:87] - Acceso a la ruta raíz de la API
2025-10-27 00:31:21 - main - INFO - [main.py:73] - Iniciando la aplicación...
2025-10-27 00:31:21 - main - INFO - [main.py:76] - Creando tablas en la base de datos...
2025-10-27 00:31:21 - main - INFO - [main.py:78] - Tablas creadas exitosamente
2025-10-27 00:31:32 - main - INFO - [main.py:87] - Acceso a la ruta raíz de la API
