2025-10-26 22:00:52 - miembro_routes - INFO - [miembro_routes.py:51] - Buscando miembro con ID: 1
2025-10-26 22:00:52 - miembro_routes - INFO - [miembro_routes.py:69] - Miembro encontrado: darwin ejemplo 1
2025-10-26 22:51:01 - miembro_routes - INFO - [miembro_routes.py:51] - Buscando miembro con ID: 1
2025-10-26 22:51:01 - miembro_routes - INFO - [miembro_routes.py:69] - Miembro encontrado: darwin ejemplo 1
2025-10-26 23:20:04 - miembro_routes - INFO - [miembro_routes.py:51] - Buscando miembro con ID: 1
2025-10-26 23:20:04 - miembro_routes - INFO - [miembro_routes.py:69] - Miembro encontrado: darwin ejemplo 1
2025-10-26 23:53:33 - miembro_routes - INFO - [miembro_routes.py:64] - Solicitando lista de todos los miembros
2025-10-27 00:30:23 - miembro_routes - INFO - [miembro_routes.py:64] - Solicitando lista de todos los miembros
2025-10-27 20:06:41 - miembro_routes - INFO - [miembro_routes.py:64] - Solicitando lista de todos los miembros
2025-10-27 20:07:28 - miembro_routes - INFO - [miembro_routes.py:154] - Intentando actualizar miembro: 1
2025-10-27 20:07:28 - miembro_routes - ERROR - [miembro_routes.py:187] - Error al actualizar miembro: (pymysql.err.IntegrityError) (1452, 'Cannot add or update a child row: a foreign key constraint fails (`hometasks`.`miembros`, CONSTRAINT `miembros_ibfk_1` FOREIGN KEY (`id_rol`) REFERENCES `roles` (`id`) ON DELETE RESTRICT)')
[SQL: UPDATE miembros SET nombre_completo=%s, correo_electronico=%s, id_rol=%s, id_hogar=%s, fecha_actualizacion=now() WHERE miembros.id = %s]
[parameters: ('string', 'user@example.com', 0, 0, 1)]
(Background on this error at: https://sqlalche.me/e/20/gkpj)
2025-10-27 20:07:45 - miembro_routes - INFO - [miembro_routes.py:82] - Buscando miembro con ID: 1
2025-10-27 20:07:45 - miembro_routes - INFO - [miembro_routes.py:101] - Miembro encontrado: darwin ejemplo 1
2025-10-27 20:08:15 - miembro_routes - INFO - [miembro_routes.py:201] - Intentando eliminar miembro: 1
2025-10-27 20:08:15 - miembro_routes - INFO - [miembro_routes.py:222] - Miembro eliminado exitosamente: 1
2025-10-27 20:09:20 - miembro_routes - INFO - [miembro_routes.py:64] - Solicitando lista de todos los miembros
2025-11-03 18:44:04 - miembro_routes - INFO - [miembro_routes.py:64] - Solicitando lista de todos los miembros
2025-11-03 18:59:19 - miembro_routes - INFO - [miembro_routes.py:82] - Buscando miembro con ID: 4
2025-11-03 18:59:19 - miembro_routes - INFO - [miembro_routes.py:101] - Miembro encontrado: ejemplo 4
2025-11-05 23:06:20 - miembro_routes - INFO - [miembro_routes.py:41] - Intentando crear miembro: Nuevo Miembro (nuevo@example.com)
2025-11-05 23:06:20 - miembro_routes - WARNING - [miembro_routes.py:48] - Error de validación al crear miembro: El correo electrónico ya está registrado
2025-11-05 23:06:20 - miembro_routes - INFO - [miembro_routes.py:64] - Solicitando lista de todos los miembros
2025-11-05 23:06:20 - miembro_routes - INFO - [miembro_routes.py:82] - Buscando miembro con ID: 1
2025-11-05 23:06:21 - miembro_routes - INFO - [miembro_routes.py:101] - Miembro encontrado: Test User
2025-11-05 23:06:21 - miembro_routes - INFO - [miembro_routes.py:82] - Buscando miembro con ID: 999
2025-11-05 23:06:21 - miembro_routes - WARNING - [miembro_routes.py:86] - Miembro no encontrado con ID: 999
2025-11-05 23:06:21 - miembro_routes - INFO - [miembro_routes.py:130] - Listando miembros activos para el hogar ID: 1
2025-11-05 23:06:21 - miembro_routes - INFO - [miembro_routes.py:132] - Se encontraron 3 miembros activos en el hogar 1
2025-11-05 23:06:21 - miembro_routes - INFO - [miembro_routes.py:154] - Intentando actualizar miembro: 1
2025-11-05 23:06:21 - miembro_routes - INFO - [miembro_routes.py:179] - Miembro actualizado exitosamente: 1
2025-11-05 23:11:24 - miembro_routes - INFO - [miembro_routes.py:41] - Intentando crear miembro: Nuevo Miembro (nuevo_e6a7fec0@example.com)
2025-11-05 23:11:24 - miembro_routes - INFO - [miembro_routes.py:45] - Miembro creado exitosamente: Nuevo Miembro
2025-11-05 23:11:24 - miembro_routes - INFO - [miembro_routes.py:64] - Solicitando lista de todos los miembros
2025-11-05 23:11:25 - miembro_routes - INFO - [miembro_routes.py:82] - Buscando miembro con ID: 1
2025-11-05 23:11:25 - miembro_routes - INFO - [miembro_routes.py:101] - Miembro encontrado: Test User
2025-11-05 23:11:25 - miembro_routes - INFO - [miembro_routes.py:82] - Buscando miembro con ID: 999
2025-11-05 23:11:25 - miembro_routes - WARNING - [miembro_routes.py:86] - Miembro no encontrado con ID: 999
2025-11-05 23:11:25 - miembro_routes - INFO - [miembro_routes.py:130] - Listando miembros activos para el hogar ID: 1
2025-11-05 23:11:25 - miembro_routes - INFO - [miembro_routes.py:132] - Se encontraron 8 miembros activos en el hogar 1
2025-11-05 23:11:25 - miembro_routes - INFO - [miembro_routes.py:154] - Intentando actualizar miembro: 1
2025-11-05 23:11:25 - miembro_routes - INFO - [miembro_routes.py:179] - Miembro actualizado exitosamente: 1
2025-11-05 23:18:51 - miembro_routes - INFO - [miembro_routes.py:41] - Intentando crear miembro: Nuevo Miembro (nuevo_8027a77d@example.com)
2025-11-05 23:18:51 - miembro_routes - INFO - [miembro_routes.py:45] - Miembro creado exitosamente: Nuevo Miembro
2025-11-05 23:18:52 - miembro_routes - INFO - [miembro_routes.py:64] - Solicitando lista de todos los miembros
2025-11-05 23:18:52 - miembro_routes - INFO - [miembro_routes.py:82] - Buscando miembro con ID: 1
2025-11-05 23:18:52 - miembro_routes - INFO - [miembro_routes.py:101] - Miembro encontrado: Test User
2025-11-05 23:18:52 - miembro_routes - INFO - [miembro_routes.py:82] - Buscando miembro con ID: 999
2025-11-05 23:18:52 - miembro_routes - WARNING - [miembro_routes.py:86] - Miembro no encontrado con ID: 999
2025-11-05 23:18:52 - miembro_routes - INFO - [miembro_routes.py:130] - Listando miembros activos para el hogar ID: 1
2025-11-05 23:18:52 - miembro_routes - INFO - [miembro_routes.py:132] - Se encontraron 8 miembros activos en el hogar 1
2025-11-05 23:18:52 - miembro_routes - INFO - [miembro_routes.py:154] - Intentando actualizar miembro: 1
2025-11-05 23:18:52 - miembro_routes - INFO - [miembro_routes.py:179] - Miembro actualizado exitosamente: 1
2025-11-06 00:43:56 - miembro_routes - INFO - [miembro_routes.py:41] - Intentando crear miembro: Nuevo Miembro (nuevo_85a0c41c@example.com)
2025-11-06 00:43:57 - miembro_routes - INFO - [miembro_routes.py:45] - Miembro creado exitosamente: Nuevo Miembro
2025-11-06 00:43:57 - miembro_routes - INFO - [miembro_routes.py:64] - Solicitando lista de todos los miembros
2025-11-06 00:43:58 - miembro_routes - INFO - [miembro_routes.py:82] - Buscando miembro con ID: 1
2025-11-06 00:43:58 - miembro_routes - INFO - [miembro_routes.py:101] - Miembro encontrado: Test User
2025-11-06 00:43:59 - miembro_routes - INFO - [miembro_routes.py:82] - Buscando miembro con ID: 999
2025-11-06 00:43:59 - miembro_routes - WARNING - [miembro_routes.py:86] - Miembro no encontrado con ID: 999
2025-11-06 00:43:59 - miembro_routes - INFO - [miembro_routes.py:130] - Listando miembros activos para el hogar ID: 1
2025-11-06 00:43:59 - miembro_routes - INFO - [miembro_routes.py:132] - Se encontraron 1 miembros activos en el hogar 1
2025-11-06 00:44:00 - miembro_routes - INFO - [miembro_routes.py:154] - Intentando actualizar miembro: 1
2025-11-06 00:44:00 - miembro_routes - INFO - [miembro_routes.py:179] - Miembro actualizado exitosamente: 1
2025-11-06 00:44:00 - miembro_routes - INFO - [miembro_routes.py:154] - Intentando actualizar miembro: 999
2025-11-06 00:44:00 - miembro_routes - WARNING - [miembro_routes.py:158] - Miembro no encontrado para actualizar: 999
2025-11-06 00:44:01 - miembro_routes - INFO - [miembro_routes.py:41] - Intentando crear miembro: Miembro a Eliminar (eliminar_e28461e2@example.com)
2025-11-06 00:44:01 - miembro_routes - INFO - [miembro_routes.py:45] - Miembro creado exitosamente: Miembro a Eliminar
2025-11-06 00:44:01 - miembro_routes - INFO - [miembro_routes.py:201] - Intentando eliminar miembro: 2
2025-11-06 00:44:01 - miembro_routes - INFO - [miembro_routes.py:222] - Miembro eliminado exitosamente: 2
2025-11-06 00:44:02 - miembro_routes - INFO - [miembro_routes.py:255] - Solicitando cantidad de miembros para el hogar: 1
2025-11-06 00:44:02 - miembro_routes - INFO - [miembro_routes.py:273] - Solicitando miembros con rol: 1
2025-11-06 00:44:03 - miembro_routes - INFO - [miembro_routes.py:41] - Intentando crear miembro: Primer Miembro (duplicado_45a84183@example.com)
2025-11-06 00:44:03 - miembro_routes - INFO - [miembro_routes.py:45] - Miembro creado exitosamente: Primer Miembro
2025-11-06 00:44:03 - miembro_routes - INFO - [miembro_routes.py:41] - Intentando crear miembro: Otro Miembro (duplicado_45a84183@example.com)
2025-11-06 00:44:03 - miembro_routes - WARNING - [miembro_routes.py:48] - Error de validación al crear miembro: El correo electrónico ya está registrado
2025-11-06 00:44:04 - miembro_routes - INFO - [miembro_routes.py:41] - Intentando crear miembro: Miembro Otro Hogar (otrohogar_f9a527c2@example.com)
2025-11-06 00:44:04 - miembro_routes - INFO - [miembro_routes.py:45] - Miembro creado exitosamente: Miembro Otro Hogar
2025-11-06 05:53:23 - miembro_routes - INFO - [miembro_routes.py:41] - Intentando crear miembro: Nuevo Miembro (nuevo_0f1856cf@example.com)
2025-11-06 05:53:24 - miembro_routes - INFO - [miembro_routes.py:45] - Miembro creado exitosamente: Nuevo Miembro
2025-11-06 05:53:25 - miembro_routes - INFO - [miembro_routes.py:64] - Solicitando lista de todos los miembros
2025-11-06 05:53:25 - miembro_routes - INFO - [miembro_routes.py:82] - Buscando miembro con ID: 1
2025-11-06 05:53:25 - miembro_routes - INFO - [miembro_routes.py:101] - Miembro encontrado: Test User
2025-11-06 05:53:26 - miembro_routes - INFO - [miembro_routes.py:82] - Buscando miembro con ID: 999
2025-11-06 05:53:26 - miembro_routes - WARNING - [miembro_routes.py:86] - Miembro no encontrado con ID: 999
2025-11-06 05:53:26 - miembro_routes - INFO - [miembro_routes.py:130] - Listando miembros activos para el hogar ID: 1
2025-11-06 05:53:26 - miembro_routes - INFO - [miembro_routes.py:132] - Se encontraron 1 miembros activos en el hogar 1
2025-11-06 05:53:27 - miembro_routes - INFO - [miembro_routes.py:154] - Intentando actualizar miembro: 1
2025-11-06 05:53:27 - miembro_routes - INFO - [miembro_routes.py:179] - Miembro actualizado exitosamente: 1
2025-11-06 05:53:28 - miembro_routes - INFO - [miembro_routes.py:154] - Intentando actualizar miembro: 999
2025-11-06 05:53:28 - miembro_routes - WARNING - [miembro_routes.py:158] - Miembro no encontrado para actualizar: 999
2025-11-06 05:53:29 - miembro_routes - INFO - [miembro_routes.py:41] - Intentando crear miembro: Miembro a Eliminar (eliminar_41562528@example.com)
2025-11-06 05:53:29 - miembro_routes - INFO - [miembro_routes.py:45] - Miembro creado exitosamente: Miembro a Eliminar
2025-11-06 05:53:29 - miembro_routes - INFO - [miembro_routes.py:201] - Intentando eliminar miembro: 2
2025-11-06 05:53:29 - miembro_routes - INFO - [miembro_routes.py:222] - Miembro eliminado exitosamente: 2
2025-11-06 05:53:31 - miembro_routes - INFO - [miembro_routes.py:255] - Solicitando cantidad de miembros para el hogar: 1
2025-11-06 05:53:32 - miembro_routes - INFO - [miembro_routes.py:273] - Solicitando miembros con rol: 1
2025-11-06 05:53:32 - miembro_routes - INFO - [miembro_routes.py:41] - Intentando crear miembro: Primer Miembro (duplicado_b037ea92@example.com)
2025-11-06 05:53:33 - miembro_routes - INFO - [miembro_routes.py:45] - Miembro creado exitosamente: Primer Miembro
2025-11-06 05:53:33 - miembro_routes - INFO - [miembro_routes.py:41] - Intentando crear miembro: Otro Miembro (duplicado_b037ea92@example.com)
2025-11-06 05:53:33 - miembro_routes - WARNING - [miembro_routes.py:48] - Error de validación al crear miembro: El correo electrónico ya está registrado
2025-11-06 05:53:34 - miembro_routes - INFO - [miembro_routes.py:41] - Intentando crear miembro: Miembro Otro Hogar (otrohogar_9cad86d8@example.com)
2025-11-06 05:53:34 - miembro_routes - INFO - [miembro_routes.py:45] - Miembro creado exitosamente: Miembro Otro Hogar
2025-11-06 06:36:32 - miembro_routes - INFO - [miembro_routes.py:41] - Intentando crear miembro: Nuevo Miembro (nuevo_59a5b9f5@example.com)
2025-11-06 06:36:33 - miembro_routes - INFO - [miembro_routes.py:45] - Miembro creado exitosamente: Nuevo Miembro
2025-11-06 06:36:34 - miembro_routes - INFO - [miembro_routes.py:64] - Solicitando lista de todos los miembros
2025-11-06 06:36:34 - miembro_routes - INFO - [miembro_routes.py:82] - Buscando miembro con ID: 1
2025-11-06 06:36:34 - miembro_routes - INFO - [miembro_routes.py:101] - Miembro encontrado: Test User
2025-11-06 06:36:34 - miembro_routes - INFO - [miembro_routes.py:82] - Buscando miembro con ID: 999
2025-11-06 06:36:34 - miembro_routes - WARNING - [miembro_routes.py:86] - Miembro no encontrado con ID: 999
2025-11-06 06:36:35 - miembro_routes - INFO - [miembro_routes.py:130] - Listando miembros activos para el hogar ID: 1
2025-11-06 06:36:35 - miembro_routes - INFO - [miembro_routes.py:132] - Se encontraron 1 miembros activos en el hogar 1
2025-11-06 06:36:35 - miembro_routes - INFO - [miembro_routes.py:154] - Intentando actualizar miembro: 1
2025-11-06 06:36:35 - miembro_routes - INFO - [miembro_routes.py:179] - Miembro actualizado exitosamente: 1
2025-11-06 06:36:36 - miembro_routes - INFO - [miembro_routes.py:154] - Intentando actualizar miembro: 999
2025-11-06 06:36:36 - miembro_routes - WARNING - [miembro_routes.py:158] - Miembro no encontrado para actualizar: 999
2025-11-06 06:36:36 - miembro_routes - INFO - [miembro_routes.py:41] - Intentando crear miembro: Miembro a Eliminar (eliminar_ec9aab16@example.com)
2025-11-06 06:36:37 - miembro_routes - INFO - [miembro_routes.py:45] - Miembro creado exitosamente: Miembro a Eliminar
2025-11-06 06:36:37 - miembro_routes - INFO - [miembro_routes.py:201] - Intentando eliminar miembro: 2
2025-11-06 06:36:37 - miembro_routes - INFO - [miembro_routes.py:222] - Miembro eliminado exitosamente: 2
2025-11-06 06:36:37 - miembro_routes - INFO - [miembro_routes.py:255] - Solicitando cantidad de miembros para el hogar: 1
2025-11-06 06:36:38 - miembro_routes - INFO - [miembro_routes.py:273] - Solicitando miembros con rol: 1
2025-11-06 06:36:38 - miembro_routes - INFO - [miembro_routes.py:41] - Intentando crear miembro: Primer Miembro (duplicado_b35541e4@example.com)
2025-11-06 06:36:38 - miembro_routes - INFO - [miembro_routes.py:45] - Miembro creado exitosamente: Primer Miembro
2025-11-06 06:36:38 - miembro_routes - INFO - [miembro_routes.py:41] - Intentando crear miembro: Otro Miembro (duplicado_b35541e4@example.com)
2025-11-06 06:36:38 - miembro_routes - WARNING - [miembro_routes.py:48] - Error de validación al crear miembro: El correo electrónico ya está registrado
2025-11-06 06:36:39 - miembro_routes - INFO - [miembro_routes.py:41] - Intentando crear miembro: Miembro Otro Hogar (otrohogar_caff2c33@example.com)
2025-11-06 06:36:39 - miembro_routes - INFO - [miembro_routes.py:45] - Miembro creado exitosamente: Miembro Otro Hogar
2025-11-06 06:41:20 - miembro_routes - INFO - [miembro_routes.py:41] - Intentando crear miembro: Nuevo Miembro (nuevo_8372edf7@example.com)
2025-11-06 06:41:20 - miembro_routes - INFO - [miembro_routes.py:45] - Miembro creado exitosamente: Nuevo Miembro
2025-11-06 06:41:21 - miembro_routes - INFO - [miembro_routes.py:64] - Solicitando lista de todos los miembros
2025-11-06 06:41:22 - miembro_routes - INFO - [miembro_routes.py:82] - Buscando miembro con ID: 1
2025-11-06 06:41:22 - miembro_routes - INFO - [miembro_routes.py:101] - Miembro encontrado: Test User
2025-11-06 06:41:22 - miembro_routes - INFO - [miembro_routes.py:82] - Buscando miembro con ID: 999
2025-11-06 06:41:22 - miembro_routes - WARNING - [miembro_routes.py:86] - Miembro no encontrado con ID: 999
2025-11-06 06:41:23 - miembro_routes - INFO - [miembro_routes.py:130] - Listando miembros activos para el hogar ID: 1
2025-11-06 06:41:23 - miembro_routes - INFO - [miembro_routes.py:132] - Se encontraron 1 miembros activos en el hogar 1
2025-11-06 06:41:23 - miembro_routes - INFO - [miembro_routes.py:154] - Intentando actualizar miembro: 1
2025-11-06 06:41:23 - miembro_routes - INFO - [miembro_routes.py:179] - Miembro actualizado exitosamente: 1
2025-11-06 06:41:24 - miembro_routes - INFO - [miembro_routes.py:154] - Intentando actualizar miembro: 999
2025-11-06 06:41:24 - miembro_routes - WARNING - [miembro_routes.py:158] - Miembro no encontrado para actualizar: 999
2025-11-06 06:41:24 - miembro_routes - INFO - [miembro_routes.py:41] - Intentando crear miembro: Miembro a Eliminar (eliminar_29ceffbe@example.com)
2025-11-06 06:41:24 - miembro_routes - INFO - [miembro_routes.py:45] - Miembro creado exitosamente: Miembro a Eliminar
2025-11-06 06:41:24 - miembro_routes - INFO - [miembro_routes.py:201] - Intentando eliminar miembro: 2
2025-11-06 06:41:25 - miembro_routes - INFO - [miembro_routes.py:222] - Miembro eliminado exitosamente: 2
2025-11-06 06:41:25 - miembro_routes - INFO - [miembro_routes.py:255] - Solicitando cantidad de miembros para el hogar: 1
2025-11-06 06:41:25 - miembro_routes - INFO - [miembro_routes.py:273] - Solicitando miembros con rol: 1
2025-11-06 06:41:26 - miembro_routes - INFO - [miembro_routes.py:41] - Intentando crear miembro: Primer Miembro (duplicado_24cc06d2@example.com)
2025-11-06 06:41:26 - miembro_routes - INFO - [miembro_routes.py:45] - Miembro creado exitosamente: Primer Miembro
2025-11-06 06:41:26 - miembro_routes - INFO - [miembro_routes.py:41] - Intentando crear miembro: Otro Miembro (duplicado_24cc06d2@example.com)
2025-11-06 06:41:26 - miembro_routes - WARNING - [miembro_routes.py:48] - Error de validación al crear miembro: El correo electrónico ya está registrado
2025-11-06 06:41:27 - miembro_routes - INFO - [miembro_routes.py:41] - Intentando crear miembro: Miembro Otro Hogar (otrohogar_8b236eab@example.com)
2025-11-06 06:41:27 - miembro_routes - INFO - [miembro_routes.py:45] - Miembro creado exitosamente: Miembro Otro Hogar
2025-11-06 16:10:24 - miembro_routes - INFO - [miembro_routes.py:41] - Intentando crear miembro: Nuevo Miembro (nuevo_4218bfa5@example.com)
2025-11-06 16:10:25 - miembro_routes - INFO - [miembro_routes.py:45] - Miembro creado exitosamente: Nuevo Miembro
2025-11-06 16:10:26 - miembro_routes - INFO - [miembro_routes.py:64] - Solicitando lista de todos los miembros
2025-11-06 16:10:26 - miembro_routes - INFO - [miembro_routes.py:82] - Buscando miembro con ID: 1
2025-11-06 16:10:26 - miembro_routes - INFO - [miembro_routes.py:101] - Miembro encontrado: Test User
2025-11-06 16:10:27 - miembro_routes - INFO - [miembro_routes.py:82] - Buscando miembro con ID: 999
2025-11-06 16:10:27 - miembro_routes - WARNING - [miembro_routes.py:86] - Miembro no encontrado con ID: 999
2025-11-06 16:10:27 - miembro_routes - INFO - [miembro_routes.py:130] - Listando miembros activos para el hogar ID: 1
2025-11-06 16:10:27 - miembro_routes - INFO - [miembro_routes.py:132] - Se encontraron 1 miembros activos en el hogar 1
2025-11-06 16:10:28 - miembro_routes - INFO - [miembro_routes.py:154] - Intentando actualizar miembro: 1
2025-11-06 16:10:28 - miembro_routes - INFO - [miembro_routes.py:179] - Miembro actualizado exitosamente: 1
2025-11-06 16:10:28 - miembro_routes - INFO - [miembro_routes.py:154] - Intentando actualizar miembro: 999
2025-11-06 16:10:28 - miembro_routes - WARNING - [miembro_routes.py:158] - Miembro no encontrado para actualizar: 999
2025-11-06 16:10:29 - miembro_routes - INFO - [miembro_routes.py:41] - Intentando crear miembro: Miembro a Eliminar (eliminar_6d8288d9@example.com)
2025-11-06 16:10:29 - miembro_routes - INFO - [miembro_routes.py:45] - Miembro creado exitosamente: Miembro a Eliminar
2025-11-06 16:10:29 - miembro_routes - INFO - [miembro_routes.py:201] - Intentando eliminar miembro: 2
2025-11-06 16:10:29 - miembro_routes - INFO - [miembro_routes.py:222] - Miembro eliminado exitosamente: 2
2025-11-06 16:10:30 - miembro_routes - INFO - [miembro_routes.py:255] - Solicitando cantidad de miembros para el hogar: 1
2025-11-06 16:10:30 - miembro_routes - INFO - [miembro_routes.py:273] - Solicitando miembros con rol: 1
2025-11-06 16:10:31 - miembro_routes - INFO - [miembro_routes.py:41] - Intentando crear miembro: Primer Miembro (duplicado_fb863ae4@example.com)
2025-11-06 16:10:31 - miembro_routes - INFO - [miembro_routes.py:45] - Miembro creado exitosamente: Primer Miembro
2025-11-06 16:10:31 - miembro_routes - INFO - [miembro_routes.py:41] - Intentando crear miembro: Otro Miembro (duplicado_fb863ae4@example.com)
2025-11-06 16:10:31 - miembro_routes - WARNING - [miembro_routes.py:48] - Error de validación al crear miembro: El correo electrónico ya está registrado
2025-11-06 16:10:32 - miembro_routes - INFO - [miembro_routes.py:41] - Intentando crear miembro: Miembro Otro Hogar (otrohogar_7d4b486e@example.com)
2025-11-06 16:10:32 - miembro_routes - INFO - [miembro_routes.py:45] - Miembro creado exitosamente: Miembro Otro Hogar
2025-11-06 16:24:51 - miembro_routes - INFO - [miembro_routes.py:41] - Intentando crear miembro: Nuevo Miembro (nuevo_400d77bc@example.com)
2025-11-06 16:24:51 - miembro_routes - INFO - [miembro_routes.py:45] - Miembro creado exitosamente: Nuevo Miembro
2025-11-06 16:24:52 - miembro_routes - INFO - [miembro_routes.py:64] - Solicitando lista de todos los miembros
2025-11-06 16:24:53 - miembro_routes - INFO - [miembro_routes.py:82] - Buscando miembro con ID: 1
2025-11-06 16:24:53 - miembro_routes - INFO - [miembro_routes.py:101] - Miembro encontrado: Test User
2025-11-06 16:24:53 - miembro_routes - INFO - [miembro_routes.py:82] - Buscando miembro con ID: 999
2025-11-06 16:24:53 - miembro_routes - WARNING - [miembro_routes.py:86] - Miembro no encontrado con ID: 999
2025-11-06 16:24:54 - miembro_routes - INFO - [miembro_routes.py:130] - Listando miembros activos para el hogar ID: 1
2025-11-06 16:24:54 - miembro_routes - INFO - [miembro_routes.py:132] - Se encontraron 1 miembros activos en el hogar 1
2025-11-06 16:24:55 - miembro_routes - INFO - [miembro_routes.py:154] - Intentando actualizar miembro: 1
2025-11-06 16:24:55 - miembro_routes - INFO - [miembro_routes.py:179] - Miembro actualizado exitosamente: 1
2025-11-06 16:24:55 - miembro_routes - INFO - [miembro_routes.py:154] - Intentando actualizar miembro: 999
2025-11-06 16:24:55 - miembro_routes - WARNING - [miembro_routes.py:158] - Miembro no encontrado para actualizar: 999
2025-11-06 16:24:56 - miembro_routes - INFO - [miembro_routes.py:41] - Intentando crear miembro: Miembro a Eliminar (eliminar_272a0d97@example.com)
2025-11-06 16:24:56 - miembro_routes - INFO - [miembro_routes.py:45] - Miembro creado exitosamente: Miembro a Eliminar
2025-11-06 16:24:56 - miembro_routes - INFO - [miembro_routes.py:201] - Intentando eliminar miembro: 2
2025-11-06 16:24:56 - miembro_routes - INFO - [miembro_routes.py:222] - Miembro eliminado exitosamente: 2
2025-11-06 16:24:56 - miembro_routes - INFO - [miembro_routes.py:255] - Solicitando cantidad de miembros para el hogar: 1
2025-11-06 16:24:57 - miembro_routes - INFO - [miembro_routes.py:273] - Solicitando miembros con rol: 1
2025-11-06 16:24:58 - miembro_routes - INFO - [miembro_routes.py:41] - Intentando crear miembro: Primer Miembro (duplicado_a1ffe834@example.com)
2025-11-06 16:24:58 - miembro_routes - INFO - [miembro_routes.py:45] - Miembro creado exitosamente: Primer Miembro
2025-11-06 16:24:58 - miembro_routes - INFO - [miembro_routes.py:41] - Intentando crear miembro: Otro Miembro (duplicado_a1ffe834@example.com)
2025-11-06 16:24:58 - miembro_routes - WARNING - [miembro_routes.py:48] - Error de validación al crear miembro: El correo electrónico ya está registrado
2025-11-06 16:24:58 - miembro_routes - INFO - [miembro_routes.py:41] - Intentando crear miembro: Miembro Otro Hogar (otrohogar_bd553842@example.com)
2025-11-06 16:24:59 - miembro_routes - INFO - [miembro_routes.py:45] - Miembro creado exitosamente: Miembro Otro Hogar
2025-11-06 17:39:45 - miembro_routes - INFO - [miembro_routes.py:41] - Intentando crear miembro: Nuevo Miembro (nuevo_014f0e5b@example.com)
2025-11-06 17:39:45 - miembro_routes - INFO - [miembro_routes.py:45] - Miembro creado exitosamente: Nuevo Miembro
2025-11-06 17:39:46 - miembro_routes - INFO - [miembro_routes.py:64] - Solicitando lista de todos los miembros
2025-11-06 17:39:47 - miembro_routes - INFO - [miembro_routes.py:82] - Buscando miembro con ID: 1
2025-11-06 17:39:47 - miembro_routes - INFO - [miembro_routes.py:101] - Miembro encontrado: Test User
2025-11-06 17:39:47 - miembro_routes - INFO - [miembro_routes.py:82] - Buscando miembro con ID: 999
2025-11-06 17:39:47 - miembro_routes - WARNING - [miembro_routes.py:86] - Miembro no encontrado con ID: 999
2025-11-06 17:39:48 - miembro_routes - INFO - [miembro_routes.py:130] - Listando miembros activos para el hogar ID: 1
2025-11-06 17:39:48 - miembro_routes - INFO - [miembro_routes.py:132] - Se encontraron 1 miembros activos en el hogar 1
2025-11-06 17:39:48 - miembro_routes - INFO - [miembro_routes.py:154] - Intentando actualizar miembro: 1
2025-11-06 17:39:48 - miembro_routes - INFO - [miembro_routes.py:179] - Miembro actualizado exitosamente: 1
2025-11-06 17:39:49 - miembro_routes - INFO - [miembro_routes.py:154] - Intentando actualizar miembro: 999
2025-11-06 17:39:49 - miembro_routes - WARNING - [miembro_routes.py:158] - Miembro no encontrado para actualizar: 999
2025-11-06 17:39:49 - miembro_routes - INFO - [miembro_routes.py:41] - Intentando crear miembro: Miembro a Eliminar (eliminar_3fa0ca9d@example.com)
2025-11-06 17:39:50 - miembro_routes - INFO - [miembro_routes.py:45] - Miembro creado exitosamente: Miembro a Eliminar
2025-11-06 17:39:50 - miembro_routes - INFO - [miembro_routes.py:201] - Intentando eliminar miembro: 2
2025-11-06 17:39:50 - miembro_routes - INFO - [miembro_routes.py:222] - Miembro eliminado exitosamente: 2
2025-11-06 17:39:50 - miembro_routes - INFO - [miembro_routes.py:255] - Solicitando cantidad de miembros para el hogar: 1
2025-11-06 17:39:51 - miembro_routes - INFO - [miembro_routes.py:273] - Solicitando miembros con rol: 1
2025-11-06 17:39:51 - miembro_routes - INFO - [miembro_routes.py:41] - Intentando crear miembro: Primer Miembro (duplicado_d7f1ced4@example.com)
2025-11-06 17:39:51 - miembro_routes - INFO - [miembro_routes.py:45] - Miembro creado exitosamente: Primer Miembro
2025-11-06 17:39:51 - miembro_routes - INFO - [miembro_routes.py:41] - Intentando crear miembro: Otro Miembro (duplicado_d7f1ced4@example.com)
2025-11-06 17:39:51 - miembro_routes - WARNING - [miembro_routes.py:48] - Error de validación al crear miembro: El correo electrónico ya está registrado
2025-11-06 17:39:52 - miembro_routes - INFO - [miembro_routes.py:41] - Intentando crear miembro: Miembro Otro Hogar (otrohogar_62008e8a@example.com)
2025-11-06 17:39:52 - miembro_routes - INFO - [miembro_routes.py:45] - Miembro creado exitosamente: Miembro Otro Hogar
2025-11-06 17:49:34 - miembro_routes - INFO - [miembro_routes.py:41] - Intentando crear miembro: Nuevo Miembro (nuevo_10b80c81@example.com)
2025-11-06 17:49:35 - miembro_routes - INFO - [miembro_routes.py:45] - Miembro creado exitosamente: Nuevo Miembro
2025-11-06 17:49:36 - miembro_routes - INFO - [miembro_routes.py:64] - Solicitando lista de todos los miembros
2025-11-06 17:49:36 - miembro_routes - INFO - [miembro_routes.py:82] - Buscando miembro con ID: 1
2025-11-06 17:49:36 - miembro_routes - INFO - [miembro_routes.py:101] - Miembro encontrado: Test User
2025-11-06 17:49:37 - miembro_routes - INFO - [miembro_routes.py:82] - Buscando miembro con ID: 999
2025-11-06 17:49:37 - miembro_routes - WARNING - [miembro_routes.py:86] - Miembro no encontrado con ID: 999
2025-11-06 17:49:38 - miembro_routes - INFO - [miembro_routes.py:130] - Listando miembros activos para el hogar ID: 1
2025-11-06 17:49:38 - miembro_routes - INFO - [miembro_routes.py:132] - Se encontraron 1 miembros activos en el hogar 1
2025-11-06 17:49:38 - miembro_routes - INFO - [miembro_routes.py:154] - Intentando actualizar miembro: 1
2025-11-06 17:49:38 - miembro_routes - INFO - [miembro_routes.py:179] - Miembro actualizado exitosamente: 1
2025-11-06 17:49:39 - miembro_routes - INFO - [miembro_routes.py:154] - Intentando actualizar miembro: 999
2025-11-06 17:49:39 - miembro_routes - WARNING - [miembro_routes.py:158] - Miembro no encontrado para actualizar: 999
2025-11-06 17:49:39 - miembro_routes - INFO - [miembro_routes.py:41] - Intentando crear miembro: Miembro a Eliminar (eliminar_650d0b2b@example.com)
2025-11-06 17:49:39 - miembro_routes - INFO - [miembro_routes.py:45] - Miembro creado exitosamente: Miembro a Eliminar
2025-11-06 17:49:39 - miembro_routes - INFO - [miembro_routes.py:201] - Intentando eliminar miembro: 2
2025-11-06 17:49:39 - miembro_routes - INFO - [miembro_routes.py:222] - Miembro eliminado exitosamente: 2
2025-11-06 17:49:40 - miembro_routes - INFO - [miembro_routes.py:255] - Solicitando cantidad de miembros para el hogar: 1
2025-11-06 17:49:40 - miembro_routes - INFO - [miembro_routes.py:273] - Solicitando miembros con rol: 1
2025-11-06 17:49:41 - miembro_routes - INFO - [miembro_routes.py:41] - Intentando crear miembro: Primer Miembro (duplicado_118e98e9@example.com)
2025-11-06 17:49:41 - miembro_routes - INFO - [miembro_routes.py:45] - Miembro creado exitosamente: Primer Miembro
2025-11-06 17:49:41 - miembro_routes - INFO - [miembro_routes.py:41] - Intentando crear miembro: Otro Miembro (duplicado_118e98e9@example.com)
2025-11-06 17:49:41 - miembro_routes - WARNING - [miembro_routes.py:48] - Error de validación al crear miembro: El correo electrónico ya está registrado
2025-11-06 17:49:42 - miembro_routes - INFO - [miembro_routes.py:41] - Intentando crear miembro: Miembro Otro Hogar (otrohogar_66be1eca@example.com)
2025-11-06 17:49:42 - miembro_routes - INFO - [miembro_routes.py:45] - Miembro creado exitosamente: Miembro Otro Hogar
2025-11-06 17:55:03 - miembro_routes - INFO - [miembro_routes.py:41] - Intentando crear miembro: Nuevo Miembro (nuevo_12aa2cd3@example.com)
2025-11-06 17:55:03 - miembro_routes - INFO - [miembro_routes.py:45] - Miembro creado exitosamente: Nuevo Miembro
2025-11-06 17:55:04 - miembro_routes - INFO - [miembro_routes.py:64] - Solicitando lista de todos los miembros
2025-11-06 17:55:05 - miembro_routes - INFO - [miembro_routes.py:82] - Buscando miembro con ID: 1
2025-11-06 17:55:05 - miembro_routes - INFO - [miembro_routes.py:101] - Miembro encontrado: Test User
2025-11-06 17:55:05 - miembro_routes - INFO - [miembro_routes.py:82] - Buscando miembro con ID: 999
2025-11-06 17:55:05 - miembro_routes - WARNING - [miembro_routes.py:86] - Miembro no encontrado con ID: 999
2025-11-06 17:55:06 - miembro_routes - INFO - [miembro_routes.py:130] - Listando miembros activos para el hogar ID: 1
2025-11-06 17:55:06 - miembro_routes - INFO - [miembro_routes.py:132] - Se encontraron 1 miembros activos en el hogar 1
2025-11-06 17:55:07 - miembro_routes - INFO - [miembro_routes.py:154] - Intentando actualizar miembro: 1
2025-11-06 17:55:07 - miembro_routes - INFO - [miembro_routes.py:179] - Miembro actualizado exitosamente: 1
2025-11-06 17:55:07 - miembro_routes - INFO - [miembro_routes.py:154] - Intentando actualizar miembro: 999
2025-11-06 17:55:07 - miembro_routes - WARNING - [miembro_routes.py:158] - Miembro no encontrado para actualizar: 999
2025-11-06 17:55:08 - miembro_routes - INFO - [miembro_routes.py:41] - Intentando crear miembro: Miembro a Eliminar (eliminar_49446d88@example.com)
2025-11-06 17:55:08 - miembro_routes - INFO - [miembro_routes.py:45] - Miembro creado exitosamente: Miembro a Eliminar
2025-11-06 17:55:08 - miembro_routes - INFO - [miembro_routes.py:201] - Intentando eliminar miembro: 2
2025-11-06 17:55:08 - miembro_routes - INFO - [miembro_routes.py:222] - Miembro eliminado exitosamente: 2
2025-11-06 17:55:09 - miembro_routes - INFO - [miembro_routes.py:255] - Solicitando cantidad de miembros para el hogar: 1
2025-11-06 17:55:09 - miembro_routes - INFO - [miembro_routes.py:273] - Solicitando miembros con rol: 1
2025-11-06 17:55:10 - miembro_routes - INFO - [miembro_routes.py:41] - Intentando crear miembro: Primer Miembro (duplicado_48cf93d4@example.com)
2025-11-06 17:55:10 - miembro_routes - INFO - [miembro_routes.py:45] - Miembro creado exitosamente: Primer Miembro
2025-11-06 17:55:10 - miembro_routes - INFO - [miembro_routes.py:41] - Intentando crear miembro: Otro Miembro (duplicado_48cf93d4@example.com)
2025-11-06 17:55:10 - miembro_routes - WARNING - [miembro_routes.py:48] - Error de validación al crear miembro: El correo electrónico ya está registrado
2025-11-06 17:55:11 - miembro_routes - INFO - [miembro_routes.py:41] - Intentando crear miembro: Miembro Otro Hogar (otrohogar_5238993c@example.com)
2025-11-06 17:55:11 - miembro_routes - INFO - [miembro_routes.py:45] - Miembro creado exitosamente: Miembro Otro Hogar
2025-11-07 17:48:34 - miembro_routes - INFO - [miembro_routes.py:41] - Intentando crear miembro: Nuevo Miembro (nuevo_db4170cd@example.com)
2025-11-07 17:48:34 - miembro_routes - INFO - [miembro_routes.py:45] - Miembro creado exitosamente: Nuevo Miembro
2025-11-07 17:48:36 - miembro_routes - INFO - [miembro_routes.py:64] - Solicitando lista de todos los miembros
2025-11-07 17:48:36 - miembro_routes - INFO - [miembro_routes.py:82] - Buscando miembro con ID: 1
2025-11-07 17:48:36 - miembro_routes - INFO - [miembro_routes.py:101] - Miembro encontrado: Test User
2025-11-07 17:48:37 - miembro_routes - INFO - [miembro_routes.py:82] - Buscando miembro con ID: 999
2025-11-07 17:48:37 - miembro_routes - WARNING - [miembro_routes.py:86] - Miembro no encontrado con ID: 999
2025-11-07 17:48:38 - miembro_routes - INFO - [miembro_routes.py:130] - Listando miembros activos para el hogar ID: 1
2025-11-07 17:48:38 - miembro_routes - INFO - [miembro_routes.py:132] - Se encontraron 1 miembros activos en el hogar 1
2025-11-07 17:48:38 - miembro_routes - INFO - [miembro_routes.py:154] - Intentando actualizar miembro: 1
2025-11-07 17:48:38 - miembro_routes - INFO - [miembro_routes.py:179] - Miembro actualizado exitosamente: 1
2025-11-07 17:48:39 - miembro_routes - INFO - [miembro_routes.py:154] - Intentando actualizar miembro: 999
2025-11-07 17:48:39 - miembro_routes - WARNING - [miembro_routes.py:158] - Miembro no encontrado para actualizar: 999
2025-11-07 17:48:39 - miembro_routes - INFO - [miembro_routes.py:41] - Intentando crear miembro: Miembro a Eliminar (eliminar_b87d5deb@example.com)
2025-11-07 17:48:40 - miembro_routes - INFO - [miembro_routes.py:45] - Miembro creado exitosamente: Miembro a Eliminar
2025-11-07 17:48:40 - miembro_routes - INFO - [miembro_routes.py:201] - Intentando eliminar miembro: 2
2025-11-07 17:48:40 - miembro_routes - INFO - [miembro_routes.py:222] - Miembro eliminado exitosamente: 2
2025-11-07 17:48:40 - miembro_routes - INFO - [miembro_routes.py:255] - Solicitando cantidad de miembros para el hogar: 1
2025-11-07 17:48:41 - miembro_routes - INFO - [miembro_routes.py:273] - Solicitando miembros con rol: 1
2025-11-07 17:48:41 - miembro_routes - INFO - [miembro_routes.py:41] - Intentando crear miembro: Primer Miembro (duplicado_916be38d@example.com)
2025-11-07 17:48:42 - miembro_routes - INFO - [miembro_routes.py:45] - Miembro creado exitosamente: Primer Miembro
2025-11-07 17:48:42 - miembro_routes - INFO - [miembro_routes.py:41] - Intentando crear miembro: Otro Miembro (duplicado_916be38d@example.com)
2025-11-07 17:48:42 - miembro_routes - WARNING - [miembro_routes.py:48] - Error de validación al crear miembro: El correo electrónico ya está registrado
2025-11-07 17:48:42 - miembro_routes - INFO - [miembro_routes.py:41] - Intentando crear miembro: Miembro Otro Hogar (otrohogar_16f33cde@example.com)
2025-11-07 17:48:43 - miembro_routes - INFO - [miembro_routes.py:45] - Miembro creado exitosamente: Miembro Otro Hogar
2025-11-07 18:50:31 - miembro_routes - INFO - [miembro_routes.py:41] - Intentando crear miembro: Nuevo Miembro (nuevo_0e7a7950@example.com)
2025-11-07 18:50:31 - miembro_routes - INFO - [miembro_routes.py:45] - Miembro creado exitosamente: Nuevo Miembro
2025-11-07 18:50:32 - miembro_routes - INFO - [miembro_routes.py:64] - Solicitando lista de todos los miembros
2025-11-07 18:50:33 - miembro_routes - INFO - [miembro_routes.py:82] - Buscando miembro con ID: 1
2025-11-07 18:50:33 - miembro_routes - INFO - [miembro_routes.py:101] - Miembro encontrado: Test User
2025-11-07 18:50:33 - miembro_routes - INFO - [miembro_routes.py:82] - Buscando miembro con ID: 999
2025-11-07 18:50:33 - miembro_routes - WARNING - [miembro_routes.py:86] - Miembro no encontrado con ID: 999
2025-11-07 18:50:34 - miembro_routes - INFO - [miembro_routes.py:130] - Listando miembros activos para el hogar ID: 1
2025-11-07 18:50:34 - miembro_routes - INFO - [miembro_routes.py:132] - Se encontraron 1 miembros activos en el hogar 1
2025-11-07 18:50:34 - miembro_routes - INFO - [miembro_routes.py:154] - Intentando actualizar miembro: 1
2025-11-07 18:50:34 - miembro_routes - INFO - [miembro_routes.py:179] - Miembro actualizado exitosamente: 1
2025-11-07 18:50:35 - miembro_routes - INFO - [miembro_routes.py:154] - Intentando actualizar miembro: 999
2025-11-07 18:50:35 - miembro_routes - WARNING - [miembro_routes.py:158] - Miembro no encontrado para actualizar: 999
2025-11-07 18:50:36 - miembro_routes - INFO - [miembro_routes.py:41] - Intentando crear miembro: Miembro a Eliminar (eliminar_50f1c064@example.com)
2025-11-07 18:50:36 - miembro_routes - INFO - [miembro_routes.py:45] - Miembro creado exitosamente: Miembro a Eliminar
2025-11-07 18:50:36 - miembro_routes - INFO - [miembro_routes.py:201] - Intentando eliminar miembro: 2
2025-11-07 18:50:36 - miembro_routes - INFO - [miembro_routes.py:222] - Miembro eliminado exitosamente: 2
2025-11-07 18:50:37 - miembro_routes - INFO - [miembro_routes.py:255] - Solicitando cantidad de miembros para el hogar: 1
2025-11-07 18:50:37 - miembro_routes - INFO - [miembro_routes.py:273] - Solicitando miembros con rol: 1
2025-11-07 18:50:38 - miembro_routes - INFO - [miembro_routes.py:41] - Intentando crear miembro: Primer Miembro (duplicado_85de57ea@example.com)
2025-11-07 18:50:38 - miembro_routes - INFO - [miembro_routes.py:45] - Miembro creado exitosamente: Primer Miembro
2025-11-07 18:50:38 - miembro_routes - INFO - [miembro_routes.py:41] - Intentando crear miembro: Otro Miembro (duplicado_85de57ea@example.com)
2025-11-07 18:50:38 - miembro_routes - WARNING - [miembro_routes.py:48] - Error de validación al crear miembro: El correo electrónico ya está registrado
2025-11-07 18:50:39 - miembro_routes - INFO - [miembro_routes.py:41] - Intentando crear miembro: Miembro Otro Hogar (otrohogar_a4ffa97d@example.com)
2025-11-07 18:50:39 - miembro_routes - INFO - [miembro_routes.py:45] - Miembro creado exitosamente: Miembro Otro Hogar
2025-11-07 19:09:12 - miembro_routes - INFO - [miembro_routes.py:41] - Intentando crear miembro: Nuevo Miembro (nuevo_42e06903@example.com)
2025-11-07 19:09:12 - miembro_routes - INFO - [miembro_routes.py:45] - Miembro creado exitosamente: Nuevo Miembro
2025-11-07 19:09:14 - miembro_routes - INFO - [miembro_routes.py:64] - Solicitando lista de todos los miembros
2025-11-07 19:09:14 - miembro_routes - INFO - [miembro_routes.py:82] - Buscando miembro con ID: 1
2025-11-07 19:09:14 - miembro_routes - INFO - [miembro_routes.py:101] - Miembro encontrado: Test User
2025-11-07 19:09:15 - miembro_routes - INFO - [miembro_routes.py:82] - Buscando miembro con ID: 999
2025-11-07 19:09:15 - miembro_routes - WARNING - [miembro_routes.py:86] - Miembro no encontrado con ID: 999
2025-11-07 19:09:15 - miembro_routes - INFO - [miembro_routes.py:130] - Listando miembros activos para el hogar ID: 1
2025-11-07 19:09:15 - miembro_routes - INFO - [miembro_routes.py:132] - Se encontraron 1 miembros activos en el hogar 1
2025-11-07 19:09:16 - miembro_routes - INFO - [miembro_routes.py:154] - Intentando actualizar miembro: 1
2025-11-07 19:09:16 - miembro_routes - INFO - [miembro_routes.py:179] - Miembro actualizado exitosamente: 1
2025-11-07 19:09:16 - miembro_routes - INFO - [miembro_routes.py:154] - Intentando actualizar miembro: 999
2025-11-07 19:09:16 - miembro_routes - WARNING - [miembro_routes.py:158] - Miembro no encontrado para actualizar: 999
2025-11-07 19:09:17 - miembro_routes - INFO - [miembro_routes.py:41] - Intentando crear miembro: Miembro a Eliminar (eliminar_ba2ab375@example.com)
2025-11-07 19:09:17 - miembro_routes - INFO - [miembro_routes.py:45] - Miembro creado exitosamente: Miembro a Eliminar
2025-11-07 19:09:17 - miembro_routes - INFO - [miembro_routes.py:201] - Intentando eliminar miembro: 2
2025-11-07 19:09:17 - miembro_routes - INFO - [miembro_routes.py:222] - Miembro eliminado exitosamente: 2
2025-11-07 19:09:18 - miembro_routes - INFO - [miembro_routes.py:255] - Solicitando cantidad de miembros para el hogar: 1
2025-11-07 19:09:18 - miembro_routes - INFO - [miembro_routes.py:273] - Solicitando miembros con rol: 1
2025-11-07 19:09:19 - miembro_routes - INFO - [miembro_routes.py:41] - Intentando crear miembro: Primer Miembro (duplicado_0dcacc04@example.com)
2025-11-07 19:09:19 - miembro_routes - INFO - [miembro_routes.py:45] - Miembro creado exitosamente: Primer Miembro
2025-11-07 19:09:20 - miembro_routes - INFO - [miembro_routes.py:41] - Intentando crear miembro: Otro Miembro (duplicado_0dcacc04@example.com)
2025-11-07 19:09:20 - miembro_routes - WARNING - [miembro_routes.py:48] - Error de validación al crear miembro: El correo electrónico ya está registrado
2025-11-07 19:09:20 - miembro_routes - INFO - [miembro_routes.py:41] - Intentando crear miembro: Miembro Otro Hogar (otrohogar_29c8fbfe@example.com)
2025-11-07 19:09:21 - miembro_routes - INFO - [miembro_routes.py:45] - Miembro creado exitosamente: Miembro Otro Hogar
2025-11-07 19:19:36 - miembro_routes - INFO - [miembro_routes.py:41] - Intentando crear miembro: Nuevo Miembro (nuevo_6b39bc59@example.com)
2025-11-07 19:19:37 - miembro_routes - INFO - [miembro_routes.py:45] - Miembro creado exitosamente: Nuevo Miembro
2025-11-07 19:19:38 - miembro_routes - INFO - [miembro_routes.py:64] - Solicitando lista de todos los miembros
2025-11-07 19:19:38 - miembro_routes - INFO - [miembro_routes.py:82] - Buscando miembro con ID: 1
2025-11-07 19:19:38 - miembro_routes - INFO - [miembro_routes.py:101] - Miembro encontrado: Test User
2025-11-07 19:19:39 - miembro_routes - INFO - [miembro_routes.py:82] - Buscando miembro con ID: 999
2025-11-07 19:19:39 - miembro_routes - WARNING - [miembro_routes.py:86] - Miembro no encontrado con ID: 999
2025-11-07 19:19:39 - miembro_routes - INFO - [miembro_routes.py:130] - Listando miembros activos para el hogar ID: 1
2025-11-07 19:19:39 - miembro_routes - INFO - [miembro_routes.py:132] - Se encontraron 1 miembros activos en el hogar 1
2025-11-07 19:19:40 - miembro_routes - INFO - [miembro_routes.py:154] - Intentando actualizar miembro: 1
2025-11-07 19:19:40 - miembro_routes - INFO - [miembro_routes.py:179] - Miembro actualizado exitosamente: 1
2025-11-07 19:19:40 - miembro_routes - INFO - [miembro_routes.py:154] - Intentando actualizar miembro: 999
2025-11-07 19:19:40 - miembro_routes - WARNING - [miembro_routes.py:158] - Miembro no encontrado para actualizar: 999
2025-11-07 19:19:41 - miembro_routes - INFO - [miembro_routes.py:41] - Intentando crear miembro: Miembro a Eliminar (eliminar_adc6497b@example.com)
2025-11-07 19:19:41 - miembro_routes - INFO - [miembro_routes.py:45] - Miembro creado exitosamente: Miembro a Eliminar
2025-11-07 19:19:41 - miembro_routes - INFO - [miembro_routes.py:201] - Intentando eliminar miembro: 2
2025-11-07 19:19:41 - miembro_routes - INFO - [miembro_routes.py:222] - Miembro eliminado exitosamente: 2
2025-11-07 19:19:42 - miembro_routes - INFO - [miembro_routes.py:255] - Solicitando cantidad de miembros para el hogar: 1
2025-11-07 19:19:42 - miembro_routes - INFO - [miembro_routes.py:273] - Solicitando miembros con rol: 1
2025-11-07 19:19:43 - miembro_routes - INFO - [miembro_routes.py:41] - Intentando crear miembro: Primer Miembro (duplicado_1da45c57@example.com)
2025-11-07 19:19:43 - miembro_routes - INFO - [miembro_routes.py:45] - Miembro creado exitosamente: Primer Miembro
2025-11-07 19:19:43 - miembro_routes - INFO - [miembro_routes.py:41] - Intentando crear miembro: Otro Miembro (duplicado_1da45c57@example.com)
2025-11-07 19:19:44 - miembro_routes - WARNING - [miembro_routes.py:48] - Error de validación al crear miembro: El correo electrónico ya está registrado
2025-11-07 19:19:44 - miembro_routes - INFO - [miembro_routes.py:41] - Intentando crear miembro: Miembro Otro Hogar (otrohogar_6b694019@example.com)
2025-11-07 19:19:44 - miembro_routes - INFO - [miembro_routes.py:45] - Miembro creado exitosamente: Miembro Otro Hogar
2025-11-07 19:35:04 - miembro_routes - INFO - [miembro_routes.py:41] - Intentando crear miembro: Nuevo Miembro (nuevo_f0eeba75@example.com)
2025-11-07 19:35:05 - miembro_routes - INFO - [miembro_routes.py:45] - Miembro creado exitosamente: Nuevo Miembro
2025-11-07 19:35:06 - miembro_routes - INFO - [miembro_routes.py:64] - Solicitando lista de todos los miembros
2025-11-07 19:35:06 - miembro_routes - INFO - [miembro_routes.py:82] - Buscando miembro con ID: 1
2025-11-07 19:35:06 - miembro_routes - INFO - [miembro_routes.py:101] - Miembro encontrado: Test User
2025-11-07 19:35:07 - miembro_routes - INFO - [miembro_routes.py:82] - Buscando miembro con ID: 999
2025-11-07 19:35:07 - miembro_routes - WARNING - [miembro_routes.py:86] - Miembro no encontrado con ID: 999
2025-11-07 19:35:08 - miembro_routes - INFO - [miembro_routes.py:130] - Listando miembros activos para el hogar ID: 1
2025-11-07 19:35:08 - miembro_routes - INFO - [miembro_routes.py:132] - Se encontraron 1 miembros activos en el hogar 1
2025-11-07 19:35:08 - miembro_routes - INFO - [miembro_routes.py:154] - Intentando actualizar miembro: 1
2025-11-07 19:35:08 - miembro_routes - INFO - [miembro_routes.py:179] - Miembro actualizado exitosamente: 1
2025-11-07 19:35:09 - miembro_routes - INFO - [miembro_routes.py:154] - Intentando actualizar miembro: 999
2025-11-07 19:35:09 - miembro_routes - WARNING - [miembro_routes.py:158] - Miembro no encontrado para actualizar: 999
2025-11-07 19:35:09 - miembro_routes - INFO - [miembro_routes.py:41] - Intentando crear miembro: Miembro a Eliminar (eliminar_cb9d3378@example.com)
2025-11-07 19:35:10 - miembro_routes - INFO - [miembro_routes.py:45] - Miembro creado exitosamente: Miembro a Eliminar
2025-11-07 19:35:10 - miembro_routes - INFO - [miembro_routes.py:201] - Intentando eliminar miembro: 2
2025-11-07 19:35:10 - miembro_routes - INFO - [miembro_routes.py:222] - Miembro eliminado exitosamente: 2
2025-11-07 19:35:10 - miembro_routes - INFO - [miembro_routes.py:255] - Solicitando cantidad de miembros para el hogar: 1
2025-11-07 19:35:11 - miembro_routes - INFO - [miembro_routes.py:273] - Solicitando miembros con rol: 1
2025-11-07 19:35:11 - miembro_routes - INFO - [miembro_routes.py:41] - Intentando crear miembro: Primer Miembro (duplicado_5015f2eb@example.com)
2025-11-07 19:35:12 - miembro_routes - INFO - [miembro_routes.py:45] - Miembro creado exitosamente: Primer Miembro
2025-11-07 19:35:12 - miembro_routes - INFO - [miembro_routes.py:41] - Intentando crear miembro: Otro Miembro (duplicado_5015f2eb@example.com)
2025-11-07 19:35:12 - miembro_routes - WARNING - [miembro_routes.py:48] - Error de validación al crear miembro: El correo electrónico ya está registrado
2025-11-07 19:35:12 - miembro_routes - INFO - [miembro_routes.py:41] - Intentando crear miembro: Miembro Otro Hogar (otrohogar_20cb39ef@example.com)
2025-11-07 19:35:13 - miembro_routes - INFO - [miembro_routes.py:45] - Miembro creado exitosamente: Miembro Otro Hogar
2025-11-07 20:23:56 - miembro_routes - INFO - [miembro_routes.py:41] - Intentando crear miembro: Nuevo Miembro (nuevo_06b0f67f@example.com)
2025-11-07 20:23:56 - miembro_routes - INFO - [miembro_routes.py:45] - Miembro creado exitosamente: Nuevo Miembro
2025-11-07 20:23:58 - miembro_routes - INFO - [miembro_routes.py:64] - Solicitando lista de todos los miembros
2025-11-07 20:23:59 - miembro_routes - INFO - [miembro_routes.py:82] - Buscando miembro con ID: 1
2025-11-07 20:23:59 - miembro_routes - INFO - [miembro_routes.py:101] - Miembro encontrado: Test User
2025-11-07 20:23:59 - miembro_routes - INFO - [miembro_routes.py:82] - Buscando miembro con ID: 999
2025-11-07 20:23:59 - miembro_routes - WARNING - [miembro_routes.py:86] - Miembro no encontrado con ID: 999
2025-11-07 20:24:00 - miembro_routes - INFO - [miembro_routes.py:130] - Listando miembros activos para el hogar ID: 1
2025-11-07 20:24:00 - miembro_routes - INFO - [miembro_routes.py:132] - Se encontraron 1 miembros activos en el hogar 1
2025-11-07 20:24:01 - miembro_routes - INFO - [miembro_routes.py:154] - Intentando actualizar miembro: 1
2025-11-07 20:24:01 - miembro_routes - INFO - [miembro_routes.py:179] - Miembro actualizado exitosamente: 1
2025-11-07 20:24:02 - miembro_routes - INFO - [miembro_routes.py:154] - Intentando actualizar miembro: 999
2025-11-07 20:24:02 - miembro_routes - WARNING - [miembro_routes.py:158] - Miembro no encontrado para actualizar: 999
2025-11-07 20:24:03 - miembro_routes - INFO - [miembro_routes.py:41] - Intentando crear miembro: Miembro a Eliminar (eliminar_2afb75cf@example.com)
2025-11-07 20:24:03 - miembro_routes - INFO - [miembro_routes.py:45] - Miembro creado exitosamente: Miembro a Eliminar
2025-11-07 20:24:03 - miembro_routes - INFO - [miembro_routes.py:201] - Intentando eliminar miembro: 2
2025-11-07 20:24:03 - miembro_routes - INFO - [miembro_routes.py:222] - Miembro eliminado exitosamente: 2
2025-11-07 20:24:04 - miembro_routes - INFO - [miembro_routes.py:255] - Solicitando cantidad de miembros para el hogar: 1
2025-11-07 20:24:05 - miembro_routes - INFO - [miembro_routes.py:273] - Solicitando miembros con rol: 1
2025-11-07 20:24:06 - miembro_routes - INFO - [miembro_routes.py:41] - Intentando crear miembro: Primer Miembro (duplicado_3e0e262c@example.com)
2025-11-07 20:24:06 - miembro_routes - INFO - [miembro_routes.py:45] - Miembro creado exitosamente: Primer Miembro
2025-11-07 20:24:06 - miembro_routes - INFO - [miembro_routes.py:41] - Intentando crear miembro: Otro Miembro (duplicado_3e0e262c@example.com)
2025-11-07 20:24:06 - miembro_routes - WARNING - [miembro_routes.py:48] - Error de validación al crear miembro: El correo electrónico ya está registrado
2025-11-07 20:24:07 - miembro_routes - INFO - [miembro_routes.py:41] - Intentando crear miembro: Miembro Otro Hogar (otrohogar_2e0c361f@example.com)
2025-11-07 20:24:08 - miembro_routes - INFO - [miembro_routes.py:45] - Miembro creado exitosamente: Miembro Otro Hogar
2025-11-07 20:30:49 - miembro_routes - INFO - [miembro_routes.py:41] - Intentando crear miembro: Nuevo Miembro (nuevo_c1159832@example.com)
2025-11-07 20:30:49 - miembro_routes - INFO - [miembro_routes.py:45] - Miembro creado exitosamente: Nuevo Miembro
2025-11-07 20:30:51 - miembro_routes - INFO - [miembro_routes.py:64] - Solicitando lista de todos los miembros
2025-11-07 20:30:51 - miembro_routes - INFO - [miembro_routes.py:82] - Buscando miembro con ID: 1
2025-11-07 20:30:51 - miembro_routes - INFO - [miembro_routes.py:101] - Miembro encontrado: Test User
2025-11-07 20:30:52 - miembro_routes - INFO - [miembro_routes.py:82] - Buscando miembro con ID: 999
2025-11-07 20:30:52 - miembro_routes - WARNING - [miembro_routes.py:86] - Miembro no encontrado con ID: 999
2025-11-07 20:30:53 - miembro_routes - INFO - [miembro_routes.py:130] - Listando miembros activos para el hogar ID: 1
2025-11-07 20:30:53 - miembro_routes - INFO - [miembro_routes.py:132] - Se encontraron 1 miembros activos en el hogar 1
2025-11-07 20:30:53 - miembro_routes - INFO - [miembro_routes.py:154] - Intentando actualizar miembro: 1
2025-11-07 20:30:53 - miembro_routes - INFO - [miembro_routes.py:179] - Miembro actualizado exitosamente: 1
2025-11-07 20:30:54 - miembro_routes - INFO - [miembro_routes.py:154] - Intentando actualizar miembro: 999
2025-11-07 20:30:54 - miembro_routes - WARNING - [miembro_routes.py:158] - Miembro no encontrado para actualizar: 999
2025-11-07 20:30:55 - miembro_routes - INFO - [miembro_routes.py:41] - Intentando crear miembro: Miembro a Eliminar (eliminar_d59fe7eb@example.com)
2025-11-07 20:30:55 - miembro_routes - INFO - [miembro_routes.py:45] - Miembro creado exitosamente: Miembro a Eliminar
2025-11-07 20:30:55 - miembro_routes - INFO - [miembro_routes.py:201] - Intentando eliminar miembro: 2
2025-11-07 20:30:55 - miembro_routes - INFO - [miembro_routes.py:222] - Miembro eliminado exitosamente: 2
2025-11-07 20:30:56 - miembro_routes - INFO - [miembro_routes.py:255] - Solicitando cantidad de miembros para el hogar: 1
2025-11-07 20:30:57 - miembro_routes - INFO - [miembro_routes.py:273] - Solicitando miembros con rol: 1
2025-11-07 20:30:58 - miembro_routes - INFO - [miembro_routes.py:41] - Intentando crear miembro: Primer Miembro (duplicado_350bd140@example.com)
2025-11-07 20:30:58 - miembro_routes - INFO - [miembro_routes.py:45] - Miembro creado exitosamente: Primer Miembro
2025-11-07 20:30:58 - miembro_routes - INFO - [miembro_routes.py:41] - Intentando crear miembro: Otro Miembro (duplicado_350bd140@example.com)
2025-11-07 20:30:58 - miembro_routes - WARNING - [miembro_routes.py:48] - Error de validación al crear miembro: El correo electrónico ya está registrado
2025-11-07 20:30:59 - miembro_routes - INFO - [miembro_routes.py:41] - Intentando crear miembro: Miembro Otro Hogar (otrohogar_040e800e@example.com)
2025-11-07 20:31:00 - miembro_routes - INFO - [miembro_routes.py:45] - Miembro creado exitosamente: Miembro Otro Hogar
2025-11-07 20:40:50 - miembro_routes - INFO - [miembro_routes.py:41] - Intentando crear miembro: Nuevo Miembro (nuevo_c41dd101@example.com)
2025-11-07 20:40:50 - miembro_routes - INFO - [miembro_routes.py:45] - Miembro creado exitosamente: Nuevo Miembro
2025-11-07 20:40:52 - miembro_routes - INFO - [miembro_routes.py:64] - Solicitando lista de todos los miembros
2025-11-07 20:40:52 - miembro_routes - INFO - [miembro_routes.py:82] - Buscando miembro con ID: 1
2025-11-07 20:40:52 - miembro_routes - INFO - [miembro_routes.py:101] - Miembro encontrado: Test User
2025-11-07 20:40:53 - miembro_routes - INFO - [miembro_routes.py:82] - Buscando miembro con ID: 999
2025-11-07 20:40:53 - miembro_routes - WARNING - [miembro_routes.py:86] - Miembro no encontrado con ID: 999
2025-11-07 20:40:54 - miembro_routes - INFO - [miembro_routes.py:130] - Listando miembros activos para el hogar ID: 1
2025-11-07 20:40:54 - miembro_routes - INFO - [miembro_routes.py:132] - Se encontraron 1 miembros activos en el hogar 1
2025-11-07 20:40:55 - miembro_routes - INFO - [miembro_routes.py:154] - Intentando actualizar miembro: 1
2025-11-07 20:40:55 - miembro_routes - INFO - [miembro_routes.py:179] - Miembro actualizado exitosamente: 1
2025-11-07 20:40:55 - miembro_routes - INFO - [miembro_routes.py:154] - Intentando actualizar miembro: 999
2025-11-07 20:40:55 - miembro_routes - WARNING - [miembro_routes.py:158] - Miembro no encontrado para actualizar: 999
2025-11-07 20:40:56 - miembro_routes - INFO - [miembro_routes.py:41] - Intentando crear miembro: Miembro a Eliminar (eliminar_63e0f40f@example.com)
2025-11-07 20:40:57 - miembro_routes - INFO - [miembro_routes.py:45] - Miembro creado exitosamente: Miembro a Eliminar
2025-11-07 20:40:57 - miembro_routes - INFO - [miembro_routes.py:201] - Intentando eliminar miembro: 2
2025-11-07 20:40:57 - miembro_routes - INFO - [miembro_routes.py:222] - Miembro eliminado exitosamente: 2
2025-11-07 20:40:58 - miembro_routes - INFO - [miembro_routes.py:255] - Solicitando cantidad de miembros para el hogar: 1
2025-11-07 20:40:59 - miembro_routes - INFO - [miembro_routes.py:273] - Solicitando miembros con rol: 1
2025-11-07 20:41:00 - miembro_routes - INFO - [miembro_routes.py:41] - Intentando crear miembro: Primer Miembro (duplicado_b0bb3a24@example.com)
2025-11-07 20:41:00 - miembro_routes - INFO - [miembro_routes.py:45] - Miembro creado exitosamente: Primer Miembro
2025-11-07 20:41:00 - miembro_routes - INFO - [miembro_routes.py:41] - Intentando crear miembro: Otro Miembro (duplicado_b0bb3a24@example.com)
2025-11-07 20:41:00 - miembro_routes - WARNING - [miembro_routes.py:48] - Error de validación al crear miembro: El correo electrónico ya está registrado
2025-11-07 20:41:01 - miembro_routes - INFO - [miembro_routes.py:41] - Intentando crear miembro: Miembro Otro Hogar (otrohogar_3a630107@example.com)
2025-11-07 20:41:01 - miembro_routes - INFO - [miembro_routes.py:45] - Miembro creado exitosamente: Miembro Otro Hogar
2025-11-07 20:46:13 - miembro_routes - INFO - [miembro_routes.py:41] - Intentando crear miembro: Nuevo Miembro (nuevo_b1c62232@example.com)
2025-11-07 20:46:14 - miembro_routes - INFO - [miembro_routes.py:45] - Miembro creado exitosamente: Nuevo Miembro
2025-11-07 20:46:15 - miembro_routes - INFO - [miembro_routes.py:64] - Solicitando lista de todos los miembros
2025-11-07 20:46:15 - miembro_routes - INFO - [miembro_routes.py:82] - Buscando miembro con ID: 1
2025-11-07 20:46:15 - miembro_routes - INFO - [miembro_routes.py:101] - Miembro encontrado: Test User
2025-11-07 20:46:16 - miembro_routes - INFO - [miembro_routes.py:82] - Buscando miembro con ID: 999
2025-11-07 20:46:16 - miembro_routes - WARNING - [miembro_routes.py:86] - Miembro no encontrado con ID: 999
2025-11-07 20:46:16 - miembro_routes - INFO - [miembro_routes.py:130] - Listando miembros activos para el hogar ID: 1
2025-11-07 20:46:16 - miembro_routes - INFO - [miembro_routes.py:132] - Se encontraron 1 miembros activos en el hogar 1
2025-11-07 20:46:17 - miembro_routes - INFO - [miembro_routes.py:154] - Intentando actualizar miembro: 1
2025-11-07 20:46:17 - miembro_routes - INFO - [miembro_routes.py:179] - Miembro actualizado exitosamente: 1
2025-11-07 20:46:17 - miembro_routes - INFO - [miembro_routes.py:154] - Intentando actualizar miembro: 999
2025-11-07 20:46:17 - miembro_routes - WARNING - [miembro_routes.py:158] - Miembro no encontrado para actualizar: 999
2025-11-07 20:46:18 - miembro_routes - INFO - [miembro_routes.py:41] - Intentando crear miembro: Miembro a Eliminar (eliminar_1d2a6faa@example.com)
2025-11-07 20:46:18 - miembro_routes - INFO - [miembro_routes.py:45] - Miembro creado exitosamente: Miembro a Eliminar
2025-11-07 20:46:18 - miembro_routes - INFO - [miembro_routes.py:201] - Intentando eliminar miembro: 2
2025-11-07 20:46:18 - miembro_routes - INFO - [miembro_routes.py:222] - Miembro eliminado exitosamente: 2
2025-11-07 20:46:19 - miembro_routes - INFO - [miembro_routes.py:255] - Solicitando cantidad de miembros para el hogar: 1
2025-11-07 20:46:19 - miembro_routes - INFO - [miembro_routes.py:273] - Solicitando miembros con rol: 1
2025-11-07 20:46:20 - miembro_routes - INFO - [miembro_routes.py:41] - Intentando crear miembro: Primer Miembro (duplicado_d91323d5@example.com)
2025-11-07 20:46:20 - miembro_routes - INFO - [miembro_routes.py:45] - Miembro creado exitosamente: Primer Miembro
2025-11-07 20:46:20 - miembro_routes - INFO - [miembro_routes.py:41] - Intentando crear miembro: Otro Miembro (duplicado_d91323d5@example.com)
2025-11-07 20:46:20 - miembro_routes - WARNING - [miembro_routes.py:48] - Error de validación al crear miembro: El correo electrónico ya está registrado
2025-11-07 20:46:21 - miembro_routes - INFO - [miembro_routes.py:41] - Intentando crear miembro: Miembro Otro Hogar (otrohogar_955e6268@example.com)
2025-11-07 20:46:21 - miembro_routes - INFO - [miembro_routes.py:45] - Miembro creado exitosamente: Miembro Otro Hogar
2025-11-07 20:48:55 - miembro_routes - INFO - [miembro_routes.py:41] - Intentando crear miembro: Nuevo Miembro (nuevo_298d5798@example.com)
2025-11-07 20:48:55 - miembro_routes - INFO - [miembro_routes.py:45] - Miembro creado exitosamente: Nuevo Miembro
2025-11-07 20:48:56 - miembro_routes - INFO - [miembro_routes.py:64] - Solicitando lista de todos los miembros
2025-11-07 20:48:57 - miembro_routes - INFO - [miembro_routes.py:82] - Buscando miembro con ID: 1
2025-11-07 20:48:57 - miembro_routes - INFO - [miembro_routes.py:101] - Miembro encontrado: Test User
2025-11-07 20:48:57 - miembro_routes - INFO - [miembro_routes.py:82] - Buscando miembro con ID: 999
2025-11-07 20:48:57 - miembro_routes - WARNING - [miembro_routes.py:86] - Miembro no encontrado con ID: 999
2025-11-07 20:48:58 - miembro_routes - INFO - [miembro_routes.py:130] - Listando miembros activos para el hogar ID: 1
2025-11-07 20:48:58 - miembro_routes - INFO - [miembro_routes.py:132] - Se encontraron 1 miembros activos en el hogar 1
2025-11-07 20:48:58 - miembro_routes - INFO - [miembro_routes.py:154] - Intentando actualizar miembro: 1
2025-11-07 20:48:58 - miembro_routes - INFO - [miembro_routes.py:179] - Miembro actualizado exitosamente: 1
2025-11-07 20:48:59 - miembro_routes - INFO - [miembro_routes.py:154] - Intentando actualizar miembro: 999
2025-11-07 20:48:59 - miembro_routes - WARNING - [miembro_routes.py:158] - Miembro no encontrado para actualizar: 999
2025-11-07 20:48:59 - miembro_routes - INFO - [miembro_routes.py:41] - Intentando crear miembro: Miembro a Eliminar (eliminar_3b416e67@example.com)
2025-11-07 20:48:59 - miembro_routes - INFO - [miembro_routes.py:45] - Miembro creado exitosamente: Miembro a Eliminar
2025-11-07 20:48:59 - miembro_routes - INFO - [miembro_routes.py:201] - Intentando eliminar miembro: 2
2025-11-07 20:48:59 - miembro_routes - INFO - [miembro_routes.py:222] - Miembro eliminado exitosamente: 2
2025-11-07 20:49:00 - miembro_routes - INFO - [miembro_routes.py:255] - Solicitando cantidad de miembros para el hogar: 1
2025-11-07 20:49:00 - miembro_routes - INFO - [miembro_routes.py:273] - Solicitando miembros con rol: 1
2025-11-07 20:49:01 - miembro_routes - INFO - [miembro_routes.py:41] - Intentando crear miembro: Primer Miembro (duplicado_95cb12d0@example.com)
2025-11-07 20:49:01 - miembro_routes - INFO - [miembro_routes.py:45] - Miembro creado exitosamente: Primer Miembro
2025-11-07 20:49:01 - miembro_routes - INFO - [miembro_routes.py:41] - Intentando crear miembro: Otro Miembro (duplicado_95cb12d0@example.com)
2025-11-07 20:49:01 - miembro_routes - WARNING - [miembro_routes.py:48] - Error de validación al crear miembro: El correo electrónico ya está registrado
2025-11-07 20:49:02 - miembro_routes - INFO - [miembro_routes.py:41] - Intentando crear miembro: Miembro Otro Hogar (otrohogar_c631b2d8@example.com)
2025-11-07 20:49:02 - miembro_routes - INFO - [miembro_routes.py:45] - Miembro creado exitosamente: Miembro Otro Hogar
2025-11-07 20:53:11 - miembro_routes - INFO - [miembro_routes.py:41] - Intentando crear miembro: Nuevo Miembro (nuevo_f6099697@example.com)
2025-11-07 20:53:12 - miembro_routes - INFO - [miembro_routes.py:45] - Miembro creado exitosamente: Nuevo Miembro
2025-11-07 20:53:13 - miembro_routes - INFO - [miembro_routes.py:64] - Solicitando lista de todos los miembros
2025-11-07 20:53:13 - miembro_routes - INFO - [miembro_routes.py:82] - Buscando miembro con ID: 1
2025-11-07 20:53:13 - miembro_routes - INFO - [miembro_routes.py:101] - Miembro encontrado: Test User
2025-11-07 20:53:14 - miembro_routes - INFO - [miembro_routes.py:82] - Buscando miembro con ID: 999
2025-11-07 20:53:14 - miembro_routes - WARNING - [miembro_routes.py:86] - Miembro no encontrado con ID: 999
2025-11-07 20:53:14 - miembro_routes - INFO - [miembro_routes.py:130] - Listando miembros activos para el hogar ID: 1
2025-11-07 20:53:14 - miembro_routes - INFO - [miembro_routes.py:132] - Se encontraron 1 miembros activos en el hogar 1
2025-11-07 20:53:15 - miembro_routes - INFO - [miembro_routes.py:154] - Intentando actualizar miembro: 1
2025-11-07 20:53:15 - miembro_routes - INFO - [miembro_routes.py:179] - Miembro actualizado exitosamente: 1
2025-11-07 20:53:15 - miembro_routes - INFO - [miembro_routes.py:154] - Intentando actualizar miembro: 999
2025-11-07 20:53:15 - miembro_routes - WARNING - [miembro_routes.py:158] - Miembro no encontrado para actualizar: 999
2025-11-07 20:53:16 - miembro_routes - INFO - [miembro_routes.py:41] - Intentando crear miembro: Miembro a Eliminar (eliminar_0cd22075@example.com)
2025-11-07 20:53:16 - miembro_routes - INFO - [miembro_routes.py:45] - Miembro creado exitosamente: Miembro a Eliminar
2025-11-07 20:53:16 - miembro_routes - INFO - [miembro_routes.py:201] - Intentando eliminar miembro: 2
2025-11-07 20:53:16 - miembro_routes - INFO - [miembro_routes.py:222] - Miembro eliminado exitosamente: 2
2025-11-07 20:53:17 - miembro_routes - INFO - [miembro_routes.py:255] - Solicitando cantidad de miembros para el hogar: 1
2025-11-07 20:53:17 - miembro_routes - INFO - [miembro_routes.py:273] - Solicitando miembros con rol: 1
2025-11-07 20:53:18 - miembro_routes - INFO - [miembro_routes.py:41] - Intentando crear miembro: Primer Miembro (duplicado_3a90f623@example.com)
2025-11-07 20:53:18 - miembro_routes - INFO - [miembro_routes.py:45] - Miembro creado exitosamente: Primer Miembro
2025-11-07 20:53:18 - miembro_routes - INFO - [miembro_routes.py:41] - Intentando crear miembro: Otro Miembro (duplicado_3a90f623@example.com)
2025-11-07 20:53:18 - miembro_routes - WARNING - [miembro_routes.py:48] - Error de validación al crear miembro: El correo electrónico ya está registrado
2025-11-07 20:53:18 - miembro_routes - INFO - [miembro_routes.py:41] - Intentando crear miembro: Miembro Otro Hogar (otrohogar_bfa385d2@example.com)
2025-11-07 20:53:19 - miembro_routes - INFO - [miembro_routes.py:45] - Miembro creado exitosamente: Miembro Otro Hogar
2025-11-07 20:58:38 - miembro_routes - INFO - [miembro_routes.py:41] - Intentando crear miembro: Nuevo Miembro (nuevo_e3478a42@example.com)
2025-11-07 20:58:39 - miembro_routes - INFO - [miembro_routes.py:45] - Miembro creado exitosamente: Nuevo Miembro
2025-11-07 20:58:40 - miembro_routes - INFO - [miembro_routes.py:64] - Solicitando lista de todos los miembros
2025-11-07 20:58:40 - miembro_routes - INFO - [miembro_routes.py:82] - Buscando miembro con ID: 1
2025-11-07 20:58:40 - miembro_routes - INFO - [miembro_routes.py:101] - Miembro encontrado: Test User
2025-11-07 20:58:41 - miembro_routes - INFO - [miembro_routes.py:82] - Buscando miembro con ID: 999
2025-11-07 20:58:41 - miembro_routes - WARNING - [miembro_routes.py:86] - Miembro no encontrado con ID: 999
2025-11-07 20:58:41 - miembro_routes - INFO - [miembro_routes.py:130] - Listando miembros activos para el hogar ID: 1
2025-11-07 20:58:41 - miembro_routes - INFO - [miembro_routes.py:132] - Se encontraron 1 miembros activos en el hogar 1
2025-11-07 20:58:42 - miembro_routes - INFO - [miembro_routes.py:154] - Intentando actualizar miembro: 1
2025-11-07 20:58:42 - miembro_routes - INFO - [miembro_routes.py:179] - Miembro actualizado exitosamente: 1
2025-11-07 20:58:42 - miembro_routes - INFO - [miembro_routes.py:154] - Intentando actualizar miembro: 999
2025-11-07 20:58:42 - miembro_routes - WARNING - [miembro_routes.py:158] - Miembro no encontrado para actualizar: 999
2025-11-07 20:58:42 - miembro_routes - INFO - [miembro_routes.py:41] - Intentando crear miembro: Miembro a Eliminar (eliminar_8500be19@example.com)
2025-11-07 20:58:43 - miembro_routes - INFO - [miembro_routes.py:45] - Miembro creado exitosamente: Miembro a Eliminar
2025-11-07 20:58:43 - miembro_routes - INFO - [miembro_routes.py:201] - Intentando eliminar miembro: 2
2025-11-07 20:58:43 - miembro_routes - INFO - [miembro_routes.py:222] - Miembro eliminado exitosamente: 2
2025-11-07 20:58:43 - miembro_routes - INFO - [miembro_routes.py:255] - Solicitando cantidad de miembros para el hogar: 1
2025-11-07 20:58:44 - miembro_routes - INFO - [miembro_routes.py:273] - Solicitando miembros con rol: 1
2025-11-07 20:58:44 - miembro_routes - INFO - [miembro_routes.py:41] - Intentando crear miembro: Primer Miembro (duplicado_c7bddad4@example.com)
2025-11-07 20:58:44 - miembro_routes - INFO - [miembro_routes.py:45] - Miembro creado exitosamente: Primer Miembro
2025-11-07 20:58:44 - miembro_routes - INFO - [miembro_routes.py:41] - Intentando crear miembro: Otro Miembro (duplicado_c7bddad4@example.com)
2025-11-07 20:58:44 - miembro_routes - WARNING - [miembro_routes.py:48] - Error de validación al crear miembro: El correo electrónico ya está registrado
2025-11-07 20:58:45 - miembro_routes - INFO - [miembro_routes.py:41] - Intentando crear miembro: Miembro Otro Hogar (otrohogar_1b7f609c@example.com)
2025-11-07 20:58:45 - miembro_routes - INFO - [miembro_routes.py:45] - Miembro creado exitosamente: Miembro Otro Hogar
2025-11-07 21:09:14 - miembro_routes - INFO - [miembro_routes.py:41] - Intentando crear miembro: Nuevo Miembro (nuevo_0dd9335d@example.com)
2025-11-07 21:09:14 - miembro_routes - INFO - [miembro_routes.py:45] - Miembro creado exitosamente: Nuevo Miembro
2025-11-07 21:09:15 - miembro_routes - INFO - [miembro_routes.py:64] - Solicitando lista de todos los miembros
2025-11-07 21:09:16 - miembro_routes - INFO - [miembro_routes.py:82] - Buscando miembro con ID: 1
2025-11-07 21:09:16 - miembro_routes - INFO - [miembro_routes.py:101] - Miembro encontrado: Test User
2025-11-07 21:09:16 - miembro_routes - INFO - [miembro_routes.py:82] - Buscando miembro con ID: 999
2025-11-07 21:09:16 - miembro_routes - WARNING - [miembro_routes.py:86] - Miembro no encontrado con ID: 999
2025-11-07 21:09:17 - miembro_routes - INFO - [miembro_routes.py:130] - Listando miembros activos para el hogar ID: 1
2025-11-07 21:09:17 - miembro_routes - INFO - [miembro_routes.py:132] - Se encontraron 1 miembros activos en el hogar 1
2025-11-07 21:09:17 - miembro_routes - INFO - [miembro_routes.py:154] - Intentando actualizar miembro: 1
2025-11-07 21:09:17 - miembro_routes - INFO - [miembro_routes.py:179] - Miembro actualizado exitosamente: 1
2025-11-07 21:09:18 - miembro_routes - INFO - [miembro_routes.py:154] - Intentando actualizar miembro: 999
2025-11-07 21:09:18 - miembro_routes - WARNING - [miembro_routes.py:158] - Miembro no encontrado para actualizar: 999
2025-11-07 21:09:18 - miembro_routes - INFO - [miembro_routes.py:41] - Intentando crear miembro: Miembro a Eliminar (eliminar_e3a38526@example.com)
2025-11-07 21:09:19 - miembro_routes - INFO - [miembro_routes.py:45] - Miembro creado exitosamente: Miembro a Eliminar
2025-11-07 21:09:19 - miembro_routes - INFO - [miembro_routes.py:201] - Intentando eliminar miembro: 2
2025-11-07 21:09:19 - miembro_routes - INFO - [miembro_routes.py:222] - Miembro eliminado exitosamente: 2
2025-11-07 21:09:19 - miembro_routes - INFO - [miembro_routes.py:255] - Solicitando cantidad de miembros para el hogar: 1
2025-11-07 21:09:20 - miembro_routes - INFO - [miembro_routes.py:273] - Solicitando miembros con rol: 1
2025-11-07 21:09:20 - miembro_routes - INFO - [miembro_routes.py:41] - Intentando crear miembro: Primer Miembro (duplicado_0aa4c1f5@example.com)
2025-11-07 21:09:20 - miembro_routes - INFO - [miembro_routes.py:45] - Miembro creado exitosamente: Primer Miembro
2025-11-07 21:09:20 - miembro_routes - INFO - [miembro_routes.py:41] - Intentando crear miembro: Otro Miembro (duplicado_0aa4c1f5@example.com)
2025-11-07 21:09:20 - miembro_routes - WARNING - [miembro_routes.py:48] - Error de validación al crear miembro: El correo electrónico ya está registrado
2025-11-07 21:09:21 - miembro_routes - INFO - [miembro_routes.py:41] - Intentando crear miembro: Miembro Otro Hogar (otrohogar_23949fb7@example.com)
2025-11-07 21:09:21 - miembro_routes - INFO - [miembro_routes.py:45] - Miembro creado exitosamente: Miembro Otro Hogar
2025-11-07 23:33:19 - miembro_routes - INFO - [miembro_routes.py:41] - Intentando crear miembro: emanuel (emanuel@ejemplo.com)
2025-11-07 23:33:20 - miembro_routes - INFO - [miembro_routes.py:45] - Miembro creado exitosamente: emanuel
2025-11-07 23:34:14 - miembro_routes - INFO - [miembro_routes.py:64] - Solicitando lista de todos los miembros
