2025-10-26 22:00:52 - permissions - INFO - [permissions.py:49] - Verificando permisos para usuario 5 en módulo 'Miembros' para acción 'leer'
2025-10-26 22:00:52 - permissions - INFO - [permissions.py:70] - Acceso autorizado: Usuario 5 tiene permisos para 'leer' en módulo 'Miembros'
2025-10-26 22:51:01 - permissions - INFO - [permissions.py:49] - Verificando permisos para usuario 5 en módulo 'Miembros' para acción 'leer'
2025-10-26 22:51:01 - permissions - INFO - [permissions.py:70] - Acceso autorizado: Usuario 5 tiene permisos para 'leer' en módulo 'Miembros'
2025-10-26 23:20:04 - permissions - INFO - [permissions.py:49] - Verificando permisos para usuario 5 en módulo 'Miembros' para acción 'leer'
2025-10-26 23:20:04 - permissions - INFO - [permissions.py:70] - Acceso autorizado: Usuario 5 tiene permisos para 'leer' en módulo 'Miembros'
2025-10-26 23:40:23 - permissions - INFO - [permissions.py:49] - Verificando permisos para usuario 5 en módulo 'Miembros' para acción 'leer'
2025-10-26 23:40:23 - permissions - INFO - [permissions.py:70] - Acceso autorizado: Usuario 5 tiene permisos para 'leer' en módulo 'Miembros'
2025-10-26 23:53:33 - permissions - INFO - [permissions.py:49] - Verificando permisos para usuario 5 en módulo 'Miembros' para acción 'leer'
2025-10-26 23:53:33 - permissions - INFO - [permissions.py:70] - Acceso autorizado: Usuario 5 tiene permisos para 'leer' en módulo 'Miembros'
2025-10-27 00:30:23 - permissions - INFO - [permissions.py:49] - Verificando permisos para usuario 5 en módulo 'Miembros' para acción 'leer'
2025-10-27 00:30:23 - permissions - INFO - [permissions.py:70] - Acceso autorizado: Usuario 5 tiene permisos para 'leer' en módulo 'Miembros'
2025-10-27 20:06:41 - permissions - INFO - [permissions.py:49] - Verificando permisos para usuario 5 en módulo 'Miembros' para acción 'leer'
2025-10-27 20:06:41 - permissions - INFO - [permissions.py:70] - Acceso autorizado: Usuario 5 tiene permisos para 'leer' en módulo 'Miembros'
2025-10-27 20:07:28 - permissions - INFO - [permissions.py:49] - Verificando permisos para usuario 5 en módulo 'Miembros' para acción 'actualizar'
2025-10-27 20:07:28 - permissions - INFO - [permissions.py:70] - Acceso autorizado: Usuario 5 tiene permisos para 'actualizar' en módulo 'Miembros'
2025-10-27 20:07:45 - permissions - INFO - [permissions.py:49] - Verificando permisos para usuario 5 en módulo 'Miembros' para acción 'leer'
2025-10-27 20:07:45 - permissions - INFO - [permissions.py:70] - Acceso autorizado: Usuario 5 tiene permisos para 'leer' en módulo 'Miembros'
2025-10-27 20:08:15 - permissions - INFO - [permissions.py:49] - Verificando permisos para usuario 5 en módulo 'Miembros' para acción 'eliminar'
2025-10-27 20:08:15 - permissions - INFO - [permissions.py:70] - Acceso autorizado: Usuario 5 tiene permisos para 'eliminar' en módulo 'Miembros'
2025-10-27 20:09:20 - permissions - INFO - [permissions.py:49] - Verificando permisos para usuario 5 en módulo 'Miembros' para acción 'leer'
2025-10-27 20:09:20 - permissions - INFO - [permissions.py:70] - Acceso autorizado: Usuario 5 tiene permisos para 'leer' en módulo 'Miembros'
2025-11-03 18:44:04 - permissions - INFO - [permissions.py:49] - Verificando permisos para usuario 5 en módulo 'Miembros' para acción 'leer'
2025-11-03 18:44:04 - permissions - INFO - [permissions.py:70] - Acceso autorizado: Usuario 5 tiene permisos para 'leer' en módulo 'Miembros'
2025-11-03 18:59:19 - permissions - INFO - [permissions.py:49] - Verificando permisos para usuario 5 en módulo 'Miembros' para acción 'leer'
2025-11-03 18:59:19 - permissions - INFO - [permissions.py:70] - Acceso autorizado: Usuario 5 tiene permisos para 'leer' en módulo 'Miembros'
