2025-10-20 00:58:21 - security - INFO - Verificando contraseña
2025-10-20 00:58:22 - security - INFO - Contraseña verificada correctamente
2025-10-20 00:58:22 - security - INFO - Generando token de acceso
2025-10-20 00:58:22 - security - INFO - Token de acceso generado exitosamente
2025-10-20 01:05:05 - security - INFO - Verificando contraseña
2025-10-20 01:05:05 - security - INFO - Contraseña verificada correctamente
2025-10-20 01:05:05 - security - INFO - Generando token de acceso
2025-10-20 01:05:05 - security - INFO - Token de acceso generado exitosamente
2025-10-25 15:06:16 - security - INFO - Generando hash de contraseña
2025-10-25 15:06:17 - security - INFO - Hash de contraseña generado exitosamente
2025-10-25 15:12:40 - security - INFO - Generando hash de contraseña
2025-10-25 15:12:41 - security - INFO - Hash de contraseña generado exitosamente
2025-10-25 15:50:42 - security - INFO - Verificando contraseña
2025-10-25 15:50:43 - security - INFO - Contraseña verificada correctamente
2025-10-25 15:50:43 - security - INFO - Generando token de acceso
2025-10-25 15:50:43 - security - INFO - Token de acceso generado exitosamente
2025-10-25 23:26:09 - security - INFO - [security.py:13] - Generando hash de contraseña
2025-10-25 23:26:10 - security - INFO - [security.py:18] - Hash de contraseña generado exitosamente
2025-10-25 23:42:49 - security - INFO - [security.py:13] - Generando hash de contraseña
2025-10-25 23:42:49 - security - INFO - [security.py:18] - Hash de contraseña generado exitosamente
2025-10-25 23:42:49 - security - INFO - [security.py:39] - Generando token de acceso
2025-10-25 23:42:50 - security - INFO - [security.py:44] - Token de acceso generado exitosamente
2025-10-25 23:45:19 - security - INFO - [security.py:26] - Verificando contraseña
2025-10-25 23:45:19 - security - WARNING - [security.py:31] - Verificación de contraseña fallida
2025-10-25 23:45:39 - security - INFO - [security.py:26] - Verificando contraseña
2025-10-25 23:45:39 - security - INFO - [security.py:29] - Contraseña verificada correctamente
2025-10-25 23:45:39 - security - INFO - [security.py:39] - Generando token de acceso
2025-10-25 23:45:39 - security - INFO - [security.py:44] - Token de acceso generado exitosamente
2025-10-25 23:55:36 - security - INFO - [security.py:26] - Verificando contraseña
2025-10-25 23:55:36 - security - INFO - [security.py:29] - Contraseña verificada correctamente
2025-10-25 23:55:36 - security - INFO - [security.py:39] - Generando token de acceso
2025-10-25 23:55:36 - security - INFO - [security.py:44] - Token de acceso generado exitosamente
2025-10-26 21:11:16 - security - INFO - [security.py:13] - Generando hash de contraseña
2025-10-26 21:11:17 - security - INFO - [security.py:18] - Hash de contraseña generado exitosamente
2025-10-26 21:11:17 - security - INFO - [security.py:39] - Generando token de acceso
2025-10-26 21:11:17 - security - INFO - [security.py:44] - Token de acceso generado exitosamente
2025-10-26 21:13:10 - security - INFO - [security.py:26] - Verificando contraseña
2025-10-26 21:13:10 - security - INFO - [security.py:29] - Contraseña verificada correctamente
2025-10-26 21:13:10 - security - INFO - [security.py:39] - Generando token de acceso
2025-10-26 21:13:10 - security - INFO - [security.py:44] - Token de acceso generado exitosamente
2025-10-26 21:16:02 - security - INFO - [security.py:26] - Verificando contraseña
2025-10-26 21:16:02 - security - INFO - [security.py:29] - Contraseña verificada correctamente
2025-10-26 21:16:02 - security - INFO - [security.py:39] - Generando token de acceso
2025-10-26 21:16:02 - security - INFO - [security.py:44] - Token de acceso generado exitosamente
2025-10-26 22:00:45 - security - INFO - [security.py:26] - Verificando contraseña
2025-10-26 22:00:46 - security - INFO - [security.py:29] - Contraseña verificada correctamente
2025-10-26 22:00:46 - security - INFO - [security.py:39] - Generando token de acceso
2025-10-26 22:00:46 - security - INFO - [security.py:44] - Token de acceso generado exitosamente
2025-10-26 22:50:51 - security - INFO - [security.py:26] - Verificando contraseña
2025-10-26 22:50:51 - security - INFO - [security.py:29] - Contraseña verificada correctamente
2025-10-26 22:50:51 - security - INFO - [security.py:39] - Generando token de acceso
2025-10-26 22:50:51 - security - INFO - [security.py:44] - Token de acceso generado exitosamente
2025-10-26 23:40:17 - security - INFO - [security.py:26] - Verificando contraseña
2025-10-26 23:40:18 - security - INFO - [security.py:29] - Contraseña verificada correctamente
2025-10-26 23:40:18 - security - INFO - [security.py:39] - Generando token de acceso
2025-10-26 23:40:18 - security - INFO - [security.py:44] - Token de acceso generado exitosamente
2025-10-27 00:29:45 - security - INFO - [security.py:26] - Verificando contraseña
2025-10-27 00:29:45 - security - INFO - [security.py:29] - Contraseña verificada correctamente
2025-10-27 00:29:45 - security - INFO - [security.py:39] - Generando token de acceso
2025-10-27 00:29:45 - security - INFO - [security.py:44] - Token de acceso generado exitosamente
2025-10-27 00:32:04 - security - INFO - [security.py:26] - Verificando contraseña
2025-10-27 00:32:04 - security - INFO - [security.py:29] - Contraseña verificada correctamente
2025-10-27 00:32:04 - security - INFO - [security.py:39] - Generando token de acceso
2025-10-27 00:32:04 - security - INFO - [security.py:44] - Token de acceso generado exitosamente
2025-10-27 14:00:28 - security - INFO - [security.py:26] - Verificando contraseña
2025-10-27 14:00:28 - security - INFO - [security.py:29] - Contraseña verificada correctamente
2025-10-27 14:00:28 - security - INFO - [security.py:39] - Generando token de acceso
2025-10-27 14:00:28 - security - INFO - [security.py:44] - Token de acceso generado exitosamente
2025-10-27 20:05:39 - security - INFO - [security.py:26] - Verificando contraseña
2025-10-27 20:05:40 - security - INFO - [security.py:29] - Contraseña verificada correctamente
2025-10-27 20:05:40 - security - INFO - [security.py:39] - Generando token de acceso
2025-10-27 20:05:40 - security - INFO - [security.py:44] - Token de acceso generado exitosamente
2025-11-03 18:43:57 - security - INFO - [security.py:26] - Verificando contraseña
2025-11-03 18:43:58 - security - INFO - [security.py:29] - Contraseña verificada correctamente
2025-11-03 18:43:58 - security - INFO - [security.py:39] - Generando token de acceso
2025-11-03 18:43:58 - security - INFO - [security.py:44] - Token de acceso generado exitosamente
2025-11-04 01:47:52 - security - INFO - [security.py:39] - Generando token de acceso
2025-11-04 01:47:52 - security - INFO - [security.py:44] - Token de acceso generado exitosamente
2025-11-05 22:04:05 - security - INFO - [security.py:44] - Generando token de acceso
2025-11-05 22:04:05 - security - INFO - [security.py:50] - Token de acceso generado exitosamente
2025-11-05 22:05:33 - security - INFO - [security.py:44] - Generando token de acceso
2025-11-05 22:05:33 - security - INFO - [security.py:50] - Token de acceso generado exitosamente
2025-11-05 22:15:27 - security - INFO - [security.py:44] - Generando token de acceso
2025-11-05 22:15:27 - security - INFO - [security.py:50] - Token de acceso generado exitosamente
2025-11-05 22:27:42 - security - INFO - [security.py:44] - Generando token de acceso
2025-11-05 22:27:42 - security - INFO - [security.py:50] - Token de acceso generado exitosamente
2025-11-05 22:35:32 - security - INFO - [security.py:44] - Generando token de acceso
2025-11-05 22:35:32 - security - INFO - [security.py:50] - Token de acceso generado exitosamente
2025-11-05 22:39:38 - security - INFO - [security.py:44] - Generando token de acceso
2025-11-05 22:39:38 - security - INFO - [security.py:50] - Token de acceso generado exitosamente
2025-11-05 22:55:49 - security - INFO - [security.py:14] - Generando hash de contraseña
2025-11-05 22:55:49 - security - INFO - [security.py:21] - Hash de contraseña generado exitosamente
2025-11-05 22:55:49 - security - INFO - [security.py:14] - Generando hash de contraseña
2025-11-05 22:55:50 - security - INFO - [security.py:21] - Hash de contraseña generado exitosamente
2025-11-05 22:55:50 - security - INFO - [security.py:44] - Generando token de acceso
2025-11-05 22:55:50 - security - INFO - [security.py:50] - Token de acceso generado exitosamente
2025-11-05 22:55:50 - security - INFO - [security.py:14] - Generando hash de contraseña
2025-11-05 22:55:50 - security - INFO - [security.py:21] - Hash de contraseña generado exitosamente
2025-11-05 22:55:52 - security - INFO - [security.py:14] - Generando hash de contraseña
2025-11-05 22:55:52 - security - INFO - [security.py:21] - Hash de contraseña generado exitosamente
2025-11-05 22:55:53 - security - INFO - [security.py:14] - Generando hash de contraseña
2025-11-05 22:55:53 - security - INFO - [security.py:21] - Hash de contraseña generado exitosamente
2025-11-05 22:55:54 - security - INFO - [security.py:14] - Generando hash de contraseña
2025-11-05 22:55:54 - security - INFO - [security.py:21] - Hash de contraseña generado exitosamente
2025-11-05 22:55:55 - security - INFO - [security.py:14] - Generando hash de contraseña
2025-11-05 22:55:55 - security - INFO - [security.py:21] - Hash de contraseña generado exitosamente
2025-11-05 22:56:00 - security - INFO - [security.py:14] - Generando hash de contraseña
2025-11-05 22:56:00 - security - INFO - [security.py:21] - Hash de contraseña generado exitosamente
2025-11-05 22:56:01 - security - INFO - [security.py:14] - Generando hash de contraseña
2025-11-05 22:56:01 - security - INFO - [security.py:21] - Hash de contraseña generado exitosamente
2025-11-05 22:56:02 - security - INFO - [security.py:14] - Generando hash de contraseña
2025-11-05 22:56:02 - security - INFO - [security.py:21] - Hash de contraseña generado exitosamente
2025-11-05 22:56:02 - security - INFO - [security.py:14] - Generando hash de contraseña
2025-11-05 22:56:03 - security - INFO - [security.py:21] - Hash de contraseña generado exitosamente
2025-11-05 22:56:03 - security - INFO - [security.py:14] - Generando hash de contraseña
2025-11-05 22:56:04 - security - INFO - [security.py:21] - Hash de contraseña generado exitosamente
2025-11-05 22:56:04 - security - INFO - [security.py:14] - Generando hash de contraseña
2025-11-05 22:56:05 - security - INFO - [security.py:21] - Hash de contraseña generado exitosamente
2025-11-05 22:56:05 - security - INFO - [security.py:14] - Generando hash de contraseña
2025-11-05 22:56:06 - security - INFO - [security.py:21] - Hash de contraseña generado exitosamente
2025-11-05 22:56:06 - security - INFO - [security.py:14] - Generando hash de contraseña
2025-11-05 22:56:07 - security - INFO - [security.py:21] - Hash de contraseña generado exitosamente
2025-11-05 22:56:08 - security - INFO - [security.py:14] - Generando hash de contraseña
2025-11-05 22:56:08 - security - INFO - [security.py:21] - Hash de contraseña generado exitosamente
2025-11-05 22:56:09 - security - INFO - [security.py:14] - Generando hash de contraseña
2025-11-05 22:56:09 - security - INFO - [security.py:21] - Hash de contraseña generado exitosamente
2025-11-05 22:56:10 - security - INFO - [security.py:14] - Generando hash de contraseña
2025-11-05 22:56:10 - security - INFO - [security.py:21] - Hash de contraseña generado exitosamente
2025-11-05 22:56:11 - security - INFO - [security.py:14] - Generando hash de contraseña
2025-11-05 22:56:11 - security - INFO - [security.py:21] - Hash de contraseña generado exitosamente
2025-11-05 22:56:12 - security - INFO - [security.py:14] - Generando hash de contraseña
2025-11-05 22:56:12 - security - INFO - [security.py:21] - Hash de contraseña generado exitosamente
2025-11-05 22:57:20 - security - INFO - [security.py:14] - Generando hash de contraseña
2025-11-05 22:57:21 - security - INFO - [security.py:21] - Hash de contraseña generado exitosamente
2025-11-05 22:57:21 - security - INFO - [security.py:14] - Generando hash de contraseña
2025-11-05 22:57:21 - security - INFO - [security.py:21] - Hash de contraseña generado exitosamente
2025-11-05 22:57:21 - security - INFO - [security.py:44] - Generando token de acceso
2025-11-05 22:57:21 - security - INFO - [security.py:50] - Token de acceso generado exitosamente
2025-11-05 22:57:21 - security - INFO - [security.py:14] - Generando hash de contraseña
2025-11-05 22:57:22 - security - INFO - [security.py:21] - Hash de contraseña generado exitosamente
2025-11-05 22:57:22 - security - INFO - [security.py:14] - Generando hash de contraseña
2025-11-05 22:57:23 - security - INFO - [security.py:21] - Hash de contraseña generado exitosamente
2025-11-05 22:57:23 - security - INFO - [security.py:14] - Generando hash de contraseña
2025-11-05 22:57:24 - security - INFO - [security.py:21] - Hash de contraseña generado exitosamente
2025-11-05 22:57:24 - security - INFO - [security.py:14] - Generando hash de contraseña
2025-11-05 22:57:25 - security - INFO - [security.py:21] - Hash de contraseña generado exitosamente
2025-11-05 22:57:25 - security - INFO - [security.py:14] - Generando hash de contraseña
2025-11-05 22:57:26 - security - INFO - [security.py:21] - Hash de contraseña generado exitosamente
2025-11-05 22:57:30 - security - INFO - [security.py:14] - Generando hash de contraseña
2025-11-05 22:57:30 - security - INFO - [security.py:21] - Hash de contraseña generado exitosamente
2025-11-05 22:57:31 - security - INFO - [security.py:14] - Generando hash de contraseña
2025-11-05 22:57:31 - security - INFO - [security.py:21] - Hash de contraseña generado exitosamente
2025-11-05 22:57:32 - security - INFO - [security.py:14] - Generando hash de contraseña
2025-11-05 22:57:32 - security - INFO - [security.py:21] - Hash de contraseña generado exitosamente
2025-11-05 22:57:33 - security - INFO - [security.py:14] - Generando hash de contraseña
2025-11-05 22:57:33 - security - INFO - [security.py:21] - Hash de contraseña generado exitosamente
2025-11-05 22:57:34 - security - INFO - [security.py:14] - Generando hash de contraseña
2025-11-05 22:57:34 - security - INFO - [security.py:21] - Hash de contraseña generado exitosamente
2025-11-05 22:57:35 - security - INFO - [security.py:14] - Generando hash de contraseña
2025-11-05 22:57:35 - security - INFO - [security.py:21] - Hash de contraseña generado exitosamente
2025-11-05 22:57:36 - security - INFO - [security.py:14] - Generando hash de contraseña
2025-11-05 22:57:36 - security - INFO - [security.py:21] - Hash de contraseña generado exitosamente
2025-11-05 22:57:37 - security - INFO - [security.py:14] - Generando hash de contraseña
2025-11-05 22:57:37 - security - INFO - [security.py:21] - Hash de contraseña generado exitosamente
2025-11-05 22:57:38 - security - INFO - [security.py:14] - Generando hash de contraseña
2025-11-05 22:57:38 - security - INFO - [security.py:21] - Hash de contraseña generado exitosamente
2025-11-05 22:57:39 - security - INFO - [security.py:14] - Generando hash de contraseña
2025-11-05 22:57:40 - security - INFO - [security.py:21] - Hash de contraseña generado exitosamente
2025-11-05 22:57:40 - security - INFO - [security.py:14] - Generando hash de contraseña
2025-11-05 22:57:41 - security - INFO - [security.py:21] - Hash de contraseña generado exitosamente
2025-11-05 22:57:41 - security - INFO - [security.py:14] - Generando hash de contraseña
2025-11-05 22:57:42 - security - INFO - [security.py:21] - Hash de contraseña generado exitosamente
2025-11-05 22:57:42 - security - INFO - [security.py:14] - Generando hash de contraseña
2025-11-05 22:57:43 - security - INFO - [security.py:21] - Hash de contraseña generado exitosamente
2025-11-05 22:58:39 - security - INFO - [security.py:14] - Generando hash de contraseña
2025-11-05 22:58:39 - security - INFO - [security.py:21] - Hash de contraseña generado exitosamente
2025-11-05 22:58:39 - security - INFO - [security.py:14] - Generando hash de contraseña
2025-11-05 22:58:39 - security - INFO - [security.py:21] - Hash de contraseña generado exitosamente
2025-11-05 22:58:39 - security - INFO - [security.py:44] - Generando token de acceso
2025-11-05 22:58:39 - security - INFO - [security.py:50] - Token de acceso generado exitosamente
2025-11-05 22:58:39 - security - INFO - [security.py:14] - Generando hash de contraseña
2025-11-05 22:58:40 - security - INFO - [security.py:21] - Hash de contraseña generado exitosamente
2025-11-05 22:58:41 - security - INFO - [security.py:14] - Generando hash de contraseña
2025-11-05 22:58:41 - security - INFO - [security.py:21] - Hash de contraseña generado exitosamente
2025-11-05 22:58:42 - security - INFO - [security.py:14] - Generando hash de contraseña
2025-11-05 22:58:42 - security - INFO - [security.py:21] - Hash de contraseña generado exitosamente
2025-11-05 22:58:43 - security - INFO - [security.py:14] - Generando hash de contraseña
2025-11-05 22:58:43 - security - INFO - [security.py:21] - Hash de contraseña generado exitosamente
2025-11-05 22:58:44 - security - INFO - [security.py:14] - Generando hash de contraseña
2025-11-05 22:58:44 - security - INFO - [security.py:21] - Hash de contraseña generado exitosamente
2025-11-05 22:58:48 - security - INFO - [security.py:14] - Generando hash de contraseña
2025-11-05 22:58:49 - security - INFO - [security.py:21] - Hash de contraseña generado exitosamente
2025-11-05 22:58:49 - security - INFO - [security.py:14] - Generando hash de contraseña
2025-11-05 22:58:50 - security - INFO - [security.py:21] - Hash de contraseña generado exitosamente
2025-11-05 22:58:50 - security - INFO - [security.py:14] - Generando hash de contraseña
2025-11-05 22:58:51 - security - INFO - [security.py:21] - Hash de contraseña generado exitosamente
2025-11-05 22:58:52 - security - INFO - [security.py:14] - Generando hash de contraseña
2025-11-05 22:58:52 - security - INFO - [security.py:21] - Hash de contraseña generado exitosamente
2025-11-05 22:58:53 - security - INFO - [security.py:14] - Generando hash de contraseña
2025-11-05 22:58:53 - security - INFO - [security.py:21] - Hash de contraseña generado exitosamente
2025-11-05 22:58:54 - security - INFO - [security.py:14] - Generando hash de contraseña
2025-11-05 22:58:54 - security - INFO - [security.py:21] - Hash de contraseña generado exitosamente
2025-11-05 22:58:55 - security - INFO - [security.py:14] - Generando hash de contraseña
2025-11-05 22:58:55 - security - INFO - [security.py:21] - Hash de contraseña generado exitosamente
2025-11-05 22:58:56 - security - INFO - [security.py:14] - Generando hash de contraseña
2025-11-05 22:58:56 - security - INFO - [security.py:21] - Hash de contraseña generado exitosamente
2025-11-05 22:58:57 - security - INFO - [security.py:14] - Generando hash de contraseña
2025-11-05 22:58:57 - security - INFO - [security.py:21] - Hash de contraseña generado exitosamente
2025-11-05 22:58:58 - security - INFO - [security.py:14] - Generando hash de contraseña
2025-11-05 22:58:58 - security - INFO - [security.py:21] - Hash de contraseña generado exitosamente
2025-11-05 22:58:59 - security - INFO - [security.py:14] - Generando hash de contraseña
2025-11-05 22:58:59 - security - INFO - [security.py:21] - Hash de contraseña generado exitosamente
2025-11-05 22:59:00 - security - INFO - [security.py:14] - Generando hash de contraseña
2025-11-05 22:59:00 - security - INFO - [security.py:21] - Hash de contraseña generado exitosamente
2025-11-05 22:59:01 - security - INFO - [security.py:14] - Generando hash de contraseña
2025-11-05 22:59:02 - security - INFO - [security.py:21] - Hash de contraseña generado exitosamente
2025-11-05 23:06:09 - security - INFO - [security.py:14] - Generando hash de contraseña
2025-11-05 23:06:09 - security - INFO - [security.py:21] - Hash de contraseña generado exitosamente
2025-11-05 23:06:09 - security - INFO - [security.py:14] - Generando hash de contraseña
2025-11-05 23:06:09 - security - INFO - [security.py:21] - Hash de contraseña generado exitosamente
2025-11-05 23:06:10 - security - INFO - [security.py:44] - Generando token de acceso
2025-11-05 23:06:10 - security - INFO - [security.py:50] - Token de acceso generado exitosamente
2025-11-05 23:06:10 - security - INFO - [security.py:14] - Generando hash de contraseña
2025-11-05 23:06:10 - security - INFO - [security.py:21] - Hash de contraseña generado exitosamente
2025-11-05 23:06:11 - security - INFO - [security.py:14] - Generando hash de contraseña
2025-11-05 23:06:12 - security - INFO - [security.py:21] - Hash de contraseña generado exitosamente
2025-11-05 23:06:12 - security - INFO - [security.py:14] - Generando hash de contraseña
2025-11-05 23:06:13 - security - INFO - [security.py:21] - Hash de contraseña generado exitosamente
2025-11-05 23:06:13 - security - INFO - [security.py:14] - Generando hash de contraseña
2025-11-05 23:06:14 - security - INFO - [security.py:21] - Hash de contraseña generado exitosamente
2025-11-05 23:06:15 - security - INFO - [security.py:14] - Generando hash de contraseña
2025-11-05 23:06:15 - security - INFO - [security.py:21] - Hash de contraseña generado exitosamente
2025-11-05 23:06:16 - security - INFO - [security.py:14] - Generando hash de contraseña
2025-11-05 23:06:16 - security - INFO - [security.py:21] - Hash de contraseña generado exitosamente
2025-11-05 23:06:17 - security - INFO - [security.py:14] - Generando hash de contraseña
2025-11-05 23:06:17 - security - INFO - [security.py:21] - Hash de contraseña generado exitosamente
2025-11-05 23:06:18 - security - INFO - [security.py:14] - Generando hash de contraseña
2025-11-05 23:06:19 - security - INFO - [security.py:21] - Hash de contraseña generado exitosamente
2025-11-05 23:06:19 - security - INFO - [security.py:14] - Generando hash de contraseña
2025-11-05 23:06:19 - security - INFO - [security.py:21] - Hash de contraseña generado exitosamente
2025-11-05 23:06:20 - security - INFO - [security.py:44] - Generando token de acceso
2025-11-05 23:06:20 - security - INFO - [security.py:50] - Token de acceso generado exitosamente
2025-11-05 23:06:20 - security - INFO - [security.py:44] - Generando token de acceso
2025-11-05 23:06:20 - security - INFO - [security.py:50] - Token de acceso generado exitosamente
2025-11-05 23:06:20 - security - INFO - [security.py:44] - Generando token de acceso
2025-11-05 23:06:20 - security - INFO - [security.py:50] - Token de acceso generado exitosamente
2025-11-05 23:06:21 - security - INFO - [security.py:44] - Generando token de acceso
2025-11-05 23:06:21 - security - INFO - [security.py:50] - Token de acceso generado exitosamente
2025-11-05 23:06:21 - security - INFO - [security.py:44] - Generando token de acceso
2025-11-05 23:06:21 - security - INFO - [security.py:50] - Token de acceso generado exitosamente
2025-11-05 23:06:21 - security - INFO - [security.py:44] - Generando token de acceso
2025-11-05 23:06:21 - security - INFO - [security.py:50] - Token de acceso generado exitosamente
2025-11-05 23:06:21 - security - INFO - [security.py:44] - Generando token de acceso
2025-11-05 23:06:21 - security - INFO - [security.py:50] - Token de acceso generado exitosamente
2025-11-05 23:06:21 - security - INFO - [security.py:44] - Generando token de acceso
2025-11-05 23:06:21 - security - INFO - [security.py:50] - Token de acceso generado exitosamente
2025-11-05 23:06:22 - security - INFO - [security.py:44] - Generando token de acceso
2025-11-05 23:06:22 - security - INFO - [security.py:50] - Token de acceso generado exitosamente
2025-11-05 23:06:22 - security - INFO - [security.py:44] - Generando token de acceso
2025-11-05 23:06:22 - security - INFO - [security.py:50] - Token de acceso generado exitosamente
2025-11-05 23:06:22 - security - INFO - [security.py:44] - Generando token de acceso
2025-11-05 23:06:22 - security - INFO - [security.py:50] - Token de acceso generado exitosamente
2025-11-05 23:06:22 - security - INFO - [security.py:44] - Generando token de acceso
2025-11-05 23:06:22 - security - INFO - [security.py:50] - Token de acceso generado exitosamente
2025-11-05 23:06:33 - security - INFO - [security.py:44] - Generando token de acceso
2025-11-05 23:06:33 - security - INFO - [security.py:50] - Token de acceso generado exitosamente
2025-11-05 23:11:19 - security - INFO - [security.py:14] - Generando hash de contraseña
2025-11-05 23:11:19 - security - INFO - [security.py:21] - Hash de contraseña generado exitosamente
2025-11-05 23:11:19 - security - INFO - [security.py:14] - Generando hash de contraseña
2025-11-05 23:11:19 - security - INFO - [security.py:21] - Hash de contraseña generado exitosamente
2025-11-05 23:11:19 - security - INFO - [security.py:44] - Generando token de acceso
2025-11-05 23:11:19 - security - INFO - [security.py:50] - Token de acceso generado exitosamente
2025-11-05 23:11:20 - security - INFO - [security.py:30] - Verificando contraseña
2025-11-05 23:11:20 - security - INFO - [security.py:33] - Contraseña verificada correctamente
2025-11-05 23:11:20 - security - INFO - [security.py:44] - Generando token de acceso
2025-11-05 23:11:20 - security - INFO - [security.py:50] - Token de acceso generado exitosamente
2025-11-05 23:11:20 - security - INFO - [security.py:30] - Verificando contraseña
2025-11-05 23:11:20 - security - WARNING - [security.py:35] - Verificación de contraseña fallida
2025-11-05 23:11:21 - security - INFO - [security.py:14] - Generando hash de contraseña
2025-11-05 23:11:21 - security - INFO - [security.py:21] - Hash de contraseña generado exitosamente
2025-11-05 23:11:21 - security - INFO - [security.py:30] - Verificando contraseña
2025-11-05 23:11:21 - security - INFO - [security.py:33] - Contraseña verificada correctamente
2025-11-05 23:11:22 - security - INFO - [security.py:14] - Generando hash de contraseña
2025-11-05 23:11:22 - security - INFO - [security.py:21] - Hash de contraseña generado exitosamente
2025-11-05 23:11:22 - security - INFO - [security.py:30] - Verificando contraseña
2025-11-05 23:11:22 - security - WARNING - [security.py:35] - Verificación de contraseña fallida
2025-11-05 23:11:22 - security - INFO - [security.py:14] - Generando hash de contraseña
2025-11-05 23:11:23 - security - INFO - [security.py:21] - Hash de contraseña generado exitosamente
2025-11-05 23:11:23 - security - INFO - [security.py:14] - Generando hash de contraseña
2025-11-05 23:11:23 - security - INFO - [security.py:21] - Hash de contraseña generado exitosamente
2025-11-05 23:11:23 - security - INFO - [security.py:14] - Generando hash de contraseña
2025-11-05 23:11:24 - security - INFO - [security.py:21] - Hash de contraseña generado exitosamente
2025-11-05 23:11:24 - security - INFO - [security.py:44] - Generando token de acceso
2025-11-05 23:11:24 - security - INFO - [security.py:50] - Token de acceso generado exitosamente
2025-11-05 23:11:24 - security - INFO - [security.py:44] - Generando token de acceso
2025-11-05 23:11:24 - security - INFO - [security.py:50] - Token de acceso generado exitosamente
2025-11-05 23:11:24 - security - INFO - [security.py:14] - Generando hash de contraseña
2025-11-05 23:11:24 - security - INFO - [security.py:21] - Hash de contraseña generado exitosamente
2025-11-05 23:11:24 - security - INFO - [security.py:44] - Generando token de acceso
2025-11-05 23:11:24 - security - INFO - [security.py:50] - Token de acceso generado exitosamente
2025-11-05 23:11:24 - security - INFO - [security.py:44] - Generando token de acceso
2025-11-05 23:11:24 - security - INFO - [security.py:50] - Token de acceso generado exitosamente
2025-11-05 23:11:25 - security - INFO - [security.py:44] - Generando token de acceso
2025-11-05 23:11:25 - security - INFO - [security.py:50] - Token de acceso generado exitosamente
2025-11-05 23:11:25 - security - INFO - [security.py:44] - Generando token de acceso
2025-11-05 23:11:25 - security - INFO - [security.py:50] - Token de acceso generado exitosamente
2025-11-05 23:11:25 - security - INFO - [security.py:44] - Generando token de acceso
2025-11-05 23:11:25 - security - INFO - [security.py:50] - Token de acceso generado exitosamente
2025-11-05 23:11:26 - security - INFO - [security.py:44] - Generando token de acceso
2025-11-05 23:11:26 - security - INFO - [security.py:50] - Token de acceso generado exitosamente
2025-11-05 23:11:26 - security - INFO - [security.py:44] - Generando token de acceso
2025-11-05 23:11:26 - security - INFO - [security.py:50] - Token de acceso generado exitosamente
2025-11-05 23:11:26 - security - INFO - [security.py:44] - Generando token de acceso
2025-11-05 23:11:26 - security - INFO - [security.py:50] - Token de acceso generado exitosamente
2025-11-05 23:11:26 - security - INFO - [security.py:44] - Generando token de acceso
2025-11-05 23:11:26 - security - INFO - [security.py:50] - Token de acceso generado exitosamente
2025-11-05 23:11:26 - security - INFO - [security.py:44] - Generando token de acceso
2025-11-05 23:11:26 - security - INFO - [security.py:50] - Token de acceso generado exitosamente
2025-11-05 23:11:26 - security - INFO - [security.py:44] - Generando token de acceso
2025-11-05 23:11:26 - security - INFO - [security.py:50] - Token de acceso generado exitosamente
2025-11-05 23:11:37 - security - INFO - [security.py:44] - Generando token de acceso
2025-11-05 23:11:37 - security - INFO - [security.py:50] - Token de acceso generado exitosamente
2025-11-05 23:18:46 - security - INFO - [security.py:14] - Generando hash de contraseña
2025-11-05 23:18:46 - security - INFO - [security.py:21] - Hash de contraseña generado exitosamente
2025-11-05 23:18:46 - security - INFO - [security.py:14] - Generando hash de contraseña
2025-11-05 23:18:47 - security - INFO - [security.py:21] - Hash de contraseña generado exitosamente
2025-11-05 23:18:47 - security - INFO - [security.py:44] - Generando token de acceso
2025-11-05 23:18:47 - security - INFO - [security.py:50] - Token de acceso generado exitosamente
2025-11-05 23:18:47 - security - INFO - [security.py:30] - Verificando contraseña
2025-11-05 23:18:47 - security - INFO - [security.py:33] - Contraseña verificada correctamente
2025-11-05 23:18:47 - security - INFO - [security.py:44] - Generando token de acceso
2025-11-05 23:18:47 - security - INFO - [security.py:50] - Token de acceso generado exitosamente
2025-11-05 23:18:47 - security - INFO - [security.py:30] - Verificando contraseña
2025-11-05 23:18:48 - security - WARNING - [security.py:35] - Verificación de contraseña fallida
2025-11-05 23:18:48 - security - INFO - [security.py:14] - Generando hash de contraseña
2025-11-05 23:18:48 - security - INFO - [security.py:21] - Hash de contraseña generado exitosamente
2025-11-05 23:18:48 - security - INFO - [security.py:30] - Verificando contraseña
2025-11-05 23:18:49 - security - INFO - [security.py:33] - Contraseña verificada correctamente
2025-11-05 23:18:49 - security - INFO - [security.py:14] - Generando hash de contraseña
2025-11-05 23:18:49 - security - INFO - [security.py:21] - Hash de contraseña generado exitosamente
2025-11-05 23:18:49 - security - INFO - [security.py:30] - Verificando contraseña
2025-11-05 23:18:49 - security - WARNING - [security.py:35] - Verificación de contraseña fallida
2025-11-05 23:18:50 - security - INFO - [security.py:14] - Generando hash de contraseña
2025-11-05 23:18:50 - security - INFO - [security.py:21] - Hash de contraseña generado exitosamente
2025-11-05 23:18:50 - security - INFO - [security.py:14] - Generando hash de contraseña
2025-11-05 23:18:50 - security - INFO - [security.py:21] - Hash de contraseña generado exitosamente
2025-11-05 23:18:50 - security - INFO - [security.py:14] - Generando hash de contraseña
2025-11-05 23:18:51 - security - INFO - [security.py:21] - Hash de contraseña generado exitosamente
2025-11-05 23:18:51 - security - INFO - [security.py:44] - Generando token de acceso
2025-11-05 23:18:51 - security - INFO - [security.py:50] - Token de acceso generado exitosamente
2025-11-05 23:18:51 - security - INFO - [security.py:44] - Generando token de acceso
2025-11-05 23:18:51 - security - INFO - [security.py:50] - Token de acceso generado exitosamente
2025-11-05 23:18:51 - security - INFO - [security.py:14] - Generando hash de contraseña
2025-11-05 23:18:51 - security - INFO - [security.py:21] - Hash de contraseña generado exitosamente
2025-11-05 23:18:52 - security - INFO - [security.py:44] - Generando token de acceso
2025-11-05 23:18:52 - security - INFO - [security.py:50] - Token de acceso generado exitosamente
2025-11-05 23:18:52 - security - INFO - [security.py:44] - Generando token de acceso
2025-11-05 23:18:52 - security - INFO - [security.py:50] - Token de acceso generado exitosamente
2025-11-05 23:18:52 - security - INFO - [security.py:44] - Generando token de acceso
2025-11-05 23:18:52 - security - INFO - [security.py:50] - Token de acceso generado exitosamente
2025-11-05 23:18:52 - security - INFO - [security.py:44] - Generando token de acceso
2025-11-05 23:18:52 - security - INFO - [security.py:50] - Token de acceso generado exitosamente
2025-11-05 23:18:52 - security - INFO - [security.py:44] - Generando token de acceso
2025-11-05 23:18:52 - security - INFO - [security.py:50] - Token de acceso generado exitosamente
2025-11-05 23:18:53 - security - INFO - [security.py:44] - Generando token de acceso
2025-11-05 23:18:53 - security - INFO - [security.py:50] - Token de acceso generado exitosamente
2025-11-05 23:18:53 - security - INFO - [security.py:44] - Generando token de acceso
2025-11-05 23:18:53 - security - INFO - [security.py:50] - Token de acceso generado exitosamente
2025-11-05 23:18:53 - security - INFO - [security.py:44] - Generando token de acceso
2025-11-05 23:18:53 - security - INFO - [security.py:50] - Token de acceso generado exitosamente
2025-11-05 23:18:53 - security - INFO - [security.py:44] - Generando token de acceso
2025-11-05 23:18:53 - security - INFO - [security.py:50] - Token de acceso generado exitosamente
2025-11-05 23:18:53 - security - INFO - [security.py:44] - Generando token de acceso
2025-11-05 23:18:53 - security - INFO - [security.py:50] - Token de acceso generado exitosamente
2025-11-05 23:18:53 - security - INFO - [security.py:44] - Generando token de acceso
2025-11-05 23:18:53 - security - INFO - [security.py:50] - Token de acceso generado exitosamente
2025-11-05 23:19:04 - security - INFO - [security.py:44] - Generando token de acceso
2025-11-05 23:19:04 - security - INFO - [security.py:50] - Token de acceso generado exitosamente
2025-11-06 00:43:48 - security - INFO - [security.py:14] - Generando hash de contraseña
2025-11-06 00:43:48 - security - INFO - [security.py:21] - Hash de contraseña generado exitosamente
2025-11-06 00:43:48 - security - INFO - [security.py:14] - Generando hash de contraseña
2025-11-06 00:43:49 - security - INFO - [security.py:21] - Hash de contraseña generado exitosamente
2025-11-06 00:43:49 - security - INFO - [security.py:44] - Generando token de acceso
2025-11-06 00:43:49 - security - INFO - [security.py:50] - Token de acceso generado exitosamente
2025-11-06 00:43:49 - security - INFO - [security.py:14] - Generando hash de contraseña
2025-11-06 00:43:49 - security - INFO - [security.py:21] - Hash de contraseña generado exitosamente
2025-11-06 00:43:49 - security - INFO - [security.py:14] - Generando hash de contraseña
2025-11-06 00:43:50 - security - INFO - [security.py:21] - Hash de contraseña generado exitosamente
2025-11-06 00:43:50 - security - INFO - [security.py:30] - Verificando contraseña
2025-11-06 00:43:50 - security - INFO - [security.py:33] - Contraseña verificada correctamente
2025-11-06 00:43:50 - security - INFO - [security.py:44] - Generando token de acceso
2025-11-06 00:43:50 - security - INFO - [security.py:50] - Token de acceso generado exitosamente
2025-11-06 00:43:50 - security - INFO - [security.py:14] - Generando hash de contraseña
2025-11-06 00:43:51 - security - INFO - [security.py:21] - Hash de contraseña generado exitosamente
2025-11-06 00:43:51 - security - INFO - [security.py:30] - Verificando contraseña
2025-11-06 00:43:51 - security - WARNING - [security.py:35] - Verificación de contraseña fallida
2025-11-06 00:43:51 - security - INFO - [security.py:14] - Generando hash de contraseña
2025-11-06 00:43:52 - security - INFO - [security.py:21] - Hash de contraseña generado exitosamente
2025-11-06 00:43:52 - security - INFO - [security.py:14] - Generando hash de contraseña
2025-11-06 00:43:52 - security - INFO - [security.py:21] - Hash de contraseña generado exitosamente
2025-11-06 00:43:52 - security - INFO - [security.py:14] - Generando hash de contraseña
2025-11-06 00:43:53 - security - INFO - [security.py:21] - Hash de contraseña generado exitosamente
2025-11-06 00:43:53 - security - INFO - [security.py:30] - Verificando contraseña
2025-11-06 00:43:53 - security - INFO - [security.py:33] - Contraseña verificada correctamente
2025-11-06 00:43:53 - security - INFO - [security.py:14] - Generando hash de contraseña
2025-11-06 00:43:53 - security - INFO - [security.py:21] - Hash de contraseña generado exitosamente
2025-11-06 00:43:53 - security - INFO - [security.py:30] - Verificando contraseña
2025-11-06 00:43:54 - security - WARNING - [security.py:35] - Verificación de contraseña fallida
2025-11-06 00:43:54 - security - INFO - [security.py:14] - Generando hash de contraseña
2025-11-06 00:43:54 - security - INFO - [security.py:21] - Hash de contraseña generado exitosamente
2025-11-06 00:43:55 - security - INFO - [security.py:14] - Generando hash de contraseña
2025-11-06 00:43:55 - security - INFO - [security.py:21] - Hash de contraseña generado exitosamente
2025-11-06 00:43:55 - security - INFO - [security.py:14] - Generando hash de contraseña
2025-11-06 00:43:55 - security - INFO - [security.py:21] - Hash de contraseña generado exitosamente
2025-11-06 00:43:55 - security - INFO - [security.py:44] - Generando token de acceso
2025-11-06 00:43:55 - security - INFO - [security.py:50] - Token de acceso generado exitosamente
2025-11-06 00:43:56 - security - INFO - [security.py:14] - Generando hash de contraseña
2025-11-06 00:43:56 - security - INFO - [security.py:21] - Hash de contraseña generado exitosamente
2025-11-06 00:43:56 - security - INFO - [security.py:44] - Generando token de acceso
2025-11-06 00:43:56 - security - INFO - [security.py:50] - Token de acceso generado exitosamente
2025-11-06 00:43:56 - security - INFO - [security.py:14] - Generando hash de contraseña
2025-11-06 00:43:57 - security - INFO - [security.py:21] - Hash de contraseña generado exitosamente
2025-11-06 00:43:57 - security - INFO - [security.py:14] - Generando hash de contraseña
2025-11-06 00:43:57 - security - INFO - [security.py:21] - Hash de contraseña generado exitosamente
2025-11-06 00:43:57 - security - INFO - [security.py:14] - Generando hash de contraseña
2025-11-06 00:43:57 - security - INFO - [security.py:21] - Hash de contraseña generado exitosamente
2025-11-06 00:43:57 - security - INFO - [security.py:44] - Generando token de acceso
2025-11-06 00:43:57 - security - INFO - [security.py:50] - Token de acceso generado exitosamente
2025-11-06 00:43:58 - security - INFO - [security.py:14] - Generando hash de contraseña
2025-11-06 00:43:58 - security - INFO - [security.py:21] - Hash de contraseña generado exitosamente
2025-11-06 00:43:58 - security - INFO - [security.py:44] - Generando token de acceso
2025-11-06 00:43:58 - security - INFO - [security.py:50] - Token de acceso generado exitosamente
2025-11-06 00:43:58 - security - INFO - [security.py:14] - Generando hash de contraseña
2025-11-06 00:43:59 - security - INFO - [security.py:21] - Hash de contraseña generado exitosamente
2025-11-06 00:43:59 - security - INFO - [security.py:44] - Generando token de acceso
2025-11-06 00:43:59 - security - INFO - [security.py:50] - Token de acceso generado exitosamente
2025-11-06 00:43:59 - security - INFO - [security.py:14] - Generando hash de contraseña
2025-11-06 00:43:59 - security - INFO - [security.py:21] - Hash de contraseña generado exitosamente
2025-11-06 00:43:59 - security - INFO - [security.py:44] - Generando token de acceso
2025-11-06 00:43:59 - security - INFO - [security.py:50] - Token de acceso generado exitosamente
2025-11-06 00:43:59 - security - INFO - [security.py:14] - Generando hash de contraseña
2025-11-06 00:44:00 - security - INFO - [security.py:21] - Hash de contraseña generado exitosamente
2025-11-06 00:44:00 - security - INFO - [security.py:44] - Generando token de acceso
2025-11-06 00:44:00 - security - INFO - [security.py:50] - Token de acceso generado exitosamente
2025-11-06 00:44:00 - security - INFO - [security.py:14] - Generando hash de contraseña
2025-11-06 00:44:00 - security - INFO - [security.py:21] - Hash de contraseña generado exitosamente
2025-11-06 00:44:00 - security - INFO - [security.py:44] - Generando token de acceso
2025-11-06 00:44:00 - security - INFO - [security.py:50] - Token de acceso generado exitosamente
2025-11-06 00:44:00 - security - INFO - [security.py:14] - Generando hash de contraseña
2025-11-06 00:44:01 - security - INFO - [security.py:21] - Hash de contraseña generado exitosamente
2025-11-06 00:44:01 - security - INFO - [security.py:44] - Generando token de acceso
2025-11-06 00:44:01 - security - INFO - [security.py:50] - Token de acceso generado exitosamente
2025-11-06 00:44:01 - security - INFO - [security.py:14] - Generando hash de contraseña
2025-11-06 00:44:01 - security - INFO - [security.py:21] - Hash de contraseña generado exitosamente
2025-11-06 00:44:02 - security - INFO - [security.py:14] - Generando hash de contraseña
2025-11-06 00:44:02 - security - INFO - [security.py:21] - Hash de contraseña generado exitosamente
2025-11-06 00:44:02 - security - INFO - [security.py:44] - Generando token de acceso
2025-11-06 00:44:02 - security - INFO - [security.py:50] - Token de acceso generado exitosamente
2025-11-06 00:44:02 - security - INFO - [security.py:14] - Generando hash de contraseña
2025-11-06 00:44:02 - security - INFO - [security.py:21] - Hash de contraseña generado exitosamente
2025-11-06 00:44:02 - security - INFO - [security.py:44] - Generando token de acceso
2025-11-06 00:44:02 - security - INFO - [security.py:50] - Token de acceso generado exitosamente
2025-11-06 00:44:03 - security - INFO - [security.py:14] - Generando hash de contraseña
2025-11-06 00:44:03 - security - INFO - [security.py:21] - Hash de contraseña generado exitosamente
2025-11-06 00:44:03 - security - INFO - [security.py:44] - Generando token de acceso
2025-11-06 00:44:03 - security - INFO - [security.py:50] - Token de acceso generado exitosamente
2025-11-06 00:44:03 - security - INFO - [security.py:14] - Generando hash de contraseña
2025-11-06 00:44:03 - security - INFO - [security.py:21] - Hash de contraseña generado exitosamente
2025-11-06 00:44:03 - security - INFO - [security.py:14] - Generando hash de contraseña
2025-11-06 00:44:04 - security - INFO - [security.py:21] - Hash de contraseña generado exitosamente
2025-11-06 00:44:04 - security - INFO - [security.py:44] - Generando token de acceso
2025-11-06 00:44:04 - security - INFO - [security.py:50] - Token de acceso generado exitosamente
2025-11-06 00:44:04 - security - INFO - [security.py:14] - Generando hash de contraseña
2025-11-06 00:44:04 - security - INFO - [security.py:21] - Hash de contraseña generado exitosamente
2025-11-06 00:44:04 - security - INFO - [security.py:14] - Generando hash de contraseña
2025-11-06 00:44:05 - security - INFO - [security.py:21] - Hash de contraseña generado exitosamente
2025-11-06 00:44:05 - security - INFO - [security.py:14] - Generando hash de contraseña
2025-11-06 00:44:05 - security - INFO - [security.py:21] - Hash de contraseña generado exitosamente
2025-11-06 00:44:05 - security - INFO - [security.py:14] - Generando hash de contraseña
2025-11-06 00:44:06 - security - INFO - [security.py:21] - Hash de contraseña generado exitosamente
2025-11-06 00:44:06 - security - INFO - [security.py:14] - Generando hash de contraseña
2025-11-06 00:44:06 - security - INFO - [security.py:21] - Hash de contraseña generado exitosamente
2025-11-06 00:44:06 - security - INFO - [security.py:14] - Generando hash de contraseña
2025-11-06 00:44:07 - security - INFO - [security.py:21] - Hash de contraseña generado exitosamente
2025-11-06 00:44:07 - security - INFO - [security.py:14] - Generando hash de contraseña
2025-11-06 00:44:07 - security - INFO - [security.py:21] - Hash de contraseña generado exitosamente
2025-11-06 00:44:07 - security - INFO - [security.py:14] - Generando hash de contraseña
2025-11-06 00:44:07 - security - INFO - [security.py:21] - Hash de contraseña generado exitosamente
2025-11-06 00:44:08 - security - INFO - [security.py:14] - Generando hash de contraseña
2025-11-06 00:44:08 - security - INFO - [security.py:21] - Hash de contraseña generado exitosamente
2025-11-06 00:44:08 - security - INFO - [security.py:14] - Generando hash de contraseña
2025-11-06 00:44:09 - security - INFO - [security.py:21] - Hash de contraseña generado exitosamente
2025-11-06 00:44:09 - security - INFO - [security.py:14] - Generando hash de contraseña
2025-11-06 00:44:09 - security - INFO - [security.py:21] - Hash de contraseña generado exitosamente
2025-11-06 00:44:09 - security - INFO - [security.py:14] - Generando hash de contraseña
2025-11-06 00:44:10 - security - INFO - [security.py:21] - Hash de contraseña generado exitosamente
2025-11-06 00:44:10 - security - INFO - [security.py:14] - Generando hash de contraseña
2025-11-06 00:44:10 - security - INFO - [security.py:21] - Hash de contraseña generado exitosamente
2025-11-06 00:44:10 - security - INFO - [security.py:14] - Generando hash de contraseña
2025-11-06 00:44:10 - security - INFO - [security.py:21] - Hash de contraseña generado exitosamente
2025-11-06 00:44:11 - security - INFO - [security.py:14] - Generando hash de contraseña
2025-11-06 00:44:11 - security - INFO - [security.py:21] - Hash de contraseña generado exitosamente
2025-11-06 00:44:11 - security - INFO - [security.py:14] - Generando hash de contraseña
2025-11-06 00:44:11 - security - INFO - [security.py:21] - Hash de contraseña generado exitosamente
2025-11-06 00:44:11 - security - INFO - [security.py:14] - Generando hash de contraseña
2025-11-06 00:44:12 - security - INFO - [security.py:21] - Hash de contraseña generado exitosamente
2025-11-06 00:44:12 - security - INFO - [security.py:14] - Generando hash de contraseña
2025-11-06 00:44:12 - security - INFO - [security.py:21] - Hash de contraseña generado exitosamente
2025-11-06 00:44:12 - security - INFO - [security.py:14] - Generando hash de contraseña
2025-11-06 00:44:12 - security - INFO - [security.py:21] - Hash de contraseña generado exitosamente
2025-11-06 00:44:12 - security - INFO - [security.py:14] - Generando hash de contraseña
2025-11-06 00:44:13 - security - INFO - [security.py:21] - Hash de contraseña generado exitosamente
2025-11-06 00:44:13 - security - INFO - [security.py:44] - Generando token de acceso
2025-11-06 00:44:13 - security - INFO - [security.py:50] - Token de acceso generado exitosamente
2025-11-06 05:53:14 - security - INFO - [security.py:14] - Generando hash de contraseña
2025-11-06 05:53:15 - security - INFO - [security.py:21] - Hash de contraseña generado exitosamente
2025-11-06 05:53:15 - security - INFO - [security.py:14] - Generando hash de contraseña
2025-11-06 05:53:15 - security - INFO - [security.py:21] - Hash de contraseña generado exitosamente
2025-11-06 05:53:15 - security - INFO - [security.py:44] - Generando token de acceso
2025-11-06 05:53:15 - security - INFO - [security.py:50] - Token de acceso generado exitosamente
2025-11-06 05:53:15 - security - INFO - [security.py:14] - Generando hash de contraseña
2025-11-06 05:53:16 - security - INFO - [security.py:21] - Hash de contraseña generado exitosamente
2025-11-06 05:53:16 - security - INFO - [security.py:14] - Generando hash de contraseña
2025-11-06 05:53:16 - security - INFO - [security.py:21] - Hash de contraseña generado exitosamente
2025-11-06 05:53:16 - security - INFO - [security.py:30] - Verificando contraseña
2025-11-06 05:53:17 - security - INFO - [security.py:33] - Contraseña verificada correctamente
2025-11-06 05:53:17 - security - INFO - [security.py:44] - Generando token de acceso
2025-11-06 05:53:17 - security - INFO - [security.py:50] - Token de acceso generado exitosamente
2025-11-06 05:53:17 - security - INFO - [security.py:14] - Generando hash de contraseña
2025-11-06 05:53:17 - security - INFO - [security.py:21] - Hash de contraseña generado exitosamente
2025-11-06 05:53:17 - security - INFO - [security.py:30] - Verificando contraseña
2025-11-06 05:53:18 - security - WARNING - [security.py:35] - Verificación de contraseña fallida
2025-11-06 05:53:18 - security - INFO - [security.py:14] - Generando hash de contraseña
2025-11-06 05:53:18 - security - INFO - [security.py:21] - Hash de contraseña generado exitosamente
2025-11-06 05:53:18 - security - INFO - [security.py:14] - Generando hash de contraseña
2025-11-06 05:53:19 - security - INFO - [security.py:21] - Hash de contraseña generado exitosamente
2025-11-06 05:53:19 - security - INFO - [security.py:14] - Generando hash de contraseña
2025-11-06 05:53:19 - security - INFO - [security.py:21] - Hash de contraseña generado exitosamente
2025-11-06 05:53:19 - security - INFO - [security.py:30] - Verificando contraseña
2025-11-06 05:53:20 - security - INFO - [security.py:33] - Contraseña verificada correctamente
2025-11-06 05:53:20 - security - INFO - [security.py:14] - Generando hash de contraseña
2025-11-06 05:53:20 - security - INFO - [security.py:21] - Hash de contraseña generado exitosamente
2025-11-06 05:53:20 - security - INFO - [security.py:30] - Verificando contraseña
2025-11-06 05:53:21 - security - WARNING - [security.py:35] - Verificación de contraseña fallida
2025-11-06 05:53:21 - security - INFO - [security.py:14] - Generando hash de contraseña
2025-11-06 05:53:21 - security - INFO - [security.py:21] - Hash de contraseña generado exitosamente
2025-11-06 05:53:22 - security - INFO - [security.py:14] - Generando hash de contraseña
2025-11-06 05:53:22 - security - INFO - [security.py:21] - Hash de contraseña generado exitosamente
2025-11-06 05:53:22 - security - INFO - [security.py:14] - Generando hash de contraseña
2025-11-06 05:53:22 - security - INFO - [security.py:21] - Hash de contraseña generado exitosamente
2025-11-06 05:53:23 - security - INFO - [security.py:44] - Generando token de acceso
2025-11-06 05:53:23 - security - INFO - [security.py:50] - Token de acceso generado exitosamente
2025-11-06 05:53:23 - security - INFO - [security.py:14] - Generando hash de contraseña
2025-11-06 05:53:23 - security - INFO - [security.py:21] - Hash de contraseña generado exitosamente
2025-11-06 05:53:23 - security - INFO - [security.py:44] - Generando token de acceso
2025-11-06 05:53:23 - security - INFO - [security.py:50] - Token de acceso generado exitosamente
2025-11-06 05:53:23 - security - INFO - [security.py:14] - Generando hash de contraseña
2025-11-06 05:53:24 - security - INFO - [security.py:21] - Hash de contraseña generado exitosamente
2025-11-06 05:53:24 - security - INFO - [security.py:14] - Generando hash de contraseña
2025-11-06 05:53:24 - security - INFO - [security.py:21] - Hash de contraseña generado exitosamente
2025-11-06 05:53:24 - security - INFO - [security.py:14] - Generando hash de contraseña
2025-11-06 05:53:25 - security - INFO - [security.py:21] - Hash de contraseña generado exitosamente
2025-11-06 05:53:25 - security - INFO - [security.py:44] - Generando token de acceso
2025-11-06 05:53:25 - security - INFO - [security.py:50] - Token de acceso generado exitosamente
2025-11-06 05:53:25 - security - INFO - [security.py:14] - Generando hash de contraseña
2025-11-06 05:53:25 - security - INFO - [security.py:21] - Hash de contraseña generado exitosamente
2025-11-06 05:53:25 - security - INFO - [security.py:44] - Generando token de acceso
2025-11-06 05:53:25 - security - INFO - [security.py:50] - Token de acceso generado exitosamente
2025-11-06 05:53:26 - security - INFO - [security.py:14] - Generando hash de contraseña
2025-11-06 05:53:26 - security - INFO - [security.py:21] - Hash de contraseña generado exitosamente
2025-11-06 05:53:26 - security - INFO - [security.py:44] - Generando token de acceso
2025-11-06 05:53:26 - security - INFO - [security.py:50] - Token de acceso generado exitosamente
2025-11-06 05:53:26 - security - INFO - [security.py:14] - Generando hash de contraseña
2025-11-06 05:53:26 - security - INFO - [security.py:21] - Hash de contraseña generado exitosamente
2025-11-06 05:53:26 - security - INFO - [security.py:44] - Generando token de acceso
2025-11-06 05:53:26 - security - INFO - [security.py:50] - Token de acceso generado exitosamente
2025-11-06 05:53:27 - security - INFO - [security.py:14] - Generando hash de contraseña
2025-11-06 05:53:27 - security - INFO - [security.py:21] - Hash de contraseña generado exitosamente
2025-11-06 05:53:27 - security - INFO - [security.py:44] - Generando token de acceso
2025-11-06 05:53:27 - security - INFO - [security.py:50] - Token de acceso generado exitosamente
2025-11-06 05:53:27 - security - INFO - [security.py:14] - Generando hash de contraseña
2025-11-06 05:53:28 - security - INFO - [security.py:21] - Hash de contraseña generado exitosamente
2025-11-06 05:53:28 - security - INFO - [security.py:44] - Generando token de acceso
2025-11-06 05:53:28 - security - INFO - [security.py:50] - Token de acceso generado exitosamente
2025-11-06 05:53:28 - security - INFO - [security.py:14] - Generando hash de contraseña
2025-11-06 05:53:29 - security - INFO - [security.py:21] - Hash de contraseña generado exitosamente
2025-11-06 05:53:29 - security - INFO - [security.py:44] - Generando token de acceso
2025-11-06 05:53:29 - security - INFO - [security.py:50] - Token de acceso generado exitosamente
2025-11-06 05:53:29 - security - INFO - [security.py:14] - Generando hash de contraseña
2025-11-06 05:53:29 - security - INFO - [security.py:21] - Hash de contraseña generado exitosamente
2025-11-06 05:53:30 - security - INFO - [security.py:14] - Generando hash de contraseña
2025-11-06 05:53:31 - security - INFO - [security.py:21] - Hash de contraseña generado exitosamente
2025-11-06 05:53:31 - security - INFO - [security.py:44] - Generando token de acceso
2025-11-06 05:53:31 - security - INFO - [security.py:50] - Token de acceso generado exitosamente
2025-11-06 05:53:31 - security - INFO - [security.py:14] - Generando hash de contraseña
2025-11-06 05:53:32 - security - INFO - [security.py:21] - Hash de contraseña generado exitosamente
2025-11-06 05:53:32 - security - INFO - [security.py:44] - Generando token de acceso
2025-11-06 05:53:32 - security - INFO - [security.py:50] - Token de acceso generado exitosamente
2025-11-06 05:53:32 - security - INFO - [security.py:14] - Generando hash de contraseña
2025-11-06 05:53:32 - security - INFO - [security.py:21] - Hash de contraseña generado exitosamente
2025-11-06 05:53:32 - security - INFO - [security.py:44] - Generando token de acceso
2025-11-06 05:53:32 - security - INFO - [security.py:50] - Token de acceso generado exitosamente
2025-11-06 05:53:32 - security - INFO - [security.py:14] - Generando hash de contraseña
2025-11-06 05:53:33 - security - INFO - [security.py:21] - Hash de contraseña generado exitosamente
2025-11-06 05:53:33 - security - INFO - [security.py:14] - Generando hash de contraseña
2025-11-06 05:53:34 - security - INFO - [security.py:21] - Hash de contraseña generado exitosamente
2025-11-06 05:53:34 - security - INFO - [security.py:44] - Generando token de acceso
2025-11-06 05:53:34 - security - INFO - [security.py:50] - Token de acceso generado exitosamente
2025-11-06 05:53:34 - security - INFO - [security.py:14] - Generando hash de contraseña
2025-11-06 05:53:34 - security - INFO - [security.py:21] - Hash de contraseña generado exitosamente
2025-11-06 05:53:35 - security - INFO - [security.py:14] - Generando hash de contraseña
2025-11-06 05:53:35 - security - INFO - [security.py:21] - Hash de contraseña generado exitosamente
2025-11-06 05:53:35 - security - INFO - [security.py:14] - Generando hash de contraseña
2025-11-06 05:53:36 - security - INFO - [security.py:21] - Hash de contraseña generado exitosamente
2025-11-06 05:53:36 - security - INFO - [security.py:14] - Generando hash de contraseña
2025-11-06 05:53:36 - security - INFO - [security.py:21] - Hash de contraseña generado exitosamente
2025-11-06 05:53:37 - security - INFO - [security.py:14] - Generando hash de contraseña
2025-11-06 05:53:37 - security - INFO - [security.py:21] - Hash de contraseña generado exitosamente
2025-11-06 05:53:37 - security - INFO - [security.py:14] - Generando hash de contraseña
2025-11-06 05:53:38 - security - INFO - [security.py:21] - Hash de contraseña generado exitosamente
2025-11-06 05:53:38 - security - INFO - [security.py:14] - Generando hash de contraseña
2025-11-06 05:53:38 - security - INFO - [security.py:21] - Hash de contraseña generado exitosamente
2025-11-06 05:53:38 - security - INFO - [security.py:14] - Generando hash de contraseña
2025-11-06 05:53:38 - security - INFO - [security.py:21] - Hash de contraseña generado exitosamente
2025-11-06 05:53:39 - security - INFO - [security.py:14] - Generando hash de contraseña
2025-11-06 05:53:39 - security - INFO - [security.py:21] - Hash de contraseña generado exitosamente
2025-11-06 05:53:39 - security - INFO - [security.py:14] - Generando hash de contraseña
2025-11-06 05:53:40 - security - INFO - [security.py:21] - Hash de contraseña generado exitosamente
2025-11-06 05:53:40 - security - INFO - [security.py:14] - Generando hash de contraseña
2025-11-06 05:53:40 - security - INFO - [security.py:21] - Hash de contraseña generado exitosamente
2025-11-06 05:53:40 - security - INFO - [security.py:14] - Generando hash de contraseña
2025-11-06 05:53:41 - security - INFO - [security.py:21] - Hash de contraseña generado exitosamente
2025-11-06 05:53:41 - security - INFO - [security.py:14] - Generando hash de contraseña
2025-11-06 05:53:41 - security - INFO - [security.py:21] - Hash de contraseña generado exitosamente
2025-11-06 05:53:41 - security - INFO - [security.py:14] - Generando hash de contraseña
2025-11-06 05:53:41 - security - INFO - [security.py:21] - Hash de contraseña generado exitosamente
2025-11-06 05:53:42 - security - INFO - [security.py:14] - Generando hash de contraseña
2025-11-06 05:53:42 - security - INFO - [security.py:21] - Hash de contraseña generado exitosamente
2025-11-06 05:53:42 - security - INFO - [security.py:14] - Generando hash de contraseña
2025-11-06 05:53:42 - security - INFO - [security.py:21] - Hash de contraseña generado exitosamente
2025-11-06 05:53:42 - security - INFO - [security.py:14] - Generando hash de contraseña
2025-11-06 05:53:43 - security - INFO - [security.py:21] - Hash de contraseña generado exitosamente
2025-11-06 05:53:43 - security - INFO - [security.py:14] - Generando hash de contraseña
2025-11-06 05:53:43 - security - INFO - [security.py:21] - Hash de contraseña generado exitosamente
2025-11-06 05:53:43 - security - INFO - [security.py:14] - Generando hash de contraseña
2025-11-06 05:53:44 - security - INFO - [security.py:21] - Hash de contraseña generado exitosamente
2025-11-06 05:53:44 - security - INFO - [security.py:14] - Generando hash de contraseña
2025-11-06 05:53:44 - security - INFO - [security.py:21] - Hash de contraseña generado exitosamente
2025-11-06 05:53:44 - security - INFO - [security.py:44] - Generando token de acceso
2025-11-06 05:53:44 - security - INFO - [security.py:50] - Token de acceso generado exitosamente
