2025-11-04 01:47:51 - tarea_service - INFO - [tarea_service.py:14] - Creando tarea con datos: {'titulo': 'Test', 'categoria': 'cocina', 'asignado_a': 1, 'id_hogar': 1}
2025-11-04 01:47:51 - tarea_service - ERROR - [tarea_service.py:22] - Error al crear tarea: 'async_generator' object has no attribute 'add'
2025-11-04 01:47:52 - tarea_service - INFO - [tarea_service.py:14] - Creando tarea con datos: {'titulo': 'Lavar platos', 'categoria': 'cocina', 'asignado_a': 1, 'id_hogar': 1}
2025-11-04 01:47:52 - tarea_service - ERROR - [tarea_service.py:22] - Error al crear tarea: 'async_generator' object has no attribute 'add'
2025-11-04 01:47:52 - tarea_service - INFO - [tarea_service.py:14] - Creando tarea con datos: {'titulo': 'Test', 'categoria': 'limpieza', 'asignado_a': 1, 'id_hogar': 1}
2025-11-04 01:47:52 - tarea_service - ERROR - [tarea_service.py:22] - Error al crear tarea: 'async_generator' object has no attribute 'add'
2025-11-05 19:16:19 - tarea_service - INFO - [tarea_service.py:14] - Creando tarea con datos: {'titulo': 'Test', 'categoria': 'cocina', 'asignado_a': 1, 'id_hogar': 1}
2025-11-05 19:16:19 - tarea_service - ERROR - [tarea_service.py:22] - Error al crear tarea: 'async_generator' object has no attribute 'add'
2025-11-05 19:16:20 - tarea_service - INFO - [tarea_service.py:14] - Creando tarea con datos: {'titulo': 'Lavar platos', 'categoria': 'cocina', 'asignado_a': 1, 'id_hogar': 1}
2025-11-05 19:16:20 - tarea_service - ERROR - [tarea_service.py:22] - Error al crear tarea: 'async_generator' object has no attribute 'add'
2025-11-05 19:16:20 - tarea_service - INFO - [tarea_service.py:14] - Creando tarea con datos: {'titulo': 'Test', 'categoria': 'limpieza', 'asignado_a': 1, 'id_hogar': 1}
2025-11-05 19:16:20 - tarea_service - ERROR - [tarea_service.py:22] - Error al crear tarea: 'async_generator' object has no attribute 'add'
2025-11-05 19:33:40 - tarea_service - INFO - [tarea_service.py:14] - Creando tarea con datos: {'titulo': 'Test', 'categoria': 'cocina', 'asignado_a': 1, 'id_hogar': 1}
2025-11-05 19:33:40 - tarea_service - ERROR - [tarea_service.py:22] - Error al crear tarea: 'async_generator' object has no attribute 'add'
2025-11-05 19:33:41 - tarea_service - INFO - [tarea_service.py:14] - Creando tarea con datos: {'titulo': 'Lavar platos', 'categoria': 'cocina', 'asignado_a': 1, 'id_hogar': 1}
2025-11-05 19:33:41 - tarea_service - ERROR - [tarea_service.py:22] - Error al crear tarea: 'async_generator' object has no attribute 'add'
2025-11-05 19:33:41 - tarea_service - INFO - [tarea_service.py:14] - Creando tarea con datos: {'titulo': 'Test', 'categoria': 'limpieza', 'asignado_a': 1, 'id_hogar': 1}
2025-11-05 19:33:41 - tarea_service - ERROR - [tarea_service.py:22] - Error al crear tarea: 'async_generator' object has no attribute 'add'
2025-11-05 19:50:52 - tarea_service - INFO - [tarea_service.py:14] - Creando tarea con datos: {'titulo': 'Test', 'categoria': 'cocina', 'asignado_a': 1, 'id_hogar': 1}
2025-11-05 19:50:52 - tarea_service - ERROR - [tarea_service.py:22] - Error al crear tarea: 'async_generator' object has no attribute 'add'
2025-11-05 19:50:52 - tarea_service - INFO - [tarea_service.py:14] - Creando tarea con datos: {'titulo': 'Lavar platos', 'categoria': 'cocina', 'asignado_a': 1, 'id_hogar': 1}
2025-11-05 19:50:52 - tarea_service - ERROR - [tarea_service.py:22] - Error al crear tarea: 'async_generator' object has no attribute 'add'
2025-11-05 19:50:52 - tarea_service - INFO - [tarea_service.py:14] - Creando tarea con datos: {'titulo': 'Test', 'categoria': 'limpieza', 'asignado_a': 1, 'id_hogar': 1}
2025-11-05 19:50:52 - tarea_service - ERROR - [tarea_service.py:22] - Error al crear tarea: 'async_generator' object has no attribute 'add'
2025-11-05 22:04:04 - tarea_service - INFO - [tarea_service.py:14] - Creando tarea con datos: {'titulo': 'Test', 'categoria': 'cocina', 'asignado_a': 1, 'id_hogar': 1}
2025-11-05 22:04:04 - tarea_service - INFO - [tarea_service.py:19] - Tarea creada exitosamente con ID: 1
2025-11-05 22:04:05 - tarea_service - INFO - [tarea_service.py:14] - Creando tarea con datos: {'titulo': 'Lavar platos', 'categoria': 'cocina', 'asignado_a': 1, 'id_hogar': 1}
2025-11-05 22:04:05 - tarea_service - INFO - [tarea_service.py:19] - Tarea creada exitosamente con ID: 2
2025-11-05 22:04:05 - tarea_service - INFO - [tarea_service.py:14] - Creando tarea con datos: {'titulo': 'Test', 'categoria': 'limpieza', 'asignado_a': 1, 'id_hogar': 1}
2025-11-05 22:04:05 - tarea_service - INFO - [tarea_service.py:19] - Tarea creada exitosamente con ID: 3
2025-11-05 22:04:05 - tarea_service - INFO - [tarea_service.py:90] - Actualizando estado de tarea 3 a 'completada' por miembro 1
2025-11-05 22:04:05 - tarea_service - INFO - [tarea_service.py:29] - Buscando tarea con ID: 3
2025-11-05 22:04:05 - tarea_service - INFO - [tarea_service.py:34] - Tarea encontrada: Test
2025-11-05 22:04:05 - tarea_service - INFO - [tarea_service.py:112] - Tarea 3 completada en -17999 segundos
2025-11-05 22:04:05 - tarea_service - INFO - [tarea_service.py:117] - Estado de tarea 3 actualizado a 'completada'
2025-11-05 22:04:05 - tarea_service - INFO - [tarea_service.py:129] - Notificación enviada por cambio de estado en tarea 3
2025-11-05 22:05:33 - tarea_service - INFO - [tarea_service.py:14] - Creando tarea con datos: {'titulo': 'Test', 'categoria': 'cocina', 'asignado_a': 1, 'id_hogar': 1}
2025-11-05 22:05:33 - tarea_service - INFO - [tarea_service.py:19] - Tarea creada exitosamente con ID: 1
2025-11-05 22:05:34 - tarea_service - INFO - [tarea_service.py:14] - Creando tarea con datos: {'titulo': 'Lavar platos', 'categoria': 'cocina', 'asignado_a': 1, 'id_hogar': 1}
2025-11-05 22:05:34 - tarea_service - INFO - [tarea_service.py:19] - Tarea creada exitosamente con ID: 2
2025-11-05 22:05:34 - tarea_service - INFO - [tarea_service.py:14] - Creando tarea con datos: {'titulo': 'Test', 'categoria': 'limpieza', 'asignado_a': 1, 'id_hogar': 1}
2025-11-05 22:05:34 - tarea_service - INFO - [tarea_service.py:19] - Tarea creada exitosamente con ID: 3
2025-11-05 22:05:34 - tarea_service - INFO - [tarea_service.py:90] - Actualizando estado de tarea 3 a 'completada' por miembro 1
2025-11-05 22:05:34 - tarea_service - INFO - [tarea_service.py:29] - Buscando tarea con ID: 3
2025-11-05 22:05:34 - tarea_service - INFO - [tarea_service.py:34] - Tarea encontrada: Test
2025-11-05 22:05:34 - tarea_service - INFO - [tarea_service.py:112] - Tarea 3 completada en -17999 segundos
2025-11-05 22:05:34 - tarea_service - INFO - [tarea_service.py:117] - Estado de tarea 3 actualizado a 'completada'
2025-11-05 22:05:34 - tarea_service - INFO - [tarea_service.py:129] - Notificación enviada por cambio de estado en tarea 3
2025-11-05 22:10:23 - tarea_service - INFO - [tarea_service.py:14] - Creando tarea con datos: {'titulo': 'Test', 'categoria': 'cocina', 'asignado_a': 1, 'id_hogar': 1}
2025-11-05 22:10:23 - tarea_service - INFO - [tarea_service.py:19] - Tarea creada exitosamente con ID: 1
2025-11-05 22:10:24 - tarea_service - INFO - [tarea_service.py:14] - Creando tarea con datos: {'titulo': 'Lavar platos', 'categoria': 'cocina', 'asignado_a': 1, 'id_hogar': 1}
2025-11-05 22:10:24 - tarea_service - INFO - [tarea_service.py:19] - Tarea creada exitosamente con ID: 2
2025-11-05 22:10:24 - tarea_service - INFO - [tarea_service.py:14] - Creando tarea con datos: {'titulo': 'Test', 'categoria': 'limpieza', 'asignado_a': 1, 'id_hogar': 1}
2025-11-05 22:10:24 - tarea_service - INFO - [tarea_service.py:19] - Tarea creada exitosamente con ID: 3
2025-11-05 22:10:24 - tarea_service - INFO - [tarea_service.py:90] - Actualizando estado de tarea 3 a 'completada' por miembro 1
2025-11-05 22:10:24 - tarea_service - INFO - [tarea_service.py:29] - Buscando tarea con ID: 3
2025-11-05 22:10:24 - tarea_service - INFO - [tarea_service.py:34] - Tarea encontrada: Test
2025-11-05 22:10:24 - tarea_service - INFO - [tarea_service.py:112] - Tarea 3 completada en -17999 segundos
2025-11-05 22:10:24 - tarea_service - INFO - [tarea_service.py:117] - Estado de tarea 3 actualizado a 'completada'
2025-11-05 22:10:24 - tarea_service - INFO - [tarea_service.py:129] - Notificación enviada por cambio de estado en tarea 3
2025-11-05 22:15:27 - tarea_service - INFO - [tarea_service.py:14] - Creando tarea con datos: {'titulo': 'Test', 'categoria': 'cocina', 'asignado_a': 1, 'id_hogar': 1}
2025-11-05 22:15:27 - tarea_service - INFO - [tarea_service.py:19] - Tarea creada exitosamente con ID: 1
2025-11-05 22:15:28 - tarea_service - INFO - [tarea_service.py:14] - Creando tarea con datos: {'titulo': 'Lavar platos', 'categoria': 'cocina', 'asignado_a': 1, 'id_hogar': 1}
2025-11-05 22:15:28 - tarea_service - INFO - [tarea_service.py:19] - Tarea creada exitosamente con ID: 2
2025-11-05 22:15:28 - tarea_service - INFO - [tarea_service.py:14] - Creando tarea con datos: {'titulo': 'Test', 'categoria': 'limpieza', 'asignado_a': 1, 'id_hogar': 1}
2025-11-05 22:15:28 - tarea_service - INFO - [tarea_service.py:19] - Tarea creada exitosamente con ID: 3
2025-11-05 22:15:28 - tarea_service - INFO - [tarea_service.py:90] - Actualizando estado de tarea 3 a 'completada' por miembro 1
2025-11-05 22:15:28 - tarea_service - INFO - [tarea_service.py:29] - Buscando tarea con ID: 3
2025-11-05 22:15:28 - tarea_service - INFO - [tarea_service.py:34] - Tarea encontrada: Test
2025-11-05 22:15:28 - tarea_service - INFO - [tarea_service.py:112] - Tarea 3 completada en -17999 segundos
2025-11-05 22:15:28 - tarea_service - INFO - [tarea_service.py:117] - Estado de tarea 3 actualizado a 'completada'
2025-11-05 22:15:28 - tarea_service - INFO - [tarea_service.py:129] - Notificación enviada por cambio de estado en tarea 3
2025-11-05 22:27:42 - tarea_service - INFO - [tarea_service.py:14] - Creando tarea con datos: {'titulo': 'Test', 'categoria': 'cocina', 'asignado_a': 1, 'id_hogar': 1}
2025-11-05 22:27:42 - tarea_service - INFO - [tarea_service.py:19] - Tarea creada exitosamente con ID: 1
2025-11-05 22:27:42 - tarea_service - INFO - [tarea_service.py:14] - Creando tarea con datos: {'titulo': 'Lavar platos', 'descripcion': None, 'categoria': 'cocina', 'fecha_limite': None, 'repeticion': 'ninguna', 'asignado_a': 1, 'id_hogar': 1, 'ubicacion': None, 'id_evento': None}
2025-11-05 22:27:42 - tarea_service - INFO - [tarea_service.py:19] - Tarea creada exitosamente con ID: 2
2025-11-05 22:27:43 - tarea_service - INFO - [tarea_service.py:14] - Creando tarea con datos: {'titulo': 'Lavar platos', 'categoria': 'cocina', 'asignado_a': 1, 'id_hogar': 1}
2025-11-05 22:27:43 - tarea_service - INFO - [tarea_service.py:19] - Tarea creada exitosamente con ID: 3
2025-11-05 22:27:43 - tarea_service - INFO - [tarea_service.py:14] - Creando tarea con datos: {'titulo': 'Test', 'categoria': 'limpieza', 'asignado_a': 1, 'id_hogar': 1}
2025-11-05 22:27:43 - tarea_service - INFO - [tarea_service.py:19] - Tarea creada exitosamente con ID: 4
2025-11-05 22:27:43 - tarea_service - INFO - [tarea_service.py:90] - Actualizando estado de tarea 4 a 'completada' por miembro 1
2025-11-05 22:27:43 - tarea_service - INFO - [tarea_service.py:29] - Buscando tarea con ID: 4
2025-11-05 22:27:43 - tarea_service - INFO - [tarea_service.py:34] - Tarea encontrada: Test
2025-11-05 22:27:43 - tarea_service - INFO - [tarea_service.py:112] - Tarea 4 completada en -17999 segundos
2025-11-05 22:27:43 - tarea_service - INFO - [tarea_service.py:117] - Estado de tarea 4 actualizado a 'completada'
2025-11-05 22:27:43 - tarea_service - INFO - [tarea_service.py:129] - Notificación enviada por cambio de estado en tarea 4
2025-11-05 22:35:32 - tarea_service - INFO - [tarea_service.py:14] - Creando tarea con datos: {'titulo': 'Test', 'categoria': 'cocina', 'asignado_a': 1, 'id_hogar': 1}
2025-11-05 22:35:32 - tarea_service - INFO - [tarea_service.py:19] - Tarea creada exitosamente con ID: 1
2025-11-05 22:35:32 - tarea_service - INFO - [tarea_service.py:14] - Creando tarea con datos: {'titulo': 'Lavar platos', 'descripcion': None, 'categoria': 'cocina', 'fecha_limite': None, 'repeticion': 'ninguna', 'asignado_a': 1, 'id_hogar': 1, 'ubicacion': None, 'id_evento': None}
2025-11-05 22:35:32 - tarea_service - INFO - [tarea_service.py:19] - Tarea creada exitosamente con ID: 2
2025-11-05 22:35:32 - tarea_service - INFO - [tarea_service.py:14] - Creando tarea con datos: {'titulo': 'Lavar platos', 'categoria': 'cocina', 'asignado_a': 1, 'id_hogar': 1}
2025-11-05 22:35:32 - tarea_service - INFO - [tarea_service.py:19] - Tarea creada exitosamente con ID: 3
2025-11-05 22:35:32 - tarea_service - INFO - [tarea_service.py:14] - Creando tarea con datos: {'titulo': 'Test', 'categoria': 'limpieza', 'asignado_a': 1, 'id_hogar': 1}
2025-11-05 22:35:32 - tarea_service - INFO - [tarea_service.py:19] - Tarea creada exitosamente con ID: 4
2025-11-05 22:35:32 - tarea_service - INFO - [tarea_service.py:90] - Actualizando estado de tarea 4 a 'completada' por miembro 1
2025-11-05 22:35:32 - tarea_service - INFO - [tarea_service.py:29] - Buscando tarea con ID: 4
2025-11-05 22:35:32 - tarea_service - INFO - [tarea_service.py:34] - Tarea encontrada: Test
2025-11-05 22:35:32 - tarea_service - INFO - [tarea_service.py:112] - Tarea 4 completada en -17999 segundos
2025-11-05 22:35:32 - tarea_service - INFO - [tarea_service.py:117] - Estado de tarea 4 actualizado a 'completada'
2025-11-05 22:35:32 - tarea_service - INFO - [tarea_service.py:129] - Notificación enviada por cambio de estado en tarea 4
2025-11-05 22:39:37 - tarea_service - INFO - [tarea_service.py:14] - Creando tarea con datos: {'titulo': 'Test', 'categoria': 'cocina', 'asignado_a': 1, 'id_hogar': 1}
2025-11-05 22:39:38 - tarea_service - INFO - [tarea_service.py:19] - Tarea creada exitosamente con ID: 1
2025-11-05 22:39:38 - tarea_service - INFO - [tarea_service.py:14] - Creando tarea con datos: {'titulo': 'Lavar platos', 'descripcion': None, 'categoria': 'cocina', 'fecha_limite': None, 'repeticion': 'ninguna', 'asignado_a': 1, 'id_hogar': 1, 'ubicacion': None, 'id_evento': None}
2025-11-05 22:39:38 - tarea_service - INFO - [tarea_service.py:19] - Tarea creada exitosamente con ID: 2
2025-11-05 22:39:38 - tarea_service - INFO - [tarea_service.py:14] - Creando tarea con datos: {'titulo': 'Lavar platos', 'categoria': 'cocina', 'asignado_a': 1, 'id_hogar': 1}
2025-11-05 22:39:38 - tarea_service - INFO - [tarea_service.py:19] - Tarea creada exitosamente con ID: 3
2025-11-05 22:39:38 - tarea_service - INFO - [tarea_service.py:14] - Creando tarea con datos: {'titulo': 'Test', 'categoria': 'limpieza', 'asignado_a': 1, 'id_hogar': 1}
2025-11-05 22:39:38 - tarea_service - INFO - [tarea_service.py:19] - Tarea creada exitosamente con ID: 4
2025-11-05 22:39:38 - tarea_service - INFO - [tarea_service.py:90] - Actualizando estado de tarea 4 a 'completada' por miembro 1
2025-11-05 22:39:38 - tarea_service - INFO - [tarea_service.py:29] - Buscando tarea con ID: 4
2025-11-05 22:39:38 - tarea_service - INFO - [tarea_service.py:34] - Tarea encontrada: Test
2025-11-05 22:39:38 - tarea_service - INFO - [tarea_service.py:112] - Tarea 4 completada en -17999 segundos
2025-11-05 22:39:38 - tarea_service - INFO - [tarea_service.py:117] - Estado de tarea 4 actualizado a 'completada'
2025-11-05 22:39:38 - tarea_service - INFO - [tarea_service.py:129] - Notificación enviada por cambio de estado en tarea 4
2025-11-05 22:56:00 - tarea_service - INFO - [tarea_service.py:14] - Creando tarea con datos: {'titulo': 'Test', 'categoria': 'cocina', 'asignado_a': 1, 'id_hogar': 1}
2025-11-05 22:56:00 - tarea_service - INFO - [tarea_service.py:19] - Tarea creada exitosamente con ID: 1
2025-11-05 22:56:22 - tarea_service - INFO - [tarea_service.py:14] - Creando tarea con datos: {'titulo': 'Lavar platos', 'categoria': 'cocina', 'asignado_a': 1, 'id_hogar': 1}
2025-11-05 22:56:22 - tarea_service - INFO - [tarea_service.py:19] - Tarea creada exitosamente con ID: 2
2025-11-05 22:56:22 - tarea_service - INFO - [tarea_service.py:14] - Creando tarea con datos: {'titulo': 'Test', 'categoria': 'limpieza', 'asignado_a': 1, 'id_hogar': 1}
2025-11-05 22:56:22 - tarea_service - INFO - [tarea_service.py:19] - Tarea creada exitosamente con ID: 3
2025-11-05 22:56:22 - tarea_service - INFO - [tarea_service.py:90] - Actualizando estado de tarea 3 a 'completada' por miembro 1
2025-11-05 22:56:22 - tarea_service - INFO - [tarea_service.py:29] - Buscando tarea con ID: 3
2025-11-05 22:56:22 - tarea_service - INFO - [tarea_service.py:34] - Tarea encontrada: Test
2025-11-05 22:56:22 - tarea_service - INFO - [tarea_service.py:112] - Tarea 3 completada en -17999 segundos
2025-11-05 22:56:22 - tarea_service - INFO - [tarea_service.py:117] - Estado de tarea 3 actualizado a 'completada'
2025-11-05 22:56:22 - tarea_service - INFO - [tarea_service.py:129] - Notificación enviada por cambio de estado en tarea 3
2025-11-05 22:57:30 - tarea_service - INFO - [tarea_service.py:14] - Creando tarea con datos: {'titulo': 'Test', 'categoria': 'cocina', 'asignado_a': 1, 'id_hogar': 1}
2025-11-05 22:57:30 - tarea_service - INFO - [tarea_service.py:19] - Tarea creada exitosamente con ID: 1
2025-11-05 22:57:53 - tarea_service - INFO - [tarea_service.py:14] - Creando tarea con datos: {'titulo': 'Lavar platos', 'categoria': 'cocina', 'asignado_a': 1, 'id_hogar': 1}
2025-11-05 22:57:53 - tarea_service - INFO - [tarea_service.py:19] - Tarea creada exitosamente con ID: 2
2025-11-05 22:57:53 - tarea_service - INFO - [tarea_service.py:14] - Creando tarea con datos: {'titulo': 'Test', 'categoria': 'limpieza', 'asignado_a': 1, 'id_hogar': 1}
2025-11-05 22:57:53 - tarea_service - INFO - [tarea_service.py:19] - Tarea creada exitosamente con ID: 3
2025-11-05 22:57:53 - tarea_service - INFO - [tarea_service.py:90] - Actualizando estado de tarea 3 a 'completada' por miembro 1
2025-11-05 22:57:53 - tarea_service - INFO - [tarea_service.py:29] - Buscando tarea con ID: 3
2025-11-05 22:57:53 - tarea_service - INFO - [tarea_service.py:34] - Tarea encontrada: Test
2025-11-05 22:57:53 - tarea_service - INFO - [tarea_service.py:112] - Tarea 3 completada en -17999 segundos
2025-11-05 22:57:53 - tarea_service - INFO - [tarea_service.py:117] - Estado de tarea 3 actualizado a 'completada'
2025-11-05 22:57:53 - tarea_service - INFO - [tarea_service.py:129] - Notificación enviada por cambio de estado en tarea 3
2025-11-05 22:58:48 - tarea_service - INFO - [tarea_service.py:14] - Creando tarea con datos: {'titulo': 'Test', 'categoria': 'cocina', 'asignado_a': 1, 'id_hogar': 1}
2025-11-05 22:58:48 - tarea_service - INFO - [tarea_service.py:19] - Tarea creada exitosamente con ID: 1
2025-11-05 22:59:12 - tarea_service - INFO - [tarea_service.py:14] - Creando tarea con datos: {'titulo': 'Lavar platos', 'categoria': 'cocina', 'asignado_a': 1, 'id_hogar': 1}
2025-11-05 22:59:12 - tarea_service - INFO - [tarea_service.py:19] - Tarea creada exitosamente con ID: 2
2025-11-05 22:59:12 - tarea_service - INFO - [tarea_service.py:14] - Creando tarea con datos: {'titulo': 'Test', 'categoria': 'limpieza', 'asignado_a': 1, 'id_hogar': 1}
2025-11-05 22:59:12 - tarea_service - INFO - [tarea_service.py:19] - Tarea creada exitosamente con ID: 3
2025-11-05 22:59:12 - tarea_service - INFO - [tarea_service.py:90] - Actualizando estado de tarea 3 a 'completada' por miembro 1
2025-11-05 22:59:12 - tarea_service - INFO - [tarea_service.py:29] - Buscando tarea con ID: 3
2025-11-05 22:59:12 - tarea_service - INFO - [tarea_service.py:34] - Tarea encontrada: Test
2025-11-05 22:59:12 - tarea_service - INFO - [tarea_service.py:112] - Tarea 3 completada en -17999 segundos
2025-11-05 22:59:12 - tarea_service - INFO - [tarea_service.py:117] - Estado de tarea 3 actualizado a 'completada'
2025-11-05 22:59:12 - tarea_service - INFO - [tarea_service.py:129] - Notificación enviada por cambio de estado en tarea 3
2025-11-05 23:06:20 - tarea_service - INFO - [tarea_service.py:14] - Creando tarea con datos: {'titulo': 'Test', 'categoria': 'cocina', 'asignado_a': 1, 'id_hogar': 1}
2025-11-05 23:06:20 - tarea_service - INFO - [tarea_service.py:19] - Tarea creada exitosamente con ID: 1
2025-11-05 23:06:33 - tarea_service - INFO - [tarea_service.py:14] - Creando tarea con datos: {'titulo': 'Lavar platos', 'categoria': 'cocina', 'asignado_a': 1, 'id_hogar': 1}
2025-11-05 23:06:33 - tarea_service - INFO - [tarea_service.py:19] - Tarea creada exitosamente con ID: 2
2025-11-05 23:06:33 - tarea_service - INFO - [tarea_service.py:14] - Creando tarea con datos: {'titulo': 'Test', 'categoria': 'limpieza', 'asignado_a': 1, 'id_hogar': 1}
2025-11-05 23:06:33 - tarea_service - INFO - [tarea_service.py:19] - Tarea creada exitosamente con ID: 3
2025-11-05 23:06:33 - tarea_service - INFO - [tarea_service.py:90] - Actualizando estado de tarea 3 a 'completada' por miembro 1
2025-11-05 23:06:33 - tarea_service - INFO - [tarea_service.py:29] - Buscando tarea con ID: 3
2025-11-05 23:06:33 - tarea_service - INFO - [tarea_service.py:34] - Tarea encontrada: Test
2025-11-05 23:06:33 - tarea_service - INFO - [tarea_service.py:112] - Tarea 3 completada en -17999 segundos
2025-11-05 23:06:33 - tarea_service - INFO - [tarea_service.py:117] - Estado de tarea 3 actualizado a 'completada'
2025-11-05 23:06:33 - tarea_service - INFO - [tarea_service.py:129] - Notificación enviada por cambio de estado en tarea 3
2025-11-05 23:11:24 - tarea_service - INFO - [tarea_service.py:14] - Creando tarea con datos: {'titulo': 'Test', 'categoria': 'cocina', 'asignado_a': 1, 'id_hogar': 1}
2025-11-05 23:11:24 - tarea_service - INFO - [tarea_service.py:19] - Tarea creada exitosamente con ID: 1
2025-11-05 23:11:37 - tarea_service - INFO - [tarea_service.py:14] - Creando tarea con datos: {'titulo': 'Lavar platos', 'categoria': 'cocina', 'asignado_a': 1, 'id_hogar': 1}
2025-11-05 23:11:37 - tarea_service - INFO - [tarea_service.py:19] - Tarea creada exitosamente con ID: 2
2025-11-05 23:11:37 - tarea_service - INFO - [tarea_service.py:14] - Creando tarea con datos: {'titulo': 'Test', 'categoria': 'limpieza', 'asignado_a': 1, 'id_hogar': 1}
2025-11-05 23:11:37 - tarea_service - INFO - [tarea_service.py:19] - Tarea creada exitosamente con ID: 3
2025-11-05 23:11:37 - tarea_service - INFO - [tarea_service.py:90] - Actualizando estado de tarea 3 a 'completada' por miembro 1
2025-11-05 23:11:37 - tarea_service - INFO - [tarea_service.py:29] - Buscando tarea con ID: 3
2025-11-05 23:11:37 - tarea_service - INFO - [tarea_service.py:34] - Tarea encontrada: Test
2025-11-05 23:11:37 - tarea_service - INFO - [tarea_service.py:112] - Tarea 3 completada en -17999 segundos
2025-11-05 23:11:37 - tarea_service - INFO - [tarea_service.py:117] - Estado de tarea 3 actualizado a 'completada'
2025-11-05 23:11:37 - tarea_service - INFO - [tarea_service.py:129] - Notificación enviada por cambio de estado en tarea 3
2025-11-05 23:18:51 - tarea_service - INFO - [tarea_service.py:14] - Creando tarea con datos: {'titulo': 'Test', 'categoria': 'cocina', 'asignado_a': 1, 'id_hogar': 1}
2025-11-05 23:18:51 - tarea_service - INFO - [tarea_service.py:19] - Tarea creada exitosamente con ID: 1
2025-11-05 23:19:04 - tarea_service - INFO - [tarea_service.py:14] - Creando tarea con datos: {'titulo': 'Lavar platos', 'categoria': 'cocina', 'asignado_a': 1, 'id_hogar': 1}
2025-11-05 23:19:04 - tarea_service - INFO - [tarea_service.py:19] - Tarea creada exitosamente con ID: 2
2025-11-05 23:19:04 - tarea_service - INFO - [tarea_service.py:14] - Creando tarea con datos: {'titulo': 'Test', 'categoria': 'limpieza', 'asignado_a': 1, 'id_hogar': 1}
2025-11-05 23:19:04 - tarea_service - INFO - [tarea_service.py:19] - Tarea creada exitosamente con ID: 3
2025-11-05 23:19:04 - tarea_service - INFO - [tarea_service.py:90] - Actualizando estado de tarea 3 a 'completada' por miembro 1
2025-11-05 23:19:04 - tarea_service - INFO - [tarea_service.py:29] - Buscando tarea con ID: 3
2025-11-05 23:19:04 - tarea_service - INFO - [tarea_service.py:34] - Tarea encontrada: Test
2025-11-05 23:19:04 - tarea_service - INFO - [tarea_service.py:112] - Tarea 3 completada en -17999 segundos
2025-11-05 23:19:04 - tarea_service - INFO - [tarea_service.py:117] - Estado de tarea 3 actualizado a 'completada'
2025-11-05 23:19:04 - tarea_service - INFO - [tarea_service.py:129] - Notificación enviada por cambio de estado en tarea 3
2025-11-06 00:43:56 - tarea_service - INFO - [tarea_service.py:14] - Creando tarea con datos: {'titulo': 'Test', 'categoria': 'cocina', 'asignado_a': 1, 'id_hogar': 1}
2025-11-06 00:43:56 - tarea_service - INFO - [tarea_service.py:19] - Tarea creada exitosamente con ID: 1
2025-11-06 00:44:13 - tarea_service - INFO - [tarea_service.py:14] - Creando tarea con datos: {'titulo': 'Lavar platos', 'descripcion': None, 'categoria': 'cocina', 'fecha_limite': None, 'repeticion': 'ninguna', 'asignado_a': 1, 'id_hogar': 1, 'ubicacion': None, 'id_evento': None}
2025-11-06 00:44:13 - tarea_service - INFO - [tarea_service.py:19] - Tarea creada exitosamente con ID: 1
2025-11-06 00:44:13 - tarea_service - INFO - [tarea_service.py:14] - Creando tarea con datos: {'titulo': 'Lavar platos', 'categoria': 'cocina', 'asignado_a': 1, 'id_hogar': 1}
2025-11-06 00:44:13 - tarea_service - INFO - [tarea_service.py:19] - Tarea creada exitosamente con ID: 1
2025-11-06 00:44:13 - tarea_service - INFO - [tarea_service.py:14] - Creando tarea con datos: {'titulo': 'Test', 'categoria': 'limpieza', 'asignado_a': 1, 'id_hogar': 1}
2025-11-06 00:44:13 - tarea_service - INFO - [tarea_service.py:19] - Tarea creada exitosamente con ID: 1
2025-11-06 00:44:13 - tarea_service - INFO - [tarea_service.py:90] - Actualizando estado de tarea 1 a 'completada' por miembro 1
2025-11-06 00:44:13 - tarea_service - INFO - [tarea_service.py:29] - Buscando tarea con ID: 1
2025-11-06 00:44:13 - tarea_service - INFO - [tarea_service.py:34] - Tarea encontrada: Test
2025-11-06 00:44:13 - tarea_service - INFO - [tarea_service.py:112] - Tarea 1 completada en -17999 segundos
2025-11-06 00:44:13 - tarea_service - INFO - [tarea_service.py:117] - Estado de tarea 1 actualizado a 'completada'
2025-11-06 00:44:13 - tarea_service - INFO - [tarea_service.py:129] - Notificación enviada por cambio de estado en tarea 1
2025-11-06 05:53:23 - tarea_service - INFO - [tarea_service.py:14] - Creando tarea con datos: {'titulo': 'Test', 'categoria': 'cocina', 'asignado_a': 1, 'id_hogar': 1}
2025-11-06 05:53:23 - tarea_service - INFO - [tarea_service.py:19] - Tarea creada exitosamente con ID: 1
2025-11-06 05:53:44 - tarea_service - INFO - [tarea_service.py:14] - Creando tarea con datos: {'titulo': 'Lavar platos', 'descripcion': None, 'categoria': 'cocina', 'fecha_limite': None, 'repeticion': 'ninguna', 'asignado_a': 1, 'id_hogar': 1, 'ubicacion': None, 'id_evento': None}
2025-11-06 05:53:44 - tarea_service - INFO - [tarea_service.py:19] - Tarea creada exitosamente con ID: 1
2025-11-06 05:53:45 - tarea_service - INFO - [tarea_service.py:14] - Creando tarea con datos: {'titulo': 'Lavar platos', 'categoria': 'cocina', 'asignado_a': 1, 'id_hogar': 1}
2025-11-06 05:53:45 - tarea_service - INFO - [tarea_service.py:19] - Tarea creada exitosamente con ID: 1
2025-11-06 05:53:45 - tarea_service - INFO - [tarea_service.py:14] - Creando tarea con datos: {'titulo': 'Test', 'categoria': 'limpieza', 'asignado_a': 1, 'id_hogar': 1}
2025-11-06 05:53:45 - tarea_service - INFO - [tarea_service.py:19] - Tarea creada exitosamente con ID: 1
2025-11-06 05:53:45 - tarea_service - INFO - [tarea_service.py:90] - Actualizando estado de tarea 1 a 'completada' por miembro 1
2025-11-06 05:53:45 - tarea_service - INFO - [tarea_service.py:29] - Buscando tarea con ID: 1
2025-11-06 05:53:45 - tarea_service - INFO - [tarea_service.py:34] - Tarea encontrada: Test
2025-11-06 05:53:45 - tarea_service - INFO - [tarea_service.py:112] - Tarea 1 completada en -17999 segundos
2025-11-06 05:53:45 - tarea_service - INFO - [tarea_service.py:117] - Estado de tarea 1 actualizado a 'completada'
2025-11-06 05:53:45 - tarea_service - INFO - [tarea_service.py:129] - Notificación enviada por cambio de estado en tarea 1
