2025-10-25 23:42:49 - auth_routes - INFO - [auth_routes.py:34] - Miembro creado y retornado desde el servicio auth_service <models.miembro.Miembro object at 0x000001D982DBAB10>
2025-10-26 21:11:17 - auth_routes - INFO - [auth_routes.py:34] - Miembro creado y retornado desde el servicio auth_service <models.miembro.Miembro object at 0x000001F6E3AB9DC0>
2025-11-05 22:55:50 - auth_routes - INFO - [auth_routes.py:40] - Miembro creado y retornado desde el servicio auth_service <models.miembro.Miembro object at 0x000001C06FE9A240>
2025-11-05 22:57:21 - auth_routes - INFO - [auth_routes.py:40] - Miembro creado y retornado desde el servicio auth_service <models.miembro.Miembro object at 0x000002F068DAD160>
2025-11-05 22:58:39 - auth_routes - INFO - [auth_routes.py:40] - Miembro creado y retornado desde el servicio auth_service <models.miembro.Miembro object at 0x0000028B823CD100>
2025-11-05 23:06:10 - auth_routes - INFO - [auth_routes.py:40] - Miembro creado y retornado desde el servicio auth_service <models.miembro.Miembro object at 0x000001FB5E827830>
2025-11-05 23:11:19 - auth_routes - INFO - [auth_routes.py:40] - Miembro creado y retornado desde el servicio auth_service <models.miembro.Miembro object at 0x0000019AC0A991C0>
2025-11-05 23:18:47 - auth_routes - INFO - [auth_routes.py:40] - Miembro creado y retornado desde el servicio auth_service <models.miembro.Miembro object at 0x000001C77B8D5130>
2025-11-06 00:43:49 - auth_routes - INFO - [auth_routes.py:40] - Miembro creado y retornado desde el servicio auth_service <models.miembro.Miembro object at 0x00000170F9F01C10>
2025-11-06 05:53:15 - auth_routes - INFO - [auth_routes.py:40] - Miembro creado y retornado desde el servicio auth_service <models.miembro.Miembro object at 0x000001EB80219760>
2025-11-06 06:36:25 - auth_routes - INFO - [auth_routes.py:40] - Miembro creado y retornado desde el servicio auth_service <models.miembro.Miembro object at 0x0000022826A03740>
2025-11-06 06:41:13 - auth_routes - INFO - [auth_routes.py:40] - Miembro creado y retornado desde el servicio auth_service <models.miembro.Miembro object at 0x0000025561335CA0>
2025-11-06 16:10:12 - auth_routes - INFO - [auth_routes.py:40] - Miembro creado y retornado desde el servicio auth_service <models.miembro.Miembro object at 0x00000289A4349C40>
2025-11-06 16:24:40 - auth_routes - INFO - [auth_routes.py:40] - Miembro creado y retornado desde el servicio auth_service <models.miembro.Miembro object at 0x000001BC16D70800>
2025-11-06 17:39:33 - auth_routes - INFO - [auth_routes.py:40] - Miembro creado y retornado desde el servicio auth_service <models.miembro.Miembro object at 0x000001BEF9149CA0>
2025-11-06 17:49:23 - auth_routes - INFO - [auth_routes.py:40] - Miembro creado y retornado desde el servicio auth_service <models.miembro.Miembro object at 0x000002B1C0D064B0>
2025-11-06 17:54:51 - auth_routes - INFO - [auth_routes.py:40] - Miembro creado y retornado desde el servicio auth_service <models.miembro.Miembro object at 0x0000013581C269C0>
2025-11-07 17:48:22 - auth_routes - INFO - [auth_routes.py:40] - Miembro creado y retornado desde el servicio auth_service <models.miembro.Miembro object at 0x00000143B4122BD0>
2025-11-07 18:50:18 - auth_routes - INFO - [auth_routes.py:40] - Miembro creado y retornado desde el servicio auth_service <models.miembro.Miembro object at 0x000001FC02143E30>
2025-11-07 19:08:59 - auth_routes - INFO - [auth_routes.py:40] - Miembro creado y retornado desde el servicio auth_service <models.miembro.Miembro object at 0x0000029B68648E60>
2025-11-07 19:19:23 - auth_routes - INFO - [auth_routes.py:40] - Miembro creado y retornado desde el servicio auth_service <models.miembro.Miembro object at 0x0000021A577E88F0>
2025-11-07 19:34:52 - auth_routes - INFO - [auth_routes.py:40] - Miembro creado y retornado desde el servicio auth_service <models.miembro.Miembro object at 0x000001CBF23E2810>
2025-11-07 20:23:39 - auth_routes - INFO - [auth_routes.py:40] - Miembro creado y retornado desde el servicio auth_service <models.miembro.Miembro object at 0x0000028156E59760>
2025-11-07 20:30:32 - auth_routes - INFO - [auth_routes.py:40] - Miembro creado y retornado desde el servicio auth_service <models.miembro.Miembro object at 0x00000296D8E99250>
2025-11-07 20:40:33 - auth_routes - INFO - [auth_routes.py:40] - Miembro creado y retornado desde el servicio auth_service <models.miembro.Miembro object at 0x0000020A9AEC9670>
2025-11-07 20:46:02 - auth_routes - INFO - [auth_routes.py:40] - Miembro creado y retornado desde el servicio auth_service <models.miembro.Miembro object at 0x0000026C42099850>
2025-11-07 20:48:44 - auth_routes - INFO - [auth_routes.py:40] - Miembro creado y retornado desde el servicio auth_service <models.miembro.Miembro object at 0x0000024A0D149670>
2025-11-07 20:53:01 - auth_routes - INFO - [auth_routes.py:40] - Miembro creado y retornado desde el servicio auth_service <models.miembro.Miembro object at 0x00000149A96F93A0>
2025-11-07 20:58:28 - auth_routes - INFO - [auth_routes.py:40] - Miembro creado y retornado desde el servicio auth_service <models.miembro.Miembro object at 0x00000269C5BA5850>
2025-11-07 21:09:04 - auth_routes - INFO - [auth_routes.py:40] - Miembro creado y retornado desde el servicio auth_service <models.miembro.Miembro object at 0x000001F06B0049B0>
2025-11-07 21:23:28 - auth_routes - INFO - [auth_routes.py:40] - Miembro creado y retornado desde el servicio auth_service <models.miembro.Miembro object at 0x000001AD856F0320>
2025-11-07 22:27:02 - auth_routes - INFO - [auth_routes.py:34] - Miembro creado y transacción confirmada: admin@example.com
2025-11-15 15:12:46 - auth_routes - INFO - [auth_routes.py:34] - Miembro creado y transacción confirmada: emanuel@postman.com
2025-11-16 08:57:42 - auth_routes - ERROR - [auth_routes.py:52] - Error interno al registrar miembro: Mapper 'mapped class Hogar->hogares' has no property 'miembros'
2025-11-17 08:57:33 - auth_routes - ERROR - [auth_routes.py:64] - Error interno al registrar miembro: Mapper 'mapped class ComentarioTarea->comentarios_tarea' has no property 'miembro'
2025-11-17 10:08:01 - auth_routes - ERROR - [auth_routes.py:64] - Error interno al registrar miembro: One or more mappers failed to initialize - can't proceed with initialization of other mappers. Triggering mapper: 'mapped class Miembro->miembros'. Original exception was: Mapper 'mapped class ComentarioTarea->comentarios_tarea' has no property 'miembro'
2025-11-17 10:08:42 - auth_routes - ERROR - [auth_routes.py:64] - Error interno al registrar miembro: One or more mappers failed to initialize - can't proceed with initialization of other mappers. Triggering mapper: 'mapped class Miembro->miembros'. Original exception was: Mapper 'mapped class ComentarioTarea->comentarios_tarea' has no property 'miembro'
2025-11-17 10:10:00 - auth_routes - ERROR - [auth_routes.py:64] - Error interno al registrar miembro: One or more mappers failed to initialize - can't proceed with initialization of other mappers. Triggering mapper: 'mapped class Miembro->miembros'. Original exception was: Mapper 'mapped class ComentarioTarea->comentarios_tarea' has no property 'miembro'
2025-11-17 10:18:11 - auth_routes - ERROR - [auth_routes.py:64] - Error interno al registrar miembro: Mapper 'mapped class Tarea->tareas' has no property 'comentarios'
2025-11-17 10:20:35 - auth_routes - ERROR - [auth_routes.py:64] - Error interno al registrar miembro: Mapper 'mapped class Tarea->tareas' has no property 'creador'
2025-11-17 22:15:01 - auth_routes - ERROR - [auth_routes.py:64] - Error interno al registrar miembro: (sqlalchemy.exc.MissingGreenlet) greenlet_spawn has not been called; can't call await_only() here. Was IO attempted in an unexpected place?
[SQL: SELECT hogares.id AS hogares_id, hogares.nombre AS hogares_nombre, hogares.estado AS hogares_estado 
FROM hogares 
WHERE hogares.id = %s]
[parameters: [{'pk_1': 3}]]
(Background on this error at: https://sqlalche.me/e/14/xd2s)
2025-11-17 22:20:49 - auth_routes - WARNING - [auth_routes.py:61] - Error de validación al registrar miembro: El correo electrónico ya se encuentra registrado en el sistema
2025-11-17 22:22:21 - auth_routes - INFO - [auth_routes.py:41] - Miembro creado y transacción confirmada: adminmaestro2@example.com
2025-11-17 23:51:43 - auth_routes - INFO - [auth_routes.py:41] - Miembro creado y transacción confirmada: admin.fundador@example.com
2025-11-17 23:51:43 - auth_routes - INFO - [auth_routes.py:41] - Miembro creado y transacción confirmada: hijo1@example.com
2025-11-17 23:51:44 - auth_routes - WARNING - [auth_routes.py:61] - Error de validación al registrar miembro: El 'id_hogar' es obligatorio para registrar un miembro no-administrador.
2025-11-17 23:51:44 - auth_routes - WARNING - [auth_routes.py:61] - Error de validación al registrar miembro: El registro de un Administrador no debe incluir un 'id_hogar'; el hogar se crea automáticamente.
2025-11-18 00:15:13 - auth_routes - INFO - [auth_routes.py:41] - Miembro creado y transacción confirmada: admin.fundador@example.com
2025-11-18 00:15:14 - auth_routes - INFO - [auth_routes.py:41] - Miembro creado y transacción confirmada: hijo1@example.com
2025-11-18 00:15:14 - auth_routes - WARNING - [auth_routes.py:61] - Error de validación al registrar miembro: El 'id_hogar' es obligatorio para registrar un miembro no-administrador.
2025-11-18 00:15:14 - auth_routes - WARNING - [auth_routes.py:61] - Error de validación al registrar miembro: El registro de un Administrador no debe incluir un 'id_hogar'; el hogar se crea automáticamente.
2025-11-18 00:55:40 - auth_routes - INFO - [auth_routes.py:41] - Miembro creado y transacción confirmada: admin.fundador@example.com
2025-11-18 00:55:40 - auth_routes - INFO - [auth_routes.py:41] - Miembro creado y transacción confirmada: hijo1@example.com
2025-11-18 00:55:41 - auth_routes - WARNING - [auth_routes.py:61] - Error de validación al registrar miembro: El 'id_hogar' es obligatorio para registrar un miembro no-administrador.
2025-11-18 00:55:41 - auth_routes - WARNING - [auth_routes.py:61] - Error de validación al registrar miembro: El registro de un Administrador no debe incluir un 'id_hogar'; el hogar se crea automáticamente.
2025-11-18 12:58:07 - auth_routes - INFO - [auth_routes.py:41] - Miembro creado y transacción confirmada: adminmaestro@example.com
2025-11-19 19:51:41 - auth_routes - INFO - [auth_routes.py:41] - Miembro creado y transacción confirmada: admin.fundador@example.com
2025-11-19 19:51:42 - auth_routes - INFO - [auth_routes.py:41] - Miembro creado y transacción confirmada: hijo1@example.com
2025-11-19 19:51:42 - auth_routes - WARNING - [auth_routes.py:61] - Error de validación al registrar miembro: El 'id_hogar' es obligatorio para registrar un miembro no-administrador.
2025-11-19 19:51:42 - auth_routes - WARNING - [auth_routes.py:61] - Error de validación al registrar miembro: El registro de un Administrador no debe incluir un 'id_hogar'; el hogar se crea automáticamente.
2025-11-19 19:56:20 - auth_routes - INFO - [auth_routes.py:41] - Miembro creado y transacción confirmada: admin.fundador@example.com
2025-11-19 19:56:21 - auth_routes - INFO - [auth_routes.py:41] - Miembro creado y transacción confirmada: hijo1@example.com
2025-11-19 19:56:21 - auth_routes - WARNING - [auth_routes.py:61] - Error de validación al registrar miembro: El 'id_hogar' es obligatorio para registrar un miembro no-administrador.
2025-11-19 19:56:21 - auth_routes - WARNING - [auth_routes.py:61] - Error de validación al registrar miembro: El registro de un Administrador no debe incluir un 'id_hogar'; el hogar se crea automáticamente.
2025-11-19 21:41:16 - auth_routes - INFO - [auth_routes.py:41] - Miembro creado y transacción confirmada: admin.fundador@example.com
2025-11-19 21:41:16 - auth_routes - INFO - [auth_routes.py:41] - Miembro creado y transacción confirmada: hijo1@example.com
2025-11-19 21:41:17 - auth_routes - WARNING - [auth_routes.py:61] - Error de validación al registrar miembro: El 'id_hogar' es obligatorio para registrar un miembro no-administrador.
2025-11-19 21:41:17 - auth_routes - WARNING - [auth_routes.py:61] - Error de validación al registrar miembro: El registro de un Administrador no debe incluir un 'id_hogar'; el hogar se crea automáticamente.
2025-11-20 09:28:39 - auth_routes - INFO - [auth_routes.py:41] - Miembro creado y transacción confirmada: admin.fundador@example.com
2025-11-20 09:28:40 - auth_routes - INFO - [auth_routes.py:41] - Miembro creado y transacción confirmada: hijo1@example.com
2025-11-20 09:28:40 - auth_routes - WARNING - [auth_routes.py:61] - Error de validación al registrar miembro: El 'id_hogar' es obligatorio para registrar un miembro no-administrador.
2025-11-20 09:28:40 - auth_routes - WARNING - [auth_routes.py:61] - Error de validación al registrar miembro: El registro de un Administrador no debe incluir un 'id_hogar'; el hogar se crea automáticamente.
2025-11-20 09:36:57 - auth_routes - INFO - [auth_routes.py:41] - Miembro creado y transacción confirmada: admin.fundador@example.com
2025-11-20 09:36:58 - auth_routes - INFO - [auth_routes.py:41] - Miembro creado y transacción confirmada: hijo1@example.com
2025-11-20 09:36:58 - auth_routes - WARNING - [auth_routes.py:61] - Error de validación al registrar miembro: El 'id_hogar' es obligatorio para registrar un miembro no-administrador.
2025-11-20 09:36:59 - auth_routes - WARNING - [auth_routes.py:61] - Error de validación al registrar miembro: El registro de un Administrador no debe incluir un 'id_hogar'; el hogar se crea automáticamente.
2025-11-20 09:53:44 - auth_routes - INFO - [auth_routes.py:41] - Miembro creado y transacción confirmada: admin.fundador@example.com
2025-11-20 09:53:45 - auth_routes - INFO - [auth_routes.py:41] - Miembro creado y transacción confirmada: hijo1@example.com
2025-11-20 09:53:45 - auth_routes - WARNING - [auth_routes.py:61] - Error de validación al registrar miembro: El 'id_hogar' es obligatorio para registrar un miembro no-administrador.
2025-11-20 09:53:45 - auth_routes - WARNING - [auth_routes.py:61] - Error de validación al registrar miembro: El registro de un Administrador no debe incluir un 'id_hogar'; el hogar se crea automáticamente.
2025-11-20 09:59:15 - auth_routes - INFO - [auth_routes.py:41] - Miembro creado y transacción confirmada: admin.fundador@example.com
2025-11-20 09:59:15 - auth_routes - INFO - [auth_routes.py:41] - Miembro creado y transacción confirmada: hijo1@example.com
2025-11-20 09:59:16 - auth_routes - WARNING - [auth_routes.py:61] - Error de validación al registrar miembro: El 'id_hogar' es obligatorio para registrar un miembro no-administrador.
2025-11-20 09:59:16 - auth_routes - WARNING - [auth_routes.py:61] - Error de validación al registrar miembro: El registro de un Administrador no debe incluir un 'id_hogar'; el hogar se crea automáticamente.
2025-11-20 10:16:29 - auth_routes - INFO - [auth_routes.py:41] - Miembro creado y transacción confirmada: admin.fundador@example.com
2025-11-20 10:16:30 - auth_routes - INFO - [auth_routes.py:41] - Miembro creado y transacción confirmada: hijo1@example.com
2025-11-20 10:16:30 - auth_routes - WARNING - [auth_routes.py:61] - Error de validación al registrar miembro: El 'id_hogar' es obligatorio para registrar un miembro no-administrador.
2025-11-20 10:16:30 - auth_routes - WARNING - [auth_routes.py:61] - Error de validación al registrar miembro: El registro de un Administrador no debe incluir un 'id_hogar'; el hogar se crea automáticamente.
2025-11-20 10:23:33 - auth_routes - INFO - [auth_routes.py:41] - Miembro creado y transacción confirmada: admin.fundador@example.com
2025-11-20 10:23:34 - auth_routes - INFO - [auth_routes.py:41] - Miembro creado y transacción confirmada: hijo1@example.com
2025-11-20 10:23:34 - auth_routes - WARNING - [auth_routes.py:61] - Error de validación al registrar miembro: El 'id_hogar' es obligatorio para registrar un miembro no-administrador.
2025-11-20 10:23:34 - auth_routes - WARNING - [auth_routes.py:61] - Error de validación al registrar miembro: El registro de un Administrador no debe incluir un 'id_hogar'; el hogar se crea automáticamente.
2025-11-22 07:48:20 - auth_routes - INFO - [auth_routes.py:41] - Miembro creado y transacción confirmada: admin.fundador@example.com
2025-11-22 07:48:21 - auth_routes - INFO - [auth_routes.py:41] - Miembro creado y transacción confirmada: hijo1@example.com
2025-11-22 07:48:21 - auth_routes - WARNING - [auth_routes.py:61] - Error de validación al registrar miembro: El 'id_hogar' es obligatorio para registrar un miembro no-administrador.
2025-11-22 07:48:21 - auth_routes - WARNING - [auth_routes.py:61] - Error de validación al registrar miembro: El registro de un Administrador no debe incluir un 'id_hogar'; el hogar se crea automáticamente.
2025-11-26 12:15:36 - auth_routes - INFO - [auth_routes.py:41] - Miembro creado y transacción confirmada: admin.fundador@example.com
2025-11-26 12:15:36 - auth_routes - INFO - [auth_routes.py:41] - Miembro creado y transacción confirmada: hijo1@example.com
2025-11-26 12:15:36 - auth_routes - WARNING - [auth_routes.py:61] - Error de validación al registrar miembro: El 'id_hogar' es obligatorio para registrar un miembro no-administrador.
2025-11-26 12:15:37 - auth_routes - WARNING - [auth_routes.py:61] - Error de validación al registrar miembro: El registro de un Administrador no debe incluir un 'id_hogar'; el hogar se crea automáticamente.
