2025-10-20 00:57:35 - main - INFO - Iniciando la aplicación...
2025-10-20 00:57:35 - main - INFO - Creando tablas en la base de datos...
2025-10-20 00:57:35 - main - INFO - Tablas creadas exitosamente
2025-10-20 01:29:39 - main - INFO - Iniciando la aplicación...
2025-10-20 01:29:39 - main - INFO - Creando tablas en la base de datos...
2025-10-20 01:29:39 - main - INFO - Tablas creadas exitosamente
2025-10-25 15:05:45 - main - INFO - Iniciando la aplicación...
2025-10-25 15:05:45 - main - INFO - Creando tablas en la base de datos...
2025-10-25 15:05:45 - main - INFO - Tablas creadas exitosamente
2025-10-25 15:10:40 - main - INFO - Iniciando la aplicación...
2025-10-25 15:10:40 - main - INFO - Creando tablas en la base de datos...
2025-10-25 15:10:41 - main - INFO - Tablas creadas exitosamente
2025-10-25 15:11:06 - main - INFO - Iniciando la aplicación...
2025-10-25 15:11:06 - main - INFO - Creando tablas en la base de datos...
2025-10-25 15:11:06 - main - INFO - Tablas creadas exitosamente
2025-10-25 15:50:30 - main - INFO - Iniciando la aplicación...
2025-10-25 15:50:30 - main - INFO - Creando tablas en la base de datos...
2025-10-25 15:50:30 - main - INFO - Tablas creadas exitosamente
2025-10-25 23:24:55 - main - INFO - [main.py:42] - Iniciando la aplicación...
2025-10-25 23:24:55 - main - INFO - [main.py:45] - Creando tablas en la base de datos...
2025-10-25 23:24:55 - main - INFO - [main.py:47] - Tablas creadas exitosamente
2025-10-25 23:25:41 - main - INFO - [main.py:42] - Iniciando la aplicación...
2025-10-25 23:25:41 - main - INFO - [main.py:45] - Creando tablas en la base de datos...
2025-10-25 23:25:42 - main - INFO - [main.py:47] - Tablas creadas exitosamente
2025-10-25 23:32:37 - main - INFO - [main.py:42] - Iniciando la aplicación...
2025-10-25 23:32:37 - main - INFO - [main.py:45] - Creando tablas en la base de datos...
2025-10-25 23:32:37 - main - INFO - [main.py:47] - Tablas creadas exitosamente
2025-10-25 23:42:27 - main - INFO - [main.py:42] - Iniciando la aplicación...
2025-10-25 23:42:27 - main - INFO - [main.py:45] - Creando tablas en la base de datos...
2025-10-25 23:42:27 - main - INFO - [main.py:47] - Tablas creadas exitosamente
2025-10-26 20:57:57 - main - INFO - [main.py:42] - Iniciando la aplicación...
2025-10-26 20:57:57 - main - INFO - [main.py:45] - Creando tablas en la base de datos...
2025-10-26 20:57:57 - main - INFO - [main.py:47] - Tablas creadas exitosamente
2025-10-26 20:58:16 - main - INFO - [main.py:42] - Iniciando la aplicación...
2025-10-26 20:58:16 - main - INFO - [main.py:45] - Creando tablas en la base de datos...
2025-10-26 20:58:16 - main - INFO - [main.py:47] - Tablas creadas exitosamente
2025-10-26 20:58:46 - main - INFO - [main.py:55] - Acceso a la ruta raíz de la API
2025-10-26 21:06:19 - main - INFO - [main.py:52] - Iniciando la aplicación...
2025-10-26 21:06:19 - main - INFO - [main.py:55] - Creando tablas en la base de datos...
2025-10-26 21:06:19 - main - INFO - [main.py:57] - Tablas creadas exitosamente
2025-10-26 21:06:26 - main - INFO - [main.py:52] - Iniciando la aplicación...
2025-10-26 21:06:26 - main - INFO - [main.py:55] - Creando tablas en la base de datos...
2025-10-26 21:06:26 - main - INFO - [main.py:57] - Tablas creadas exitosamente
2025-10-26 21:21:58 - main - INFO - [main.py:52] - Iniciando la aplicación...
2025-10-26 21:21:58 - main - INFO - [main.py:55] - Creando tablas en la base de datos...
2025-10-26 21:21:58 - main - INFO - [main.py:57] - Tablas creadas exitosamente
2025-10-26 21:24:08 - main - INFO - [main.py:52] - Iniciando la aplicación...
2025-10-26 21:24:08 - main - INFO - [main.py:55] - Creando tablas en la base de datos...
2025-10-26 21:24:08 - main - INFO - [main.py:57] - Tablas creadas exitosamente
2025-10-26 22:00:14 - main - INFO - [main.py:52] - Iniciando la aplicación...
2025-10-26 22:00:14 - main - INFO - [main.py:55] - Creando tablas en la base de datos...
2025-10-26 22:00:14 - main - INFO - [main.py:57] - Tablas creadas exitosamente
2025-10-26 22:09:07 - main - INFO - [main.py:52] - Iniciando la aplicación...
2025-10-26 22:09:07 - main - INFO - [main.py:55] - Creando tablas en la base de datos...
2025-10-26 22:09:08 - main - INFO - [main.py:57] - Tablas creadas exitosamente
2025-10-26 22:12:04 - main - INFO - [main.py:52] - Iniciando la aplicación...
2025-10-26 22:12:04 - main - INFO - [main.py:55] - Creando tablas en la base de datos...
2025-10-26 22:12:04 - main - INFO - [main.py:57] - Tablas creadas exitosamente
2025-10-26 22:12:32 - main - INFO - [main.py:52] - Iniciando la aplicación...
2025-10-26 22:12:32 - main - INFO - [main.py:55] - Creando tablas en la base de datos...
2025-10-26 22:12:32 - main - INFO - [main.py:57] - Tablas creadas exitosamente
2025-10-26 22:12:38 - main - INFO - [main.py:52] - Iniciando la aplicación...
2025-10-26 22:12:38 - main - INFO - [main.py:55] - Creando tablas en la base de datos...
2025-10-26 22:12:38 - main - INFO - [main.py:57] - Tablas creadas exitosamente
2025-10-26 22:12:50 - main - INFO - [main.py:52] - Iniciando la aplicación...
2025-10-26 22:12:50 - main - INFO - [main.py:55] - Creando tablas en la base de datos...
2025-10-26 22:12:50 - main - INFO - [main.py:57] - Tablas creadas exitosamente
2025-10-26 22:34:12 - main - INFO - [main.py:52] - Iniciando la aplicación...
2025-10-26 22:34:12 - main - INFO - [main.py:55] - Creando tablas en la base de datos...
2025-10-26 22:34:12 - main - INFO - [main.py:57] - Tablas creadas exitosamente
2025-10-26 22:34:19 - main - INFO - [main.py:52] - Iniciando la aplicación...
2025-10-26 22:34:19 - main - INFO - [main.py:55] - Creando tablas en la base de datos...
2025-10-26 22:34:19 - main - INFO - [main.py:57] - Tablas creadas exitosamente
2025-10-26 22:50:42 - main - INFO - [main.py:52] - Iniciando la aplicación...
2025-10-26 22:50:42 - main - INFO - [main.py:55] - Creando tablas en la base de datos...
2025-10-26 22:50:42 - main - INFO - [main.py:57] - Tablas creadas exitosamente
2025-10-26 23:14:21 - main - INFO - [main.py:52] - Iniciando la aplicación...
2025-10-26 23:14:21 - main - INFO - [main.py:55] - Creando tablas en la base de datos...
2025-10-26 23:14:21 - main - INFO - [main.py:57] - Tablas creadas exitosamente
2025-10-26 23:14:32 - main - INFO - [main.py:52] - Iniciando la aplicación...
2025-10-26 23:14:32 - main - INFO - [main.py:55] - Creando tablas en la base de datos...
2025-10-26 23:14:32 - main - INFO - [main.py:57] - Tablas creadas exitosamente
2025-10-26 23:14:45 - main - INFO - [main.py:52] - Iniciando la aplicación...
2025-10-26 23:14:45 - main - INFO - [main.py:55] - Creando tablas en la base de datos...
2025-10-26 23:14:45 - main - INFO - [main.py:57] - Tablas creadas exitosamente
2025-10-26 23:19:43 - main - INFO - [main.py:52] - Iniciando la aplicación...
2025-10-26 23:19:43 - main - INFO - [main.py:55] - Creando tablas en la base de datos...
2025-10-26 23:19:44 - main - INFO - [main.py:57] - Tablas creadas exitosamente
2025-10-26 23:19:56 - main - INFO - [main.py:52] - Iniciando la aplicación...
2025-10-26 23:19:56 - main - INFO - [main.py:55] - Creando tablas en la base de datos...
2025-10-26 23:19:56 - main - INFO - [main.py:57] - Tablas creadas exitosamente
2025-10-26 23:20:44 - main - INFO - [main.py:52] - Iniciando la aplicación...
2025-10-26 23:20:44 - main - INFO - [main.py:55] - Creando tablas en la base de datos...
2025-10-26 23:20:44 - main - INFO - [main.py:57] - Tablas creadas exitosamente
2025-10-26 23:34:50 - main - INFO - [main.py:52] - Iniciando la aplicación...
2025-10-26 23:34:50 - main - INFO - [main.py:55] - Creando tablas en la base de datos...
2025-10-26 23:34:51 - main - INFO - [main.py:57] - Tablas creadas exitosamente
2025-10-26 23:35:04 - main - INFO - [main.py:52] - Iniciando la aplicación...
2025-10-26 23:35:04 - main - INFO - [main.py:55] - Creando tablas en la base de datos...
2025-10-26 23:35:04 - main - INFO - [main.py:57] - Tablas creadas exitosamente
2025-10-26 23:35:17 - main - INFO - [main.py:52] - Iniciando la aplicación...
2025-10-26 23:35:17 - main - INFO - [main.py:55] - Creando tablas en la base de datos...
2025-10-26 23:35:17 - main - INFO - [main.py:57] - Tablas creadas exitosamente
2025-10-26 23:35:20 - main - INFO - [main.py:52] - Iniciando la aplicación...
2025-10-26 23:35:20 - main - INFO - [main.py:55] - Creando tablas en la base de datos...
2025-10-26 23:35:21 - main - INFO - [main.py:57] - Tablas creadas exitosamente
2025-10-26 23:36:36 - main - INFO - [main.py:52] - Iniciando la aplicación...
2025-10-26 23:36:36 - main - INFO - [main.py:55] - Creando tablas en la base de datos...
2025-10-26 23:36:37 - main - INFO - [main.py:57] - Tablas creadas exitosamente
2025-10-26 23:51:16 - main - INFO - [main.py:52] - Iniciando la aplicación...
2025-10-26 23:51:17 - main - INFO - [main.py:55] - Creando tablas en la base de datos...
2025-10-26 23:51:17 - main - INFO - [main.py:57] - Tablas creadas exitosamente
2025-10-26 23:51:24 - main - INFO - [main.py:52] - Iniciando la aplicación...
2025-10-26 23:51:24 - main - INFO - [main.py:55] - Creando tablas en la base de datos...
2025-10-26 23:51:24 - main - INFO - [main.py:57] - Tablas creadas exitosamente
2025-10-26 23:53:33 - main - INFO - [main.py:52] - Iniciando la aplicación...
2025-10-26 23:53:33 - main - INFO - [main.py:55] - Creando tablas en la base de datos...
2025-10-26 23:53:33 - main - INFO - [main.py:57] - Tablas creadas exitosamente
2025-10-26 23:59:24 - main - INFO - [main.py:52] - Iniciando la aplicación...
2025-10-26 23:59:24 - main - INFO - [main.py:55] - Creando tablas en la base de datos...
2025-10-26 23:59:24 - main - INFO - [main.py:57] - Tablas creadas exitosamente
2025-10-27 00:02:04 - main - INFO - [main.py:52] - Iniciando la aplicación...
2025-10-27 00:02:04 - main - INFO - [main.py:55] - Creando tablas en la base de datos...
2025-10-27 00:02:04 - main - INFO - [main.py:57] - Tablas creadas exitosamente
2025-10-27 00:05:33 - main - INFO - [main.py:60] - Iniciando la aplicación...
2025-10-27 00:05:33 - main - INFO - [main.py:63] - Creando tablas en la base de datos...
2025-10-27 00:05:33 - main - INFO - [main.py:65] - Tablas creadas exitosamente
2025-10-27 00:06:33 - main - INFO - [main.py:62] - Iniciando la aplicación...
2025-10-27 00:06:33 - main - INFO - [main.py:65] - Creando tablas en la base de datos...
2025-10-27 00:06:33 - main - INFO - [main.py:67] - Tablas creadas exitosamente
2025-10-27 00:14:23 - main - INFO - [main.py:62] - Iniciando la aplicación...
2025-10-27 00:14:23 - main - INFO - [main.py:65] - Creando tablas en la base de datos...
2025-10-27 00:14:23 - main - INFO - [main.py:67] - Tablas creadas exitosamente
2025-10-27 00:14:27 - main - INFO - [main.py:76] - Acceso a la ruta raíz de la API
2025-10-27 00:19:32 - main - INFO - [main.py:73] - Iniciando la aplicación...
2025-10-27 00:19:32 - main - INFO - [main.py:76] - Creando tablas en la base de datos...
2025-10-27 00:19:33 - main - INFO - [main.py:78] - Tablas creadas exitosamente
2025-10-27 00:19:42 - main - INFO - [main.py:73] - Iniciando la aplicación...
2025-10-27 00:19:42 - main - INFO - [main.py:76] - Creando tablas en la base de datos...
2025-10-27 00:19:42 - main - INFO - [main.py:78] - Tablas creadas exitosamente
2025-10-27 00:19:54 - main - INFO - [main.py:87] - Acceso a la ruta raíz de la API
2025-10-27 00:29:14 - main - INFO - [main.py:73] - Iniciando la aplicación...
2025-10-27 00:29:14 - main - INFO - [main.py:76] - Creando tablas en la base de datos...
2025-10-27 00:29:15 - main - INFO - [main.py:78] - Tablas creadas exitosamente
2025-10-27 00:29:27 - main - INFO - [main.py:87] - Acceso a la ruta raíz de la API
2025-10-27 00:31:21 - main - INFO - [main.py:73] - Iniciando la aplicación...
2025-10-27 00:31:21 - main - INFO - [main.py:76] - Creando tablas en la base de datos...
2025-10-27 00:31:21 - main - INFO - [main.py:78] - Tablas creadas exitosamente
2025-10-27 00:31:32 - main - INFO - [main.py:87] - Acceso a la ruta raíz de la API
2025-10-27 13:59:21 - main - INFO - [main.py:73] - Iniciando la aplicación...
2025-10-27 13:59:21 - main - INFO - [main.py:76] - Creando tablas en la base de datos...
2025-10-27 13:59:21 - main - INFO - [main.py:78] - Tablas creadas exitosamente
2025-10-27 13:59:29 - main - INFO - [main.py:87] - Acceso a la ruta raíz de la API
2025-10-27 20:05:21 - main - INFO - [main.py:73] - Iniciando la aplicación...
2025-10-27 20:05:21 - main - INFO - [main.py:76] - Creando tablas en la base de datos...
2025-10-27 20:05:21 - main - INFO - [main.py:78] - Tablas creadas exitosamente
2025-10-27 20:05:24 - main - INFO - [main.py:87] - Acceso a la ruta raíz de la API
2025-11-03 18:36:32 - main - INFO - [main.py:73] - Iniciando la aplicación...
2025-11-03 18:36:32 - main - INFO - [main.py:76] - Creando tablas en la base de datos...
2025-11-03 18:36:32 - main - INFO - [main.py:78] - Tablas creadas exitosamente
2025-11-03 18:43:52 - main - INFO - [main.py:75] - Iniciando la aplicación...
2025-11-03 18:43:52 - main - INFO - [main.py:78] - Creando tablas en la base de datos...
2025-11-03 18:43:52 - main - INFO - [main.py:80] - Tablas creadas exitosamente
2025-11-07 21:19:46 - main - INFO - [main.py:38] - Iniciando la aplicación...
2025-11-07 21:19:46 - main - INFO - [main.py:41] - Creando tablas en la base de datos...
2025-11-07 21:19:46 - main - INFO - [main.py:43] - Tablas creadas exitosamente
2025-11-07 21:33:13 - main - INFO - [main.py:51] - Cerrando la aplicación...
2025-11-07 21:33:19 - main - INFO - [main.py:38] - Iniciando la aplicación...
2025-11-07 21:33:19 - main - INFO - [main.py:41] - Creando tablas en la base de datos...
2025-11-07 21:33:20 - main - INFO - [main.py:43] - Tablas creadas exitosamente
2025-11-07 21:59:24 - main - INFO - [main.py:51] - Cerrando la aplicación...
2025-11-07 21:59:36 - main - INFO - [main.py:38] - Iniciando la aplicación...
2025-11-07 21:59:36 - main - INFO - [main.py:41] - Creando tablas en la base de datos...
2025-11-07 21:59:36 - main - INFO - [main.py:43] - Tablas creadas exitosamente
2025-11-07 22:07:09 - main - INFO - [main.py:38] - Iniciando la aplicación...
2025-11-07 22:07:09 - main - INFO - [main.py:41] - Creando tablas en la base de datos...
2025-11-07 22:07:09 - main - INFO - [main.py:43] - Tablas creadas exitosamente
2025-11-07 22:17:39 - main - INFO - [main.py:51] - Cerrando la aplicación...
2025-11-07 22:26:55 - main - INFO - [main.py:38] - Iniciando la aplicación...
2025-11-07 22:26:55 - main - INFO - [main.py:41] - Creando tablas en la base de datos...
2025-11-07 22:26:55 - main - INFO - [main.py:43] - Tablas creadas exitosamente
2025-11-07 22:31:46 - main - INFO - [main.py:51] - Cerrando la aplicación...
2025-11-07 22:33:53 - main - INFO - [main.py:38] - Iniciando la aplicación...
2025-11-07 22:33:53 - main - INFO - [main.py:41] - Creando tablas en la base de datos...
2025-11-07 22:33:54 - main - INFO - [main.py:43] - Tablas creadas exitosamente
2025-11-08 00:18:00 - main - INFO - [main.py:51] - Cerrando la aplicación...
2025-11-10 01:01:47 - main - INFO - [main.py:38] - Iniciando la aplicación...
2025-11-10 01:01:47 - main - INFO - [main.py:41] - Creando tablas en la base de datos...
2025-11-10 01:01:48 - main - INFO - [main.py:43] - Tablas creadas exitosamente
2025-11-10 01:37:29 - main - INFO - [main.py:51] - Cerrando la aplicación...
2025-11-13 16:18:29 - main - INFO - [main.py:38] - Iniciando la aplicación...
2025-11-13 16:18:30 - main - INFO - [main.py:41] - Creando tablas en la base de datos...
2025-11-13 16:18:30 - main - INFO - [main.py:43] - Tablas creadas exitosamente
2025-11-13 16:21:16 - main - INFO - [main.py:51] - Cerrando la aplicación...
2025-11-13 16:22:23 - main - INFO - [main.py:38] - Iniciando la aplicación...
2025-11-13 16:22:23 - main - INFO - [main.py:41] - Creando tablas en la base de datos...
2025-11-13 16:22:23 - main - INFO - [main.py:43] - Tablas creadas exitosamente
2025-11-13 16:25:49 - main - INFO - [main.py:51] - Cerrando la aplicación...
2025-11-13 16:25:53 - main - INFO - [main.py:38] - Iniciando la aplicación...
2025-11-13 16:25:54 - main - INFO - [main.py:41] - Creando tablas en la base de datos...
2025-11-13 16:25:54 - main - INFO - [main.py:43] - Tablas creadas exitosamente
2025-11-13 16:31:02 - main - INFO - [main.py:51] - Cerrando la aplicación...
2025-11-13 16:31:08 - main - INFO - [main.py:38] - Iniciando la aplicación...
2025-11-13 16:31:08 - main - INFO - [main.py:41] - Creando tablas en la base de datos...
2025-11-13 16:31:08 - main - INFO - [main.py:43] - Tablas creadas exitosamente
2025-11-13 16:31:33 - main - INFO - [main.py:51] - Cerrando la aplicación...
2025-11-13 16:31:37 - main - INFO - [main.py:38] - Iniciando la aplicación...
2025-11-13 16:31:37 - main - INFO - [main.py:41] - Creando tablas en la base de datos...
2025-11-13 16:31:37 - main - INFO - [main.py:43] - Tablas creadas exitosamente
2025-11-13 16:44:45 - main - INFO - [main.py:51] - Cerrando la aplicación...
2025-11-13 19:18:27 - main - INFO - [main.py:38] - Iniciando la aplicación...
2025-11-13 19:18:27 - main - INFO - [main.py:41] - Creando tablas en la base de datos...
2025-11-13 19:18:27 - main - INFO - [main.py:43] - Tablas creadas exitosamente
2025-11-13 19:21:42 - main - INFO - [main.py:51] - Cerrando la aplicación...
2025-11-13 19:21:47 - main - INFO - [main.py:38] - Iniciando la aplicación...
2025-11-13 19:21:47 - main - INFO - [main.py:41] - Creando tablas en la base de datos...
2025-11-13 19:21:47 - main - INFO - [main.py:43] - Tablas creadas exitosamente
2025-11-13 19:24:33 - main - INFO - [main.py:51] - Cerrando la aplicación...
2025-11-13 19:24:37 - main - INFO - [main.py:38] - Iniciando la aplicación...
2025-11-13 19:24:38 - main - INFO - [main.py:41] - Creando tablas en la base de datos...
2025-11-13 19:24:38 - main - INFO - [main.py:43] - Tablas creadas exitosamente
2025-11-13 19:28:13 - main - INFO - [main.py:51] - Cerrando la aplicación...
2025-11-13 19:28:19 - main - INFO - [main.py:38] - Iniciando la aplicación...
2025-11-13 19:28:19 - main - INFO - [main.py:41] - Creando tablas en la base de datos...
2025-11-13 19:28:19 - main - INFO - [main.py:43] - Tablas creadas exitosamente
2025-11-13 19:30:15 - main - INFO - [main.py:51] - Cerrando la aplicación...
2025-11-13 19:30:19 - main - INFO - [main.py:38] - Iniciando la aplicación...
2025-11-13 19:30:20 - main - INFO - [main.py:41] - Creando tablas en la base de datos...
2025-11-13 19:30:20 - main - INFO - [main.py:43] - Tablas creadas exitosamente
2025-11-13 19:30:46 - main - INFO - [main.py:51] - Cerrando la aplicación...
2025-11-13 19:30:49 - main - INFO - [main.py:38] - Iniciando la aplicación...
2025-11-13 19:30:49 - main - INFO - [main.py:41] - Creando tablas en la base de datos...
2025-11-13 19:30:50 - main - INFO - [main.py:43] - Tablas creadas exitosamente
2025-11-13 19:34:06 - main - INFO - [main.py:51] - Cerrando la aplicación...
2025-11-13 19:34:11 - main - INFO - [main.py:38] - Iniciando la aplicación...
2025-11-13 19:34:12 - main - INFO - [main.py:41] - Creando tablas en la base de datos...
2025-11-13 19:34:12 - main - INFO - [main.py:43] - Tablas creadas exitosamente
2025-11-13 19:34:35 - main - INFO - [main.py:51] - Cerrando la aplicación...
2025-11-13 19:34:39 - main - INFO - [main.py:38] - Iniciando la aplicación...
2025-11-13 19:34:39 - main - INFO - [main.py:41] - Creando tablas en la base de datos...
2025-11-13 19:34:40 - main - INFO - [main.py:43] - Tablas creadas exitosamente
2025-11-13 19:49:12 - main - INFO - [main.py:51] - Cerrando la aplicación...
2025-11-13 19:49:17 - main - INFO - [main.py:38] - Iniciando la aplicación...
2025-11-13 19:49:17 - main - INFO - [main.py:41] - Creando tablas en la base de datos...
2025-11-13 19:49:17 - main - INFO - [main.py:43] - Tablas creadas exitosamente
2025-11-13 19:49:58 - main - INFO - [main.py:51] - Cerrando la aplicación...
2025-11-13 19:50:02 - main - INFO - [main.py:38] - Iniciando la aplicación...
2025-11-13 19:50:02 - main - INFO - [main.py:41] - Creando tablas en la base de datos...
2025-11-13 19:50:02 - main - INFO - [main.py:43] - Tablas creadas exitosamente
2025-11-13 19:50:24 - main - INFO - [main.py:51] - Cerrando la aplicación...
2025-11-13 19:50:28 - main - INFO - [main.py:38] - Iniciando la aplicación...
2025-11-13 19:50:28 - main - INFO - [main.py:41] - Creando tablas en la base de datos...
2025-11-13 19:50:28 - main - INFO - [main.py:43] - Tablas creadas exitosamente
2025-11-13 19:50:48 - main - INFO - [main.py:51] - Cerrando la aplicación...
2025-11-13 19:50:52 - main - INFO - [main.py:38] - Iniciando la aplicación...
2025-11-13 19:50:53 - main - INFO - [main.py:41] - Creando tablas en la base de datos...
2025-11-13 19:50:53 - main - INFO - [main.py:43] - Tablas creadas exitosamente
2025-11-13 19:50:54 - main - INFO - [main.py:51] - Cerrando la aplicación...
2025-11-13 19:51:05 - main - INFO - [main.py:38] - Iniciando la aplicación...
2025-11-13 19:51:05 - main - INFO - [main.py:41] - Creando tablas en la base de datos...
2025-11-13 19:51:05 - main - INFO - [main.py:43] - Tablas creadas exitosamente
2025-11-13 20:15:52 - main - INFO - [main.py:38] - Iniciando la aplicación...
2025-11-13 20:15:52 - main - INFO - [main.py:41] - Creando tablas en la base de datos...
2025-11-13 20:15:52 - main - INFO - [main.py:43] - Tablas creadas exitosamente
2025-11-13 20:25:08 - main - INFO - [main.py:51] - Cerrando la aplicación...
2025-11-13 20:25:13 - main - INFO - [main.py:38] - Iniciando la aplicación...
2025-11-13 20:25:13 - main - INFO - [main.py:41] - Creando tablas en la base de datos...
2025-11-13 20:25:13 - main - INFO - [main.py:43] - Tablas creadas exitosamente
2025-11-13 20:27:41 - main - INFO - [main.py:51] - Cerrando la aplicación...
2025-11-13 21:59:24 - main - INFO - [main.py:38] - Iniciando la aplicación...
2025-11-13 21:59:24 - main - INFO - [main.py:41] - Creando tablas en la base de datos...
2025-11-13 21:59:24 - main - INFO - [main.py:43] - Tablas creadas exitosamente
2025-11-13 22:43:03 - main - INFO - [main.py:51] - Cerrando la aplicación...
2025-11-13 22:43:18 - main - INFO - [main.py:38] - Iniciando la aplicación...
2025-11-13 22:43:18 - main - INFO - [main.py:41] - Creando tablas en la base de datos...
2025-11-13 22:43:18 - main - INFO - [main.py:43] - Tablas creadas exitosamente
2025-11-13 22:43:30 - main - INFO - [main.py:100] - Acceso a la ruta raíz de la API
2025-11-13 23:50:58 - main - INFO - [main.py:51] - Cerrando la aplicación...
2025-11-14 23:49:55 - main - INFO - [main.py:38] - Iniciando la aplicación...
2025-11-14 23:49:56 - main - INFO - [main.py:41] - Creando tablas en la base de datos...
2025-11-14 23:49:56 - main - INFO - [main.py:43] - Tablas creadas exitosamente
2025-11-15 00:26:31 - main - INFO - [main.py:51] - Cerrando la aplicación...
2025-11-15 00:26:36 - main - INFO - [main.py:38] - Iniciando la aplicación...
2025-11-15 00:26:37 - main - INFO - [main.py:41] - Creando tablas en la base de datos...
2025-11-15 00:26:37 - main - INFO - [main.py:43] - Tablas creadas exitosamente
2025-11-15 00:32:36 - main - INFO - [main.py:51] - Cerrando la aplicación...
2025-11-15 00:32:40 - main - INFO - [main.py:38] - Iniciando la aplicación...
2025-11-15 00:32:41 - main - INFO - [main.py:41] - Creando tablas en la base de datos...
2025-11-15 00:32:41 - main - INFO - [main.py:43] - Tablas creadas exitosamente
2025-11-15 07:47:36 - main - INFO - [main.py:51] - Cerrando la aplicación...
2025-11-15 07:47:41 - main - INFO - [main.py:38] - Iniciando la aplicación...
2025-11-15 07:47:41 - main - INFO - [main.py:41] - Creando tablas en la base de datos...
2025-11-15 07:47:41 - main - INFO - [main.py:43] - Tablas creadas exitosamente
2025-11-15 08:08:55 - main - INFO - [main.py:51] - Cerrando la aplicación...
2025-11-15 08:09:23 - main - INFO - [main.py:38] - Iniciando la aplicación...
2025-11-15 08:09:23 - main - INFO - [main.py:41] - Creando tablas en la base de datos...
2025-11-15 08:09:23 - main - INFO - [main.py:43] - Tablas creadas exitosamente
2025-11-15 09:18:43 - main - INFO - [main.py:51] - Cerrando la aplicación...
2025-11-15 09:18:55 - main - INFO - [main.py:38] - Iniciando la aplicación...
2025-11-15 09:18:56 - main - INFO - [main.py:41] - Creando tablas en la base de datos...
2025-11-15 09:18:56 - main - INFO - [main.py:43] - Tablas creadas exitosamente
2025-11-15 09:59:54 - main - INFO - [main.py:51] - Cerrando la aplicación...
2025-11-15 09:59:58 - main - INFO - [main.py:38] - Iniciando la aplicación...
2025-11-15 09:59:58 - main - INFO - [main.py:41] - Creando tablas en la base de datos...
2025-11-15 09:59:58 - main - INFO - [main.py:43] - Tablas creadas exitosamente
2025-11-15 10:00:23 - main - INFO - [main.py:51] - Cerrando la aplicación...
2025-11-15 11:22:05 - main - INFO - [main.py:38] - Iniciando la aplicación...
2025-11-15 11:22:05 - main - INFO - [main.py:41] - Creando tablas en la base de datos...
2025-11-15 11:22:05 - main - INFO - [main.py:43] - Tablas creadas exitosamente
2025-11-15 11:46:44 - main - INFO - [main.py:51] - Cerrando la aplicación...
2025-11-15 11:46:49 - main - INFO - [main.py:38] - Iniciando la aplicación...
2025-11-15 11:46:49 - main - INFO - [main.py:41] - Creando tablas en la base de datos...
2025-11-15 11:46:49 - main - INFO - [main.py:43] - Tablas creadas exitosamente
2025-11-15 11:47:50 - main - INFO - [main.py:51] - Cerrando la aplicación...
2025-11-15 11:47:53 - main - INFO - [main.py:38] - Iniciando la aplicación...
2025-11-15 11:47:54 - main - INFO - [main.py:41] - Creando tablas en la base de datos...
2025-11-15 11:47:54 - main - INFO - [main.py:43] - Tablas creadas exitosamente
2025-11-15 12:12:47 - main - INFO - [main.py:51] - Cerrando la aplicación...
2025-11-15 12:12:51 - main - INFO - [main.py:38] - Iniciando la aplicación...
2025-11-15 12:12:51 - main - INFO - [main.py:41] - Creando tablas en la base de datos...
2025-11-15 12:12:51 - main - INFO - [main.py:43] - Tablas creadas exitosamente
2025-11-15 12:13:13 - main - INFO - [main.py:51] - Cerrando la aplicación...
2025-11-15 12:27:39 - main - INFO - [main.py:38] - Iniciando la aplicación...
2025-11-15 12:27:39 - main - INFO - [main.py:41] - Creando tablas en la base de datos...
2025-11-15 12:27:40 - main - INFO - [main.py:43] - Tablas creadas exitosamente
2025-11-15 12:33:03 - main - INFO - [main.py:51] - Cerrando la aplicación...
2025-11-15 12:42:25 - main - INFO - [main.py:38] - Iniciando la aplicación...
2025-11-15 12:42:25 - main - INFO - [main.py:41] - Creando tablas en la base de datos...
2025-11-15 12:42:25 - main - INFO - [main.py:43] - Tablas creadas exitosamente
2025-11-15 12:42:48 - main - INFO - [main.py:51] - Cerrando la aplicación...
2025-11-15 12:42:53 - main - INFO - [main.py:38] - Iniciando la aplicación...
2025-11-15 12:42:53 - main - INFO - [main.py:41] - Creando tablas en la base de datos...
2025-11-15 12:42:53 - main - INFO - [main.py:43] - Tablas creadas exitosamente
2025-11-15 13:08:48 - main - INFO - [main.py:51] - Cerrando la aplicación...
2025-11-15 13:46:04 - main - INFO - [main.py:38] - Iniciando la aplicación...
2025-11-15 13:46:04 - main - INFO - [main.py:41] - Creando tablas en la base de datos...
2025-11-15 13:46:04 - main - INFO - [main.py:43] - Tablas creadas exitosamente
2025-11-15 14:43:00 - main - INFO - [main.py:100] - Acceso a la ruta raíz de la API
2025-11-15 15:07:53 - main - INFO - [main.py:100] - Acceso a la ruta raíz de la API
2025-11-15 15:11:57 - main - INFO - [main.py:51] - Cerrando la aplicación...
2025-11-15 15:12:01 - main - INFO - [main.py:38] - Iniciando la aplicación...
2025-11-15 15:12:01 - main - INFO - [main.py:41] - Creando tablas en la base de datos...
2025-11-15 15:12:01 - main - INFO - [main.py:43] - Tablas creadas exitosamente
2025-11-15 23:48:15 - main - INFO - [main.py:51] - Cerrando la aplicación...
2025-11-16 08:53:53 - main - INFO - [main.py:38] - Iniciando la aplicación...
2025-11-16 08:53:53 - main - INFO - [main.py:41] - Creando tablas en la base de datos...
2025-11-16 08:53:54 - main - INFO - [main.py:43] - Tablas creadas exitosamente
2025-11-16 09:08:33 - main - INFO - [main.py:51] - Cerrando la aplicación...
2025-11-16 09:08:37 - main - INFO - [main.py:38] - Iniciando la aplicación...
2025-11-16 09:08:38 - main - INFO - [main.py:41] - Creando tablas en la base de datos...
2025-11-16 09:08:38 - main - INFO - [main.py:43] - Tablas creadas exitosamente
2025-11-16 09:09:53 - main - INFO - [main.py:51] - Cerrando la aplicación...
2025-11-16 09:09:57 - main - INFO - [main.py:38] - Iniciando la aplicación...
2025-11-16 09:09:57 - main - INFO - [main.py:41] - Creando tablas en la base de datos...
2025-11-16 09:09:57 - main - INFO - [main.py:43] - Tablas creadas exitosamente
2025-11-16 09:11:09 - main - INFO - [main.py:51] - Cerrando la aplicación...
2025-11-16 09:11:14 - main - INFO - [main.py:38] - Iniciando la aplicación...
2025-11-16 09:11:14 - main - INFO - [main.py:41] - Creando tablas en la base de datos...
2025-11-16 09:11:14 - main - INFO - [main.py:43] - Tablas creadas exitosamente
2025-11-16 09:13:09 - main - INFO - [main.py:51] - Cerrando la aplicación...
2025-11-16 09:13:13 - main - INFO - [main.py:38] - Iniciando la aplicación...
2025-11-16 09:13:13 - main - INFO - [main.py:41] - Creando tablas en la base de datos...
2025-11-16 09:13:13 - main - INFO - [main.py:43] - Tablas creadas exitosamente
2025-11-16 09:13:34 - main - INFO - [main.py:51] - Cerrando la aplicación...
2025-11-16 09:13:38 - main - INFO - [main.py:38] - Iniciando la aplicación...
2025-11-16 09:13:38 - main - INFO - [main.py:41] - Creando tablas en la base de datos...
2025-11-16 09:13:39 - main - INFO - [main.py:43] - Tablas creadas exitosamente
2025-11-16 09:15:11 - main - INFO - [main.py:51] - Cerrando la aplicación...
2025-11-16 09:15:15 - main - INFO - [main.py:38] - Iniciando la aplicación...
2025-11-16 09:15:15 - main - INFO - [main.py:41] - Creando tablas en la base de datos...
2025-11-16 09:15:15 - main - INFO - [main.py:43] - Tablas creadas exitosamente
2025-11-16 09:16:13 - main - INFO - [main.py:51] - Cerrando la aplicación...
2025-11-16 09:16:16 - main - INFO - [main.py:38] - Iniciando la aplicación...
2025-11-16 09:16:16 - main - INFO - [main.py:41] - Creando tablas en la base de datos...
2025-11-16 09:16:17 - main - INFO - [main.py:43] - Tablas creadas exitosamente
2025-11-16 09:16:37 - main - INFO - [main.py:51] - Cerrando la aplicación...
2025-11-16 09:16:41 - main - INFO - [main.py:38] - Iniciando la aplicación...
2025-11-16 09:16:41 - main - INFO - [main.py:41] - Creando tablas en la base de datos...
2025-11-16 09:16:41 - main - INFO - [main.py:43] - Tablas creadas exitosamente
2025-11-17 08:22:57 - main - INFO - [main.py:38] - Iniciando la aplicación...
2025-11-17 08:22:57 - main - INFO - [main.py:41] - Creando tablas en la base de datos...
2025-11-17 08:22:57 - main - INFO - [main.py:43] - Tablas creadas exitosamente
2025-11-17 10:16:40 - main - INFO - [main.py:51] - Cerrando la aplicación...
2025-11-17 10:17:59 - main - INFO - [main.py:38] - Iniciando la aplicación...
2025-11-17 10:18:00 - main - INFO - [main.py:41] - Creando tablas en la base de datos...
2025-11-17 10:18:00 - main - INFO - [main.py:43] - Tablas creadas exitosamente
2025-11-17 10:20:23 - main - INFO - [main.py:51] - Cerrando la aplicación...
2025-11-17 10:20:31 - main - INFO - [main.py:38] - Iniciando la aplicación...
2025-11-17 10:20:31 - main - INFO - [main.py:41] - Creando tablas en la base de datos...
2025-11-17 10:20:31 - main - INFO - [main.py:43] - Tablas creadas exitosamente
2025-11-17 10:29:24 - main - INFO - [main.py:51] - Cerrando la aplicación...
2025-11-17 10:29:27 - main - INFO - [main.py:38] - Iniciando la aplicación...
2025-11-17 10:29:27 - main - INFO - [main.py:41] - Creando tablas en la base de datos...
2025-11-17 10:29:27 - main - INFO - [main.py:43] - Tablas creadas exitosamente
2025-11-17 10:30:46 - main - INFO - [main.py:51] - Cerrando la aplicación...
2025-11-17 10:30:50 - main - INFO - [main.py:38] - Iniciando la aplicación...
2025-11-17 10:30:50 - main - INFO - [main.py:41] - Creando tablas en la base de datos...
2025-11-17 10:30:51 - main - INFO - [main.py:43] - Tablas creadas exitosamente
2025-11-17 18:53:43 - main - INFO - [main.py:51] - Cerrando la aplicación...
2025-11-17 22:14:27 - main - INFO - [main.py:38] - Iniciando la aplicación...
2025-11-17 22:14:27 - main - INFO - [main.py:41] - Creando tablas en la base de datos...
2025-11-17 22:14:28 - main - INFO - [main.py:43] - Tablas creadas exitosamente
2025-11-17 22:20:29 - main - INFO - [main.py:51] - Cerrando la aplicación...
2025-11-17 22:20:35 - main - INFO - [main.py:38] - Iniciando la aplicación...
2025-11-17 22:20:35 - main - INFO - [main.py:41] - Creando tablas en la base de datos...
2025-11-17 22:20:36 - main - INFO - [main.py:43] - Tablas creadas exitosamente
2025-11-17 22:53:08 - main - INFO - [main.py:51] - Cerrando la aplicación...
2025-11-17 22:53:12 - main - INFO - [main.py:38] - Iniciando la aplicación...
2025-11-17 22:53:12 - main - INFO - [main.py:41] - Creando tablas en la base de datos...
2025-11-17 22:53:13 - main - INFO - [main.py:43] - Tablas creadas exitosamente
2025-11-17 23:41:38 - main - INFO - [main.py:51] - Cerrando la aplicación...
2025-11-17 23:41:42 - main - INFO - [main.py:38] - Iniciando la aplicación...
2025-11-17 23:41:43 - main - INFO - [main.py:41] - Creando tablas en la base de datos...
2025-11-17 23:41:43 - main - INFO - [main.py:43] - Tablas creadas exitosamente
2025-11-17 23:44:06 - main - INFO - [main.py:51] - Cerrando la aplicación...
2025-11-17 23:44:10 - main - INFO - [main.py:38] - Iniciando la aplicación...
2025-11-17 23:44:10 - main - INFO - [main.py:41] - Creando tablas en la base de datos...
2025-11-17 23:44:10 - main - INFO - [main.py:43] - Tablas creadas exitosamente
2025-11-17 23:44:27 - main - INFO - [main.py:51] - Cerrando la aplicación...
2025-11-17 23:44:30 - main - INFO - [main.py:38] - Iniciando la aplicación...
2025-11-17 23:44:30 - main - INFO - [main.py:41] - Creando tablas en la base de datos...
2025-11-17 23:44:31 - main - INFO - [main.py:43] - Tablas creadas exitosamente
2025-11-17 23:44:40 - main - INFO - [main.py:51] - Cerrando la aplicación...
2025-11-18 12:56:24 - main - INFO - [main.py:38] - Iniciando la aplicación...
2025-11-18 12:56:24 - main - INFO - [main.py:41] - Creando tablas en la base de datos...
2025-11-18 12:56:24 - main - INFO - [main.py:43] - Tablas creadas exitosamente
2025-11-18 13:24:14 - main - INFO - [main.py:51] - Cerrando la aplicación...
2025-11-18 13:24:19 - main - INFO - [main.py:38] - Iniciando la aplicación...
2025-11-18 13:24:19 - main - INFO - [main.py:41] - Creando tablas en la base de datos...
2025-11-18 13:24:19 - main - INFO - [main.py:43] - Tablas creadas exitosamente
2025-11-18 13:27:41 - main - INFO - [main.py:51] - Cerrando la aplicación...
2025-11-18 13:27:45 - main - INFO - [main.py:38] - Iniciando la aplicación...
2025-11-18 13:27:45 - main - INFO - [main.py:41] - Creando tablas en la base de datos...
2025-11-18 13:27:45 - main - INFO - [main.py:43] - Tablas creadas exitosamente
2025-11-18 13:30:48 - main - INFO - [main.py:51] - Cerrando la aplicación...
2025-11-18 13:30:52 - main - INFO - [main.py:38] - Iniciando la aplicación...
2025-11-18 13:30:52 - main - INFO - [main.py:41] - Creando tablas en la base de datos...
2025-11-18 13:30:53 - main - INFO - [main.py:43] - Tablas creadas exitosamente
2025-11-18 13:32:01 - main - INFO - [main.py:51] - Cerrando la aplicación...
2025-11-18 13:44:55 - main - INFO - [main.py:38] - Iniciando la aplicación...
2025-11-18 13:44:55 - main - INFO - [main.py:41] - Creando tablas en la base de datos...
2025-11-18 13:44:55 - main - INFO - [main.py:43] - Tablas creadas exitosamente
2025-11-18 13:52:15 - main - INFO - [main.py:51] - Cerrando la aplicación...
2025-11-18 13:52:20 - main - INFO - [main.py:38] - Iniciando la aplicación...
2025-11-18 13:52:20 - main - INFO - [main.py:41] - Creando tablas en la base de datos...
2025-11-18 13:52:20 - main - INFO - [main.py:43] - Tablas creadas exitosamente
2025-11-18 13:54:36 - main - INFO - [main.py:51] - Cerrando la aplicación...
2025-11-18 13:54:55 - main - INFO - [main.py:38] - Iniciando la aplicación...
2025-11-18 13:54:55 - main - INFO - [main.py:41] - Creando tablas en la base de datos...
2025-11-18 13:54:55 - main - INFO - [main.py:43] - Tablas creadas exitosamente
2025-11-18 14:00:34 - main - INFO - [main.py:51] - Cerrando la aplicación...
2025-11-18 14:00:38 - main - INFO - [main.py:38] - Iniciando la aplicación...
2025-11-18 14:00:39 - main - INFO - [main.py:41] - Creando tablas en la base de datos...
2025-11-18 14:00:39 - main - INFO - [main.py:43] - Tablas creadas exitosamente
2025-11-18 14:01:37 - main - INFO - [main.py:51] - Cerrando la aplicación...
2025-11-18 14:01:40 - main - INFO - [main.py:38] - Iniciando la aplicación...
2025-11-18 14:01:40 - main - INFO - [main.py:41] - Creando tablas en la base de datos...
2025-11-18 14:01:41 - main - INFO - [main.py:43] - Tablas creadas exitosamente
2025-11-18 14:07:22 - main - INFO - [main.py:51] - Cerrando la aplicación...
2025-11-18 14:07:27 - main - INFO - [main.py:38] - Iniciando la aplicación...
2025-11-18 14:07:27 - main - INFO - [main.py:41] - Creando tablas en la base de datos...
2025-11-18 14:07:27 - main - INFO - [main.py:43] - Tablas creadas exitosamente
2025-11-18 14:57:54 - main - INFO - [main.py:51] - Cerrando la aplicación...
2025-11-18 14:57:59 - main - INFO - [main.py:38] - Iniciando la aplicación...
2025-11-18 14:57:59 - main - INFO - [main.py:41] - Creando tablas en la base de datos...
2025-11-18 14:57:59 - main - INFO - [main.py:43] - Tablas creadas exitosamente
2025-11-18 15:48:59 - main - INFO - [main.py:38] - Iniciando la aplicación...
2025-11-18 15:49:00 - main - INFO - [main.py:41] - Creando tablas en la base de datos...
2025-11-18 15:49:00 - main - INFO - [main.py:43] - Tablas creadas exitosamente
2025-11-18 15:56:40 - main - INFO - [main.py:51] - Cerrando la aplicación...
2025-11-18 15:56:45 - main - INFO - [main.py:38] - Iniciando la aplicación...
2025-11-18 15:56:45 - main - INFO - [main.py:41] - Creando tablas en la base de datos...
2025-11-18 15:56:45 - main - INFO - [main.py:43] - Tablas creadas exitosamente
2025-11-18 16:24:12 - main - INFO - [main.py:51] - Cerrando la aplicación...
2025-11-18 16:24:15 - main - INFO - [main.py:38] - Iniciando la aplicación...
2025-11-18 16:24:15 - main - INFO - [main.py:41] - Creando tablas en la base de datos...
2025-11-18 16:24:15 - main - INFO - [main.py:43] - Tablas creadas exitosamente
2025-11-18 16:25:40 - main - INFO - [main.py:51] - Cerrando la aplicación...
2025-11-18 16:25:43 - main - INFO - [main.py:38] - Iniciando la aplicación...
2025-11-18 16:25:43 - main - INFO - [main.py:41] - Creando tablas en la base de datos...
2025-11-18 16:25:43 - main - INFO - [main.py:43] - Tablas creadas exitosamente
2025-11-18 16:28:04 - main - INFO - [main.py:51] - Cerrando la aplicación...
2025-11-18 16:28:06 - main - INFO - [main.py:38] - Iniciando la aplicación...
2025-11-18 16:28:06 - main - INFO - [main.py:41] - Creando tablas en la base de datos...
2025-11-18 16:28:06 - main - INFO - [main.py:43] - Tablas creadas exitosamente
2025-11-18 16:30:33 - main - INFO - [main.py:51] - Cerrando la aplicación...
2025-11-18 16:30:46 - main - INFO - [main.py:38] - Iniciando la aplicación...
2025-11-18 16:30:46 - main - INFO - [main.py:41] - Creando tablas en la base de datos...
2025-11-18 16:30:46 - main - INFO - [main.py:43] - Tablas creadas exitosamente
2025-11-18 17:06:38 - main - INFO - [main.py:51] - Cerrando la aplicación...
2025-11-18 17:08:55 - main - INFO - [main.py:38] - Iniciando la aplicación...
2025-11-18 17:08:55 - main - INFO - [main.py:41] - Creando tablas en la base de datos...
2025-11-18 17:08:55 - main - INFO - [main.py:43] - Tablas creadas exitosamente
2025-11-18 17:15:46 - main - INFO - [main.py:51] - Cerrando la aplicación...
2025-11-18 17:15:50 - main - INFO - [main.py:38] - Iniciando la aplicación...
2025-11-18 17:15:50 - main - INFO - [main.py:41] - Creando tablas en la base de datos...
2025-11-18 17:15:50 - main - INFO - [main.py:43] - Tablas creadas exitosamente
2025-11-18 17:16:06 - main - INFO - [main.py:51] - Cerrando la aplicación...
2025-11-18 17:16:08 - main - INFO - [main.py:38] - Iniciando la aplicación...
2025-11-18 17:16:08 - main - INFO - [main.py:41] - Creando tablas en la base de datos...
2025-11-18 17:16:09 - main - INFO - [main.py:43] - Tablas creadas exitosamente
2025-11-18 17:16:40 - main - INFO - [main.py:51] - Cerrando la aplicación...
2025-11-18 17:16:42 - main - INFO - [main.py:38] - Iniciando la aplicación...
2025-11-18 17:16:42 - main - INFO - [main.py:41] - Creando tablas en la base de datos...
2025-11-18 17:16:42 - main - INFO - [main.py:43] - Tablas creadas exitosamente
2025-11-18 18:13:46 - main - INFO - [main.py:51] - Cerrando la aplicación...
2025-11-18 18:14:00 - main - INFO - [main.py:38] - Iniciando la aplicación...
2025-11-18 18:14:01 - main - INFO - [main.py:41] - Creando tablas en la base de datos...
2025-11-18 18:14:01 - main - INFO - [main.py:43] - Tablas creadas exitosamente
2025-11-18 18:17:05 - main - INFO - [main.py:51] - Cerrando la aplicación...
2025-11-18 18:17:08 - main - INFO - [main.py:38] - Iniciando la aplicación...
2025-11-18 18:17:08 - main - INFO - [main.py:41] - Creando tablas en la base de datos...
2025-11-18 18:17:08 - main - INFO - [main.py:43] - Tablas creadas exitosamente
2025-11-18 18:17:42 - main - INFO - [main.py:51] - Cerrando la aplicación...
2025-11-18 18:17:45 - main - INFO - [main.py:38] - Iniciando la aplicación...
2025-11-18 18:17:45 - main - INFO - [main.py:41] - Creando tablas en la base de datos...
2025-11-18 18:17:45 - main - INFO - [main.py:43] - Tablas creadas exitosamente
2025-11-18 21:49:32 - main - INFO - [main.py:51] - Cerrando la aplicación...
2025-11-18 22:06:41 - main - INFO - [main.py:38] - Iniciando la aplicación...
2025-11-18 22:06:41 - main - INFO - [main.py:41] - Creando tablas en la base de datos...
2025-11-18 22:06:41 - main - INFO - [main.py:43] - Tablas creadas exitosamente
2025-11-18 23:03:46 - main - INFO - [main.py:51] - Cerrando la aplicación...
2025-11-19 06:05:38 - main - INFO - [main.py:38] - Iniciando la aplicación...
2025-11-19 06:05:39 - main - INFO - [main.py:41] - Creando tablas en la base de datos...
2025-11-19 06:05:39 - main - INFO - [main.py:43] - Tablas creadas exitosamente
2025-11-19 06:11:04 - main - INFO - [main.py:51] - Cerrando la aplicación...
2025-11-19 06:11:09 - main - INFO - [main.py:38] - Iniciando la aplicación...
2025-11-19 06:11:09 - main - INFO - [main.py:41] - Creando tablas en la base de datos...
2025-11-19 06:11:09 - main - INFO - [main.py:43] - Tablas creadas exitosamente
2025-11-19 06:23:55 - main - INFO - [main.py:51] - Cerrando la aplicación...
2025-11-19 12:39:12 - main - INFO - [main.py:38] - Iniciando la aplicación...
2025-11-19 12:39:13 - main - INFO - [main.py:41] - Creando tablas en la base de datos...
2025-11-19 12:39:13 - main - INFO - [main.py:43] - Tablas creadas exitosamente
2025-11-19 19:28:16 - main - INFO - [main.py:38] - Iniciando la aplicación...
2025-11-19 19:28:16 - main - INFO - [main.py:41] - Creando tablas en la base de datos...
2025-11-19 19:28:16 - main - INFO - [main.py:43] - Tablas creadas exitosamente
2025-11-19 19:32:11 - main - INFO - [main.py:51] - Cerrando la aplicación...
2025-11-19 20:01:10 - main - INFO - [main.py:38] - Iniciando la aplicación...
2025-11-19 20:01:10 - main - INFO - [main.py:41] - Creando tablas en la base de datos...
2025-11-19 20:01:10 - main - INFO - [main.py:43] - Tablas creadas exitosamente
2025-11-19 20:04:14 - main - INFO - [main.py:51] - Cerrando la aplicación...
2025-11-19 20:04:20 - main - INFO - [main.py:38] - Iniciando la aplicación...
2025-11-19 20:04:21 - main - INFO - [main.py:41] - Creando tablas en la base de datos...
2025-11-19 20:04:21 - main - INFO - [main.py:43] - Tablas creadas exitosamente
2025-11-19 20:04:57 - main - INFO - [main.py:51] - Cerrando la aplicación...
2025-11-19 20:05:14 - main - INFO - [main.py:38] - Iniciando la aplicación...
2025-11-19 20:05:14 - main - INFO - [main.py:41] - Creando tablas en la base de datos...
2025-11-19 20:05:14 - main - INFO - [main.py:43] - Tablas creadas exitosamente
2025-11-19 20:19:36 - main - INFO - [main.py:51] - Cerrando la aplicación...
2025-11-19 20:19:41 - main - INFO - [main.py:38] - Iniciando la aplicación...
2025-11-19 20:19:41 - main - INFO - [main.py:41] - Creando tablas en la base de datos...
2025-11-19 20:19:42 - main - INFO - [main.py:43] - Tablas creadas exitosamente
2025-11-19 23:02:24 - main - INFO - [main.py:40] - Iniciando la aplicación...
2025-11-19 23:02:24 - main - INFO - [main.py:43] - Creando tablas en la base de datos...
2025-11-19 23:02:24 - main - INFO - [main.py:45] - Tablas creadas exitosamente
2025-11-19 23:09:36 - main - INFO - [main.py:53] - Cerrando la aplicación...
2025-11-19 23:09:40 - main - INFO - [main.py:40] - Iniciando la aplicación...
2025-11-19 23:09:41 - main - INFO - [main.py:43] - Creando tablas en la base de datos...
2025-11-19 23:09:41 - main - INFO - [main.py:45] - Tablas creadas exitosamente
2025-11-19 23:29:10 - main - INFO - [main.py:53] - Cerrando la aplicación...
2025-11-19 23:29:15 - main - INFO - [main.py:40] - Iniciando la aplicación...
2025-11-19 23:29:15 - main - INFO - [main.py:43] - Creando tablas en la base de datos...
2025-11-19 23:29:15 - main - INFO - [main.py:45] - Tablas creadas exitosamente
2025-11-19 23:30:02 - main - INFO - [main.py:53] - Cerrando la aplicación...
2025-11-19 23:30:05 - main - INFO - [main.py:40] - Iniciando la aplicación...
2025-11-19 23:30:06 - main - INFO - [main.py:43] - Creando tablas en la base de datos...
2025-11-19 23:30:06 - main - INFO - [main.py:45] - Tablas creadas exitosamente
2025-11-19 23:31:03 - main - INFO - [main.py:53] - Cerrando la aplicación...
2025-11-19 23:31:07 - main - INFO - [main.py:40] - Iniciando la aplicación...
2025-11-19 23:31:07 - main - INFO - [main.py:43] - Creando tablas en la base de datos...
2025-11-19 23:31:07 - main - INFO - [main.py:45] - Tablas creadas exitosamente
2025-11-19 23:32:06 - main - INFO - [main.py:53] - Cerrando la aplicación...
2025-11-19 23:32:10 - main - INFO - [main.py:40] - Iniciando la aplicación...
2025-11-19 23:32:10 - main - INFO - [main.py:43] - Creando tablas en la base de datos...
2025-11-19 23:32:10 - main - INFO - [main.py:45] - Tablas creadas exitosamente
2025-11-19 23:33:14 - main - INFO - [main.py:53] - Cerrando la aplicación...
2025-11-19 23:33:17 - main - INFO - [main.py:40] - Iniciando la aplicación...
2025-11-19 23:33:17 - main - INFO - [main.py:43] - Creando tablas en la base de datos...
2025-11-19 23:33:17 - main - INFO - [main.py:45] - Tablas creadas exitosamente
2025-11-19 23:42:47 - main - INFO - [main.py:53] - Cerrando la aplicación...
2025-11-19 23:42:54 - main - INFO - [main.py:40] - Iniciando la aplicación...
2025-11-19 23:42:54 - main - INFO - [main.py:43] - Creando tablas en la base de datos...
2025-11-19 23:42:54 - main - INFO - [main.py:45] - Tablas creadas exitosamente
2025-11-19 23:44:37 - main - INFO - [main.py:53] - Cerrando la aplicación...
2025-11-19 23:44:41 - main - INFO - [main.py:40] - Iniciando la aplicación...
2025-11-19 23:44:41 - main - INFO - [main.py:43] - Creando tablas en la base de datos...
2025-11-19 23:44:41 - main - INFO - [main.py:45] - Tablas creadas exitosamente
2025-11-19 23:45:01 - main - INFO - [main.py:53] - Cerrando la aplicación...
2025-11-19 23:45:04 - main - INFO - [main.py:40] - Iniciando la aplicación...
2025-11-19 23:45:04 - main - INFO - [main.py:43] - Creando tablas en la base de datos...
2025-11-19 23:45:04 - main - INFO - [main.py:45] - Tablas creadas exitosamente
2025-11-19 23:48:01 - main - INFO - [main.py:53] - Cerrando la aplicación...
2025-11-19 23:48:23 - main - INFO - [main.py:40] - Iniciando la aplicación...
2025-11-19 23:48:23 - main - INFO - [main.py:43] - Creando tablas en la base de datos...
2025-11-19 23:48:24 - main - INFO - [main.py:45] - Tablas creadas exitosamente
2025-11-19 23:52:22 - main - INFO - [main.py:53] - Cerrando la aplicación...
2025-11-19 23:58:52 - main - INFO - [main.py:40] - Iniciando la aplicación...
2025-11-19 23:58:52 - main - INFO - [main.py:43] - Creando tablas en la base de datos...
2025-11-19 23:58:52 - main - INFO - [main.py:45] - Tablas creadas exitosamente
2025-11-20 00:01:20 - main - INFO - [main.py:53] - Cerrando la aplicación...
2025-11-20 00:02:25 - main - INFO - [main.py:40] - Iniciando la aplicación...
2025-11-20 00:02:25 - main - INFO - [main.py:43] - Creando tablas en la base de datos...
2025-11-20 00:02:25 - main - INFO - [main.py:45] - Tablas creadas exitosamente
2025-11-20 00:03:03 - main - INFO - [main.py:53] - Cerrando la aplicación...
2025-11-20 00:03:21 - main - INFO - [main.py:40] - Iniciando la aplicación...
2025-11-20 00:03:21 - main - INFO - [main.py:43] - Creando tablas en la base de datos...
2025-11-20 00:03:21 - main - INFO - [main.py:45] - Tablas creadas exitosamente
2025-11-20 00:07:06 - main - INFO - [main.py:53] - Cerrando la aplicación...
2025-11-20 00:07:10 - main - INFO - [main.py:40] - Iniciando la aplicación...
2025-11-20 00:07:10 - main - INFO - [main.py:43] - Creando tablas en la base de datos...
2025-11-20 00:07:10 - main - INFO - [main.py:45] - Tablas creadas exitosamente
2025-11-20 00:46:24 - main - INFO - [main.py:53] - Cerrando la aplicación...
2025-11-20 00:46:32 - main - INFO - [main.py:40] - Iniciando la aplicación...
2025-11-20 00:46:33 - main - INFO - [main.py:43] - Creando tablas en la base de datos...
2025-11-20 00:46:33 - main - INFO - [main.py:45] - Tablas creadas exitosamente
2025-11-20 00:47:05 - main - INFO - [main.py:53] - Cerrando la aplicación...
2025-11-20 00:47:10 - main - INFO - [main.py:40] - Iniciando la aplicación...
2025-11-20 00:47:10 - main - INFO - [main.py:43] - Creando tablas en la base de datos...
2025-11-20 00:47:10 - main - INFO - [main.py:45] - Tablas creadas exitosamente
2025-11-20 00:58:06 - main - INFO - [main.py:53] - Cerrando la aplicación...
2025-11-20 00:58:13 - main - INFO - [main.py:40] - Iniciando la aplicación...
2025-11-20 00:58:13 - main - INFO - [main.py:43] - Creando tablas en la base de datos...
2025-11-20 00:58:14 - main - INFO - [main.py:45] - Tablas creadas exitosamente
2025-11-20 00:59:58 - main - INFO - [main.py:53] - Cerrando la aplicación...
2025-11-20 01:00:03 - main - INFO - [main.py:40] - Iniciando la aplicación...
2025-11-20 01:00:03 - main - INFO - [main.py:43] - Creando tablas en la base de datos...
2025-11-20 01:00:03 - main - INFO - [main.py:45] - Tablas creadas exitosamente
2025-11-20 01:07:56 - main - INFO - [main.py:53] - Cerrando la aplicación...
2025-11-20 01:08:02 - main - INFO - [main.py:40] - Iniciando la aplicación...
2025-11-20 01:08:02 - main - INFO - [main.py:43] - Creando tablas en la base de datos...
2025-11-20 01:08:02 - main - INFO - [main.py:45] - Tablas creadas exitosamente
2025-11-20 01:14:01 - main - INFO - [main.py:53] - Cerrando la aplicación...
2025-11-20 01:14:18 - main - INFO - [main.py:40] - Iniciando la aplicación...
2025-11-20 01:14:18 - main - INFO - [main.py:43] - Creando tablas en la base de datos...
2025-11-20 01:14:18 - main - INFO - [main.py:45] - Tablas creadas exitosamente
2025-11-20 01:17:47 - main - INFO - [main.py:53] - Cerrando la aplicación...
2025-11-20 01:18:12 - main - INFO - [main.py:40] - Iniciando la aplicación...
2025-11-20 01:18:12 - main - INFO - [main.py:43] - Creando tablas en la base de datos...
2025-11-20 01:18:12 - main - INFO - [main.py:45] - Tablas creadas exitosamente
2025-11-20 02:02:02 - main - INFO - [main.py:53] - Cerrando la aplicación...
2025-11-20 02:02:16 - main - INFO - [main.py:40] - Iniciando la aplicación...
2025-11-20 02:02:16 - main - INFO - [main.py:43] - Creando tablas en la base de datos...
2025-11-20 02:02:17 - main - INFO - [main.py:45] - Tablas creadas exitosamente
2025-11-20 02:06:40 - main - INFO - [main.py:53] - Cerrando la aplicación...
2025-11-20 02:14:54 - main - INFO - [main.py:41] - Iniciando la aplicación...
2025-11-20 02:14:54 - main - INFO - [main.py:44] - Creando tablas en la base de datos...
2025-11-20 02:14:54 - main - INFO - [main.py:46] - Tablas creadas exitosamente
2025-11-20 02:14:56 - main - INFO - [main.py:54] - Cerrando la aplicación...
2025-11-20 02:15:09 - main - INFO - [main.py:41] - Iniciando la aplicación...
2025-11-20 02:15:09 - main - INFO - [main.py:44] - Creando tablas en la base de datos...
2025-11-20 02:15:09 - main - INFO - [main.py:46] - Tablas creadas exitosamente
2025-11-20 02:32:17 - main - INFO - [main.py:54] - Cerrando la aplicación...
2025-11-20 02:34:31 - main - INFO - [main.py:41] - Iniciando la aplicación...
2025-11-20 02:34:32 - main - INFO - [main.py:44] - Creando tablas en la base de datos...
2025-11-20 02:34:32 - main - INFO - [main.py:46] - Tablas creadas exitosamente
2025-11-20 02:38:10 - main - INFO - [main.py:54] - Cerrando la aplicación...
2025-11-20 02:38:15 - main - INFO - [main.py:41] - Iniciando la aplicación...
2025-11-20 02:38:15 - main - INFO - [main.py:44] - Creando tablas en la base de datos...
2025-11-20 02:38:15 - main - INFO - [main.py:46] - Tablas creadas exitosamente
2025-11-20 02:39:51 - main - INFO - [main.py:54] - Cerrando la aplicación...
2025-11-20 02:39:54 - main - INFO - [main.py:41] - Iniciando la aplicación...
2025-11-20 02:39:54 - main - INFO - [main.py:44] - Creando tablas en la base de datos...
2025-11-20 02:39:55 - main - INFO - [main.py:46] - Tablas creadas exitosamente
2025-11-20 02:43:42 - main - INFO - [main.py:54] - Cerrando la aplicación...
2025-11-20 02:43:47 - main - INFO - [main.py:41] - Iniciando la aplicación...
2025-11-20 02:43:47 - main - INFO - [main.py:44] - Creando tablas en la base de datos...
2025-11-20 02:43:47 - main - INFO - [main.py:46] - Tablas creadas exitosamente
2025-11-20 09:27:38 - main - INFO - [main.py:54] - Cerrando la aplicación...
2025-11-20 10:39:43 - main - INFO - [main.py:41] - Iniciando la aplicación...
2025-11-20 10:39:43 - main - INFO - [main.py:44] - Creando tablas en la base de datos...
2025-11-20 10:39:43 - main - INFO - [main.py:46] - Tablas creadas exitosamente
2025-11-20 10:42:51 - main - INFO - [main.py:54] - Cerrando la aplicación...
2025-11-20 10:42:56 - main - INFO - [main.py:41] - Iniciando la aplicación...
2025-11-20 10:42:56 - main - INFO - [main.py:44] - Creando tablas en la base de datos...
2025-11-20 10:42:56 - main - INFO - [main.py:46] - Tablas creadas exitosamente
2025-11-20 11:13:39 - main - INFO - [main.py:54] - Cerrando la aplicación...
2025-11-20 11:13:46 - main - INFO - [main.py:41] - Iniciando la aplicación...
2025-11-20 11:13:46 - main - INFO - [main.py:44] - Creando tablas en la base de datos...
2025-11-20 11:13:46 - main - INFO - [main.py:46] - Tablas creadas exitosamente
2025-11-20 11:14:12 - main - INFO - [main.py:54] - Cerrando la aplicación...
2025-11-20 11:14:15 - main - INFO - [main.py:41] - Iniciando la aplicación...
2025-11-20 11:14:16 - main - INFO - [main.py:44] - Creando tablas en la base de datos...
2025-11-20 11:14:16 - main - INFO - [main.py:46] - Tablas creadas exitosamente
2025-11-20 11:46:00 - main - INFO - [main.py:54] - Cerrando la aplicación...
2025-11-20 11:46:03 - main - INFO - [main.py:41] - Iniciando la aplicación...
2025-11-20 11:46:03 - main - INFO - [main.py:44] - Creando tablas en la base de datos...
2025-11-20 11:46:04 - main - INFO - [main.py:46] - Tablas creadas exitosamente
2025-11-20 11:56:45 - main - INFO - [main.py:54] - Cerrando la aplicación...
2025-11-20 11:56:50 - main - INFO - [main.py:41] - Iniciando la aplicación...
2025-11-20 11:56:50 - main - INFO - [main.py:44] - Creando tablas en la base de datos...
2025-11-20 11:56:50 - main - INFO - [main.py:46] - Tablas creadas exitosamente
2025-11-20 12:01:53 - main - INFO - [main.py:54] - Cerrando la aplicación...
2025-11-20 12:01:57 - main - INFO - [main.py:41] - Iniciando la aplicación...
2025-11-20 12:01:57 - main - INFO - [main.py:44] - Creando tablas en la base de datos...
2025-11-20 12:01:57 - main - INFO - [main.py:46] - Tablas creadas exitosamente
2025-11-20 12:09:21 - main - INFO - [main.py:54] - Cerrando la aplicación...
2025-11-20 12:14:07 - main - INFO - [main.py:41] - Iniciando la aplicación...
2025-11-20 12:14:07 - main - INFO - [main.py:44] - Creando tablas en la base de datos...
2025-11-20 12:14:07 - main - INFO - [main.py:46] - Tablas creadas exitosamente
2025-11-20 12:23:32 - main - INFO - [main.py:54] - Cerrando la aplicación...
2025-11-20 12:23:37 - main - INFO - [main.py:41] - Iniciando la aplicación...
2025-11-20 12:23:37 - main - INFO - [main.py:44] - Creando tablas en la base de datos...
2025-11-20 12:23:37 - main - INFO - [main.py:46] - Tablas creadas exitosamente
2025-11-20 12:29:03 - main - INFO - [main.py:54] - Cerrando la aplicación...
2025-11-20 12:29:09 - main - INFO - [main.py:41] - Iniciando la aplicación...
2025-11-20 12:29:09 - main - INFO - [main.py:44] - Creando tablas en la base de datos...
2025-11-20 12:29:09 - main - INFO - [main.py:46] - Tablas creadas exitosamente
2025-11-20 12:32:51 - main - INFO - [main.py:54] - Cerrando la aplicación...
2025-11-20 12:32:57 - main - INFO - [main.py:41] - Iniciando la aplicación...
2025-11-20 12:32:57 - main - INFO - [main.py:44] - Creando tablas en la base de datos...
2025-11-20 12:32:57 - main - INFO - [main.py:46] - Tablas creadas exitosamente
2025-11-20 12:36:35 - main - INFO - [main.py:54] - Cerrando la aplicación...
2025-11-20 12:36:40 - main - INFO - [main.py:41] - Iniciando la aplicación...
2025-11-20 12:36:40 - main - INFO - [main.py:44] - Creando tablas en la base de datos...
2025-11-20 12:36:40 - main - INFO - [main.py:46] - Tablas creadas exitosamente
2025-11-20 12:37:38 - main - INFO - [main.py:54] - Cerrando la aplicación...
2025-11-20 12:37:42 - main - INFO - [main.py:41] - Iniciando la aplicación...
2025-11-20 12:37:42 - main - INFO - [main.py:44] - Creando tablas en la base de datos...
2025-11-20 12:37:42 - main - INFO - [main.py:46] - Tablas creadas exitosamente
2025-11-20 12:41:45 - main - INFO - [main.py:54] - Cerrando la aplicación...
2025-11-20 12:47:18 - main - INFO - [main.py:41] - Iniciando la aplicación...
2025-11-20 12:47:18 - main - INFO - [main.py:44] - Creando tablas en la base de datos...
2025-11-20 12:47:18 - main - INFO - [main.py:46] - Tablas creadas exitosamente
2025-11-20 12:58:57 - main - INFO - [main.py:54] - Cerrando la aplicación...
