2025-11-06 16:10:43 - rol_service - INFO - [rol_service.py:25] - Creando nuevo rol: Test Rol cca4c6
2025-11-06 16:10:43 - rol_service - INFO - [rol_service.py:34] - Rol creado (sin commit): 1
2025-11-06 16:10:43 - rol_service - INFO - [rol_service.py:25] - Creando nuevo rol: RolDuplicado a32ff2
2025-11-06 16:10:43 - rol_service - INFO - [rol_service.py:34] - Rol creado (sin commit): 1
2025-11-06 16:10:43 - rol_service - WARNING - [rol_service.py:19] - Intento de crear rol con nombre duplicado: RolDuplicado a32ff2
2025-11-06 16:10:43 - rol_service - ERROR - [rol_service.py:37] - Error de base de datos al crear rol: El nombre del rol ya existe
2025-11-06 16:10:43 - rol_service - INFO - [rol_service.py:25] - Creando nuevo rol: RolBuscable 4290ff
2025-11-06 16:10:43 - rol_service - INFO - [rol_service.py:34] - Rol creado (sin commit): 1
2025-11-06 16:25:09 - rol_service - INFO - [rol_service.py:25] - Creando nuevo rol: Test Rol 181030
2025-11-06 16:25:09 - rol_service - INFO - [rol_service.py:34] - Rol creado (sin commit): 1
2025-11-06 16:25:10 - rol_service - INFO - [rol_service.py:25] - Creando nuevo rol: RolDuplicado e7a136
2025-11-06 16:25:10 - rol_service - INFO - [rol_service.py:34] - Rol creado (sin commit): 1
2025-11-06 16:25:10 - rol_service - WARNING - [rol_service.py:19] - Intento de crear rol con nombre duplicado: RolDuplicado e7a136
2025-11-06 16:25:10 - rol_service - ERROR - [rol_service.py:37] - Error de base de datos al crear rol: El nombre del rol ya existe
2025-11-06 16:25:10 - rol_service - INFO - [rol_service.py:25] - Creando nuevo rol: RolBuscable 7d970e
2025-11-06 16:25:10 - rol_service - INFO - [rol_service.py:34] - Rol creado (sin commit): 1
2025-11-06 16:25:10 - rol_service - INFO - [rol_service.py:44] - Buscando rol con ID: 1
2025-11-06 16:25:10 - rol_service - INFO - [rol_service.py:49] - Rol encontrado: RolBuscable 7d970e
2025-11-06 16:25:10 - rol_service - INFO - [rol_service.py:44] - Buscando rol con ID: 9999
2025-11-06 16:25:10 - rol_service - WARNING - [rol_service.py:51] - Rol no encontrado con ID: 9999
2025-11-06 17:40:02 - rol_service - INFO - [rol_service.py:25] - Creando nuevo rol: Test Rol 34c5b7
2025-11-06 17:40:02 - rol_service - INFO - [rol_service.py:34] - Rol creado (sin commit): 1
2025-11-06 17:40:02 - rol_service - INFO - [rol_service.py:25] - Creando nuevo rol: RolDuplicado c12e86
2025-11-06 17:40:02 - rol_service - INFO - [rol_service.py:34] - Rol creado (sin commit): 1
2025-11-06 17:40:02 - rol_service - WARNING - [rol_service.py:19] - Intento de crear rol con nombre duplicado: RolDuplicado c12e86
2025-11-06 17:40:02 - rol_service - ERROR - [rol_service.py:37] - Error de base de datos al crear rol: El nombre del rol ya existe
2025-11-06 17:40:02 - rol_service - INFO - [rol_service.py:25] - Creando nuevo rol: RolBuscable 5d67cf
2025-11-06 17:40:02 - rol_service - INFO - [rol_service.py:34] - Rol creado (sin commit): 1
2025-11-06 17:40:02 - rol_service - INFO - [rol_service.py:44] - Buscando rol con ID: 1
2025-11-06 17:40:02 - rol_service - INFO - [rol_service.py:49] - Rol encontrado: RolBuscable 5d67cf
2025-11-06 17:40:03 - rol_service - INFO - [rol_service.py:44] - Buscando rol con ID: 9999
2025-11-06 17:40:03 - rol_service - WARNING - [rol_service.py:51] - Rol no encontrado con ID: 9999
2025-11-06 17:49:52 - rol_service - INFO - [rol_service.py:25] - Creando nuevo rol: Test Rol 321217
2025-11-06 17:49:52 - rol_service - INFO - [rol_service.py:34] - Rol creado (sin commit): 1
2025-11-06 17:49:52 - rol_service - INFO - [rol_service.py:25] - Creando nuevo rol: RolDuplicado 155a5e
2025-11-06 17:49:52 - rol_service - INFO - [rol_service.py:34] - Rol creado (sin commit): 1
2025-11-06 17:49:52 - rol_service - WARNING - [rol_service.py:19] - Intento de crear rol con nombre duplicado: RolDuplicado 155a5e
2025-11-06 17:49:52 - rol_service - ERROR - [rol_service.py:37] - Error de base de datos al crear rol: El nombre del rol ya existe
2025-11-06 17:49:52 - rol_service - INFO - [rol_service.py:25] - Creando nuevo rol: RolBuscable 0ad71a
2025-11-06 17:49:52 - rol_service - INFO - [rol_service.py:34] - Rol creado (sin commit): 1
2025-11-06 17:49:52 - rol_service - INFO - [rol_service.py:44] - Buscando rol con ID: 1
2025-11-06 17:49:52 - rol_service - INFO - [rol_service.py:49] - Rol encontrado: RolBuscable 0ad71a
2025-11-06 17:49:52 - rol_service - INFO - [rol_service.py:44] - Buscando rol con ID: 9999
2025-11-06 17:49:52 - rol_service - WARNING - [rol_service.py:51] - Rol no encontrado con ID: 9999
2025-11-06 17:55:22 - rol_service - INFO - [rol_service.py:25] - Creando nuevo rol: Test Rol fe6bfa
2025-11-06 17:55:22 - rol_service - INFO - [rol_service.py:34] - Rol creado (sin commit): 1
2025-11-06 17:55:22 - rol_service - INFO - [rol_service.py:25] - Creando nuevo rol: RolDuplicado c44f86
2025-11-06 17:55:22 - rol_service - INFO - [rol_service.py:34] - Rol creado (sin commit): 1
2025-11-06 17:55:22 - rol_service - WARNING - [rol_service.py:19] - Intento de crear rol con nombre duplicado: RolDuplicado c44f86
2025-11-06 17:55:22 - rol_service - ERROR - [rol_service.py:37] - Error de base de datos al crear rol: El nombre del rol ya existe
2025-11-06 17:55:22 - rol_service - INFO - [rol_service.py:25] - Creando nuevo rol: RolBuscable 21e57e
2025-11-06 17:55:22 - rol_service - INFO - [rol_service.py:34] - Rol creado (sin commit): 1
2025-11-06 17:55:22 - rol_service - INFO - [rol_service.py:44] - Buscando rol con ID: 1
2025-11-06 17:55:22 - rol_service - INFO - [rol_service.py:49] - Rol encontrado: RolBuscable 21e57e
2025-11-06 17:55:22 - rol_service - INFO - [rol_service.py:44] - Buscando rol con ID: 9999
2025-11-06 17:55:22 - rol_service - WARNING - [rol_service.py:51] - Rol no encontrado con ID: 9999
2025-11-07 17:48:54 - rol_service - INFO - [rol_service.py:25] - Creando nuevo rol: Test Rol 504458
2025-11-07 17:48:54 - rol_service - INFO - [rol_service.py:34] - Rol creado (sin commit): 1
2025-11-07 17:48:54 - rol_service - INFO - [rol_service.py:25] - Creando nuevo rol: RolDuplicado 9f9a3c
2025-11-07 17:48:54 - rol_service - INFO - [rol_service.py:34] - Rol creado (sin commit): 1
2025-11-07 17:48:54 - rol_service - WARNING - [rol_service.py:19] - Intento de crear rol con nombre duplicado: RolDuplicado 9f9a3c
2025-11-07 17:48:54 - rol_service - ERROR - [rol_service.py:37] - Error de base de datos al crear rol: El nombre del rol ya existe
2025-11-07 17:48:54 - rol_service - INFO - [rol_service.py:25] - Creando nuevo rol: RolBuscable 7bf6a5
2025-11-07 17:48:54 - rol_service - INFO - [rol_service.py:34] - Rol creado (sin commit): 1
2025-11-07 17:48:54 - rol_service - INFO - [rol_service.py:44] - Buscando rol con ID: 1
2025-11-07 17:48:54 - rol_service - INFO - [rol_service.py:49] - Rol encontrado: RolBuscable 7bf6a5
2025-11-07 17:48:54 - rol_service - INFO - [rol_service.py:44] - Buscando rol con ID: 9999
2025-11-07 17:48:54 - rol_service - WARNING - [rol_service.py:51] - Rol no encontrado con ID: 9999
2025-11-07 18:43:54 - rol_service - ERROR - [rol_service.py:37] - Error de base de datos al crear rol: One or more mappers failed to initialize - can't proceed with initialization of other mappers. Triggering mapper: 'Mapper[Mensaje(mensajes)]'. Original exception was: Mapper 'Mapper[Miembro(miembros)]' has no property 'mensajes'.  If this property was indicated from other mappers or configure events, ensure registry.configure() has been called.
2025-11-07 18:43:55 - rol_service - ERROR - [rol_service.py:37] - Error de base de datos al crear rol: One or more mappers failed to initialize - can't proceed with initialization of other mappers. Triggering mapper: 'Mapper[Mensaje(mensajes)]'. Original exception was: Mapper 'Mapper[Miembro(miembros)]' has no property 'mensajes'.  If this property was indicated from other mappers or configure events, ensure registry.configure() has been called.
2025-11-07 18:43:57 - rol_service - ERROR - [rol_service.py:37] - Error de base de datos al crear rol: One or more mappers failed to initialize - can't proceed with initialization of other mappers. Triggering mapper: 'Mapper[Mensaje(mensajes)]'. Original exception was: Mapper 'Mapper[Miembro(miembros)]' has no property 'mensajes'.  If this property was indicated from other mappers or configure events, ensure registry.configure() has been called.
2025-11-07 18:43:59 - rol_service - INFO - [rol_service.py:44] - Buscando rol con ID: 9999
2025-11-07 18:43:59 - rol_service - ERROR - [rol_service.py:56] - Error de base de datos al obtener rol: One or more mappers failed to initialize - can't proceed with initialization of other mappers. Triggering mapper: 'Mapper[Mensaje(mensajes)]'. Original exception was: Mapper 'Mapper[Miembro(miembros)]' has no property 'mensajes'.  If this property was indicated from other mappers or configure events, ensure registry.configure() has been called.
2025-11-07 18:50:51 - rol_service - INFO - [rol_service.py:25] - Creando nuevo rol: Test Rol e1f0af
2025-11-07 18:50:51 - rol_service - INFO - [rol_service.py:34] - Rol creado (sin commit): 1
2025-11-07 18:50:51 - rol_service - INFO - [rol_service.py:25] - Creando nuevo rol: RolDuplicado 4ca3ac
2025-11-07 18:50:51 - rol_service - INFO - [rol_service.py:34] - Rol creado (sin commit): 1
2025-11-07 18:50:51 - rol_service - WARNING - [rol_service.py:19] - Intento de crear rol con nombre duplicado: RolDuplicado 4ca3ac
2025-11-07 18:50:51 - rol_service - ERROR - [rol_service.py:37] - Error de base de datos al crear rol: El nombre del rol ya existe
2025-11-07 18:50:51 - rol_service - INFO - [rol_service.py:25] - Creando nuevo rol: RolBuscable 591fec
2025-11-07 18:50:51 - rol_service - INFO - [rol_service.py:34] - Rol creado (sin commit): 1
2025-11-07 18:50:51 - rol_service - INFO - [rol_service.py:44] - Buscando rol con ID: 1
2025-11-07 18:50:51 - rol_service - INFO - [rol_service.py:49] - Rol encontrado: RolBuscable 591fec
2025-11-07 18:50:51 - rol_service - INFO - [rol_service.py:44] - Buscando rol con ID: 9999
2025-11-07 18:50:51 - rol_service - WARNING - [rol_service.py:51] - Rol no encontrado con ID: 9999
2025-11-07 19:09:32 - rol_service - INFO - [rol_service.py:25] - Creando nuevo rol: Test Rol 3b4d2a
2025-11-07 19:09:32 - rol_service - INFO - [rol_service.py:34] - Rol creado (sin commit): 1
2025-11-07 19:09:32 - rol_service - INFO - [rol_service.py:25] - Creando nuevo rol: RolDuplicado bfa47a
2025-11-07 19:09:32 - rol_service - INFO - [rol_service.py:34] - Rol creado (sin commit): 1
2025-11-07 19:09:32 - rol_service - WARNING - [rol_service.py:19] - Intento de crear rol con nombre duplicado: RolDuplicado bfa47a
2025-11-07 19:09:32 - rol_service - ERROR - [rol_service.py:37] - Error de base de datos al crear rol: El nombre del rol ya existe
2025-11-07 19:09:32 - rol_service - INFO - [rol_service.py:25] - Creando nuevo rol: RolBuscable ffab3f
2025-11-07 19:09:32 - rol_service - INFO - [rol_service.py:34] - Rol creado (sin commit): 1
2025-11-07 19:09:32 - rol_service - INFO - [rol_service.py:44] - Buscando rol con ID: 1
2025-11-07 19:09:32 - rol_service - INFO - [rol_service.py:49] - Rol encontrado: RolBuscable ffab3f
2025-11-07 19:09:32 - rol_service - INFO - [rol_service.py:44] - Buscando rol con ID: 9999
2025-11-07 19:09:32 - rol_service - WARNING - [rol_service.py:51] - Rol no encontrado con ID: 9999
2025-11-07 19:19:56 - rol_service - INFO - [rol_service.py:25] - Creando nuevo rol: Test Rol a74014
2025-11-07 19:19:56 - rol_service - INFO - [rol_service.py:34] - Rol creado (sin commit): 1
2025-11-07 19:19:56 - rol_service - INFO - [rol_service.py:25] - Creando nuevo rol: RolDuplicado 8ae7cb
2025-11-07 19:19:56 - rol_service - INFO - [rol_service.py:34] - Rol creado (sin commit): 1
2025-11-07 19:19:56 - rol_service - WARNING - [rol_service.py:19] - Intento de crear rol con nombre duplicado: RolDuplicado 8ae7cb
2025-11-07 19:19:56 - rol_service - ERROR - [rol_service.py:37] - Error de base de datos al crear rol: El nombre del rol ya existe
2025-11-07 19:19:56 - rol_service - INFO - [rol_service.py:25] - Creando nuevo rol: RolBuscable 9997f7
2025-11-07 19:19:56 - rol_service - INFO - [rol_service.py:34] - Rol creado (sin commit): 1
2025-11-07 19:19:56 - rol_service - INFO - [rol_service.py:44] - Buscando rol con ID: 1
2025-11-07 19:19:56 - rol_service - INFO - [rol_service.py:49] - Rol encontrado: RolBuscable 9997f7
2025-11-07 19:19:56 - rol_service - INFO - [rol_service.py:44] - Buscando rol con ID: 9999
2025-11-07 19:19:56 - rol_service - WARNING - [rol_service.py:51] - Rol no encontrado con ID: 9999
2025-11-07 19:35:24 - rol_service - INFO - [rol_service.py:25] - Creando nuevo rol: Test Rol 8b466f
2025-11-07 19:35:24 - rol_service - INFO - [rol_service.py:34] - Rol creado (sin commit): 1
2025-11-07 19:35:24 - rol_service - INFO - [rol_service.py:25] - Creando nuevo rol: RolDuplicado be8090
2025-11-07 19:35:24 - rol_service - INFO - [rol_service.py:34] - Rol creado (sin commit): 1
2025-11-07 19:35:24 - rol_service - WARNING - [rol_service.py:19] - Intento de crear rol con nombre duplicado: RolDuplicado be8090
2025-11-07 19:35:24 - rol_service - ERROR - [rol_service.py:37] - Error de base de datos al crear rol: El nombre del rol ya existe
2025-11-07 19:35:24 - rol_service - INFO - [rol_service.py:25] - Creando nuevo rol: RolBuscable 6c82d2
2025-11-07 19:35:24 - rol_service - INFO - [rol_service.py:34] - Rol creado (sin commit): 1
2025-11-07 19:35:24 - rol_service - INFO - [rol_service.py:44] - Buscando rol con ID: 1
2025-11-07 19:35:24 - rol_service - INFO - [rol_service.py:49] - Rol encontrado: RolBuscable 6c82d2
2025-11-07 19:35:24 - rol_service - INFO - [rol_service.py:44] - Buscando rol con ID: 9999
2025-11-07 19:35:24 - rol_service - WARNING - [rol_service.py:51] - Rol no encontrado con ID: 9999
2025-11-07 20:24:23 - rol_service - INFO - [rol_service.py:25] - Creando nuevo rol: Test Rol bf722a
2025-11-07 20:24:23 - rol_service - INFO - [rol_service.py:34] - Rol creado (sin commit): 1
2025-11-07 20:24:23 - rol_service - INFO - [rol_service.py:25] - Creando nuevo rol: RolDuplicado fa069f
2025-11-07 20:24:23 - rol_service - INFO - [rol_service.py:34] - Rol creado (sin commit): 1
2025-11-07 20:24:23 - rol_service - WARNING - [rol_service.py:19] - Intento de crear rol con nombre duplicado: RolDuplicado fa069f
2025-11-07 20:24:23 - rol_service - ERROR - [rol_service.py:37] - Error de base de datos al crear rol: El nombre del rol ya existe
2025-11-07 20:24:24 - rol_service - INFO - [rol_service.py:25] - Creando nuevo rol: RolBuscable a52f44
2025-11-07 20:24:24 - rol_service - INFO - [rol_service.py:34] - Rol creado (sin commit): 1
2025-11-07 20:24:24 - rol_service - INFO - [rol_service.py:44] - Buscando rol con ID: 1
2025-11-07 20:24:24 - rol_service - INFO - [rol_service.py:49] - Rol encontrado: RolBuscable a52f44
2025-11-07 20:24:24 - rol_service - INFO - [rol_service.py:44] - Buscando rol con ID: 9999
2025-11-07 20:24:24 - rol_service - WARNING - [rol_service.py:51] - Rol no encontrado con ID: 9999
2025-11-07 20:31:15 - rol_service - INFO - [rol_service.py:25] - Creando nuevo rol: Test Rol f9f169
2025-11-07 20:31:15 - rol_service - INFO - [rol_service.py:34] - Rol creado (sin commit): 1
2025-11-07 20:31:15 - rol_service - INFO - [rol_service.py:25] - Creando nuevo rol: RolDuplicado b9b6df
2025-11-07 20:31:15 - rol_service - INFO - [rol_service.py:34] - Rol creado (sin commit): 1
2025-11-07 20:31:15 - rol_service - WARNING - [rol_service.py:19] - Intento de crear rol con nombre duplicado: RolDuplicado b9b6df
2025-11-07 20:31:15 - rol_service - ERROR - [rol_service.py:37] - Error de base de datos al crear rol: El nombre del rol ya existe
2025-11-07 20:31:16 - rol_service - INFO - [rol_service.py:25] - Creando nuevo rol: RolBuscable b211a3
2025-11-07 20:31:16 - rol_service - INFO - [rol_service.py:34] - Rol creado (sin commit): 1
2025-11-07 20:31:16 - rol_service - INFO - [rol_service.py:44] - Buscando rol con ID: 1
2025-11-07 20:31:16 - rol_service - INFO - [rol_service.py:49] - Rol encontrado: RolBuscable b211a3
2025-11-07 20:31:16 - rol_service - INFO - [rol_service.py:44] - Buscando rol con ID: 9999
2025-11-07 20:31:16 - rol_service - WARNING - [rol_service.py:51] - Rol no encontrado con ID: 9999
2025-11-07 20:41:17 - rol_service - INFO - [rol_service.py:25] - Creando nuevo rol: Test Rol 1c1766
2025-11-07 20:41:17 - rol_service - INFO - [rol_service.py:34] - Rol creado (sin commit): 1
2025-11-07 20:41:17 - rol_service - INFO - [rol_service.py:25] - Creando nuevo rol: RolDuplicado b2a1a7
2025-11-07 20:41:17 - rol_service - INFO - [rol_service.py:34] - Rol creado (sin commit): 1
2025-11-07 20:41:17 - rol_service - WARNING - [rol_service.py:19] - Intento de crear rol con nombre duplicado: RolDuplicado b2a1a7
2025-11-07 20:41:17 - rol_service - ERROR - [rol_service.py:37] - Error de base de datos al crear rol: El nombre del rol ya existe
2025-11-07 20:41:18 - rol_service - INFO - [rol_service.py:25] - Creando nuevo rol: RolBuscable 1261ad
2025-11-07 20:41:18 - rol_service - INFO - [rol_service.py:34] - Rol creado (sin commit): 1
2025-11-07 20:41:18 - rol_service - INFO - [rol_service.py:44] - Buscando rol con ID: 1
2025-11-07 20:41:18 - rol_service - INFO - [rol_service.py:49] - Rol encontrado: RolBuscable 1261ad
2025-11-07 20:41:18 - rol_service - INFO - [rol_service.py:44] - Buscando rol con ID: 9999
2025-11-07 20:41:18 - rol_service - WARNING - [rol_service.py:51] - Rol no encontrado con ID: 9999
2025-11-07 20:46:31 - rol_service - INFO - [rol_service.py:25] - Creando nuevo rol: Test Rol 621f92
2025-11-07 20:46:31 - rol_service - INFO - [rol_service.py:34] - Rol creado (sin commit): 1
2025-11-07 20:46:31 - rol_service - INFO - [rol_service.py:25] - Creando nuevo rol: RolDuplicado 679ab9
2025-11-07 20:46:31 - rol_service - INFO - [rol_service.py:34] - Rol creado (sin commit): 1
2025-11-07 20:46:31 - rol_service - WARNING - [rol_service.py:19] - Intento de crear rol con nombre duplicado: RolDuplicado 679ab9
2025-11-07 20:46:31 - rol_service - ERROR - [rol_service.py:37] - Error de base de datos al crear rol: El nombre del rol ya existe
2025-11-07 20:46:32 - rol_service - INFO - [rol_service.py:25] - Creando nuevo rol: RolBuscable 96aa7c
2025-11-07 20:46:32 - rol_service - INFO - [rol_service.py:34] - Rol creado (sin commit): 1
2025-11-07 20:46:32 - rol_service - INFO - [rol_service.py:44] - Buscando rol con ID: 1
2025-11-07 20:46:32 - rol_service - INFO - [rol_service.py:49] - Rol encontrado: RolBuscable 96aa7c
2025-11-07 20:46:32 - rol_service - INFO - [rol_service.py:44] - Buscando rol con ID: 9999
2025-11-07 20:46:32 - rol_service - WARNING - [rol_service.py:51] - Rol no encontrado con ID: 9999
2025-11-07 20:49:12 - rol_service - INFO - [rol_service.py:25] - Creando nuevo rol: Test Rol a68b7e
2025-11-07 20:49:12 - rol_service - INFO - [rol_service.py:34] - Rol creado (sin commit): 1
2025-11-07 20:49:12 - rol_service - INFO - [rol_service.py:25] - Creando nuevo rol: RolDuplicado 04c0fe
2025-11-07 20:49:12 - rol_service - INFO - [rol_service.py:34] - Rol creado (sin commit): 1
2025-11-07 20:49:12 - rol_service - WARNING - [rol_service.py:19] - Intento de crear rol con nombre duplicado: RolDuplicado 04c0fe
2025-11-07 20:49:12 - rol_service - ERROR - [rol_service.py:37] - Error de base de datos al crear rol: El nombre del rol ya existe
2025-11-07 20:49:12 - rol_service - INFO - [rol_service.py:25] - Creando nuevo rol: RolBuscable 66bed0
2025-11-07 20:49:12 - rol_service - INFO - [rol_service.py:34] - Rol creado (sin commit): 1
2025-11-07 20:49:12 - rol_service - INFO - [rol_service.py:44] - Buscando rol con ID: 1
2025-11-07 20:49:12 - rol_service - INFO - [rol_service.py:49] - Rol encontrado: RolBuscable 66bed0
2025-11-07 20:49:12 - rol_service - INFO - [rol_service.py:44] - Buscando rol con ID: 9999
2025-11-07 20:49:12 - rol_service - WARNING - [rol_service.py:51] - Rol no encontrado con ID: 9999
2025-11-07 20:53:31 - rol_service - INFO - [rol_service.py:25] - Creando nuevo rol: Test Rol babb1c
2025-11-07 20:53:31 - rol_service - INFO - [rol_service.py:34] - Rol creado (sin commit): 1
2025-11-07 20:53:31 - rol_service - INFO - [rol_service.py:25] - Creando nuevo rol: RolDuplicado a657b0
2025-11-07 20:53:31 - rol_service - INFO - [rol_service.py:34] - Rol creado (sin commit): 1
2025-11-07 20:53:31 - rol_service - WARNING - [rol_service.py:19] - Intento de crear rol con nombre duplicado: RolDuplicado a657b0
2025-11-07 20:53:31 - rol_service - ERROR - [rol_service.py:37] - Error de base de datos al crear rol: El nombre del rol ya existe
2025-11-07 20:53:31 - rol_service - INFO - [rol_service.py:25] - Creando nuevo rol: RolBuscable 654912
2025-11-07 20:53:31 - rol_service - INFO - [rol_service.py:34] - Rol creado (sin commit): 1
2025-11-07 20:53:31 - rol_service - INFO - [rol_service.py:44] - Buscando rol con ID: 1
2025-11-07 20:53:31 - rol_service - INFO - [rol_service.py:49] - Rol encontrado: RolBuscable 654912
2025-11-07 20:53:31 - rol_service - INFO - [rol_service.py:44] - Buscando rol con ID: 9999
2025-11-07 20:53:31 - rol_service - WARNING - [rol_service.py:51] - Rol no encontrado con ID: 9999
2025-11-07 20:58:54 - rol_service - INFO - [rol_service.py:25] - Creando nuevo rol: Test Rol 06ed18
2025-11-07 20:58:54 - rol_service - INFO - [rol_service.py:34] - Rol creado (sin commit): 1
2025-11-07 20:58:54 - rol_service - INFO - [rol_service.py:25] - Creando nuevo rol: RolDuplicado 1e28a2
2025-11-07 20:58:54 - rol_service - INFO - [rol_service.py:34] - Rol creado (sin commit): 1
2025-11-07 20:58:54 - rol_service - WARNING - [rol_service.py:19] - Intento de crear rol con nombre duplicado: RolDuplicado 1e28a2
2025-11-07 20:58:54 - rol_service - ERROR - [rol_service.py:37] - Error de base de datos al crear rol: El nombre del rol ya existe
2025-11-07 20:58:54 - rol_service - INFO - [rol_service.py:25] - Creando nuevo rol: RolBuscable 4d0a7a
2025-11-07 20:58:54 - rol_service - INFO - [rol_service.py:34] - Rol creado (sin commit): 1
2025-11-07 20:58:54 - rol_service - INFO - [rol_service.py:44] - Buscando rol con ID: 1
2025-11-07 20:58:54 - rol_service - INFO - [rol_service.py:49] - Rol encontrado: RolBuscable 4d0a7a
2025-11-07 20:58:55 - rol_service - INFO - [rol_service.py:44] - Buscando rol con ID: 9999
2025-11-07 20:58:55 - rol_service - WARNING - [rol_service.py:51] - Rol no encontrado con ID: 9999
2025-11-07 21:09:30 - rol_service - INFO - [rol_service.py:25] - Creando nuevo rol: Test Rol 1f54e7
2025-11-07 21:09:30 - rol_service - INFO - [rol_service.py:34] - Rol creado (sin commit): 1
2025-11-07 21:09:30 - rol_service - INFO - [rol_service.py:25] - Creando nuevo rol: RolDuplicado ccad78
2025-11-07 21:09:30 - rol_service - INFO - [rol_service.py:34] - Rol creado (sin commit): 1
2025-11-07 21:09:30 - rol_service - WARNING - [rol_service.py:19] - Intento de crear rol con nombre duplicado: RolDuplicado ccad78
2025-11-07 21:09:30 - rol_service - ERROR - [rol_service.py:37] - Error de base de datos al crear rol: El nombre del rol ya existe
2025-11-07 21:09:30 - rol_service - INFO - [rol_service.py:25] - Creando nuevo rol: RolBuscable 9c3b45
2025-11-07 21:09:30 - rol_service - INFO - [rol_service.py:34] - Rol creado (sin commit): 1
2025-11-07 21:09:30 - rol_service - INFO - [rol_service.py:44] - Buscando rol con ID: 1
2025-11-07 21:09:30 - rol_service - INFO - [rol_service.py:49] - Rol encontrado: RolBuscable 9c3b45
2025-11-07 21:09:30 - rol_service - INFO - [rol_service.py:44] - Buscando rol con ID: 9999
2025-11-07 21:09:30 - rol_service - WARNING - [rol_service.py:51] - Rol no encontrado con ID: 9999
2025-11-17 23:52:03 - rol_service - INFO - [rol_service.py:25] - Creando nuevo rol: Test Rol 3f2fcb
2025-11-17 23:52:03 - rol_service - INFO - [rol_service.py:25] - Creando nuevo rol: RolDuplicado c37e4b
2025-11-17 23:52:03 - rol_service - INFO - [rol_service.py:25] - Creando nuevo rol: RolBuscable f123bd
2025-11-17 23:52:03 - rol_service - INFO - [rol_service.py:44] - Buscando rol con ID: 9999
2025-11-17 23:52:03 - rol_service - WARNING - [rol_service.py:51] - Rol no encontrado con ID: 9999
2025-11-18 00:15:33 - rol_service - INFO - [rol_service.py:25] - Creando nuevo rol: Test Rol f2e5d2
2025-11-18 00:15:33 - rol_service - INFO - [rol_service.py:34] - Rol creado (sin commit): 1
2025-11-18 00:15:34 - rol_service - INFO - [rol_service.py:25] - Creando nuevo rol: RolDuplicado c9bdb8
2025-11-18 00:15:34 - rol_service - INFO - [rol_service.py:34] - Rol creado (sin commit): 1
2025-11-18 00:15:34 - rol_service - WARNING - [rol_service.py:19] - Intento de crear rol con nombre duplicado: RolDuplicado c9bdb8
2025-11-18 00:15:34 - rol_service - ERROR - [rol_service.py:37] - Error de base de datos al crear rol: El nombre del rol ya existe
2025-11-18 00:15:34 - rol_service - INFO - [rol_service.py:25] - Creando nuevo rol: RolBuscable 688fe4
2025-11-18 00:15:34 - rol_service - INFO - [rol_service.py:34] - Rol creado (sin commit): 1
2025-11-18 00:15:34 - rol_service - INFO - [rol_service.py:44] - Buscando rol con ID: 1
2025-11-18 00:15:34 - rol_service - INFO - [rol_service.py:49] - Rol encontrado: RolBuscable 688fe4
2025-11-18 00:15:34 - rol_service - INFO - [rol_service.py:44] - Buscando rol con ID: 9999
2025-11-18 00:15:34 - rol_service - WARNING - [rol_service.py:51] - Rol no encontrado con ID: 9999
2025-11-18 00:55:58 - rol_service - INFO - [rol_service.py:25] - Creando nuevo rol: Test Rol 06027e
2025-11-18 00:55:58 - rol_service - INFO - [rol_service.py:34] - Rol creado (sin commit): 1
2025-11-18 00:55:58 - rol_service - INFO - [rol_service.py:25] - Creando nuevo rol: RolDuplicado 03ba40
2025-11-18 00:55:58 - rol_service - INFO - [rol_service.py:34] - Rol creado (sin commit): 1
2025-11-18 00:55:58 - rol_service - WARNING - [rol_service.py:19] - Intento de crear rol con nombre duplicado: RolDuplicado 03ba40
2025-11-18 00:55:58 - rol_service - ERROR - [rol_service.py:37] - Error de base de datos al crear rol: El nombre del rol ya existe
2025-11-18 00:55:58 - rol_service - INFO - [rol_service.py:25] - Creando nuevo rol: RolBuscable 909120
2025-11-18 00:55:58 - rol_service - INFO - [rol_service.py:34] - Rol creado (sin commit): 1
2025-11-18 00:55:58 - rol_service - INFO - [rol_service.py:44] - Buscando rol con ID: 1
2025-11-18 00:55:58 - rol_service - INFO - [rol_service.py:49] - Rol encontrado: RolBuscable 909120
2025-11-18 00:55:58 - rol_service - INFO - [rol_service.py:44] - Buscando rol con ID: 9999
2025-11-18 00:55:58 - rol_service - WARNING - [rol_service.py:51] - Rol no encontrado con ID: 9999
2025-11-19 19:52:07 - rol_service - INFO - [rol_service.py:25] - Creando nuevo rol: Test Rol 6bbb85
2025-11-19 19:52:07 - rol_service - INFO - [rol_service.py:33] - Rol creado (sin commit): 1
2025-11-19 19:52:07 - rol_service - INFO - [rol_service.py:25] - Creando nuevo rol: RolDuplicado b2ceb7
2025-11-19 19:52:07 - rol_service - INFO - [rol_service.py:33] - Rol creado (sin commit): 1
2025-11-19 19:52:07 - rol_service - WARNING - [rol_service.py:19] - Intento de crear rol con nombre duplicado: RolDuplicado b2ceb7
2025-11-19 19:52:07 - rol_service - ERROR - [rol_service.py:36] - Error de base de datos al crear rol: El nombre del rol ya existe
2025-11-19 19:52:08 - rol_service - INFO - [rol_service.py:25] - Creando nuevo rol: RolBuscable e964a8
2025-11-19 19:52:08 - rol_service - INFO - [rol_service.py:33] - Rol creado (sin commit): 1
2025-11-19 19:52:08 - rol_service - INFO - [rol_service.py:43] - Buscando rol con ID: 1
2025-11-19 19:52:08 - rol_service - INFO - [rol_service.py:48] - Rol encontrado: RolBuscable e964a8
2025-11-19 19:52:08 - rol_service - INFO - [rol_service.py:43] - Buscando rol con ID: 9999
2025-11-19 19:52:08 - rol_service - WARNING - [rol_service.py:50] - Rol no encontrado con ID: 9999
2025-11-19 19:56:43 - rol_service - INFO - [rol_service.py:25] - Creando nuevo rol: Test Rol be5182
2025-11-19 19:56:43 - rol_service - INFO - [rol_service.py:33] - Rol creado (sin commit): 1
2025-11-19 19:56:43 - rol_service - INFO - [rol_service.py:25] - Creando nuevo rol: RolDuplicado f73fd1
2025-11-19 19:56:43 - rol_service - INFO - [rol_service.py:33] - Rol creado (sin commit): 1
2025-11-19 19:56:43 - rol_service - WARNING - [rol_service.py:19] - Intento de crear rol con nombre duplicado: RolDuplicado f73fd1
2025-11-19 19:56:43 - rol_service - ERROR - [rol_service.py:36] - Error de base de datos al crear rol: El nombre del rol ya existe
2025-11-19 19:56:43 - rol_service - INFO - [rol_service.py:25] - Creando nuevo rol: RolBuscable 635150
2025-11-19 19:56:43 - rol_service - INFO - [rol_service.py:33] - Rol creado (sin commit): 1
2025-11-19 19:56:43 - rol_service - INFO - [rol_service.py:43] - Buscando rol con ID: 1
2025-11-19 19:56:43 - rol_service - INFO - [rol_service.py:48] - Rol encontrado: RolBuscable 635150
2025-11-19 19:56:43 - rol_service - INFO - [rol_service.py:43] - Buscando rol con ID: 9999
2025-11-19 19:56:43 - rol_service - WARNING - [rol_service.py:50] - Rol no encontrado con ID: 9999
2025-11-19 21:38:05 - rol_service - ERROR - [rol_service.py:36] - Error de base de datos al crear rol: One or more mappers failed to initialize - can't proceed with initialization of other mappers. Triggering mapper: 'mapped class Mensaje->mensajes'. Original exception was: Could not determine join condition between parent/child tables on relationship Mensaje.remitente - there are multiple foreign key paths linking the tables.  Specify the 'foreign_keys' argument, providing a list of those columns which should be counted as containing a foreign key reference to the parent table.
2025-11-19 21:38:06 - rol_service - ERROR - [rol_service.py:36] - Error de base de datos al crear rol: One or more mappers failed to initialize - can't proceed with initialization of other mappers. Triggering mapper: 'mapped class Mensaje->mensajes'. Original exception was: Could not determine join condition between parent/child tables on relationship Mensaje.remitente - there are multiple foreign key paths linking the tables.  Specify the 'foreign_keys' argument, providing a list of those columns which should be counted as containing a foreign key reference to the parent table.
2025-11-19 21:38:07 - rol_service - ERROR - [rol_service.py:36] - Error de base de datos al crear rol: One or more mappers failed to initialize - can't proceed with initialization of other mappers. Triggering mapper: 'mapped class Mensaje->mensajes'. Original exception was: Could not determine join condition between parent/child tables on relationship Mensaje.remitente - there are multiple foreign key paths linking the tables.  Specify the 'foreign_keys' argument, providing a list of those columns which should be counted as containing a foreign key reference to the parent table.
2025-11-19 21:38:09 - rol_service - INFO - [rol_service.py:43] - Buscando rol con ID: 9999
2025-11-19 21:38:09 - rol_service - ERROR - [rol_service.py:55] - Error de base de datos al obtener rol: One or more mappers failed to initialize - can't proceed with initialization of other mappers. Triggering mapper: 'mapped class Mensaje->mensajes'. Original exception was: Could not determine join condition between parent/child tables on relationship Mensaje.remitente - there are multiple foreign key paths linking the tables.  Specify the 'foreign_keys' argument, providing a list of those columns which should be counted as containing a foreign key reference to the parent table.
2025-11-19 21:41:38 - rol_service - INFO - [rol_service.py:25] - Creando nuevo rol: Test Rol e91cab
2025-11-19 21:41:38 - rol_service - INFO - [rol_service.py:33] - Rol creado (sin commit): 1
2025-11-19 21:41:39 - rol_service - INFO - [rol_service.py:25] - Creando nuevo rol: RolDuplicado f61c04
2025-11-19 21:41:39 - rol_service - INFO - [rol_service.py:33] - Rol creado (sin commit): 1
2025-11-19 21:41:39 - rol_service - WARNING - [rol_service.py:19] - Intento de crear rol con nombre duplicado: RolDuplicado f61c04
2025-11-19 21:41:39 - rol_service - ERROR - [rol_service.py:36] - Error de base de datos al crear rol: El nombre del rol ya existe
2025-11-19 21:41:39 - rol_service - INFO - [rol_service.py:25] - Creando nuevo rol: RolBuscable b6c4bd
2025-11-19 21:41:39 - rol_service - INFO - [rol_service.py:33] - Rol creado (sin commit): 1
2025-11-19 21:41:39 - rol_service - INFO - [rol_service.py:43] - Buscando rol con ID: 1
2025-11-19 21:41:39 - rol_service - INFO - [rol_service.py:48] - Rol encontrado: RolBuscable b6c4bd
2025-11-19 21:41:39 - rol_service - INFO - [rol_service.py:43] - Buscando rol con ID: 9999
2025-11-19 21:41:39 - rol_service - WARNING - [rol_service.py:50] - Rol no encontrado con ID: 9999
2025-11-20 09:29:05 - rol_service - INFO - [rol_service.py:25] - Creando nuevo rol: Test Rol c85b7b
2025-11-20 09:29:05 - rol_service - INFO - [rol_service.py:33] - Rol creado (sin commit): 1
2025-11-20 09:29:05 - rol_service - INFO - [rol_service.py:25] - Creando nuevo rol: RolDuplicado f85f10
2025-11-20 09:29:05 - rol_service - INFO - [rol_service.py:33] - Rol creado (sin commit): 1
2025-11-20 09:29:05 - rol_service - WARNING - [rol_service.py:19] - Intento de crear rol con nombre duplicado: RolDuplicado f85f10
2025-11-20 09:29:05 - rol_service - ERROR - [rol_service.py:36] - Error de base de datos al crear rol: El nombre del rol ya existe
2025-11-20 09:29:05 - rol_service - INFO - [rol_service.py:25] - Creando nuevo rol: RolBuscable cb6f7a
2025-11-20 09:29:05 - rol_service - INFO - [rol_service.py:33] - Rol creado (sin commit): 1
2025-11-20 09:29:05 - rol_service - INFO - [rol_service.py:43] - Buscando rol con ID: 1
2025-11-20 09:29:05 - rol_service - INFO - [rol_service.py:48] - Rol encontrado: RolBuscable cb6f7a
2025-11-20 09:29:05 - rol_service - INFO - [rol_service.py:43] - Buscando rol con ID: 9999
2025-11-20 09:29:05 - rol_service - WARNING - [rol_service.py:50] - Rol no encontrado con ID: 9999
2025-11-20 09:37:23 - rol_service - INFO - [rol_service.py:25] - Creando nuevo rol: Test Rol 783bef
2025-11-20 09:37:23 - rol_service - INFO - [rol_service.py:33] - Rol creado (sin commit): 1
2025-11-20 09:37:23 - rol_service - INFO - [rol_service.py:25] - Creando nuevo rol: RolDuplicado 8e3bd5
2025-11-20 09:37:23 - rol_service - INFO - [rol_service.py:33] - Rol creado (sin commit): 1
2025-11-20 09:37:23 - rol_service - WARNING - [rol_service.py:19] - Intento de crear rol con nombre duplicado: RolDuplicado 8e3bd5
2025-11-20 09:37:23 - rol_service - ERROR - [rol_service.py:36] - Error de base de datos al crear rol: El nombre del rol ya existe
2025-11-20 09:37:24 - rol_service - INFO - [rol_service.py:25] - Creando nuevo rol: RolBuscable e73480
2025-11-20 09:37:24 - rol_service - INFO - [rol_service.py:33] - Rol creado (sin commit): 1
2025-11-20 09:37:24 - rol_service - INFO - [rol_service.py:43] - Buscando rol con ID: 1
2025-11-20 09:37:24 - rol_service - INFO - [rol_service.py:48] - Rol encontrado: RolBuscable e73480
2025-11-20 09:37:24 - rol_service - INFO - [rol_service.py:43] - Buscando rol con ID: 9999
2025-11-20 09:37:24 - rol_service - WARNING - [rol_service.py:50] - Rol no encontrado con ID: 9999
2025-11-20 09:54:10 - rol_service - INFO - [rol_service.py:25] - Creando nuevo rol: Test Rol 02cb63
2025-11-20 09:54:10 - rol_service - INFO - [rol_service.py:33] - Rol creado (sin commit): 1
2025-11-20 09:54:10 - rol_service - INFO - [rol_service.py:25] - Creando nuevo rol: RolDuplicado 1333bd
2025-11-20 09:54:10 - rol_service - INFO - [rol_service.py:33] - Rol creado (sin commit): 1
2025-11-20 09:54:10 - rol_service - WARNING - [rol_service.py:19] - Intento de crear rol con nombre duplicado: RolDuplicado 1333bd
2025-11-20 09:54:10 - rol_service - ERROR - [rol_service.py:36] - Error de base de datos al crear rol: El nombre del rol ya existe
2025-11-20 09:54:10 - rol_service - INFO - [rol_service.py:25] - Creando nuevo rol: RolBuscable 8bd41d
2025-11-20 09:54:10 - rol_service - INFO - [rol_service.py:33] - Rol creado (sin commit): 1
2025-11-20 09:54:10 - rol_service - INFO - [rol_service.py:43] - Buscando rol con ID: 1
2025-11-20 09:54:10 - rol_service - INFO - [rol_service.py:48] - Rol encontrado: RolBuscable 8bd41d
2025-11-20 09:54:11 - rol_service - INFO - [rol_service.py:43] - Buscando rol con ID: 9999
2025-11-20 09:54:11 - rol_service - WARNING - [rol_service.py:50] - Rol no encontrado con ID: 9999
2025-11-20 09:59:40 - rol_service - INFO - [rol_service.py:25] - Creando nuevo rol: Test Rol f65142
2025-11-20 09:59:40 - rol_service - INFO - [rol_service.py:33] - Rol creado (sin commit): 1
2025-11-20 09:59:40 - rol_service - INFO - [rol_service.py:25] - Creando nuevo rol: RolDuplicado 8f0b86
2025-11-20 09:59:40 - rol_service - INFO - [rol_service.py:33] - Rol creado (sin commit): 1
2025-11-20 09:59:40 - rol_service - WARNING - [rol_service.py:19] - Intento de crear rol con nombre duplicado: RolDuplicado 8f0b86
2025-11-20 09:59:40 - rol_service - ERROR - [rol_service.py:36] - Error de base de datos al crear rol: El nombre del rol ya existe
2025-11-20 09:59:41 - rol_service - INFO - [rol_service.py:25] - Creando nuevo rol: RolBuscable 4bf81a
2025-11-20 09:59:41 - rol_service - INFO - [rol_service.py:33] - Rol creado (sin commit): 1
2025-11-20 09:59:41 - rol_service - INFO - [rol_service.py:43] - Buscando rol con ID: 1
2025-11-20 09:59:41 - rol_service - INFO - [rol_service.py:48] - Rol encontrado: RolBuscable 4bf81a
2025-11-20 09:59:41 - rol_service - INFO - [rol_service.py:43] - Buscando rol con ID: 9999
2025-11-20 09:59:41 - rol_service - WARNING - [rol_service.py:50] - Rol no encontrado con ID: 9999
2025-11-20 10:16:55 - rol_service - INFO - [rol_service.py:25] - Creando nuevo rol: Test Rol 3045d1
2025-11-20 10:16:55 - rol_service - INFO - [rol_service.py:33] - Rol creado (sin commit): 1
2025-11-20 10:16:55 - rol_service - INFO - [rol_service.py:25] - Creando nuevo rol: RolDuplicado 3f1b8b
2025-11-20 10:16:55 - rol_service - INFO - [rol_service.py:33] - Rol creado (sin commit): 1
2025-11-20 10:16:55 - rol_service - WARNING - [rol_service.py:19] - Intento de crear rol con nombre duplicado: RolDuplicado 3f1b8b
2025-11-20 10:16:55 - rol_service - ERROR - [rol_service.py:36] - Error de base de datos al crear rol: El nombre del rol ya existe
2025-11-20 10:16:56 - rol_service - INFO - [rol_service.py:25] - Creando nuevo rol: RolBuscable 0b0701
2025-11-20 10:16:56 - rol_service - INFO - [rol_service.py:33] - Rol creado (sin commit): 1
2025-11-20 10:16:56 - rol_service - INFO - [rol_service.py:43] - Buscando rol con ID: 1
2025-11-20 10:16:56 - rol_service - INFO - [rol_service.py:48] - Rol encontrado: RolBuscable 0b0701
2025-11-20 10:16:56 - rol_service - INFO - [rol_service.py:43] - Buscando rol con ID: 9999
2025-11-20 10:16:56 - rol_service - WARNING - [rol_service.py:50] - Rol no encontrado con ID: 9999
2025-11-20 10:23:58 - rol_service - INFO - [rol_service.py:25] - Creando nuevo rol: Test Rol 50f39f
2025-11-20 10:23:58 - rol_service - INFO - [rol_service.py:33] - Rol creado (sin commit): 1
2025-11-20 10:23:59 - rol_service - INFO - [rol_service.py:25] - Creando nuevo rol: RolDuplicado 601f53
2025-11-20 10:23:59 - rol_service - INFO - [rol_service.py:33] - Rol creado (sin commit): 1
2025-11-20 10:23:59 - rol_service - WARNING - [rol_service.py:19] - Intento de crear rol con nombre duplicado: RolDuplicado 601f53
2025-11-20 10:23:59 - rol_service - ERROR - [rol_service.py:36] - Error de base de datos al crear rol: El nombre del rol ya existe
2025-11-20 10:23:59 - rol_service - INFO - [rol_service.py:25] - Creando nuevo rol: RolBuscable 6d6ea5
2025-11-20 10:23:59 - rol_service - INFO - [rol_service.py:33] - Rol creado (sin commit): 1
2025-11-20 10:23:59 - rol_service - INFO - [rol_service.py:43] - Buscando rol con ID: 1
2025-11-20 10:23:59 - rol_service - INFO - [rol_service.py:48] - Rol encontrado: RolBuscable 6d6ea5
2025-11-20 10:23:59 - rol_service - INFO - [rol_service.py:43] - Buscando rol con ID: 9999
2025-11-20 10:23:59 - rol_service - WARNING - [rol_service.py:50] - Rol no encontrado con ID: 9999
2025-11-22 07:48:42 - rol_service - INFO - [rol_service.py:25] - Creando nuevo rol: Test Rol 30d21f
2025-11-22 07:48:42 - rol_service - INFO - [rol_service.py:33] - Rol creado (sin commit): 1
2025-11-22 07:48:42 - rol_service - INFO - [rol_service.py:25] - Creando nuevo rol: RolDuplicado 35f41e
2025-11-22 07:48:42 - rol_service - INFO - [rol_service.py:33] - Rol creado (sin commit): 1
2025-11-22 07:48:42 - rol_service - WARNING - [rol_service.py:19] - Intento de crear rol con nombre duplicado: RolDuplicado 35f41e
2025-11-22 07:48:42 - rol_service - ERROR - [rol_service.py:36] - Error de base de datos al crear rol: El nombre del rol ya existe
2025-11-22 07:48:43 - rol_service - INFO - [rol_service.py:25] - Creando nuevo rol: RolBuscable 90c347
2025-11-22 07:48:43 - rol_service - INFO - [rol_service.py:33] - Rol creado (sin commit): 1
2025-11-22 07:48:43 - rol_service - INFO - [rol_service.py:43] - Buscando rol con ID: 1
2025-11-22 07:48:43 - rol_service - INFO - [rol_service.py:48] - Rol encontrado: RolBuscable 90c347
2025-11-22 07:48:43 - rol_service - INFO - [rol_service.py:43] - Buscando rol con ID: 9999
2025-11-22 07:48:43 - rol_service - WARNING - [rol_service.py:50] - Rol no encontrado con ID: 9999
2025-11-26 12:16:03 - rol_service - INFO - [rol_service.py:25] - Creando nuevo rol: Test Rol 2bf12a
2025-11-26 12:16:03 - rol_service - INFO - [rol_service.py:33] - Rol creado (sin commit): 1
2025-11-26 12:16:03 - rol_service - INFO - [rol_service.py:25] - Creando nuevo rol: RolDuplicado 8fa3e8
2025-11-26 12:16:03 - rol_service - INFO - [rol_service.py:33] - Rol creado (sin commit): 1
2025-11-26 12:16:03 - rol_service - WARNING - [rol_service.py:19] - Intento de crear rol con nombre duplicado: RolDuplicado 8fa3e8
2025-11-26 12:16:03 - rol_service - ERROR - [rol_service.py:36] - Error de base de datos al crear rol: El nombre del rol ya existe
2025-11-26 12:16:03 - rol_service - INFO - [rol_service.py:25] - Creando nuevo rol: RolBuscable ddac8d
2025-11-26 12:16:03 - rol_service - INFO - [rol_service.py:33] - Rol creado (sin commit): 1
2025-11-26 12:16:03 - rol_service - INFO - [rol_service.py:43] - Buscando rol con ID: 1
2025-11-26 12:16:03 - rol_service - INFO - [rol_service.py:48] - Rol encontrado: RolBuscable ddac8d
2025-11-26 12:16:04 - rol_service - INFO - [rol_service.py:43] - Buscando rol con ID: 9999
2025-11-26 12:16:04 - rol_service - WARNING - [rol_service.py:50] - Rol no encontrado con ID: 9999
