2025-11-04 01:47:51 - tarea_service - INFO - [tarea_service.py:14] - Creando tarea con datos: {'titulo': 'Test', 'categoria': 'cocina', 'asignado_a': 1, 'id_hogar': 1}
2025-11-04 01:47:51 - tarea_service - ERROR - [tarea_service.py:22] - Error al crear tarea: 'async_generator' object has no attribute 'add'
2025-11-04 01:47:52 - tarea_service - INFO - [tarea_service.py:14] - Creando tarea con datos: {'titulo': 'Lavar platos', 'categoria': 'cocina', 'asignado_a': 1, 'id_hogar': 1}
2025-11-04 01:47:52 - tarea_service - ERROR - [tarea_service.py:22] - Error al crear tarea: 'async_generator' object has no attribute 'add'
2025-11-04 01:47:52 - tarea_service - INFO - [tarea_service.py:14] - Creando tarea con datos: {'titulo': 'Test', 'categoria': 'limpieza', 'asignado_a': 1, 'id_hogar': 1}
2025-11-04 01:47:52 - tarea_service - ERROR - [tarea_service.py:22] - Error al crear tarea: 'async_generator' object has no attribute 'add'
2025-11-05 19:16:19 - tarea_service - INFO - [tarea_service.py:14] - Creando tarea con datos: {'titulo': 'Test', 'categoria': 'cocina', 'asignado_a': 1, 'id_hogar': 1}
2025-11-05 19:16:19 - tarea_service - ERROR - [tarea_service.py:22] - Error al crear tarea: 'async_generator' object has no attribute 'add'
2025-11-05 19:16:20 - tarea_service - INFO - [tarea_service.py:14] - Creando tarea con datos: {'titulo': 'Lavar platos', 'categoria': 'cocina', 'asignado_a': 1, 'id_hogar': 1}
2025-11-05 19:16:20 - tarea_service - ERROR - [tarea_service.py:22] - Error al crear tarea: 'async_generator' object has no attribute 'add'
2025-11-05 19:16:20 - tarea_service - INFO - [tarea_service.py:14] - Creando tarea con datos: {'titulo': 'Test', 'categoria': 'limpieza', 'asignado_a': 1, 'id_hogar': 1}
2025-11-05 19:16:20 - tarea_service - ERROR - [tarea_service.py:22] - Error al crear tarea: 'async_generator' object has no attribute 'add'
2025-11-05 19:33:40 - tarea_service - INFO - [tarea_service.py:14] - Creando tarea con datos: {'titulo': 'Test', 'categoria': 'cocina', 'asignado_a': 1, 'id_hogar': 1}
2025-11-05 19:33:40 - tarea_service - ERROR - [tarea_service.py:22] - Error al crear tarea: 'async_generator' object has no attribute 'add'
2025-11-05 19:33:41 - tarea_service - INFO - [tarea_service.py:14] - Creando tarea con datos: {'titulo': 'Lavar platos', 'categoria': 'cocina', 'asignado_a': 1, 'id_hogar': 1}
2025-11-05 19:33:41 - tarea_service - ERROR - [tarea_service.py:22] - Error al crear tarea: 'async_generator' object has no attribute 'add'
2025-11-05 19:33:41 - tarea_service - INFO - [tarea_service.py:14] - Creando tarea con datos: {'titulo': 'Test', 'categoria': 'limpieza', 'asignado_a': 1, 'id_hogar': 1}
2025-11-05 19:33:41 - tarea_service - ERROR - [tarea_service.py:22] - Error al crear tarea: 'async_generator' object has no attribute 'add'
2025-11-05 19:50:52 - tarea_service - INFO - [tarea_service.py:14] - Creando tarea con datos: {'titulo': 'Test', 'categoria': 'cocina', 'asignado_a': 1, 'id_hogar': 1}
2025-11-05 19:50:52 - tarea_service - ERROR - [tarea_service.py:22] - Error al crear tarea: 'async_generator' object has no attribute 'add'
2025-11-05 19:50:52 - tarea_service - INFO - [tarea_service.py:14] - Creando tarea con datos: {'titulo': 'Lavar platos', 'categoria': 'cocina', 'asignado_a': 1, 'id_hogar': 1}
2025-11-05 19:50:52 - tarea_service - ERROR - [tarea_service.py:22] - Error al crear tarea: 'async_generator' object has no attribute 'add'
2025-11-05 19:50:52 - tarea_service - INFO - [tarea_service.py:14] - Creando tarea con datos: {'titulo': 'Test', 'categoria': 'limpieza', 'asignado_a': 1, 'id_hogar': 1}
2025-11-05 19:50:52 - tarea_service - ERROR - [tarea_service.py:22] - Error al crear tarea: 'async_generator' object has no attribute 'add'
2025-11-05 22:04:04 - tarea_service - INFO - [tarea_service.py:14] - Creando tarea con datos: {'titulo': 'Test', 'categoria': 'cocina', 'asignado_a': 1, 'id_hogar': 1}
2025-11-05 22:04:04 - tarea_service - INFO - [tarea_service.py:19] - Tarea creada exitosamente con ID: 1
2025-11-05 22:04:05 - tarea_service - INFO - [tarea_service.py:14] - Creando tarea con datos: {'titulo': 'Lavar platos', 'categoria': 'cocina', 'asignado_a': 1, 'id_hogar': 1}
2025-11-05 22:04:05 - tarea_service - INFO - [tarea_service.py:19] - Tarea creada exitosamente con ID: 2
2025-11-05 22:04:05 - tarea_service - INFO - [tarea_service.py:14] - Creando tarea con datos: {'titulo': 'Test', 'categoria': 'limpieza', 'asignado_a': 1, 'id_hogar': 1}
2025-11-05 22:04:05 - tarea_service - INFO - [tarea_service.py:19] - Tarea creada exitosamente con ID: 3
2025-11-05 22:04:05 - tarea_service - INFO - [tarea_service.py:90] - Actualizando estado de tarea 3 a 'completada' por miembro 1
2025-11-05 22:04:05 - tarea_service - INFO - [tarea_service.py:29] - Buscando tarea con ID: 3
2025-11-05 22:04:05 - tarea_service - INFO - [tarea_service.py:34] - Tarea encontrada: Test
2025-11-05 22:04:05 - tarea_service - INFO - [tarea_service.py:112] - Tarea 3 completada en -17999 segundos
2025-11-05 22:04:05 - tarea_service - INFO - [tarea_service.py:117] - Estado de tarea 3 actualizado a 'completada'
2025-11-05 22:04:05 - tarea_service - INFO - [tarea_service.py:129] - Notificación enviada por cambio de estado en tarea 3
2025-11-05 22:05:33 - tarea_service - INFO - [tarea_service.py:14] - Creando tarea con datos: {'titulo': 'Test', 'categoria': 'cocina', 'asignado_a': 1, 'id_hogar': 1}
2025-11-05 22:05:33 - tarea_service - INFO - [tarea_service.py:19] - Tarea creada exitosamente con ID: 1
2025-11-05 22:05:34 - tarea_service - INFO - [tarea_service.py:14] - Creando tarea con datos: {'titulo': 'Lavar platos', 'categoria': 'cocina', 'asignado_a': 1, 'id_hogar': 1}
2025-11-05 22:05:34 - tarea_service - INFO - [tarea_service.py:19] - Tarea creada exitosamente con ID: 2
2025-11-05 22:05:34 - tarea_service - INFO - [tarea_service.py:14] - Creando tarea con datos: {'titulo': 'Test', 'categoria': 'limpieza', 'asignado_a': 1, 'id_hogar': 1}
2025-11-05 22:05:34 - tarea_service - INFO - [tarea_service.py:19] - Tarea creada exitosamente con ID: 3
2025-11-05 22:05:34 - tarea_service - INFO - [tarea_service.py:90] - Actualizando estado de tarea 3 a 'completada' por miembro 1
2025-11-05 22:05:34 - tarea_service - INFO - [tarea_service.py:29] - Buscando tarea con ID: 3
2025-11-05 22:05:34 - tarea_service - INFO - [tarea_service.py:34] - Tarea encontrada: Test
2025-11-05 22:05:34 - tarea_service - INFO - [tarea_service.py:112] - Tarea 3 completada en -17999 segundos
2025-11-05 22:05:34 - tarea_service - INFO - [tarea_service.py:117] - Estado de tarea 3 actualizado a 'completada'
2025-11-05 22:05:34 - tarea_service - INFO - [tarea_service.py:129] - Notificación enviada por cambio de estado en tarea 3
2025-11-05 22:10:23 - tarea_service - INFO - [tarea_service.py:14] - Creando tarea con datos: {'titulo': 'Test', 'categoria': 'cocina', 'asignado_a': 1, 'id_hogar': 1}
2025-11-05 22:10:23 - tarea_service - INFO - [tarea_service.py:19] - Tarea creada exitosamente con ID: 1
2025-11-05 22:10:24 - tarea_service - INFO - [tarea_service.py:14] - Creando tarea con datos: {'titulo': 'Lavar platos', 'categoria': 'cocina', 'asignado_a': 1, 'id_hogar': 1}
2025-11-05 22:10:24 - tarea_service - INFO - [tarea_service.py:19] - Tarea creada exitosamente con ID: 2
2025-11-05 22:10:24 - tarea_service - INFO - [tarea_service.py:14] - Creando tarea con datos: {'titulo': 'Test', 'categoria': 'limpieza', 'asignado_a': 1, 'id_hogar': 1}
2025-11-05 22:10:24 - tarea_service - INFO - [tarea_service.py:19] - Tarea creada exitosamente con ID: 3
2025-11-05 22:10:24 - tarea_service - INFO - [tarea_service.py:90] - Actualizando estado de tarea 3 a 'completada' por miembro 1
2025-11-05 22:10:24 - tarea_service - INFO - [tarea_service.py:29] - Buscando tarea con ID: 3
2025-11-05 22:10:24 - tarea_service - INFO - [tarea_service.py:34] - Tarea encontrada: Test
2025-11-05 22:10:24 - tarea_service - INFO - [tarea_service.py:112] - Tarea 3 completada en -17999 segundos
2025-11-05 22:10:24 - tarea_service - INFO - [tarea_service.py:117] - Estado de tarea 3 actualizado a 'completada'
2025-11-05 22:10:24 - tarea_service - INFO - [tarea_service.py:129] - Notificación enviada por cambio de estado en tarea 3
2025-11-05 22:15:27 - tarea_service - INFO - [tarea_service.py:14] - Creando tarea con datos: {'titulo': 'Test', 'categoria': 'cocina', 'asignado_a': 1, 'id_hogar': 1}
2025-11-05 22:15:27 - tarea_service - INFO - [tarea_service.py:19] - Tarea creada exitosamente con ID: 1
2025-11-05 22:15:28 - tarea_service - INFO - [tarea_service.py:14] - Creando tarea con datos: {'titulo': 'Lavar platos', 'categoria': 'cocina', 'asignado_a': 1, 'id_hogar': 1}
2025-11-05 22:15:28 - tarea_service - INFO - [tarea_service.py:19] - Tarea creada exitosamente con ID: 2
2025-11-05 22:15:28 - tarea_service - INFO - [tarea_service.py:14] - Creando tarea con datos: {'titulo': 'Test', 'categoria': 'limpieza', 'asignado_a': 1, 'id_hogar': 1}
2025-11-05 22:15:28 - tarea_service - INFO - [tarea_service.py:19] - Tarea creada exitosamente con ID: 3
2025-11-05 22:15:28 - tarea_service - INFO - [tarea_service.py:90] - Actualizando estado de tarea 3 a 'completada' por miembro 1
2025-11-05 22:15:28 - tarea_service - INFO - [tarea_service.py:29] - Buscando tarea con ID: 3
2025-11-05 22:15:28 - tarea_service - INFO - [tarea_service.py:34] - Tarea encontrada: Test
2025-11-05 22:15:28 - tarea_service - INFO - [tarea_service.py:112] - Tarea 3 completada en -17999 segundos
2025-11-05 22:15:28 - tarea_service - INFO - [tarea_service.py:117] - Estado de tarea 3 actualizado a 'completada'
2025-11-05 22:15:28 - tarea_service - INFO - [tarea_service.py:129] - Notificación enviada por cambio de estado en tarea 3
2025-11-05 22:27:42 - tarea_service - INFO - [tarea_service.py:14] - Creando tarea con datos: {'titulo': 'Test', 'categoria': 'cocina', 'asignado_a': 1, 'id_hogar': 1}
2025-11-05 22:27:42 - tarea_service - INFO - [tarea_service.py:19] - Tarea creada exitosamente con ID: 1
2025-11-05 22:27:42 - tarea_service - INFO - [tarea_service.py:14] - Creando tarea con datos: {'titulo': 'Lavar platos', 'descripcion': None, 'categoria': 'cocina', 'fecha_limite': None, 'repeticion': 'ninguna', 'asignado_a': 1, 'id_hogar': 1, 'ubicacion': None, 'id_evento': None}
2025-11-05 22:27:42 - tarea_service - INFO - [tarea_service.py:19] - Tarea creada exitosamente con ID: 2
2025-11-05 22:27:43 - tarea_service - INFO - [tarea_service.py:14] - Creando tarea con datos: {'titulo': 'Lavar platos', 'categoria': 'cocina', 'asignado_a': 1, 'id_hogar': 1}
2025-11-05 22:27:43 - tarea_service - INFO - [tarea_service.py:19] - Tarea creada exitosamente con ID: 3
2025-11-05 22:27:43 - tarea_service - INFO - [tarea_service.py:14] - Creando tarea con datos: {'titulo': 'Test', 'categoria': 'limpieza', 'asignado_a': 1, 'id_hogar': 1}
2025-11-05 22:27:43 - tarea_service - INFO - [tarea_service.py:19] - Tarea creada exitosamente con ID: 4
2025-11-05 22:27:43 - tarea_service - INFO - [tarea_service.py:90] - Actualizando estado de tarea 4 a 'completada' por miembro 1
2025-11-05 22:27:43 - tarea_service - INFO - [tarea_service.py:29] - Buscando tarea con ID: 4
2025-11-05 22:27:43 - tarea_service - INFO - [tarea_service.py:34] - Tarea encontrada: Test
2025-11-05 22:27:43 - tarea_service - INFO - [tarea_service.py:112] - Tarea 4 completada en -17999 segundos
2025-11-05 22:27:43 - tarea_service - INFO - [tarea_service.py:117] - Estado de tarea 4 actualizado a 'completada'
2025-11-05 22:27:43 - tarea_service - INFO - [tarea_service.py:129] - Notificación enviada por cambio de estado en tarea 4
2025-11-05 22:35:32 - tarea_service - INFO - [tarea_service.py:14] - Creando tarea con datos: {'titulo': 'Test', 'categoria': 'cocina', 'asignado_a': 1, 'id_hogar': 1}
2025-11-05 22:35:32 - tarea_service - INFO - [tarea_service.py:19] - Tarea creada exitosamente con ID: 1
2025-11-05 22:35:32 - tarea_service - INFO - [tarea_service.py:14] - Creando tarea con datos: {'titulo': 'Lavar platos', 'descripcion': None, 'categoria': 'cocina', 'fecha_limite': None, 'repeticion': 'ninguna', 'asignado_a': 1, 'id_hogar': 1, 'ubicacion': None, 'id_evento': None}
2025-11-05 22:35:32 - tarea_service - INFO - [tarea_service.py:19] - Tarea creada exitosamente con ID: 2
2025-11-05 22:35:32 - tarea_service - INFO - [tarea_service.py:14] - Creando tarea con datos: {'titulo': 'Lavar platos', 'categoria': 'cocina', 'asignado_a': 1, 'id_hogar': 1}
2025-11-05 22:35:32 - tarea_service - INFO - [tarea_service.py:19] - Tarea creada exitosamente con ID: 3
2025-11-05 22:35:32 - tarea_service - INFO - [tarea_service.py:14] - Creando tarea con datos: {'titulo': 'Test', 'categoria': 'limpieza', 'asignado_a': 1, 'id_hogar': 1}
2025-11-05 22:35:32 - tarea_service - INFO - [tarea_service.py:19] - Tarea creada exitosamente con ID: 4
2025-11-05 22:35:32 - tarea_service - INFO - [tarea_service.py:90] - Actualizando estado de tarea 4 a 'completada' por miembro 1
2025-11-05 22:35:32 - tarea_service - INFO - [tarea_service.py:29] - Buscando tarea con ID: 4
2025-11-05 22:35:32 - tarea_service - INFO - [tarea_service.py:34] - Tarea encontrada: Test
2025-11-05 22:35:32 - tarea_service - INFO - [tarea_service.py:112] - Tarea 4 completada en -17999 segundos
2025-11-05 22:35:32 - tarea_service - INFO - [tarea_service.py:117] - Estado de tarea 4 actualizado a 'completada'
2025-11-05 22:35:32 - tarea_service - INFO - [tarea_service.py:129] - Notificación enviada por cambio de estado en tarea 4
2025-11-05 22:39:37 - tarea_service - INFO - [tarea_service.py:14] - Creando tarea con datos: {'titulo': 'Test', 'categoria': 'cocina', 'asignado_a': 1, 'id_hogar': 1}
2025-11-05 22:39:38 - tarea_service - INFO - [tarea_service.py:19] - Tarea creada exitosamente con ID: 1
2025-11-05 22:39:38 - tarea_service - INFO - [tarea_service.py:14] - Creando tarea con datos: {'titulo': 'Lavar platos', 'descripcion': None, 'categoria': 'cocina', 'fecha_limite': None, 'repeticion': 'ninguna', 'asignado_a': 1, 'id_hogar': 1, 'ubicacion': None, 'id_evento': None}
2025-11-05 22:39:38 - tarea_service - INFO - [tarea_service.py:19] - Tarea creada exitosamente con ID: 2
2025-11-05 22:39:38 - tarea_service - INFO - [tarea_service.py:14] - Creando tarea con datos: {'titulo': 'Lavar platos', 'categoria': 'cocina', 'asignado_a': 1, 'id_hogar': 1}
2025-11-05 22:39:38 - tarea_service - INFO - [tarea_service.py:19] - Tarea creada exitosamente con ID: 3
2025-11-05 22:39:38 - tarea_service - INFO - [tarea_service.py:14] - Creando tarea con datos: {'titulo': 'Test', 'categoria': 'limpieza', 'asignado_a': 1, 'id_hogar': 1}
2025-11-05 22:39:38 - tarea_service - INFO - [tarea_service.py:19] - Tarea creada exitosamente con ID: 4
2025-11-05 22:39:38 - tarea_service - INFO - [tarea_service.py:90] - Actualizando estado de tarea 4 a 'completada' por miembro 1
2025-11-05 22:39:38 - tarea_service - INFO - [tarea_service.py:29] - Buscando tarea con ID: 4
2025-11-05 22:39:38 - tarea_service - INFO - [tarea_service.py:34] - Tarea encontrada: Test
2025-11-05 22:39:38 - tarea_service - INFO - [tarea_service.py:112] - Tarea 4 completada en -17999 segundos
2025-11-05 22:39:38 - tarea_service - INFO - [tarea_service.py:117] - Estado de tarea 4 actualizado a 'completada'
2025-11-05 22:39:38 - tarea_service - INFO - [tarea_service.py:129] - Notificación enviada por cambio de estado en tarea 4
2025-11-05 22:56:00 - tarea_service - INFO - [tarea_service.py:14] - Creando tarea con datos: {'titulo': 'Test', 'categoria': 'cocina', 'asignado_a': 1, 'id_hogar': 1}
2025-11-05 22:56:00 - tarea_service - INFO - [tarea_service.py:19] - Tarea creada exitosamente con ID: 1
2025-11-05 22:56:22 - tarea_service - INFO - [tarea_service.py:14] - Creando tarea con datos: {'titulo': 'Lavar platos', 'categoria': 'cocina', 'asignado_a': 1, 'id_hogar': 1}
2025-11-05 22:56:22 - tarea_service - INFO - [tarea_service.py:19] - Tarea creada exitosamente con ID: 2
2025-11-05 22:56:22 - tarea_service - INFO - [tarea_service.py:14] - Creando tarea con datos: {'titulo': 'Test', 'categoria': 'limpieza', 'asignado_a': 1, 'id_hogar': 1}
2025-11-05 22:56:22 - tarea_service - INFO - [tarea_service.py:19] - Tarea creada exitosamente con ID: 3
2025-11-05 22:56:22 - tarea_service - INFO - [tarea_service.py:90] - Actualizando estado de tarea 3 a 'completada' por miembro 1
2025-11-05 22:56:22 - tarea_service - INFO - [tarea_service.py:29] - Buscando tarea con ID: 3
2025-11-05 22:56:22 - tarea_service - INFO - [tarea_service.py:34] - Tarea encontrada: Test
2025-11-05 22:56:22 - tarea_service - INFO - [tarea_service.py:112] - Tarea 3 completada en -17999 segundos
2025-11-05 22:56:22 - tarea_service - INFO - [tarea_service.py:117] - Estado de tarea 3 actualizado a 'completada'
2025-11-05 22:56:22 - tarea_service - INFO - [tarea_service.py:129] - Notificación enviada por cambio de estado en tarea 3
2025-11-05 22:57:30 - tarea_service - INFO - [tarea_service.py:14] - Creando tarea con datos: {'titulo': 'Test', 'categoria': 'cocina', 'asignado_a': 1, 'id_hogar': 1}
2025-11-05 22:57:30 - tarea_service - INFO - [tarea_service.py:19] - Tarea creada exitosamente con ID: 1
2025-11-05 22:57:53 - tarea_service - INFO - [tarea_service.py:14] - Creando tarea con datos: {'titulo': 'Lavar platos', 'categoria': 'cocina', 'asignado_a': 1, 'id_hogar': 1}
2025-11-05 22:57:53 - tarea_service - INFO - [tarea_service.py:19] - Tarea creada exitosamente con ID: 2
2025-11-05 22:57:53 - tarea_service - INFO - [tarea_service.py:14] - Creando tarea con datos: {'titulo': 'Test', 'categoria': 'limpieza', 'asignado_a': 1, 'id_hogar': 1}
2025-11-05 22:57:53 - tarea_service - INFO - [tarea_service.py:19] - Tarea creada exitosamente con ID: 3
2025-11-05 22:57:53 - tarea_service - INFO - [tarea_service.py:90] - Actualizando estado de tarea 3 a 'completada' por miembro 1
2025-11-05 22:57:53 - tarea_service - INFO - [tarea_service.py:29] - Buscando tarea con ID: 3
2025-11-05 22:57:53 - tarea_service - INFO - [tarea_service.py:34] - Tarea encontrada: Test
2025-11-05 22:57:53 - tarea_service - INFO - [tarea_service.py:112] - Tarea 3 completada en -17999 segundos
2025-11-05 22:57:53 - tarea_service - INFO - [tarea_service.py:117] - Estado de tarea 3 actualizado a 'completada'
2025-11-05 22:57:53 - tarea_service - INFO - [tarea_service.py:129] - Notificación enviada por cambio de estado en tarea 3
2025-11-05 22:58:48 - tarea_service - INFO - [tarea_service.py:14] - Creando tarea con datos: {'titulo': 'Test', 'categoria': 'cocina', 'asignado_a': 1, 'id_hogar': 1}
2025-11-05 22:58:48 - tarea_service - INFO - [tarea_service.py:19] - Tarea creada exitosamente con ID: 1
2025-11-05 22:59:12 - tarea_service - INFO - [tarea_service.py:14] - Creando tarea con datos: {'titulo': 'Lavar platos', 'categoria': 'cocina', 'asignado_a': 1, 'id_hogar': 1}
2025-11-05 22:59:12 - tarea_service - INFO - [tarea_service.py:19] - Tarea creada exitosamente con ID: 2
2025-11-05 22:59:12 - tarea_service - INFO - [tarea_service.py:14] - Creando tarea con datos: {'titulo': 'Test', 'categoria': 'limpieza', 'asignado_a': 1, 'id_hogar': 1}
2025-11-05 22:59:12 - tarea_service - INFO - [tarea_service.py:19] - Tarea creada exitosamente con ID: 3
2025-11-05 22:59:12 - tarea_service - INFO - [tarea_service.py:90] - Actualizando estado de tarea 3 a 'completada' por miembro 1
2025-11-05 22:59:12 - tarea_service - INFO - [tarea_service.py:29] - Buscando tarea con ID: 3
2025-11-05 22:59:12 - tarea_service - INFO - [tarea_service.py:34] - Tarea encontrada: Test
2025-11-05 22:59:12 - tarea_service - INFO - [tarea_service.py:112] - Tarea 3 completada en -17999 segundos
2025-11-05 22:59:12 - tarea_service - INFO - [tarea_service.py:117] - Estado de tarea 3 actualizado a 'completada'
2025-11-05 22:59:12 - tarea_service - INFO - [tarea_service.py:129] - Notificación enviada por cambio de estado en tarea 3
2025-11-05 23:06:20 - tarea_service - INFO - [tarea_service.py:14] - Creando tarea con datos: {'titulo': 'Test', 'categoria': 'cocina', 'asignado_a': 1, 'id_hogar': 1}
2025-11-05 23:06:20 - tarea_service - INFO - [tarea_service.py:19] - Tarea creada exitosamente con ID: 1
2025-11-05 23:06:33 - tarea_service - INFO - [tarea_service.py:14] - Creando tarea con datos: {'titulo': 'Lavar platos', 'categoria': 'cocina', 'asignado_a': 1, 'id_hogar': 1}
2025-11-05 23:06:33 - tarea_service - INFO - [tarea_service.py:19] - Tarea creada exitosamente con ID: 2
2025-11-05 23:06:33 - tarea_service - INFO - [tarea_service.py:14] - Creando tarea con datos: {'titulo': 'Test', 'categoria': 'limpieza', 'asignado_a': 1, 'id_hogar': 1}
2025-11-05 23:06:33 - tarea_service - INFO - [tarea_service.py:19] - Tarea creada exitosamente con ID: 3
2025-11-05 23:06:33 - tarea_service - INFO - [tarea_service.py:90] - Actualizando estado de tarea 3 a 'completada' por miembro 1
2025-11-05 23:06:33 - tarea_service - INFO - [tarea_service.py:29] - Buscando tarea con ID: 3
2025-11-05 23:06:33 - tarea_service - INFO - [tarea_service.py:34] - Tarea encontrada: Test
2025-11-05 23:06:33 - tarea_service - INFO - [tarea_service.py:112] - Tarea 3 completada en -17999 segundos
2025-11-05 23:06:33 - tarea_service - INFO - [tarea_service.py:117] - Estado de tarea 3 actualizado a 'completada'
2025-11-05 23:06:33 - tarea_service - INFO - [tarea_service.py:129] - Notificación enviada por cambio de estado en tarea 3
2025-11-05 23:11:24 - tarea_service - INFO - [tarea_service.py:14] - Creando tarea con datos: {'titulo': 'Test', 'categoria': 'cocina', 'asignado_a': 1, 'id_hogar': 1}
2025-11-05 23:11:24 - tarea_service - INFO - [tarea_service.py:19] - Tarea creada exitosamente con ID: 1
2025-11-05 23:11:37 - tarea_service - INFO - [tarea_service.py:14] - Creando tarea con datos: {'titulo': 'Lavar platos', 'categoria': 'cocina', 'asignado_a': 1, 'id_hogar': 1}
2025-11-05 23:11:37 - tarea_service - INFO - [tarea_service.py:19] - Tarea creada exitosamente con ID: 2
2025-11-05 23:11:37 - tarea_service - INFO - [tarea_service.py:14] - Creando tarea con datos: {'titulo': 'Test', 'categoria': 'limpieza', 'asignado_a': 1, 'id_hogar': 1}
2025-11-05 23:11:37 - tarea_service - INFO - [tarea_service.py:19] - Tarea creada exitosamente con ID: 3
2025-11-05 23:11:37 - tarea_service - INFO - [tarea_service.py:90] - Actualizando estado de tarea 3 a 'completada' por miembro 1
2025-11-05 23:11:37 - tarea_service - INFO - [tarea_service.py:29] - Buscando tarea con ID: 3
2025-11-05 23:11:37 - tarea_service - INFO - [tarea_service.py:34] - Tarea encontrada: Test
2025-11-05 23:11:37 - tarea_service - INFO - [tarea_service.py:112] - Tarea 3 completada en -17999 segundos
2025-11-05 23:11:37 - tarea_service - INFO - [tarea_service.py:117] - Estado de tarea 3 actualizado a 'completada'
2025-11-05 23:11:37 - tarea_service - INFO - [tarea_service.py:129] - Notificación enviada por cambio de estado en tarea 3
2025-11-05 23:18:51 - tarea_service - INFO - [tarea_service.py:14] - Creando tarea con datos: {'titulo': 'Test', 'categoria': 'cocina', 'asignado_a': 1, 'id_hogar': 1}
2025-11-05 23:18:51 - tarea_service - INFO - [tarea_service.py:19] - Tarea creada exitosamente con ID: 1
2025-11-05 23:19:04 - tarea_service - INFO - [tarea_service.py:14] - Creando tarea con datos: {'titulo': 'Lavar platos', 'categoria': 'cocina', 'asignado_a': 1, 'id_hogar': 1}
2025-11-05 23:19:04 - tarea_service - INFO - [tarea_service.py:19] - Tarea creada exitosamente con ID: 2
2025-11-05 23:19:04 - tarea_service - INFO - [tarea_service.py:14] - Creando tarea con datos: {'titulo': 'Test', 'categoria': 'limpieza', 'asignado_a': 1, 'id_hogar': 1}
2025-11-05 23:19:04 - tarea_service - INFO - [tarea_service.py:19] - Tarea creada exitosamente con ID: 3
2025-11-05 23:19:04 - tarea_service - INFO - [tarea_service.py:90] - Actualizando estado de tarea 3 a 'completada' por miembro 1
2025-11-05 23:19:04 - tarea_service - INFO - [tarea_service.py:29] - Buscando tarea con ID: 3
2025-11-05 23:19:04 - tarea_service - INFO - [tarea_service.py:34] - Tarea encontrada: Test
2025-11-05 23:19:04 - tarea_service - INFO - [tarea_service.py:112] - Tarea 3 completada en -17999 segundos
2025-11-05 23:19:04 - tarea_service - INFO - [tarea_service.py:117] - Estado de tarea 3 actualizado a 'completada'
2025-11-05 23:19:04 - tarea_service - INFO - [tarea_service.py:129] - Notificación enviada por cambio de estado en tarea 3
2025-11-06 00:43:56 - tarea_service - INFO - [tarea_service.py:14] - Creando tarea con datos: {'titulo': 'Test', 'categoria': 'cocina', 'asignado_a': 1, 'id_hogar': 1}
2025-11-06 00:43:56 - tarea_service - INFO - [tarea_service.py:19] - Tarea creada exitosamente con ID: 1
2025-11-06 00:44:13 - tarea_service - INFO - [tarea_service.py:14] - Creando tarea con datos: {'titulo': 'Lavar platos', 'descripcion': None, 'categoria': 'cocina', 'fecha_limite': None, 'repeticion': 'ninguna', 'asignado_a': 1, 'id_hogar': 1, 'ubicacion': None, 'id_evento': None}
2025-11-06 00:44:13 - tarea_service - INFO - [tarea_service.py:19] - Tarea creada exitosamente con ID: 1
2025-11-06 00:44:13 - tarea_service - INFO - [tarea_service.py:14] - Creando tarea con datos: {'titulo': 'Lavar platos', 'categoria': 'cocina', 'asignado_a': 1, 'id_hogar': 1}
2025-11-06 00:44:13 - tarea_service - INFO - [tarea_service.py:19] - Tarea creada exitosamente con ID: 1
2025-11-06 00:44:13 - tarea_service - INFO - [tarea_service.py:14] - Creando tarea con datos: {'titulo': 'Test', 'categoria': 'limpieza', 'asignado_a': 1, 'id_hogar': 1}
2025-11-06 00:44:13 - tarea_service - INFO - [tarea_service.py:19] - Tarea creada exitosamente con ID: 1
2025-11-06 00:44:13 - tarea_service - INFO - [tarea_service.py:90] - Actualizando estado de tarea 1 a 'completada' por miembro 1
2025-11-06 00:44:13 - tarea_service - INFO - [tarea_service.py:29] - Buscando tarea con ID: 1
2025-11-06 00:44:13 - tarea_service - INFO - [tarea_service.py:34] - Tarea encontrada: Test
2025-11-06 00:44:13 - tarea_service - INFO - [tarea_service.py:112] - Tarea 1 completada en -17999 segundos
2025-11-06 00:44:13 - tarea_service - INFO - [tarea_service.py:117] - Estado de tarea 1 actualizado a 'completada'
2025-11-06 00:44:13 - tarea_service - INFO - [tarea_service.py:129] - Notificación enviada por cambio de estado en tarea 1
2025-11-06 05:53:23 - tarea_service - INFO - [tarea_service.py:14] - Creando tarea con datos: {'titulo': 'Test', 'categoria': 'cocina', 'asignado_a': 1, 'id_hogar': 1}
2025-11-06 05:53:23 - tarea_service - INFO - [tarea_service.py:19] - Tarea creada exitosamente con ID: 1
2025-11-06 05:53:44 - tarea_service - INFO - [tarea_service.py:14] - Creando tarea con datos: {'titulo': 'Lavar platos', 'descripcion': None, 'categoria': 'cocina', 'fecha_limite': None, 'repeticion': 'ninguna', 'asignado_a': 1, 'id_hogar': 1, 'ubicacion': None, 'id_evento': None}
2025-11-06 05:53:44 - tarea_service - INFO - [tarea_service.py:19] - Tarea creada exitosamente con ID: 1
2025-11-06 05:53:45 - tarea_service - INFO - [tarea_service.py:14] - Creando tarea con datos: {'titulo': 'Lavar platos', 'categoria': 'cocina', 'asignado_a': 1, 'id_hogar': 1}
2025-11-06 05:53:45 - tarea_service - INFO - [tarea_service.py:19] - Tarea creada exitosamente con ID: 1
2025-11-06 05:53:45 - tarea_service - INFO - [tarea_service.py:14] - Creando tarea con datos: {'titulo': 'Test', 'categoria': 'limpieza', 'asignado_a': 1, 'id_hogar': 1}
2025-11-06 05:53:45 - tarea_service - INFO - [tarea_service.py:19] - Tarea creada exitosamente con ID: 1
2025-11-06 05:53:45 - tarea_service - INFO - [tarea_service.py:90] - Actualizando estado de tarea 1 a 'completada' por miembro 1
2025-11-06 05:53:45 - tarea_service - INFO - [tarea_service.py:29] - Buscando tarea con ID: 1
2025-11-06 05:53:45 - tarea_service - INFO - [tarea_service.py:34] - Tarea encontrada: Test
2025-11-06 05:53:45 - tarea_service - INFO - [tarea_service.py:112] - Tarea 1 completada en -17999 segundos
2025-11-06 05:53:45 - tarea_service - INFO - [tarea_service.py:117] - Estado de tarea 1 actualizado a 'completada'
2025-11-06 05:53:45 - tarea_service - INFO - [tarea_service.py:129] - Notificación enviada por cambio de estado en tarea 1
2025-11-06 06:36:31 - tarea_service - INFO - [tarea_service.py:14] - Creando tarea con datos: {'titulo': 'Test', 'categoria': 'cocina', 'asignado_a': 1, 'id_hogar': 1}
2025-11-06 06:36:31 - tarea_service - INFO - [tarea_service.py:19] - Tarea creada exitosamente con ID: 1
2025-11-06 06:36:47 - tarea_service - INFO - [tarea_service.py:14] - Creando tarea con datos: {'titulo': 'Lavar platos', 'descripcion': None, 'categoria': 'cocina', 'fecha_limite': None, 'repeticion': 'ninguna', 'asignado_a': 1, 'id_hogar': 1, 'ubicacion': None, 'id_evento': None}
2025-11-06 06:36:47 - tarea_service - INFO - [tarea_service.py:19] - Tarea creada exitosamente con ID: 1
2025-11-06 06:36:47 - tarea_service - INFO - [tarea_service.py:14] - Creando tarea con datos: {'titulo': 'Lavar platos', 'categoria': 'cocina', 'asignado_a': 1, 'id_hogar': 1}
2025-11-06 06:36:47 - tarea_service - INFO - [tarea_service.py:19] - Tarea creada exitosamente con ID: 1
2025-11-06 06:36:47 - tarea_service - INFO - [tarea_service.py:14] - Creando tarea con datos: {'titulo': 'Test', 'categoria': 'limpieza', 'asignado_a': 1, 'id_hogar': 1}
2025-11-06 06:36:47 - tarea_service - INFO - [tarea_service.py:19] - Tarea creada exitosamente con ID: 1
2025-11-06 06:36:47 - tarea_service - INFO - [tarea_service.py:90] - Actualizando estado de tarea 1 a 'completada' por miembro 1
2025-11-06 06:36:47 - tarea_service - INFO - [tarea_service.py:29] - Buscando tarea con ID: 1
2025-11-06 06:36:47 - tarea_service - INFO - [tarea_service.py:34] - Tarea encontrada: Test
2025-11-06 06:36:47 - tarea_service - INFO - [tarea_service.py:112] - Tarea 1 completada en -17999 segundos
2025-11-06 06:36:47 - tarea_service - INFO - [tarea_service.py:117] - Estado de tarea 1 actualizado a 'completada'
2025-11-06 06:36:47 - tarea_service - INFO - [tarea_service.py:129] - Notificación enviada por cambio de estado en tarea 1
2025-11-06 06:41:19 - tarea_service - INFO - [tarea_service.py:14] - Creando tarea con datos: {'titulo': 'Test', 'categoria': 'cocina', 'asignado_a': 1, 'id_hogar': 1}
2025-11-06 06:41:19 - tarea_service - INFO - [tarea_service.py:19] - Tarea creada exitosamente con ID: 1
2025-11-06 06:41:36 - tarea_service - INFO - [tarea_service.py:14] - Creando tarea con datos: {'titulo': 'Lavar platos', 'descripcion': None, 'categoria': 'cocina', 'fecha_limite': None, 'repeticion': 'ninguna', 'asignado_a': 1, 'id_hogar': 1, 'ubicacion': None, 'id_evento': None}
2025-11-06 06:41:36 - tarea_service - INFO - [tarea_service.py:19] - Tarea creada exitosamente con ID: 1
2025-11-06 06:41:36 - tarea_service - INFO - [tarea_service.py:14] - Creando tarea con datos: {'titulo': 'Lavar platos', 'categoria': 'cocina', 'asignado_a': 1, 'id_hogar': 1}
2025-11-06 06:41:36 - tarea_service - INFO - [tarea_service.py:19] - Tarea creada exitosamente con ID: 1
2025-11-06 06:41:36 - tarea_service - INFO - [tarea_service.py:14] - Creando tarea con datos: {'titulo': 'Test', 'categoria': 'limpieza', 'asignado_a': 1, 'id_hogar': 1}
2025-11-06 06:41:36 - tarea_service - INFO - [tarea_service.py:19] - Tarea creada exitosamente con ID: 1
2025-11-06 06:41:36 - tarea_service - INFO - [tarea_service.py:90] - Actualizando estado de tarea 1 a 'completada' por miembro 1
2025-11-06 06:41:36 - tarea_service - INFO - [tarea_service.py:29] - Buscando tarea con ID: 1
2025-11-06 06:41:36 - tarea_service - INFO - [tarea_service.py:34] - Tarea encontrada: Test
2025-11-06 06:41:36 - tarea_service - INFO - [tarea_service.py:112] - Tarea 1 completada en -17999 segundos
2025-11-06 06:41:36 - tarea_service - INFO - [tarea_service.py:117] - Estado de tarea 1 actualizado a 'completada'
2025-11-06 06:41:36 - tarea_service - INFO - [tarea_service.py:129] - Notificación enviada por cambio de estado en tarea 1
2025-11-06 16:10:19 - tarea_service - INFO - [tarea_service.py:14] - Creando tarea con datos: {'titulo': 'Test', 'categoria': 'cocina', 'asignado_a': 1, 'id_hogar': 1}
2025-11-06 16:10:19 - tarea_service - INFO - [tarea_service.py:19] - Tarea creada exitosamente con ID: 1
2025-11-06 16:10:43 - tarea_service - INFO - [tarea_service.py:14] - Creando tarea con datos: {'titulo': 'Lavar platos', 'descripcion': None, 'categoria': 'cocina', 'fecha_limite': None, 'repeticion': 'ninguna', 'asignado_a': 1, 'id_hogar': 1, 'ubicacion': None, 'id_evento': None}
2025-11-06 16:10:43 - tarea_service - INFO - [tarea_service.py:19] - Tarea creada exitosamente con ID: 1
2025-11-06 16:10:44 - tarea_service - INFO - [tarea_service.py:14] - Creando tarea con datos: {'titulo': 'Lavar platos', 'categoria': 'cocina', 'asignado_a': 1, 'id_hogar': 1}
2025-11-06 16:10:44 - tarea_service - INFO - [tarea_service.py:19] - Tarea creada exitosamente con ID: 1
2025-11-06 16:10:44 - tarea_service - INFO - [tarea_service.py:14] - Creando tarea con datos: {'titulo': 'Test', 'categoria': 'limpieza', 'asignado_a': 1, 'id_hogar': 1}
2025-11-06 16:10:44 - tarea_service - INFO - [tarea_service.py:19] - Tarea creada exitosamente con ID: 1
2025-11-06 16:10:44 - tarea_service - INFO - [tarea_service.py:90] - Actualizando estado de tarea 1 a 'completada' por miembro 1
2025-11-06 16:10:44 - tarea_service - INFO - [tarea_service.py:29] - Buscando tarea con ID: 1
2025-11-06 16:10:44 - tarea_service - INFO - [tarea_service.py:34] - Tarea encontrada: Test
2025-11-06 16:10:44 - tarea_service - INFO - [tarea_service.py:112] - Tarea 1 completada en -17999 segundos
2025-11-06 16:10:44 - tarea_service - INFO - [tarea_service.py:117] - Estado de tarea 1 actualizado a 'completada'
2025-11-06 16:10:44 - tarea_service - INFO - [tarea_service.py:129] - Notificación enviada por cambio de estado en tarea 1
2025-11-06 16:24:47 - tarea_service - INFO - [tarea_service.py:14] - Creando tarea con datos: {'titulo': 'Test', 'categoria': 'cocina', 'asignado_a': 1, 'id_hogar': 1}
2025-11-06 16:24:47 - tarea_service - INFO - [tarea_service.py:19] - Tarea creada exitosamente con ID: 1
2025-11-06 16:25:10 - tarea_service - INFO - [tarea_service.py:14] - Creando tarea con datos: {'titulo': 'Lavar platos', 'descripcion': None, 'categoria': 'cocina', 'fecha_limite': None, 'repeticion': 'ninguna', 'asignado_a': 1, 'id_hogar': 1, 'ubicacion': None, 'id_evento': None}
2025-11-06 16:25:10 - tarea_service - INFO - [tarea_service.py:19] - Tarea creada exitosamente con ID: 1
2025-11-06 16:25:10 - tarea_service - INFO - [tarea_service.py:14] - Creando tarea con datos: {'titulo': 'Lavar platos', 'categoria': 'cocina', 'asignado_a': 1, 'id_hogar': 1}
2025-11-06 16:25:10 - tarea_service - INFO - [tarea_service.py:19] - Tarea creada exitosamente con ID: 1
2025-11-06 16:25:10 - tarea_service - INFO - [tarea_service.py:14] - Creando tarea con datos: {'titulo': 'Test', 'categoria': 'limpieza', 'asignado_a': 1, 'id_hogar': 1}
2025-11-06 16:25:10 - tarea_service - INFO - [tarea_service.py:19] - Tarea creada exitosamente con ID: 1
2025-11-06 16:25:10 - tarea_service - INFO - [tarea_service.py:90] - Actualizando estado de tarea 1 a 'completada' por miembro 1
2025-11-06 16:25:10 - tarea_service - INFO - [tarea_service.py:29] - Buscando tarea con ID: 1
2025-11-06 16:25:10 - tarea_service - INFO - [tarea_service.py:34] - Tarea encontrada: Test
2025-11-06 16:25:10 - tarea_service - INFO - [tarea_service.py:112] - Tarea 1 completada en -17999 segundos
2025-11-06 16:25:10 - tarea_service - INFO - [tarea_service.py:117] - Estado de tarea 1 actualizado a 'completada'
2025-11-06 16:25:10 - tarea_service - INFO - [tarea_service.py:129] - Notificación enviada por cambio de estado en tarea 1
2025-11-06 17:39:40 - tarea_service - INFO - [tarea_service.py:14] - Creando tarea con datos: {'titulo': 'Test', 'categoria': 'cocina', 'asignado_a': 1, 'id_hogar': 1}
2025-11-06 17:39:40 - tarea_service - INFO - [tarea_service.py:19] - Tarea creada exitosamente con ID: 1
2025-11-06 17:40:03 - tarea_service - INFO - [tarea_service.py:14] - Creando tarea con datos: {'titulo': 'Lavar platos', 'descripcion': None, 'categoria': 'cocina', 'fecha_limite': None, 'repeticion': 'ninguna', 'asignado_a': 1, 'id_hogar': 1, 'ubicacion': None, 'id_evento': None}
2025-11-06 17:40:03 - tarea_service - INFO - [tarea_service.py:19] - Tarea creada exitosamente con ID: 1
2025-11-06 17:40:03 - tarea_service - INFO - [tarea_service.py:14] - Creando tarea con datos: {'titulo': 'Lavar platos', 'categoria': 'cocina', 'asignado_a': 1, 'id_hogar': 1}
2025-11-06 17:40:03 - tarea_service - INFO - [tarea_service.py:19] - Tarea creada exitosamente con ID: 1
2025-11-06 17:40:03 - tarea_service - INFO - [tarea_service.py:14] - Creando tarea con datos: {'titulo': 'Test', 'categoria': 'limpieza', 'asignado_a': 1, 'id_hogar': 1}
2025-11-06 17:40:03 - tarea_service - INFO - [tarea_service.py:19] - Tarea creada exitosamente con ID: 1
2025-11-06 17:40:03 - tarea_service - INFO - [tarea_service.py:90] - Actualizando estado de tarea 1 a 'completada' por miembro 1
2025-11-06 17:40:03 - tarea_service - INFO - [tarea_service.py:29] - Buscando tarea con ID: 1
2025-11-06 17:40:03 - tarea_service - INFO - [tarea_service.py:34] - Tarea encontrada: Test
2025-11-06 17:40:03 - tarea_service - INFO - [tarea_service.py:112] - Tarea 1 completada en -17999 segundos
2025-11-06 17:40:03 - tarea_service - INFO - [tarea_service.py:117] - Estado de tarea 1 actualizado a 'completada'
2025-11-06 17:40:03 - tarea_service - INFO - [tarea_service.py:129] - Notificación enviada por cambio de estado en tarea 1
2025-11-06 17:49:30 - tarea_service - INFO - [tarea_service.py:14] - Creando tarea con datos: {'titulo': 'Test', 'categoria': 'cocina', 'asignado_a': 1, 'id_hogar': 1}
2025-11-06 17:49:30 - tarea_service - INFO - [tarea_service.py:19] - Tarea creada exitosamente con ID: 1
2025-11-06 17:49:52 - tarea_service - INFO - [tarea_service.py:14] - Creando tarea con datos: {'titulo': 'Lavar platos', 'descripcion': None, 'categoria': 'cocina', 'fecha_limite': None, 'repeticion': 'ninguna', 'asignado_a': 1, 'id_hogar': 1, 'ubicacion': None, 'id_evento': None}
2025-11-06 17:49:52 - tarea_service - INFO - [tarea_service.py:19] - Tarea creada exitosamente con ID: 1
2025-11-06 17:49:53 - tarea_service - INFO - [tarea_service.py:14] - Creando tarea con datos: {'titulo': 'Lavar platos', 'categoria': 'cocina', 'asignado_a': 1, 'id_hogar': 1}
2025-11-06 17:49:53 - tarea_service - INFO - [tarea_service.py:19] - Tarea creada exitosamente con ID: 1
2025-11-06 17:49:53 - tarea_service - INFO - [tarea_service.py:14] - Creando tarea con datos: {'titulo': 'Test', 'categoria': 'limpieza', 'asignado_a': 1, 'id_hogar': 1}
2025-11-06 17:49:53 - tarea_service - INFO - [tarea_service.py:19] - Tarea creada exitosamente con ID: 1
2025-11-06 17:49:53 - tarea_service - INFO - [tarea_service.py:90] - Actualizando estado de tarea 1 a 'completada' por miembro 1
2025-11-06 17:49:53 - tarea_service - INFO - [tarea_service.py:29] - Buscando tarea con ID: 1
2025-11-06 17:49:53 - tarea_service - INFO - [tarea_service.py:34] - Tarea encontrada: Test
2025-11-06 17:49:53 - tarea_service - INFO - [tarea_service.py:112] - Tarea 1 completada en -17999 segundos
2025-11-06 17:49:53 - tarea_service - INFO - [tarea_service.py:117] - Estado de tarea 1 actualizado a 'completada'
2025-11-06 17:49:53 - tarea_service - INFO - [tarea_service.py:129] - Notificación enviada por cambio de estado en tarea 1
2025-11-06 17:54:58 - tarea_service - INFO - [tarea_service.py:14] - Creando tarea con datos: {'titulo': 'Test', 'categoria': 'cocina', 'asignado_a': 1, 'id_hogar': 1}
2025-11-06 17:54:58 - tarea_service - INFO - [tarea_service.py:19] - Tarea creada exitosamente con ID: 1
2025-11-06 17:55:23 - tarea_service - INFO - [tarea_service.py:14] - Creando tarea con datos: {'titulo': 'Lavar platos', 'descripcion': None, 'categoria': 'cocina', 'fecha_limite': None, 'repeticion': 'ninguna', 'asignado_a': 1, 'id_hogar': 1, 'ubicacion': None, 'id_evento': None}
2025-11-06 17:55:23 - tarea_service - INFO - [tarea_service.py:19] - Tarea creada exitosamente con ID: 1
2025-11-06 17:55:23 - tarea_service - INFO - [tarea_service.py:14] - Creando tarea con datos: {'titulo': 'Lavar platos', 'categoria': 'cocina', 'asignado_a': 1, 'id_hogar': 1}
2025-11-06 17:55:23 - tarea_service - INFO - [tarea_service.py:19] - Tarea creada exitosamente con ID: 1
2025-11-06 17:55:23 - tarea_service - INFO - [tarea_service.py:14] - Creando tarea con datos: {'titulo': 'Test', 'categoria': 'limpieza', 'asignado_a': 1, 'id_hogar': 1}
2025-11-06 17:55:23 - tarea_service - INFO - [tarea_service.py:19] - Tarea creada exitosamente con ID: 1
2025-11-06 17:55:23 - tarea_service - INFO - [tarea_service.py:90] - Actualizando estado de tarea 1 a 'completada' por miembro 1
2025-11-06 17:55:23 - tarea_service - INFO - [tarea_service.py:29] - Buscando tarea con ID: 1
2025-11-06 17:55:23 - tarea_service - INFO - [tarea_service.py:34] - Tarea encontrada: Test
2025-11-06 17:55:23 - tarea_service - INFO - [tarea_service.py:112] - Tarea 1 completada en -17999 segundos
2025-11-06 17:55:23 - tarea_service - INFO - [tarea_service.py:117] - Estado de tarea 1 actualizado a 'completada'
2025-11-06 17:55:23 - tarea_service - INFO - [tarea_service.py:129] - Notificación enviada por cambio de estado en tarea 1
2025-11-07 17:48:29 - tarea_service - INFO - [tarea_service.py:14] - Creando tarea con datos: {'titulo': 'Test', 'categoria': 'cocina', 'asignado_a': 1, 'id_hogar': 1}
2025-11-07 17:48:29 - tarea_service - INFO - [tarea_service.py:19] - Tarea creada exitosamente con ID: 1
2025-11-07 17:48:54 - tarea_service - INFO - [tarea_service.py:14] - Creando tarea con datos: {'titulo': 'Lavar platos', 'descripcion': None, 'categoria': 'cocina', 'fecha_limite': None, 'repeticion': 'ninguna', 'asignado_a': 1, 'id_hogar': 1, 'ubicacion': None, 'id_evento': None}
2025-11-07 17:48:54 - tarea_service - INFO - [tarea_service.py:19] - Tarea creada exitosamente con ID: 1
2025-11-07 17:48:55 - tarea_service - INFO - [tarea_service.py:14] - Creando tarea con datos: {'titulo': 'Lavar platos', 'categoria': 'cocina', 'asignado_a': 1, 'id_hogar': 1}
2025-11-07 17:48:55 - tarea_service - INFO - [tarea_service.py:19] - Tarea creada exitosamente con ID: 1
2025-11-07 17:48:55 - tarea_service - INFO - [tarea_service.py:14] - Creando tarea con datos: {'titulo': 'Test', 'categoria': 'limpieza', 'asignado_a': 1, 'id_hogar': 1}
2025-11-07 17:48:55 - tarea_service - INFO - [tarea_service.py:19] - Tarea creada exitosamente con ID: 1
2025-11-07 17:48:55 - tarea_service - INFO - [tarea_service.py:90] - Actualizando estado de tarea 1 a 'completada' por miembro 1
2025-11-07 17:48:55 - tarea_service - INFO - [tarea_service.py:29] - Buscando tarea con ID: 1
2025-11-07 17:48:55 - tarea_service - INFO - [tarea_service.py:34] - Tarea encontrada: Test
2025-11-07 17:48:55 - tarea_service - INFO - [tarea_service.py:112] - Tarea 1 completada en -17999 segundos
2025-11-07 17:48:55 - tarea_service - INFO - [tarea_service.py:117] - Estado de tarea 1 actualizado a 'completada'
2025-11-07 17:48:55 - tarea_service - INFO - [tarea_service.py:129] - Notificación enviada por cambio de estado en tarea 1
2025-11-07 19:09:32 - tarea_service - INFO - [tarea_service.py:23] - Creando tarea con datos: Lavar platos
2025-11-07 19:09:32 - tarea_service - INFO - [tarea_service.py:34] - Tarea creada (sin commit) con ID: 1
2025-11-07 19:19:30 - tarea_service - INFO - [tarea_service.py:23] - Creando tarea con datos: Tarea para Comentar
2025-11-07 19:19:30 - tarea_service - INFO - [tarea_service.py:34] - Tarea creada (sin commit) con ID: 1
2025-11-07 19:19:57 - tarea_service - INFO - [tarea_service.py:23] - Creando tarea con datos: Lavar platos
2025-11-07 19:19:57 - tarea_service - INFO - [tarea_service.py:34] - Tarea creada (sin commit) con ID: 1
2025-11-07 19:34:59 - tarea_service - INFO - [tarea_service.py:23] - Creando tarea con datos: Tarea para Comentar
2025-11-07 19:34:59 - tarea_service - INFO - [tarea_service.py:34] - Tarea creada (sin commit) con ID: 1
2025-11-07 19:34:59 - tarea_service - INFO - [tarea_service.py:179] - Agregando comentario a tarea 1
2025-11-07 19:34:59 - tarea_service - INFO - [tarea_service.py:54] - Buscando tarea con ID: 1
2025-11-07 19:34:59 - tarea_service - INFO - [tarea_service.py:59] - Tarea encontrada: Tarea para Comentar
2025-11-07 19:34:59 - tarea_service - INFO - [tarea_service.py:207] - Comentario y notificación creados (sin commit) para tarea 1
2025-11-07 19:35:25 - tarea_service - INFO - [tarea_service.py:23] - Creando tarea con datos: Lavar platos
2025-11-07 19:35:25 - tarea_service - INFO - [tarea_service.py:34] - Tarea creada (sin commit) con ID: 1
2025-11-07 19:35:25 - tarea_service - INFO - [tarea_service.py:23] - Creando tarea con datos: Test
2025-11-07 19:35:25 - tarea_service - INFO - [tarea_service.py:34] - Tarea creada (sin commit) con ID: 1
2025-11-07 19:35:25 - tarea_service - INFO - [tarea_service.py:124] - Actualizando estado de tarea 1 a 'completada' por miembro 1
2025-11-07 19:35:25 - tarea_service - INFO - [tarea_service.py:54] - Buscando tarea con ID: 1
2025-11-07 19:35:25 - tarea_service - INFO - [tarea_service.py:59] - Tarea encontrada: Test
2025-11-07 19:35:25 - tarea_service - INFO - [tarea_service.py:145] - Tarea 1 completada en -17999 segundos
2025-11-07 19:35:25 - tarea_service - INFO - [tarea_service.py:151] - Estado de tarea 1 actualizado (sin commit) a 'completada'
2025-11-07 20:23:49 - tarea_service - INFO - [tarea_service.py:23] - Creando tarea con datos: Tarea para Comentar
2025-11-07 20:23:49 - tarea_service - INFO - [tarea_service.py:34] - Tarea creada (sin commit) con ID: 1
2025-11-07 20:23:49 - tarea_service - INFO - [tarea_service.py:179] - Agregando comentario a tarea 1
2025-11-07 20:23:49 - tarea_service - INFO - [tarea_service.py:54] - Buscando tarea con ID: 1
2025-11-07 20:23:49 - tarea_service - INFO - [tarea_service.py:59] - Tarea encontrada: Tarea para Comentar
2025-11-07 20:23:49 - tarea_service - INFO - [tarea_service.py:207] - Comentario y notificación creados (sin commit) para tarea 1
2025-11-07 20:24:26 - tarea_service - INFO - [tarea_service.py:23] - Creando tarea con datos: Lavar platos
2025-11-07 20:24:26 - tarea_service - INFO - [tarea_service.py:34] - Tarea creada (sin commit) con ID: 1
2025-11-07 20:24:26 - tarea_service - INFO - [tarea_service.py:23] - Creando tarea con datos: Test
2025-11-07 20:24:26 - tarea_service - INFO - [tarea_service.py:34] - Tarea creada (sin commit) con ID: 1
2025-11-07 20:24:26 - tarea_service - INFO - [tarea_service.py:124] - Actualizando estado de tarea 1 a 'completada' por miembro 1
2025-11-07 20:24:26 - tarea_service - INFO - [tarea_service.py:54] - Buscando tarea con ID: 1
2025-11-07 20:24:26 - tarea_service - INFO - [tarea_service.py:59] - Tarea encontrada: Test
2025-11-07 20:24:26 - tarea_service - INFO - [tarea_service.py:145] - Tarea 1 completada en -17999 segundos
2025-11-07 20:24:26 - tarea_service - INFO - [tarea_service.py:151] - Estado de tarea 1 actualizado (sin commit) a 'completada'
2025-11-07 20:30:42 - tarea_service - INFO - [tarea_service.py:23] - Creando tarea con datos: Tarea para Comentar
2025-11-07 20:30:42 - tarea_service - INFO - [tarea_service.py:34] - Tarea creada (sin commit) con ID: 1
2025-11-07 20:30:42 - tarea_service - INFO - [tarea_service.py:179] - Agregando comentario a tarea 1
2025-11-07 20:30:42 - tarea_service - INFO - [tarea_service.py:54] - Buscando tarea con ID: 1
2025-11-07 20:30:42 - tarea_service - INFO - [tarea_service.py:59] - Tarea encontrada: Tarea para Comentar
2025-11-07 20:30:42 - tarea_service - INFO - [tarea_service.py:207] - Comentario y notificación creados (sin commit) para tarea 1
2025-11-07 20:31:18 - tarea_service - INFO - [tarea_service.py:23] - Creando tarea con datos: Lavar platos
2025-11-07 20:31:18 - tarea_service - INFO - [tarea_service.py:34] - Tarea creada (sin commit) con ID: 1
2025-11-07 20:31:18 - tarea_service - INFO - [tarea_service.py:23] - Creando tarea con datos: Test
2025-11-07 20:31:18 - tarea_service - INFO - [tarea_service.py:34] - Tarea creada (sin commit) con ID: 1
2025-11-07 20:31:18 - tarea_service - INFO - [tarea_service.py:124] - Actualizando estado de tarea 1 a 'completada' por miembro 1
2025-11-07 20:31:18 - tarea_service - INFO - [tarea_service.py:54] - Buscando tarea con ID: 1
2025-11-07 20:31:18 - tarea_service - INFO - [tarea_service.py:59] - Tarea encontrada: Test
2025-11-07 20:31:18 - tarea_service - INFO - [tarea_service.py:145] - Tarea 1 completada en -17999 segundos
2025-11-07 20:31:18 - tarea_service - INFO - [tarea_service.py:151] - Estado de tarea 1 actualizado (sin commit) a 'completada'
2025-11-07 20:40:43 - tarea_service - INFO - [tarea_service.py:23] - Creando tarea con datos: Tarea para Comentar
2025-11-07 20:40:43 - tarea_service - INFO - [tarea_service.py:34] - Tarea creada (sin commit) con ID: 1
2025-11-07 20:40:43 - tarea_service - INFO - [tarea_service.py:179] - Agregando comentario a tarea 1
2025-11-07 20:40:43 - tarea_service - INFO - [tarea_service.py:54] - Buscando tarea con ID: 1
2025-11-07 20:40:43 - tarea_service - INFO - [tarea_service.py:59] - Tarea encontrada: Tarea para Comentar
2025-11-07 20:40:43 - tarea_service - INFO - [tarea_service.py:207] - Comentario y notificación creados (sin commit) para tarea 1
2025-11-07 20:41:19 - tarea_service - INFO - [tarea_service.py:23] - Creando tarea con datos: Lavar platos
2025-11-07 20:41:19 - tarea_service - INFO - [tarea_service.py:34] - Tarea creada (sin commit) con ID: 1
2025-11-07 20:41:20 - tarea_service - INFO - [tarea_service.py:23] - Creando tarea con datos: Test
2025-11-07 20:41:20 - tarea_service - INFO - [tarea_service.py:34] - Tarea creada (sin commit) con ID: 1
2025-11-07 20:41:20 - tarea_service - INFO - [tarea_service.py:124] - Actualizando estado de tarea 1 a 'completada' por miembro 1
2025-11-07 20:41:20 - tarea_service - INFO - [tarea_service.py:54] - Buscando tarea con ID: 1
2025-11-07 20:41:20 - tarea_service - INFO - [tarea_service.py:59] - Tarea encontrada: Test
2025-11-07 20:41:20 - tarea_service - INFO - [tarea_service.py:145] - Tarea 1 completada en -17999 segundos
2025-11-07 20:41:20 - tarea_service - INFO - [tarea_service.py:151] - Estado de tarea 1 actualizado (sin commit) a 'completada'
2025-11-07 20:46:09 - tarea_service - INFO - [tarea_service.py:23] - Creando tarea con datos: Tarea para Comentar
2025-11-07 20:46:09 - tarea_service - INFO - [tarea_service.py:34] - Tarea creada (sin commit) con ID: 1
2025-11-07 20:46:09 - tarea_service - INFO - [tarea_service.py:179] - Agregando comentario a tarea 1
2025-11-07 20:46:09 - tarea_service - INFO - [tarea_service.py:54] - Buscando tarea con ID: 1
2025-11-07 20:46:09 - tarea_service - INFO - [tarea_service.py:59] - Tarea encontrada: Tarea para Comentar
2025-11-07 20:46:09 - tarea_service - INFO - [tarea_service.py:207] - Comentario y notificación creados (sin commit) para tarea 1
2025-11-07 20:46:33 - tarea_service - INFO - [tarea_service.py:23] - Creando tarea con datos: Lavar platos
2025-11-07 20:46:33 - tarea_service - INFO - [tarea_service.py:34] - Tarea creada (sin commit) con ID: 1
2025-11-07 20:46:33 - tarea_service - INFO - [tarea_service.py:23] - Creando tarea con datos: Test
2025-11-07 20:46:33 - tarea_service - INFO - [tarea_service.py:34] - Tarea creada (sin commit) con ID: 1
2025-11-07 20:46:33 - tarea_service - INFO - [tarea_service.py:124] - Actualizando estado de tarea 1 a 'completada' por miembro 1
2025-11-07 20:46:33 - tarea_service - INFO - [tarea_service.py:54] - Buscando tarea con ID: 1
2025-11-07 20:46:33 - tarea_service - INFO - [tarea_service.py:59] - Tarea encontrada: Test
2025-11-07 20:46:33 - tarea_service - INFO - [tarea_service.py:145] - Tarea 1 completada en -17999 segundos
2025-11-07 20:46:33 - tarea_service - INFO - [tarea_service.py:151] - Estado de tarea 1 actualizado (sin commit) a 'completada'
2025-11-07 20:48:51 - tarea_service - INFO - [tarea_service.py:23] - Creando tarea con datos: Tarea para Comentar
2025-11-07 20:48:51 - tarea_service - INFO - [tarea_service.py:34] - Tarea creada (sin commit) con ID: 1
2025-11-07 20:48:51 - tarea_service - INFO - [tarea_service.py:179] - Agregando comentario a tarea 1
2025-11-07 20:48:51 - tarea_service - INFO - [tarea_service.py:54] - Buscando tarea con ID: 1
2025-11-07 20:48:51 - tarea_service - INFO - [tarea_service.py:59] - Tarea encontrada: Tarea para Comentar
2025-11-07 20:48:51 - tarea_service - INFO - [tarea_service.py:207] - Comentario y notificación creados (sin commit) para tarea 1
2025-11-07 20:49:13 - tarea_service - INFO - [tarea_service.py:23] - Creando tarea con datos: Lavar platos
2025-11-07 20:49:13 - tarea_service - INFO - [tarea_service.py:34] - Tarea creada (sin commit) con ID: 1
2025-11-07 20:49:13 - tarea_service - INFO - [tarea_service.py:23] - Creando tarea con datos: Test
2025-11-07 20:49:13 - tarea_service - INFO - [tarea_service.py:34] - Tarea creada (sin commit) con ID: 1
2025-11-07 20:49:13 - tarea_service - INFO - [tarea_service.py:124] - Actualizando estado de tarea 1 a 'completada' por miembro 1
2025-11-07 20:49:13 - tarea_service - INFO - [tarea_service.py:54] - Buscando tarea con ID: 1
2025-11-07 20:49:13 - tarea_service - INFO - [tarea_service.py:59] - Tarea encontrada: Test
2025-11-07 20:49:13 - tarea_service - INFO - [tarea_service.py:145] - Tarea 1 completada en -17999 segundos
2025-11-07 20:49:13 - tarea_service - INFO - [tarea_service.py:151] - Estado de tarea 1 actualizado (sin commit) a 'completada'
2025-11-07 20:53:07 - tarea_service - INFO - [tarea_service.py:23] - Creando tarea con datos: Tarea para Comentar
2025-11-07 20:53:07 - tarea_service - INFO - [tarea_service.py:34] - Tarea creada (sin commit) con ID: 1
2025-11-07 20:53:07 - tarea_service - INFO - [tarea_service.py:179] - Agregando comentario a tarea 1
2025-11-07 20:53:07 - tarea_service - INFO - [tarea_service.py:54] - Buscando tarea con ID: 1
2025-11-07 20:53:07 - tarea_service - INFO - [tarea_service.py:59] - Tarea encontrada: Tarea para Comentar
2025-11-07 20:53:07 - tarea_service - INFO - [tarea_service.py:207] - Comentario y notificación creados (sin commit) para tarea 1
2025-11-07 20:53:32 - tarea_service - INFO - [tarea_service.py:23] - Creando tarea con datos: Lavar platos
2025-11-07 20:53:32 - tarea_service - INFO - [tarea_service.py:34] - Tarea creada (sin commit) con ID: 1
2025-11-07 20:53:33 - tarea_service - INFO - [tarea_service.py:23] - Creando tarea con datos: Test
2025-11-07 20:53:33 - tarea_service - INFO - [tarea_service.py:34] - Tarea creada (sin commit) con ID: 1
2025-11-07 20:53:33 - tarea_service - INFO - [tarea_service.py:124] - Actualizando estado de tarea 1 a 'completada' por miembro 1
2025-11-07 20:53:33 - tarea_service - INFO - [tarea_service.py:54] - Buscando tarea con ID: 1
2025-11-07 20:53:33 - tarea_service - INFO - [tarea_service.py:59] - Tarea encontrada: Test
2025-11-07 20:53:33 - tarea_service - INFO - [tarea_service.py:145] - Tarea 1 completada en -17999 segundos
2025-11-07 20:53:33 - tarea_service - INFO - [tarea_service.py:151] - Estado de tarea 1 actualizado (sin commit) a 'completada'
2025-11-07 20:58:34 - tarea_service - INFO - [tarea_service.py:23] - Creando tarea con datos: Tarea para Comentar
2025-11-07 20:58:34 - tarea_service - INFO - [tarea_service.py:34] - Tarea creada (sin commit) con ID: 1
2025-11-07 20:58:34 - tarea_service - INFO - [tarea_service.py:179] - Agregando comentario a tarea 1
2025-11-07 20:58:34 - tarea_service - INFO - [tarea_service.py:54] - Buscando tarea con ID: 1
2025-11-07 20:58:34 - tarea_service - INFO - [tarea_service.py:59] - Tarea encontrada: Tarea para Comentar
2025-11-07 20:58:34 - tarea_service - INFO - [tarea_service.py:207] - Comentario y notificación creados (sin commit) para tarea 1
2025-11-07 20:58:55 - tarea_service - INFO - [tarea_service.py:23] - Creando tarea con datos: Lavar platos
2025-11-07 20:58:55 - tarea_service - INFO - [tarea_service.py:34] - Tarea creada (sin commit) con ID: 1
2025-11-07 20:58:55 - tarea_service - INFO - [tarea_service.py:23] - Creando tarea con datos: Lavar platos
2025-11-07 20:58:55 - tarea_service - INFO - [tarea_service.py:34] - Tarea creada (sin commit) con ID: 1
2025-11-07 20:58:56 - tarea_service - INFO - [tarea_service.py:23] - Creando tarea con datos: Test
2025-11-07 20:58:56 - tarea_service - INFO - [tarea_service.py:34] - Tarea creada (sin commit) con ID: 1
2025-11-07 20:58:56 - tarea_service - INFO - [tarea_service.py:124] - Actualizando estado de tarea 1 a 'completada' por miembro 1
2025-11-07 20:58:56 - tarea_service - INFO - [tarea_service.py:54] - Buscando tarea con ID: 1
2025-11-07 20:58:56 - tarea_service - INFO - [tarea_service.py:59] - Tarea encontrada: Test
2025-11-07 20:58:56 - tarea_service - INFO - [tarea_service.py:145] - Tarea 1 completada en -17999 segundos
2025-11-07 20:58:56 - tarea_service - INFO - [tarea_service.py:151] - Estado de tarea 1 actualizado (sin commit) a 'completada'
2025-11-07 21:09:10 - tarea_service - INFO - [tarea_service.py:23] - Creando tarea con datos: Tarea para Comentar
2025-11-07 21:09:10 - tarea_service - INFO - [tarea_service.py:34] - Tarea creada (sin commit) con ID: 1
2025-11-07 21:09:10 - tarea_service - INFO - [tarea_service.py:179] - Agregando comentario a tarea 1
2025-11-07 21:09:10 - tarea_service - INFO - [tarea_service.py:54] - Buscando tarea con ID: 1
2025-11-07 21:09:10 - tarea_service - INFO - [tarea_service.py:59] - Tarea encontrada: Tarea para Comentar
2025-11-07 21:09:10 - tarea_service - INFO - [tarea_service.py:207] - Comentario y notificación creados (sin commit) para tarea 1
2025-11-07 21:09:31 - tarea_service - INFO - [tarea_service.py:23] - Creando tarea con datos: Lavar platos
2025-11-07 21:09:31 - tarea_service - INFO - [tarea_service.py:34] - Tarea creada (sin commit) con ID: 1
2025-11-07 21:09:31 - tarea_service - INFO - [tarea_service.py:23] - Creando tarea con datos: Lavar platos
2025-11-07 21:09:31 - tarea_service - INFO - [tarea_service.py:34] - Tarea creada (sin commit) con ID: 1
2025-11-07 21:09:31 - tarea_service - INFO - [tarea_service.py:23] - Creando tarea con datos: Test
2025-11-07 21:09:31 - tarea_service - INFO - [tarea_service.py:34] - Tarea creada (sin commit) con ID: 1
2025-11-07 21:09:31 - tarea_service - INFO - [tarea_service.py:124] - Actualizando estado de tarea 1 a 'completada' por miembro 1
2025-11-07 21:09:31 - tarea_service - INFO - [tarea_service.py:54] - Buscando tarea con ID: 1
2025-11-07 21:09:31 - tarea_service - INFO - [tarea_service.py:59] - Tarea encontrada: Test
2025-11-07 21:09:31 - tarea_service - INFO - [tarea_service.py:145] - Tarea 1 completada en -17999 segundos
2025-11-07 21:09:31 - tarea_service - INFO - [tarea_service.py:151] - Estado de tarea 1 actualizado (sin commit) a 'completada'
2025-11-17 23:51:45 - tarea_service - INFO - [tarea_service.py:23] - Creando tarea con datos: Tarea para Comentar
2025-11-17 23:51:45 - tarea_service - ERROR - [tarea_service.py:48] - Error al crear tarea: 'TareaCreate' object has no attribute 'model_dump'
2025-11-17 23:52:04 - tarea_service - INFO - [tarea_service.py:23] - Creando tarea con datos: Lavar platos
2025-11-17 23:52:04 - tarea_service - ERROR - [tarea_service.py:48] - Error al crear tarea: 'TareaCreate' object has no attribute 'model_dump'
2025-11-17 23:52:04 - tarea_service - INFO - [tarea_service.py:23] - Creando tarea con datos: Lavar platos
2025-11-17 23:52:04 - tarea_service - ERROR - [tarea_service.py:48] - Error al crear tarea: 'TareaCreate' object has no attribute 'model_dump'
2025-11-17 23:52:04 - tarea_service - INFO - [tarea_service.py:23] - Creando tarea con datos: Test
2025-11-17 23:52:04 - tarea_service - ERROR - [tarea_service.py:48] - Error al crear tarea: 'TareaCreate' object has no attribute 'model_dump'
2025-11-18 00:15:16 - tarea_service - INFO - [tarea_service.py:23] - Creando tarea con datos: Tarea para Comentar
2025-11-18 00:15:16 - tarea_service - INFO - [tarea_service.py:34] - Tarea creada (sin commit) con ID: 1
2025-11-18 00:15:16 - tarea_service - INFO - [tarea_service.py:172] - Agregando comentario a tarea 1
2025-11-18 00:15:16 - tarea_service - INFO - [tarea_service.py:54] - Buscando tarea con ID: 1
2025-11-18 00:15:16 - tarea_service - INFO - [tarea_service.py:59] - Tarea encontrada: Tarea para Comentar
2025-11-18 00:15:16 - tarea_service - INFO - [tarea_service.py:200] - Comentario y notificación creados (sin commit) para tarea 1
2025-11-18 00:15:35 - tarea_service - INFO - [tarea_service.py:23] - Creando tarea con datos: Lavar platos
2025-11-18 00:15:35 - tarea_service - INFO - [tarea_service.py:34] - Tarea creada (sin commit) con ID: 1
2025-11-18 00:15:35 - tarea_service - INFO - [tarea_service.py:23] - Creando tarea con datos: Lavar platos
2025-11-18 00:15:35 - tarea_service - INFO - [tarea_service.py:34] - Tarea creada (sin commit) con ID: 1
2025-11-18 00:15:35 - tarea_service - INFO - [tarea_service.py:23] - Creando tarea con datos: Test
2025-11-18 00:15:35 - tarea_service - INFO - [tarea_service.py:34] - Tarea creada (sin commit) con ID: 1
2025-11-18 00:15:35 - tarea_service - INFO - [tarea_service.py:117] - Actualizando estado de tarea 1 a 'completada' por miembro 1
2025-11-18 00:15:35 - tarea_service - INFO - [tarea_service.py:54] - Buscando tarea con ID: 1
2025-11-18 00:15:35 - tarea_service - INFO - [tarea_service.py:59] - Tarea encontrada: Test
2025-11-18 00:15:35 - tarea_service - INFO - [tarea_service.py:138] - Tarea 1 completada en -17999 segundos
2025-11-18 00:15:35 - tarea_service - INFO - [tarea_service.py:144] - Estado de tarea 1 actualizado (sin commit) a 'completada'
2025-11-18 00:55:42 - tarea_service - INFO - [tarea_service.py:23] - Creando tarea con datos: Tarea para Comentar
2025-11-18 00:55:42 - tarea_service - INFO - [tarea_service.py:34] - Tarea creada (sin commit) con ID: 1
2025-11-18 00:55:42 - tarea_service - INFO - [tarea_service.py:172] - Agregando comentario a tarea 1
2025-11-18 00:55:42 - tarea_service - INFO - [tarea_service.py:54] - Buscando tarea con ID: 1
2025-11-18 00:55:42 - tarea_service - INFO - [tarea_service.py:59] - Tarea encontrada: Tarea para Comentar
2025-11-18 00:55:42 - tarea_service - INFO - [tarea_service.py:200] - Comentario y notificación creados (sin commit) para tarea 1
2025-11-18 00:55:59 - tarea_service - INFO - [tarea_service.py:23] - Creando tarea con datos: Lavar platos
2025-11-18 00:55:59 - tarea_service - INFO - [tarea_service.py:34] - Tarea creada (sin commit) con ID: 1
2025-11-18 00:55:59 - tarea_service - INFO - [tarea_service.py:23] - Creando tarea con datos: Lavar platos
2025-11-18 00:55:59 - tarea_service - INFO - [tarea_service.py:34] - Tarea creada (sin commit) con ID: 1
2025-11-18 00:55:59 - tarea_service - INFO - [tarea_service.py:23] - Creando tarea con datos: Test
2025-11-18 00:55:59 - tarea_service - INFO - [tarea_service.py:34] - Tarea creada (sin commit) con ID: 1
2025-11-18 00:55:59 - tarea_service - INFO - [tarea_service.py:117] - Actualizando estado de tarea 1 a 'completada' por miembro 1
2025-11-18 00:55:59 - tarea_service - INFO - [tarea_service.py:54] - Buscando tarea con ID: 1
2025-11-18 00:55:59 - tarea_service - INFO - [tarea_service.py:59] - Tarea encontrada: Test
2025-11-18 00:55:59 - tarea_service - INFO - [tarea_service.py:138] - Tarea 1 completada en -17999 segundos
2025-11-18 00:55:59 - tarea_service - INFO - [tarea_service.py:144] - Estado de tarea 1 actualizado (sin commit) a 'completada'
2025-11-18 13:16:11 - tarea_service - INFO - [tarea_service.py:23] - Creando tarea con datos: Lavar el carro
2025-11-18 13:16:11 - tarea_service - INFO - [tarea_service.py:34] - Tarea creada (sin commit) con ID: 1
2025-11-18 13:46:35 - tarea_service - INFO - [tarea_service.py:22] - Creando tarea con datos: Lavar el carro
2025-11-18 13:46:35 - tarea_service - ERROR - [tarea_service.py:56] - Error al crear tarea: The unique() method must be invoked on this Result, as it contains results that include joined eager loads against collections
2025-11-18 13:55:35 - tarea_service - INFO - [tarea_service.py:22] - Creando tarea con datos: Lavar el carro
2025-11-18 13:55:35 - tarea_service - INFO - [tarea_service.py:41] - Tarea creada (sin commit) con ID: 3
2025-11-18 14:01:29 - tarea_service - INFO - [tarea_service.py:22] - Creando tarea con datos: Lavar el carro
2025-11-18 14:01:29 - tarea_service - INFO - [tarea_service.py:45] - Tarea creada (sin commit) con ID: 4
2025-11-18 14:01:46 - tarea_service - INFO - [tarea_service.py:22] - Creando tarea con datos: Lavar el carro
2025-11-18 14:01:46 - tarea_service - INFO - [tarea_service.py:44] - Tarea creada (sin commit) con ID: 5
2025-11-18 14:09:18 - tarea_service - INFO - [tarea_service.py:22] - Creando tarea con datos: Lavar el carro
2025-11-18 14:09:18 - tarea_service - INFO - [tarea_service.py:44] - Tarea creada (sin commit) con ID: 6
2025-11-18 14:58:27 - tarea_service - INFO - [tarea_service.py:22] - Creando tarea con datos: Lavar el carro
2025-11-18 14:58:27 - tarea_service - INFO - [tarea_service.py:44] - Tarea creada (sin commit) con ID: 7
2025-11-18 15:00:26 - tarea_service - INFO - [tarea_service.py:22] - Creando tarea con datos: Lavar la moto
2025-11-18 15:00:27 - tarea_service - INFO - [tarea_service.py:44] - Tarea creada (sin commit) con ID: 8
2025-11-18 15:06:35 - tarea_service - INFO - [tarea_service.py:79] - Listando tareas asignadas al miembro ID: 1
2025-11-18 15:06:35 - tarea_service - INFO - [tarea_service.py:83] - Se encontraron 0 tareas activas para el miembro 1
2025-11-18 15:56:58 - tarea_service - INFO - [tarea_service.py:230] - Admin listando TODAS las tareas del hogar 2
2025-11-18 16:30:29 - tarea_service - INFO - [tarea_service.py:247] - Listando tareas creadas por Admin ID: 1
